[2025-04-07 00:11:51,040] {taskinstance.py:1032} INFO - Dependencies all met for <TaskInstance: data_ingestion_gcs_dag.bigquery_external_table_task scheduled__2025-04-06T00:00:00+00:00 [queued]>
[2025-04-07 00:11:51,047] {taskinstance.py:1032} INFO - Dependencies all met for <TaskInstance: data_ingestion_gcs_dag.bigquery_external_table_task scheduled__2025-04-06T00:00:00+00:00 [queued]>
[2025-04-07 00:11:51,048] {taskinstance.py:1238} INFO - 
--------------------------------------------------------------------------------
[2025-04-07 00:11:51,048] {taskinstance.py:1239} INFO - Starting attempt 2 of 2
[2025-04-07 00:11:51,048] {taskinstance.py:1240} INFO - 
--------------------------------------------------------------------------------
[2025-04-07 00:11:51,055] {taskinstance.py:1259} INFO - Executing <Task(BigQueryCreateExternalTableOperator): bigquery_external_table_task> on 2025-04-06 00:00:00+00:00
[2025-04-07 00:11:51,062] {standard_task_runner.py:52} INFO - Started process 1482 to run task
[2025-04-07 00:11:51,064] {standard_task_runner.py:76} INFO - Running: ['***', 'tasks', 'run', 'data_ingestion_gcs_dag', 'bigquery_external_table_task', 'scheduled__2025-04-06T00:00:00+00:00', '--job-id', '11', '--raw', '--subdir', 'DAGS_FOLDER/data_ingestion_gcs_dag.py', '--cfg-path', '/tmp/tmp0kwmahyw', '--error-file', '/tmp/tmp8sp72khm']
[2025-04-07 00:11:51,067] {standard_task_runner.py:77} INFO - Job 11: Subtask bigquery_external_table_task
[2025-04-07 00:11:51,114] {logging_mixin.py:109} INFO - Running <TaskInstance: data_ingestion_gcs_dag.bigquery_external_table_task scheduled__2025-04-06T00:00:00+00:00 [running]> on host 5efc1175bf4f
[2025-04-07 00:11:51,165] {taskinstance.py:1426} INFO - Exporting the following env vars:
AIRFLOW_CTX_DAG_OWNER=***
AIRFLOW_CTX_DAG_ID=data_ingestion_gcs_dag
AIRFLOW_CTX_TASK_ID=bigquery_external_table_task
AIRFLOW_CTX_EXECUTION_DATE=2025-04-06T00:00:00+00:00
AIRFLOW_CTX_DAG_RUN_ID=scheduled__2025-04-06T00:00:00+00:00
[2025-04-07 00:11:51,168] {crypto.py:82} WARNING - empty cryptography key - values will not be stored encrypted.
[2025-04-07 00:11:52,335] {taskinstance.py:1277} INFO - Marking task as SUCCESS. dag_id=data_ingestion_gcs_dag, task_id=bigquery_external_table_task, execution_date=20250406T000000, start_date=20250407T001151, end_date=20250407T001152
[2025-04-07 00:11:52,367] {local_task_job.py:154} INFO - Task exited with return code 0
[2025-04-07 00:11:52,392] {local_task_job.py:264} INFO - 0 downstream tasks scheduled from follow-on schedule check
