[2025-04-16 00:01:06,853] {taskinstance.py:1032} INFO - Dependencies all met for <TaskInstance: data_ingestion_gcs_dag.download_dataset_task scheduled__2025-04-15T00:00:00+00:00 [queued]>
[2025-04-16 00:01:06,981] {taskinstance.py:1032} INFO - Dependencies all met for <TaskInstance: data_ingestion_gcs_dag.download_dataset_task scheduled__2025-04-15T00:00:00+00:00 [queued]>
[2025-04-16 00:01:06,984] {taskinstance.py:1238} INFO - 
--------------------------------------------------------------------------------
[2025-04-16 00:01:06,985] {taskinstance.py:1239} INFO - Starting attempt 1 of 2
[2025-04-16 00:01:06,985] {taskinstance.py:1240} INFO - 
--------------------------------------------------------------------------------
[2025-04-16 00:01:07,081] {taskinstance.py:1259} INFO - Executing <Task(BashOperator): download_dataset_task> on 2025-04-15 00:00:00+00:00
[2025-04-16 00:01:07,269] {standard_task_runner.py:52} INFO - Started process 219 to run task
[2025-04-16 00:01:07,327] {standard_task_runner.py:76} INFO - Running: ['***', 'tasks', 'run', 'data_ingestion_gcs_dag', 'download_dataset_task', 'scheduled__2025-04-15T00:00:00+00:00', '--job-id', '22', '--raw', '--subdir', 'DAGS_FOLDER/data_ingestion_gcs_dag.py', '--cfg-path', '/tmp/tmpspwrsdkv', '--error-file', '/tmp/tmp6k_8gyp0']
[2025-04-16 00:01:07,411] {standard_task_runner.py:77} INFO - Job 22: Subtask download_dataset_task
[2025-04-16 00:01:08,295] {logging_mixin.py:109} INFO - Running <TaskInstance: data_ingestion_gcs_dag.download_dataset_task scheduled__2025-04-15T00:00:00+00:00 [running]> on host 5efc1175bf4f
[2025-04-16 00:01:09,189] {taskinstance.py:1426} INFO - Exporting the following env vars:
AIRFLOW_CTX_DAG_OWNER=***
AIRFLOW_CTX_DAG_ID=data_ingestion_gcs_dag
AIRFLOW_CTX_TASK_ID=download_dataset_task
AIRFLOW_CTX_EXECUTION_DATE=2025-04-15T00:00:00+00:00
AIRFLOW_CTX_DAG_RUN_ID=scheduled__2025-04-15T00:00:00+00:00
[2025-04-16 00:01:09,221] {subprocess.py:62} INFO - Tmp dir root location: 
 /tmp
[2025-04-16 00:01:09,226] {subprocess.py:74} INFO - Running command: ['bash', '-c', 'curl -sSL https://d37ci6vzurychx.cloudfront.net/trip-data/yellow_tripdata_2025-01.parquet > /opt/***/yellow_tripdata_2025-01.parquet']
[2025-04-16 00:01:09,555] {subprocess.py:85} INFO - Output:
[2025-04-16 00:01:14,299] {subprocess.py:93} INFO - Command exited with return code 0
[2025-04-16 00:01:15,374] {taskinstance.py:1277} INFO - Marking task as SUCCESS. dag_id=data_ingestion_gcs_dag, task_id=download_dataset_task, execution_date=20250415T000000, start_date=20250416T000106, end_date=20250416T000115
[2025-04-16 00:01:15,777] {local_task_job.py:154} INFO - Task exited with return code 0
[2025-04-16 00:01:16,227] {local_task_job.py:264} INFO - 1 downstream tasks scheduled from follow-on schedule check
