[2025-04-15 22:59:41,915] {taskinstance.py:1032} INFO - Dependencies all met for <TaskInstance: data_ingestion_gcs_dag.local_to_gcs_task scheduled__2025-04-07T00:00:00+00:00 [queued]>
[2025-04-15 22:59:42,012] {taskinstance.py:1032} INFO - Dependencies all met for <TaskInstance: data_ingestion_gcs_dag.local_to_gcs_task scheduled__2025-04-07T00:00:00+00:00 [queued]>
[2025-04-15 22:59:42,017] {taskinstance.py:1238} INFO - 
--------------------------------------------------------------------------------
[2025-04-15 22:59:42,017] {taskinstance.py:1239} INFO - Starting attempt 1 of 2
[2025-04-15 22:59:42,018] {taskinstance.py:1240} INFO - 
--------------------------------------------------------------------------------
[2025-04-15 22:59:42,079] {taskinstance.py:1259} INFO - Executing <Task(PythonOperator): local_to_gcs_task> on 2025-04-07 00:00:00+00:00
[2025-04-15 22:59:42,121] {standard_task_runner.py:52} INFO - Started process 130 to run task
[2025-04-15 22:59:42,178] {standard_task_runner.py:76} INFO - Running: ['***', 'tasks', 'run', 'data_ingestion_gcs_dag', 'local_to_gcs_task', 'scheduled__2025-04-07T00:00:00+00:00', '--job-id', '16', '--raw', '--subdir', 'DAGS_FOLDER/data_ingestion_gcs_dag.py', '--cfg-path', '/tmp/tmpkftyd8v1', '--error-file', '/tmp/tmp1qqoj_wl']
[2025-04-15 22:59:42,196] {standard_task_runner.py:77} INFO - Job 16: Subtask local_to_gcs_task
[2025-04-15 22:59:42,480] {logging_mixin.py:109} INFO - Running <TaskInstance: data_ingestion_gcs_dag.local_to_gcs_task scheduled__2025-04-07T00:00:00+00:00 [running]> on host 5efc1175bf4f
[2025-04-15 22:59:42,806] {taskinstance.py:1426} INFO - Exporting the following env vars:
AIRFLOW_CTX_DAG_OWNER=***
AIRFLOW_CTX_DAG_ID=data_ingestion_gcs_dag
AIRFLOW_CTX_TASK_ID=local_to_gcs_task
AIRFLOW_CTX_EXECUTION_DATE=2025-04-07T00:00:00+00:00
AIRFLOW_CTX_DAG_RUN_ID=scheduled__2025-04-07T00:00:00+00:00
[2025-04-15 23:00:07,532] {python.py:175} INFO - Done. Returned value was: None
[2025-04-15 23:00:07,581] {taskinstance.py:1277} INFO - Marking task as SUCCESS. dag_id=data_ingestion_gcs_dag, task_id=local_to_gcs_task, execution_date=20250407T000000, start_date=20250415T225941, end_date=20250415T230007
[2025-04-15 23:00:07,684] {local_task_job.py:154} INFO - Task exited with return code 0
[2025-04-15 23:00:07,860] {local_task_job.py:264} INFO - 1 downstream tasks scheduled from follow-on schedule check
