[2025-04-03T23:51:24.204+0000] {processor.py:186} INFO - Started process (PID=93) to work on /home/airflow/.local/lib/python3.12/site-packages/airflow/example_dags/example_skip_dag.py
[2025-04-03T23:51:24.205+0000] {processor.py:914} INFO - Processing file /home/airflow/.local/lib/python3.12/site-packages/airflow/example_dags/example_skip_dag.py for tasks to queue
[2025-04-03T23:51:24.207+0000] {logging_mixin.py:190} INFO - [2025-04-03T23:51:24.206+0000] {dagbag.py:588} INFO - Filling up the DagBag from /home/airflow/.local/lib/python3.12/site-packages/airflow/example_dags/example_skip_dag.py
[2025-04-03T23:51:24.217+0000] {processor.py:925} INFO - DAG(s) 'example_skip_dag' retrieved from /home/airflow/.local/lib/python3.12/site-packages/airflow/example_dags/example_skip_dag.py
[2025-04-03T23:51:24.265+0000] {logging_mixin.py:190} INFO - [2025-04-03T23:51:24.264+0000] {dag.py:3239} INFO - Sync 1 DAGs
[2025-04-03T23:51:24.313+0000] {logging_mixin.py:190} INFO - [2025-04-03T23:51:24.313+0000] {dag.py:4180} INFO - Setting next_dagrun for example_skip_dag to 2025-04-02 00:00:00+00:00, run_after=2025-04-03 00:00:00+00:00
[2025-04-03T23:51:24.407+0000] {processor.py:208} INFO - Processing /home/airflow/.local/lib/python3.12/site-packages/airflow/example_dags/example_skip_dag.py took 0.212 seconds
[2025-04-03T23:51:55.222+0000] {processor.py:186} INFO - Started process (PID=155) to work on /home/airflow/.local/lib/python3.12/site-packages/airflow/example_dags/example_skip_dag.py
[2025-04-03T23:51:55.223+0000] {processor.py:914} INFO - Processing file /home/airflow/.local/lib/python3.12/site-packages/airflow/example_dags/example_skip_dag.py for tasks to queue
[2025-04-03T23:51:55.225+0000] {logging_mixin.py:190} INFO - [2025-04-03T23:51:55.225+0000] {dagbag.py:588} INFO - Filling up the DagBag from /home/airflow/.local/lib/python3.12/site-packages/airflow/example_dags/example_skip_dag.py
[2025-04-03T23:51:55.235+0000] {processor.py:925} INFO - DAG(s) 'example_skip_dag' retrieved from /home/airflow/.local/lib/python3.12/site-packages/airflow/example_dags/example_skip_dag.py
[2025-04-03T23:51:55.258+0000] {logging_mixin.py:190} INFO - [2025-04-03T23:51:55.258+0000] {dag.py:3239} INFO - Sync 1 DAGs
[2025-04-03T23:51:55.287+0000] {logging_mixin.py:190} INFO - [2025-04-03T23:51:55.286+0000] {dag.py:4180} INFO - Setting next_dagrun for example_skip_dag to 2025-04-02 00:00:00+00:00, run_after=2025-04-03 00:00:00+00:00
[2025-04-03T23:51:55.306+0000] {processor.py:208} INFO - Processing /home/airflow/.local/lib/python3.12/site-packages/airflow/example_dags/example_skip_dag.py took 0.091 seconds
[2025-04-03T23:52:26.602+0000] {processor.py:186} INFO - Started process (PID=218) to work on /home/airflow/.local/lib/python3.12/site-packages/airflow/example_dags/example_skip_dag.py
[2025-04-03T23:52:26.603+0000] {processor.py:914} INFO - Processing file /home/airflow/.local/lib/python3.12/site-packages/airflow/example_dags/example_skip_dag.py for tasks to queue
[2025-04-03T23:52:26.605+0000] {logging_mixin.py:190} INFO - [2025-04-03T23:52:26.605+0000] {dagbag.py:588} INFO - Filling up the DagBag from /home/airflow/.local/lib/python3.12/site-packages/airflow/example_dags/example_skip_dag.py
[2025-04-03T23:52:26.619+0000] {processor.py:925} INFO - DAG(s) 'example_skip_dag' retrieved from /home/airflow/.local/lib/python3.12/site-packages/airflow/example_dags/example_skip_dag.py
[2025-04-03T23:52:26.651+0000] {logging_mixin.py:190} INFO - [2025-04-03T23:52:26.651+0000] {dag.py:3239} INFO - Sync 1 DAGs
[2025-04-03T23:52:26.712+0000] {logging_mixin.py:190} INFO - [2025-04-03T23:52:26.712+0000] {dag.py:4180} INFO - Setting next_dagrun for example_skip_dag to 2025-04-02 00:00:00+00:00, run_after=2025-04-03 00:00:00+00:00
[2025-04-03T23:52:26.757+0000] {processor.py:208} INFO - Processing /home/airflow/.local/lib/python3.12/site-packages/airflow/example_dags/example_skip_dag.py took 0.163 seconds
[2025-04-03T23:52:58.664+0000] {processor.py:186} INFO - Started process (PID=281) to work on /home/airflow/.local/lib/python3.12/site-packages/airflow/example_dags/example_skip_dag.py
[2025-04-03T23:52:58.665+0000] {processor.py:914} INFO - Processing file /home/airflow/.local/lib/python3.12/site-packages/airflow/example_dags/example_skip_dag.py for tasks to queue
[2025-04-03T23:52:58.667+0000] {logging_mixin.py:190} INFO - [2025-04-03T23:52:58.667+0000] {dagbag.py:588} INFO - Filling up the DagBag from /home/airflow/.local/lib/python3.12/site-packages/airflow/example_dags/example_skip_dag.py
[2025-04-03T23:52:58.678+0000] {processor.py:925} INFO - DAG(s) 'example_skip_dag' retrieved from /home/airflow/.local/lib/python3.12/site-packages/airflow/example_dags/example_skip_dag.py
[2025-04-03T23:52:58.703+0000] {logging_mixin.py:190} INFO - [2025-04-03T23:52:58.702+0000] {dag.py:3239} INFO - Sync 1 DAGs
[2025-04-03T23:52:58.736+0000] {logging_mixin.py:190} INFO - [2025-04-03T23:52:58.736+0000] {dag.py:4180} INFO - Setting next_dagrun for example_skip_dag to 2025-04-02 00:00:00+00:00, run_after=2025-04-03 00:00:00+00:00
[2025-04-03T23:52:58.756+0000] {processor.py:208} INFO - Processing /home/airflow/.local/lib/python3.12/site-packages/airflow/example_dags/example_skip_dag.py took 0.103 seconds
[2025-04-03T23:53:34.897+0000] {processor.py:186} INFO - Started process (PID=344) to work on /home/airflow/.local/lib/python3.12/site-packages/airflow/example_dags/example_skip_dag.py
[2025-04-03T23:53:34.901+0000] {processor.py:914} INFO - Processing file /home/airflow/.local/lib/python3.12/site-packages/airflow/example_dags/example_skip_dag.py for tasks to queue
[2025-04-03T23:53:34.911+0000] {logging_mixin.py:190} INFO - [2025-04-03T23:53:34.908+0000] {dagbag.py:588} INFO - Filling up the DagBag from /home/airflow/.local/lib/python3.12/site-packages/airflow/example_dags/example_skip_dag.py
[2025-04-03T23:53:34.939+0000] {processor.py:925} INFO - DAG(s) 'example_skip_dag' retrieved from /home/airflow/.local/lib/python3.12/site-packages/airflow/example_dags/example_skip_dag.py
[2025-04-03T23:53:35.082+0000] {logging_mixin.py:190} INFO - [2025-04-03T23:53:35.082+0000] {dag.py:3239} INFO - Sync 1 DAGs
[2025-04-03T23:53:35.230+0000] {logging_mixin.py:190} INFO - [2025-04-03T23:53:35.229+0000] {dag.py:4180} INFO - Setting next_dagrun for example_skip_dag to 2025-04-02 00:00:00+00:00, run_after=2025-04-03 00:00:00+00:00
[2025-04-03T23:53:35.302+0000] {processor.py:208} INFO - Processing /home/airflow/.local/lib/python3.12/site-packages/airflow/example_dags/example_skip_dag.py took 0.440 seconds
[2025-04-03T23:54:05.645+0000] {processor.py:186} INFO - Started process (PID=406) to work on /home/airflow/.local/lib/python3.12/site-packages/airflow/example_dags/example_skip_dag.py
[2025-04-03T23:54:05.648+0000] {processor.py:914} INFO - Processing file /home/airflow/.local/lib/python3.12/site-packages/airflow/example_dags/example_skip_dag.py for tasks to queue
[2025-04-03T23:54:05.654+0000] {logging_mixin.py:190} INFO - [2025-04-03T23:54:05.654+0000] {dagbag.py:588} INFO - Filling up the DagBag from /home/airflow/.local/lib/python3.12/site-packages/airflow/example_dags/example_skip_dag.py
[2025-04-03T23:54:05.663+0000] {processor.py:925} INFO - DAG(s) 'example_skip_dag' retrieved from /home/airflow/.local/lib/python3.12/site-packages/airflow/example_dags/example_skip_dag.py
[2025-04-03T23:54:05.697+0000] {logging_mixin.py:190} INFO - [2025-04-03T23:54:05.697+0000] {dag.py:3239} INFO - Sync 1 DAGs
[2025-04-03T23:54:05.733+0000] {logging_mixin.py:190} INFO - [2025-04-03T23:54:05.733+0000] {dag.py:4180} INFO - Setting next_dagrun for example_skip_dag to 2025-04-02 00:00:00+00:00, run_after=2025-04-03 00:00:00+00:00
[2025-04-03T23:54:05.763+0000] {processor.py:208} INFO - Processing /home/airflow/.local/lib/python3.12/site-packages/airflow/example_dags/example_skip_dag.py took 0.140 seconds
[2025-04-03T23:54:36.838+0000] {processor.py:186} INFO - Started process (PID=470) to work on /home/airflow/.local/lib/python3.12/site-packages/airflow/example_dags/example_skip_dag.py
[2025-04-03T23:54:36.839+0000] {processor.py:914} INFO - Processing file /home/airflow/.local/lib/python3.12/site-packages/airflow/example_dags/example_skip_dag.py for tasks to queue
[2025-04-03T23:54:36.841+0000] {logging_mixin.py:190} INFO - [2025-04-03T23:54:36.841+0000] {dagbag.py:588} INFO - Filling up the DagBag from /home/airflow/.local/lib/python3.12/site-packages/airflow/example_dags/example_skip_dag.py
[2025-04-03T23:54:36.849+0000] {processor.py:925} INFO - DAG(s) 'example_skip_dag' retrieved from /home/airflow/.local/lib/python3.12/site-packages/airflow/example_dags/example_skip_dag.py
[2025-04-03T23:54:36.873+0000] {logging_mixin.py:190} INFO - [2025-04-03T23:54:36.873+0000] {dag.py:3239} INFO - Sync 1 DAGs
[2025-04-03T23:54:36.901+0000] {logging_mixin.py:190} INFO - [2025-04-03T23:54:36.900+0000] {dag.py:4180} INFO - Setting next_dagrun for example_skip_dag to 2025-04-02 00:00:00+00:00, run_after=2025-04-03 00:00:00+00:00
[2025-04-03T23:54:36.919+0000] {processor.py:208} INFO - Processing /home/airflow/.local/lib/python3.12/site-packages/airflow/example_dags/example_skip_dag.py took 0.088 seconds
[2025-04-03T23:55:07.959+0000] {processor.py:186} INFO - Started process (PID=533) to work on /home/airflow/.local/lib/python3.12/site-packages/airflow/example_dags/example_skip_dag.py
[2025-04-03T23:55:07.965+0000] {processor.py:914} INFO - Processing file /home/airflow/.local/lib/python3.12/site-packages/airflow/example_dags/example_skip_dag.py for tasks to queue
[2025-04-03T23:55:07.968+0000] {logging_mixin.py:190} INFO - [2025-04-03T23:55:07.967+0000] {dagbag.py:588} INFO - Filling up the DagBag from /home/airflow/.local/lib/python3.12/site-packages/airflow/example_dags/example_skip_dag.py
[2025-04-03T23:55:07.979+0000] {processor.py:925} INFO - DAG(s) 'example_skip_dag' retrieved from /home/airflow/.local/lib/python3.12/site-packages/airflow/example_dags/example_skip_dag.py
[2025-04-03T23:55:08.005+0000] {logging_mixin.py:190} INFO - [2025-04-03T23:55:08.005+0000] {dag.py:3239} INFO - Sync 1 DAGs
[2025-04-03T23:55:08.034+0000] {logging_mixin.py:190} INFO - [2025-04-03T23:55:08.034+0000] {dag.py:4180} INFO - Setting next_dagrun for example_skip_dag to 2025-04-02 00:00:00+00:00, run_after=2025-04-03 00:00:00+00:00
[2025-04-03T23:55:08.053+0000] {processor.py:208} INFO - Processing /home/airflow/.local/lib/python3.12/site-packages/airflow/example_dags/example_skip_dag.py took 0.114 seconds
[2025-04-03T23:55:38.099+0000] {processor.py:186} INFO - Started process (PID=595) to work on /home/airflow/.local/lib/python3.12/site-packages/airflow/example_dags/example_skip_dag.py
[2025-04-03T23:55:38.100+0000] {processor.py:914} INFO - Processing file /home/airflow/.local/lib/python3.12/site-packages/airflow/example_dags/example_skip_dag.py for tasks to queue
[2025-04-03T23:55:38.102+0000] {logging_mixin.py:190} INFO - [2025-04-03T23:55:38.102+0000] {dagbag.py:588} INFO - Filling up the DagBag from /home/airflow/.local/lib/python3.12/site-packages/airflow/example_dags/example_skip_dag.py
[2025-04-03T23:55:38.111+0000] {processor.py:925} INFO - DAG(s) 'example_skip_dag' retrieved from /home/airflow/.local/lib/python3.12/site-packages/airflow/example_dags/example_skip_dag.py
[2025-04-03T23:55:38.134+0000] {logging_mixin.py:190} INFO - [2025-04-03T23:55:38.133+0000] {dag.py:3239} INFO - Sync 1 DAGs
[2025-04-03T23:55:38.162+0000] {logging_mixin.py:190} INFO - [2025-04-03T23:55:38.162+0000] {dag.py:4180} INFO - Setting next_dagrun for example_skip_dag to 2025-04-02 00:00:00+00:00, run_after=2025-04-03 00:00:00+00:00
[2025-04-03T23:55:38.181+0000] {processor.py:208} INFO - Processing /home/airflow/.local/lib/python3.12/site-packages/airflow/example_dags/example_skip_dag.py took 0.089 seconds
[2025-04-03T23:56:08.835+0000] {processor.py:186} INFO - Started process (PID=657) to work on /home/airflow/.local/lib/python3.12/site-packages/airflow/example_dags/example_skip_dag.py
[2025-04-03T23:56:08.836+0000] {processor.py:914} INFO - Processing file /home/airflow/.local/lib/python3.12/site-packages/airflow/example_dags/example_skip_dag.py for tasks to queue
[2025-04-03T23:56:08.838+0000] {logging_mixin.py:190} INFO - [2025-04-03T23:56:08.838+0000] {dagbag.py:588} INFO - Filling up the DagBag from /home/airflow/.local/lib/python3.12/site-packages/airflow/example_dags/example_skip_dag.py
[2025-04-03T23:56:08.847+0000] {processor.py:925} INFO - DAG(s) 'example_skip_dag' retrieved from /home/airflow/.local/lib/python3.12/site-packages/airflow/example_dags/example_skip_dag.py
[2025-04-03T23:56:08.872+0000] {logging_mixin.py:190} INFO - [2025-04-03T23:56:08.872+0000] {dag.py:3239} INFO - Sync 1 DAGs
[2025-04-03T23:56:08.901+0000] {logging_mixin.py:190} INFO - [2025-04-03T23:56:08.901+0000] {dag.py:4180} INFO - Setting next_dagrun for example_skip_dag to 2025-04-02 00:00:00+00:00, run_after=2025-04-03 00:00:00+00:00
[2025-04-03T23:56:08.919+0000] {processor.py:208} INFO - Processing /home/airflow/.local/lib/python3.12/site-packages/airflow/example_dags/example_skip_dag.py took 0.091 seconds
[2025-04-03T23:56:39.344+0000] {processor.py:186} INFO - Started process (PID=720) to work on /home/airflow/.local/lib/python3.12/site-packages/airflow/example_dags/example_skip_dag.py
[2025-04-03T23:56:39.352+0000] {processor.py:914} INFO - Processing file /home/airflow/.local/lib/python3.12/site-packages/airflow/example_dags/example_skip_dag.py for tasks to queue
[2025-04-03T23:56:39.364+0000] {logging_mixin.py:190} INFO - [2025-04-03T23:56:39.360+0000] {dagbag.py:588} INFO - Filling up the DagBag from /home/airflow/.local/lib/python3.12/site-packages/airflow/example_dags/example_skip_dag.py
[2025-04-03T23:56:39.413+0000] {processor.py:925} INFO - DAG(s) 'example_skip_dag' retrieved from /home/airflow/.local/lib/python3.12/site-packages/airflow/example_dags/example_skip_dag.py
[2025-04-03T23:56:39.504+0000] {logging_mixin.py:190} INFO - [2025-04-03T23:56:39.503+0000] {dag.py:3239} INFO - Sync 1 DAGs
[2025-04-03T23:56:39.669+0000] {logging_mixin.py:190} INFO - [2025-04-03T23:56:39.668+0000] {dag.py:4180} INFO - Setting next_dagrun for example_skip_dag to 2025-04-02 00:00:00+00:00, run_after=2025-04-03 00:00:00+00:00
[2025-04-03T23:56:39.782+0000] {processor.py:208} INFO - Processing /home/airflow/.local/lib/python3.12/site-packages/airflow/example_dags/example_skip_dag.py took 0.475 seconds
[2025-04-03T23:57:10.190+0000] {processor.py:186} INFO - Started process (PID=783) to work on /home/airflow/.local/lib/python3.12/site-packages/airflow/example_dags/example_skip_dag.py
[2025-04-03T23:57:10.191+0000] {processor.py:914} INFO - Processing file /home/airflow/.local/lib/python3.12/site-packages/airflow/example_dags/example_skip_dag.py for tasks to queue
[2025-04-03T23:57:10.193+0000] {logging_mixin.py:190} INFO - [2025-04-03T23:57:10.193+0000] {dagbag.py:588} INFO - Filling up the DagBag from /home/airflow/.local/lib/python3.12/site-packages/airflow/example_dags/example_skip_dag.py
[2025-04-03T23:57:10.202+0000] {processor.py:925} INFO - DAG(s) 'example_skip_dag' retrieved from /home/airflow/.local/lib/python3.12/site-packages/airflow/example_dags/example_skip_dag.py
[2025-04-03T23:57:10.231+0000] {logging_mixin.py:190} INFO - [2025-04-03T23:57:10.230+0000] {dag.py:3239} INFO - Sync 1 DAGs
[2025-04-03T23:57:10.264+0000] {logging_mixin.py:190} INFO - [2025-04-03T23:57:10.264+0000] {dag.py:4180} INFO - Setting next_dagrun for example_skip_dag to 2025-04-02 00:00:00+00:00, run_after=2025-04-03 00:00:00+00:00
[2025-04-03T23:57:10.282+0000] {processor.py:208} INFO - Processing /home/airflow/.local/lib/python3.12/site-packages/airflow/example_dags/example_skip_dag.py took 0.098 seconds
[2025-04-03T23:57:40.650+0000] {processor.py:186} INFO - Started process (PID=845) to work on /home/airflow/.local/lib/python3.12/site-packages/airflow/example_dags/example_skip_dag.py
[2025-04-03T23:57:40.651+0000] {processor.py:914} INFO - Processing file /home/airflow/.local/lib/python3.12/site-packages/airflow/example_dags/example_skip_dag.py for tasks to queue
[2025-04-03T23:57:40.653+0000] {logging_mixin.py:190} INFO - [2025-04-03T23:57:40.653+0000] {dagbag.py:588} INFO - Filling up the DagBag from /home/airflow/.local/lib/python3.12/site-packages/airflow/example_dags/example_skip_dag.py
[2025-04-03T23:57:40.662+0000] {processor.py:925} INFO - DAG(s) 'example_skip_dag' retrieved from /home/airflow/.local/lib/python3.12/site-packages/airflow/example_dags/example_skip_dag.py
[2025-04-03T23:57:40.686+0000] {logging_mixin.py:190} INFO - [2025-04-03T23:57:40.686+0000] {dag.py:3239} INFO - Sync 1 DAGs
[2025-04-03T23:57:40.713+0000] {logging_mixin.py:190} INFO - [2025-04-03T23:57:40.713+0000] {dag.py:4180} INFO - Setting next_dagrun for example_skip_dag to 2025-04-02 00:00:00+00:00, run_after=2025-04-03 00:00:00+00:00
[2025-04-03T23:57:40.732+0000] {processor.py:208} INFO - Processing /home/airflow/.local/lib/python3.12/site-packages/airflow/example_dags/example_skip_dag.py took 0.088 seconds
[2025-04-03T23:58:11.157+0000] {processor.py:186} INFO - Started process (PID=908) to work on /home/airflow/.local/lib/python3.12/site-packages/airflow/example_dags/example_skip_dag.py
[2025-04-03T23:58:11.158+0000] {processor.py:914} INFO - Processing file /home/airflow/.local/lib/python3.12/site-packages/airflow/example_dags/example_skip_dag.py for tasks to queue
[2025-04-03T23:58:11.160+0000] {logging_mixin.py:190} INFO - [2025-04-03T23:58:11.160+0000] {dagbag.py:588} INFO - Filling up the DagBag from /home/airflow/.local/lib/python3.12/site-packages/airflow/example_dags/example_skip_dag.py
[2025-04-03T23:58:11.169+0000] {processor.py:925} INFO - DAG(s) 'example_skip_dag' retrieved from /home/airflow/.local/lib/python3.12/site-packages/airflow/example_dags/example_skip_dag.py
[2025-04-03T23:58:11.193+0000] {logging_mixin.py:190} INFO - [2025-04-03T23:58:11.192+0000] {dag.py:3239} INFO - Sync 1 DAGs
[2025-04-03T23:58:11.219+0000] {logging_mixin.py:190} INFO - [2025-04-03T23:58:11.219+0000] {dag.py:4180} INFO - Setting next_dagrun for example_skip_dag to 2025-04-02 00:00:00+00:00, run_after=2025-04-03 00:00:00+00:00
[2025-04-03T23:58:11.238+0000] {processor.py:208} INFO - Processing /home/airflow/.local/lib/python3.12/site-packages/airflow/example_dags/example_skip_dag.py took 0.087 seconds
[2025-04-03T23:58:41.602+0000] {processor.py:186} INFO - Started process (PID=971) to work on /home/airflow/.local/lib/python3.12/site-packages/airflow/example_dags/example_skip_dag.py
[2025-04-03T23:58:41.603+0000] {processor.py:914} INFO - Processing file /home/airflow/.local/lib/python3.12/site-packages/airflow/example_dags/example_skip_dag.py for tasks to queue
[2025-04-03T23:58:41.605+0000] {logging_mixin.py:190} INFO - [2025-04-03T23:58:41.605+0000] {dagbag.py:588} INFO - Filling up the DagBag from /home/airflow/.local/lib/python3.12/site-packages/airflow/example_dags/example_skip_dag.py
[2025-04-03T23:58:41.614+0000] {processor.py:925} INFO - DAG(s) 'example_skip_dag' retrieved from /home/airflow/.local/lib/python3.12/site-packages/airflow/example_dags/example_skip_dag.py
[2025-04-03T23:58:41.638+0000] {logging_mixin.py:190} INFO - [2025-04-03T23:58:41.638+0000] {dag.py:3239} INFO - Sync 1 DAGs
[2025-04-03T23:58:41.665+0000] {logging_mixin.py:190} INFO - [2025-04-03T23:58:41.665+0000] {dag.py:4180} INFO - Setting next_dagrun for example_skip_dag to 2025-04-02 00:00:00+00:00, run_after=2025-04-03 00:00:00+00:00
[2025-04-03T23:58:41.683+0000] {processor.py:208} INFO - Processing /home/airflow/.local/lib/python3.12/site-packages/airflow/example_dags/example_skip_dag.py took 0.087 seconds
[2025-04-03T23:59:11.855+0000] {processor.py:186} INFO - Started process (PID=1034) to work on /home/airflow/.local/lib/python3.12/site-packages/airflow/example_dags/example_skip_dag.py
[2025-04-03T23:59:11.855+0000] {processor.py:914} INFO - Processing file /home/airflow/.local/lib/python3.12/site-packages/airflow/example_dags/example_skip_dag.py for tasks to queue
[2025-04-03T23:59:11.857+0000] {logging_mixin.py:190} INFO - [2025-04-03T23:59:11.857+0000] {dagbag.py:588} INFO - Filling up the DagBag from /home/airflow/.local/lib/python3.12/site-packages/airflow/example_dags/example_skip_dag.py
[2025-04-03T23:59:11.865+0000] {processor.py:925} INFO - DAG(s) 'example_skip_dag' retrieved from /home/airflow/.local/lib/python3.12/site-packages/airflow/example_dags/example_skip_dag.py
[2025-04-03T23:59:11.889+0000] {logging_mixin.py:190} INFO - [2025-04-03T23:59:11.889+0000] {dag.py:3239} INFO - Sync 1 DAGs
[2025-04-03T23:59:11.917+0000] {logging_mixin.py:190} INFO - [2025-04-03T23:59:11.916+0000] {dag.py:4180} INFO - Setting next_dagrun for example_skip_dag to 2025-04-02 00:00:00+00:00, run_after=2025-04-03 00:00:00+00:00
[2025-04-03T23:59:11.934+0000] {processor.py:208} INFO - Processing /home/airflow/.local/lib/python3.12/site-packages/airflow/example_dags/example_skip_dag.py took 0.085 seconds
[2025-04-03T23:59:42.134+0000] {processor.py:186} INFO - Started process (PID=1096) to work on /home/airflow/.local/lib/python3.12/site-packages/airflow/example_dags/example_skip_dag.py
[2025-04-03T23:59:42.135+0000] {processor.py:914} INFO - Processing file /home/airflow/.local/lib/python3.12/site-packages/airflow/example_dags/example_skip_dag.py for tasks to queue
[2025-04-03T23:59:42.137+0000] {logging_mixin.py:190} INFO - [2025-04-03T23:59:42.137+0000] {dagbag.py:588} INFO - Filling up the DagBag from /home/airflow/.local/lib/python3.12/site-packages/airflow/example_dags/example_skip_dag.py
[2025-04-03T23:59:42.147+0000] {processor.py:925} INFO - DAG(s) 'example_skip_dag' retrieved from /home/airflow/.local/lib/python3.12/site-packages/airflow/example_dags/example_skip_dag.py
[2025-04-03T23:59:42.197+0000] {logging_mixin.py:190} INFO - [2025-04-03T23:59:42.197+0000] {dag.py:3239} INFO - Sync 1 DAGs
[2025-04-03T23:59:42.257+0000] {logging_mixin.py:190} INFO - [2025-04-03T23:59:42.256+0000] {dag.py:4180} INFO - Setting next_dagrun for example_skip_dag to 2025-04-02 00:00:00+00:00, run_after=2025-04-03 00:00:00+00:00
[2025-04-03T23:59:42.305+0000] {processor.py:208} INFO - Processing /home/airflow/.local/lib/python3.12/site-packages/airflow/example_dags/example_skip_dag.py took 0.178 seconds
