[2025-04-03T23:51:39.859+0000] {processor.py:186} INFO - Started process (PID=115) to work on /home/airflow/.local/lib/python3.12/site-packages/airflow/example_dags/example_branch_python_dop_operator_3.py
[2025-04-03T23:51:39.862+0000] {processor.py:914} INFO - Processing file /home/airflow/.local/lib/python3.12/site-packages/airflow/example_dags/example_branch_python_dop_operator_3.py for tasks to queue
[2025-04-03T23:51:39.894+0000] {logging_mixin.py:190} INFO - [2025-04-03T23:51:39.893+0000] {dagbag.py:588} INFO - Filling up the DagBag from /home/airflow/.local/lib/python3.12/site-packages/airflow/example_dags/example_branch_python_dop_operator_3.py
[2025-04-03T23:51:39.995+0000] {processor.py:925} INFO - DAG(s) 'example_branch_dop_operator_v3' retrieved from /home/airflow/.local/lib/python3.12/site-packages/airflow/example_dags/example_branch_python_dop_operator_3.py
[2025-04-03T23:51:40.438+0000] {logging_mixin.py:190} INFO - [2025-04-03T23:51:40.438+0000] {dag.py:3239} INFO - Sync 1 DAGs
[2025-04-03T23:51:40.738+0000] {logging_mixin.py:190} INFO - [2025-04-03T23:51:40.738+0000] {dag.py:4180} INFO - Setting next_dagrun for example_branch_dop_operator_v3 to 2025-04-03 23:50:00+00:00, run_after=2025-04-03 23:51:00+00:00
[2025-04-03T23:51:40.824+0000] {processor.py:208} INFO - Processing /home/airflow/.local/lib/python3.12/site-packages/airflow/example_dags/example_branch_python_dop_operator_3.py took 1.014 seconds
[2025-04-03T23:52:11.419+0000] {processor.py:186} INFO - Started process (PID=177) to work on /home/airflow/.local/lib/python3.12/site-packages/airflow/example_dags/example_branch_python_dop_operator_3.py
[2025-04-03T23:52:11.428+0000] {processor.py:914} INFO - Processing file /home/airflow/.local/lib/python3.12/site-packages/airflow/example_dags/example_branch_python_dop_operator_3.py for tasks to queue
[2025-04-03T23:52:11.438+0000] {logging_mixin.py:190} INFO - [2025-04-03T23:52:11.437+0000] {dagbag.py:588} INFO - Filling up the DagBag from /home/airflow/.local/lib/python3.12/site-packages/airflow/example_dags/example_branch_python_dop_operator_3.py
[2025-04-03T23:52:11.470+0000] {processor.py:925} INFO - DAG(s) 'example_branch_dop_operator_v3' retrieved from /home/airflow/.local/lib/python3.12/site-packages/airflow/example_dags/example_branch_python_dop_operator_3.py
[2025-04-03T23:52:11.548+0000] {logging_mixin.py:190} INFO - [2025-04-03T23:52:11.548+0000] {dag.py:3239} INFO - Sync 1 DAGs
[2025-04-03T23:52:11.677+0000] {logging_mixin.py:190} INFO - [2025-04-03T23:52:11.677+0000] {dag.py:4180} INFO - Setting next_dagrun for example_branch_dop_operator_v3 to 2025-04-03 23:51:00+00:00, run_after=2025-04-03 23:52:00+00:00
[2025-04-03T23:52:11.800+0000] {processor.py:208} INFO - Processing /home/airflow/.local/lib/python3.12/site-packages/airflow/example_dags/example_branch_python_dop_operator_3.py took 0.431 seconds
[2025-04-03T23:52:42.341+0000] {processor.py:186} INFO - Started process (PID=239) to work on /home/airflow/.local/lib/python3.12/site-packages/airflow/example_dags/example_branch_python_dop_operator_3.py
[2025-04-03T23:52:42.343+0000] {processor.py:914} INFO - Processing file /home/airflow/.local/lib/python3.12/site-packages/airflow/example_dags/example_branch_python_dop_operator_3.py for tasks to queue
[2025-04-03T23:52:42.345+0000] {logging_mixin.py:190} INFO - [2025-04-03T23:52:42.345+0000] {dagbag.py:588} INFO - Filling up the DagBag from /home/airflow/.local/lib/python3.12/site-packages/airflow/example_dags/example_branch_python_dop_operator_3.py
[2025-04-03T23:52:42.354+0000] {processor.py:925} INFO - DAG(s) 'example_branch_dop_operator_v3' retrieved from /home/airflow/.local/lib/python3.12/site-packages/airflow/example_dags/example_branch_python_dop_operator_3.py
[2025-04-03T23:52:42.376+0000] {logging_mixin.py:190} INFO - [2025-04-03T23:52:42.375+0000] {dag.py:3239} INFO - Sync 1 DAGs
[2025-04-03T23:52:42.404+0000] {logging_mixin.py:190} INFO - [2025-04-03T23:52:42.404+0000] {dag.py:4180} INFO - Setting next_dagrun for example_branch_dop_operator_v3 to 2025-04-03 23:51:00+00:00, run_after=2025-04-03 23:52:00+00:00
[2025-04-03T23:52:42.422+0000] {processor.py:208} INFO - Processing /home/airflow/.local/lib/python3.12/site-packages/airflow/example_dags/example_branch_python_dop_operator_3.py took 0.088 seconds
[2025-04-03T23:53:12.576+0000] {processor.py:186} INFO - Started process (PID=302) to work on /home/airflow/.local/lib/python3.12/site-packages/airflow/example_dags/example_branch_python_dop_operator_3.py
[2025-04-03T23:53:12.577+0000] {processor.py:914} INFO - Processing file /home/airflow/.local/lib/python3.12/site-packages/airflow/example_dags/example_branch_python_dop_operator_3.py for tasks to queue
[2025-04-03T23:53:12.581+0000] {logging_mixin.py:190} INFO - [2025-04-03T23:53:12.580+0000] {dagbag.py:588} INFO - Filling up the DagBag from /home/airflow/.local/lib/python3.12/site-packages/airflow/example_dags/example_branch_python_dop_operator_3.py
[2025-04-03T23:53:12.595+0000] {processor.py:925} INFO - DAG(s) 'example_branch_dop_operator_v3' retrieved from /home/airflow/.local/lib/python3.12/site-packages/airflow/example_dags/example_branch_python_dop_operator_3.py
[2025-04-03T23:53:12.620+0000] {logging_mixin.py:190} INFO - [2025-04-03T23:53:12.619+0000] {dag.py:3239} INFO - Sync 1 DAGs
[2025-04-03T23:53:12.660+0000] {logging_mixin.py:190} INFO - [2025-04-03T23:53:12.660+0000] {dag.py:4180} INFO - Setting next_dagrun for example_branch_dop_operator_v3 to 2025-04-03 23:52:00+00:00, run_after=2025-04-03 23:53:00+00:00
[2025-04-03T23:53:12.683+0000] {processor.py:208} INFO - Processing /home/airflow/.local/lib/python3.12/site-packages/airflow/example_dags/example_branch_python_dop_operator_3.py took 0.114 seconds
[2025-04-03T23:53:43.433+0000] {processor.py:186} INFO - Started process (PID=365) to work on /home/airflow/.local/lib/python3.12/site-packages/airflow/example_dags/example_branch_python_dop_operator_3.py
[2025-04-03T23:53:43.436+0000] {processor.py:914} INFO - Processing file /home/airflow/.local/lib/python3.12/site-packages/airflow/example_dags/example_branch_python_dop_operator_3.py for tasks to queue
[2025-04-03T23:53:43.443+0000] {logging_mixin.py:190} INFO - [2025-04-03T23:53:43.443+0000] {dagbag.py:588} INFO - Filling up the DagBag from /home/airflow/.local/lib/python3.12/site-packages/airflow/example_dags/example_branch_python_dop_operator_3.py
[2025-04-03T23:53:43.476+0000] {processor.py:925} INFO - DAG(s) 'example_branch_dop_operator_v3' retrieved from /home/airflow/.local/lib/python3.12/site-packages/airflow/example_dags/example_branch_python_dop_operator_3.py
[2025-04-03T23:53:43.497+0000] {logging_mixin.py:190} INFO - [2025-04-03T23:53:43.497+0000] {dag.py:3239} INFO - Sync 1 DAGs
[2025-04-03T23:53:43.531+0000] {logging_mixin.py:190} INFO - [2025-04-03T23:53:43.531+0000] {dag.py:4180} INFO - Setting next_dagrun for example_branch_dop_operator_v3 to 2025-04-03 23:52:00+00:00, run_after=2025-04-03 23:53:00+00:00
[2025-04-03T23:53:43.559+0000] {processor.py:208} INFO - Processing /home/airflow/.local/lib/python3.12/site-packages/airflow/example_dags/example_branch_python_dop_operator_3.py took 0.135 seconds
[2025-04-03T23:54:16.924+0000] {processor.py:186} INFO - Started process (PID=428) to work on /home/airflow/.local/lib/python3.12/site-packages/airflow/example_dags/example_branch_python_dop_operator_3.py
[2025-04-03T23:54:16.928+0000] {processor.py:914} INFO - Processing file /home/airflow/.local/lib/python3.12/site-packages/airflow/example_dags/example_branch_python_dop_operator_3.py for tasks to queue
[2025-04-03T23:54:16.938+0000] {logging_mixin.py:190} INFO - [2025-04-03T23:54:16.936+0000] {dagbag.py:588} INFO - Filling up the DagBag from /home/airflow/.local/lib/python3.12/site-packages/airflow/example_dags/example_branch_python_dop_operator_3.py
[2025-04-03T23:54:16.995+0000] {processor.py:925} INFO - DAG(s) 'example_branch_dop_operator_v3' retrieved from /home/airflow/.local/lib/python3.12/site-packages/airflow/example_dags/example_branch_python_dop_operator_3.py
[2025-04-03T23:54:17.150+0000] {logging_mixin.py:190} INFO - [2025-04-03T23:54:17.147+0000] {dag.py:3239} INFO - Sync 1 DAGs
[2025-04-03T23:54:17.338+0000] {logging_mixin.py:190} INFO - [2025-04-03T23:54:17.332+0000] {dag.py:4180} INFO - Setting next_dagrun for example_branch_dop_operator_v3 to 2025-04-03 23:53:00+00:00, run_after=2025-04-03 23:54:00+00:00
[2025-04-03T23:54:17.413+0000] {processor.py:208} INFO - Processing /home/airflow/.local/lib/python3.12/site-packages/airflow/example_dags/example_branch_python_dop_operator_3.py took 0.517 seconds
[2025-04-03T23:54:47.935+0000] {processor.py:186} INFO - Started process (PID=490) to work on /home/airflow/.local/lib/python3.12/site-packages/airflow/example_dags/example_branch_python_dop_operator_3.py
[2025-04-03T23:54:47.940+0000] {processor.py:914} INFO - Processing file /home/airflow/.local/lib/python3.12/site-packages/airflow/example_dags/example_branch_python_dop_operator_3.py for tasks to queue
[2025-04-03T23:54:47.946+0000] {logging_mixin.py:190} INFO - [2025-04-03T23:54:47.944+0000] {dagbag.py:588} INFO - Filling up the DagBag from /home/airflow/.local/lib/python3.12/site-packages/airflow/example_dags/example_branch_python_dop_operator_3.py
[2025-04-03T23:54:48.004+0000] {processor.py:925} INFO - DAG(s) 'example_branch_dop_operator_v3' retrieved from /home/airflow/.local/lib/python3.12/site-packages/airflow/example_dags/example_branch_python_dop_operator_3.py
[2025-04-03T23:54:48.171+0000] {logging_mixin.py:190} INFO - [2025-04-03T23:54:48.170+0000] {dag.py:3239} INFO - Sync 1 DAGs
[2025-04-03T23:54:48.369+0000] {logging_mixin.py:190} INFO - [2025-04-03T23:54:48.369+0000] {dag.py:4180} INFO - Setting next_dagrun for example_branch_dop_operator_v3 to 2025-04-03 23:53:00+00:00, run_after=2025-04-03 23:54:00+00:00
[2025-04-03T23:54:48.441+0000] {processor.py:208} INFO - Processing /home/airflow/.local/lib/python3.12/site-packages/airflow/example_dags/example_branch_python_dop_operator_3.py took 0.522 seconds
[2025-04-03T23:55:18.682+0000] {processor.py:186} INFO - Started process (PID=553) to work on /home/airflow/.local/lib/python3.12/site-packages/airflow/example_dags/example_branch_python_dop_operator_3.py
[2025-04-03T23:55:18.682+0000] {processor.py:914} INFO - Processing file /home/airflow/.local/lib/python3.12/site-packages/airflow/example_dags/example_branch_python_dop_operator_3.py for tasks to queue
[2025-04-03T23:55:18.685+0000] {logging_mixin.py:190} INFO - [2025-04-03T23:55:18.684+0000] {dagbag.py:588} INFO - Filling up the DagBag from /home/airflow/.local/lib/python3.12/site-packages/airflow/example_dags/example_branch_python_dop_operator_3.py
[2025-04-03T23:55:18.697+0000] {processor.py:925} INFO - DAG(s) 'example_branch_dop_operator_v3' retrieved from /home/airflow/.local/lib/python3.12/site-packages/airflow/example_dags/example_branch_python_dop_operator_3.py
[2025-04-03T23:55:18.719+0000] {logging_mixin.py:190} INFO - [2025-04-03T23:55:18.719+0000] {dag.py:3239} INFO - Sync 1 DAGs
[2025-04-03T23:55:18.753+0000] {logging_mixin.py:190} INFO - [2025-04-03T23:55:18.752+0000] {dag.py:4180} INFO - Setting next_dagrun for example_branch_dop_operator_v3 to 2025-04-03 23:54:00+00:00, run_after=2025-04-03 23:55:00+00:00
[2025-04-03T23:55:18.776+0000] {processor.py:208} INFO - Processing /home/airflow/.local/lib/python3.12/site-packages/airflow/example_dags/example_branch_python_dop_operator_3.py took 0.099 seconds
[2025-04-03T23:55:49.263+0000] {processor.py:186} INFO - Started process (PID=621) to work on /home/airflow/.local/lib/python3.12/site-packages/airflow/example_dags/example_branch_python_dop_operator_3.py
[2025-04-03T23:55:49.263+0000] {processor.py:914} INFO - Processing file /home/airflow/.local/lib/python3.12/site-packages/airflow/example_dags/example_branch_python_dop_operator_3.py for tasks to queue
[2025-04-03T23:55:49.266+0000] {logging_mixin.py:190} INFO - [2025-04-03T23:55:49.266+0000] {dagbag.py:588} INFO - Filling up the DagBag from /home/airflow/.local/lib/python3.12/site-packages/airflow/example_dags/example_branch_python_dop_operator_3.py
[2025-04-03T23:55:49.278+0000] {processor.py:925} INFO - DAG(s) 'example_branch_dop_operator_v3' retrieved from /home/airflow/.local/lib/python3.12/site-packages/airflow/example_dags/example_branch_python_dop_operator_3.py
[2025-04-03T23:55:49.312+0000] {logging_mixin.py:190} INFO - [2025-04-03T23:55:49.312+0000] {dag.py:3239} INFO - Sync 1 DAGs
[2025-04-03T23:55:49.344+0000] {logging_mixin.py:190} INFO - [2025-04-03T23:55:49.344+0000] {dag.py:4180} INFO - Setting next_dagrun for example_branch_dop_operator_v3 to 2025-04-03 23:54:00+00:00, run_after=2025-04-03 23:55:00+00:00
[2025-04-03T23:55:49.362+0000] {processor.py:208} INFO - Processing /home/airflow/.local/lib/python3.12/site-packages/airflow/example_dags/example_branch_python_dop_operator_3.py took 0.105 seconds
[2025-04-03T23:56:19.848+0000] {processor.py:186} INFO - Started process (PID=684) to work on /home/airflow/.local/lib/python3.12/site-packages/airflow/example_dags/example_branch_python_dop_operator_3.py
[2025-04-03T23:56:19.849+0000] {processor.py:914} INFO - Processing file /home/airflow/.local/lib/python3.12/site-packages/airflow/example_dags/example_branch_python_dop_operator_3.py for tasks to queue
[2025-04-03T23:56:19.851+0000] {logging_mixin.py:190} INFO - [2025-04-03T23:56:19.851+0000] {dagbag.py:588} INFO - Filling up the DagBag from /home/airflow/.local/lib/python3.12/site-packages/airflow/example_dags/example_branch_python_dop_operator_3.py
[2025-04-03T23:56:19.863+0000] {processor.py:925} INFO - DAG(s) 'example_branch_dop_operator_v3' retrieved from /home/airflow/.local/lib/python3.12/site-packages/airflow/example_dags/example_branch_python_dop_operator_3.py
[2025-04-03T23:56:19.900+0000] {logging_mixin.py:190} INFO - [2025-04-03T23:56:19.900+0000] {dag.py:3239} INFO - Sync 1 DAGs
[2025-04-03T23:56:19.931+0000] {logging_mixin.py:190} INFO - [2025-04-03T23:56:19.931+0000] {dag.py:4180} INFO - Setting next_dagrun for example_branch_dop_operator_v3 to 2025-04-03 23:55:00+00:00, run_after=2025-04-03 23:56:00+00:00
[2025-04-03T23:56:19.950+0000] {processor.py:208} INFO - Processing /home/airflow/.local/lib/python3.12/site-packages/airflow/example_dags/example_branch_python_dop_operator_3.py took 0.108 seconds
[2025-04-03T23:56:50.397+0000] {processor.py:186} INFO - Started process (PID=746) to work on /home/airflow/.local/lib/python3.12/site-packages/airflow/example_dags/example_branch_python_dop_operator_3.py
[2025-04-03T23:56:50.398+0000] {processor.py:914} INFO - Processing file /home/airflow/.local/lib/python3.12/site-packages/airflow/example_dags/example_branch_python_dop_operator_3.py for tasks to queue
[2025-04-03T23:56:50.401+0000] {logging_mixin.py:190} INFO - [2025-04-03T23:56:50.400+0000] {dagbag.py:588} INFO - Filling up the DagBag from /home/airflow/.local/lib/python3.12/site-packages/airflow/example_dags/example_branch_python_dop_operator_3.py
[2025-04-03T23:56:50.413+0000] {processor.py:925} INFO - DAG(s) 'example_branch_dop_operator_v3' retrieved from /home/airflow/.local/lib/python3.12/site-packages/airflow/example_dags/example_branch_python_dop_operator_3.py
[2025-04-03T23:56:50.435+0000] {logging_mixin.py:190} INFO - [2025-04-03T23:56:50.435+0000] {dag.py:3239} INFO - Sync 1 DAGs
[2025-04-03T23:56:50.486+0000] {logging_mixin.py:190} INFO - [2025-04-03T23:56:50.486+0000] {dag.py:4180} INFO - Setting next_dagrun for example_branch_dop_operator_v3 to 2025-04-03 23:55:00+00:00, run_after=2025-04-03 23:56:00+00:00
[2025-04-03T23:56:50.503+0000] {processor.py:208} INFO - Processing /home/airflow/.local/lib/python3.12/site-packages/airflow/example_dags/example_branch_python_dop_operator_3.py took 0.111 seconds
[2025-04-03T23:57:20.603+0000] {processor.py:186} INFO - Started process (PID=809) to work on /home/airflow/.local/lib/python3.12/site-packages/airflow/example_dags/example_branch_python_dop_operator_3.py
[2025-04-03T23:57:20.604+0000] {processor.py:914} INFO - Processing file /home/airflow/.local/lib/python3.12/site-packages/airflow/example_dags/example_branch_python_dop_operator_3.py for tasks to queue
[2025-04-03T23:57:20.607+0000] {logging_mixin.py:190} INFO - [2025-04-03T23:57:20.606+0000] {dagbag.py:588} INFO - Filling up the DagBag from /home/airflow/.local/lib/python3.12/site-packages/airflow/example_dags/example_branch_python_dop_operator_3.py
[2025-04-03T23:57:20.627+0000] {processor.py:925} INFO - DAG(s) 'example_branch_dop_operator_v3' retrieved from /home/airflow/.local/lib/python3.12/site-packages/airflow/example_dags/example_branch_python_dop_operator_3.py
[2025-04-03T23:57:20.677+0000] {logging_mixin.py:190} INFO - [2025-04-03T23:57:20.676+0000] {dag.py:3239} INFO - Sync 1 DAGs
[2025-04-03T23:57:20.773+0000] {logging_mixin.py:190} INFO - [2025-04-03T23:57:20.772+0000] {dag.py:4180} INFO - Setting next_dagrun for example_branch_dop_operator_v3 to 2025-04-03 23:56:00+00:00, run_after=2025-04-03 23:57:00+00:00
[2025-04-03T23:57:20.876+0000] {processor.py:208} INFO - Processing /home/airflow/.local/lib/python3.12/site-packages/airflow/example_dags/example_branch_python_dop_operator_3.py took 0.286 seconds
[2025-04-03T23:57:51.824+0000] {processor.py:186} INFO - Started process (PID=872) to work on /home/airflow/.local/lib/python3.12/site-packages/airflow/example_dags/example_branch_python_dop_operator_3.py
[2025-04-03T23:57:51.835+0000] {processor.py:914} INFO - Processing file /home/airflow/.local/lib/python3.12/site-packages/airflow/example_dags/example_branch_python_dop_operator_3.py for tasks to queue
[2025-04-03T23:57:51.860+0000] {logging_mixin.py:190} INFO - [2025-04-03T23:57:51.860+0000] {dagbag.py:588} INFO - Filling up the DagBag from /home/airflow/.local/lib/python3.12/site-packages/airflow/example_dags/example_branch_python_dop_operator_3.py
[2025-04-03T23:57:51.948+0000] {processor.py:925} INFO - DAG(s) 'example_branch_dop_operator_v3' retrieved from /home/airflow/.local/lib/python3.12/site-packages/airflow/example_dags/example_branch_python_dop_operator_3.py
[2025-04-03T23:57:52.029+0000] {logging_mixin.py:190} INFO - [2025-04-03T23:57:52.029+0000] {dag.py:3239} INFO - Sync 1 DAGs
[2025-04-03T23:57:52.220+0000] {logging_mixin.py:190} INFO - [2025-04-03T23:57:52.219+0000] {dag.py:4180} INFO - Setting next_dagrun for example_branch_dop_operator_v3 to 2025-04-03 23:56:00+00:00, run_after=2025-04-03 23:57:00+00:00
[2025-04-03T23:57:52.319+0000] {processor.py:208} INFO - Processing /home/airflow/.local/lib/python3.12/site-packages/airflow/example_dags/example_branch_python_dop_operator_3.py took 0.536 seconds
[2025-04-03T23:58:23.221+0000] {processor.py:186} INFO - Started process (PID=935) to work on /home/airflow/.local/lib/python3.12/site-packages/airflow/example_dags/example_branch_python_dop_operator_3.py
[2025-04-03T23:58:23.222+0000] {processor.py:914} INFO - Processing file /home/airflow/.local/lib/python3.12/site-packages/airflow/example_dags/example_branch_python_dop_operator_3.py for tasks to queue
[2025-04-03T23:58:23.224+0000] {logging_mixin.py:190} INFO - [2025-04-03T23:58:23.223+0000] {dagbag.py:588} INFO - Filling up the DagBag from /home/airflow/.local/lib/python3.12/site-packages/airflow/example_dags/example_branch_python_dop_operator_3.py
[2025-04-03T23:58:23.236+0000] {processor.py:925} INFO - DAG(s) 'example_branch_dop_operator_v3' retrieved from /home/airflow/.local/lib/python3.12/site-packages/airflow/example_dags/example_branch_python_dop_operator_3.py
[2025-04-03T23:58:23.258+0000] {logging_mixin.py:190} INFO - [2025-04-03T23:58:23.258+0000] {dag.py:3239} INFO - Sync 1 DAGs
[2025-04-03T23:58:23.290+0000] {logging_mixin.py:190} INFO - [2025-04-03T23:58:23.290+0000] {dag.py:4180} INFO - Setting next_dagrun for example_branch_dop_operator_v3 to 2025-04-03 23:57:00+00:00, run_after=2025-04-03 23:58:00+00:00
[2025-04-03T23:58:23.310+0000] {processor.py:208} INFO - Processing /home/airflow/.local/lib/python3.12/site-packages/airflow/example_dags/example_branch_python_dop_operator_3.py took 0.094 seconds
[2025-04-03T23:58:53.408+0000] {processor.py:186} INFO - Started process (PID=998) to work on /home/airflow/.local/lib/python3.12/site-packages/airflow/example_dags/example_branch_python_dop_operator_3.py
[2025-04-03T23:58:53.408+0000] {processor.py:914} INFO - Processing file /home/airflow/.local/lib/python3.12/site-packages/airflow/example_dags/example_branch_python_dop_operator_3.py for tasks to queue
[2025-04-03T23:58:53.410+0000] {logging_mixin.py:190} INFO - [2025-04-03T23:58:53.410+0000] {dagbag.py:588} INFO - Filling up the DagBag from /home/airflow/.local/lib/python3.12/site-packages/airflow/example_dags/example_branch_python_dop_operator_3.py
[2025-04-03T23:58:53.422+0000] {processor.py:925} INFO - DAG(s) 'example_branch_dop_operator_v3' retrieved from /home/airflow/.local/lib/python3.12/site-packages/airflow/example_dags/example_branch_python_dop_operator_3.py
[2025-04-03T23:58:53.445+0000] {logging_mixin.py:190} INFO - [2025-04-03T23:58:53.445+0000] {dag.py:3239} INFO - Sync 1 DAGs
[2025-04-03T23:58:53.481+0000] {logging_mixin.py:190} INFO - [2025-04-03T23:58:53.481+0000] {dag.py:4180} INFO - Setting next_dagrun for example_branch_dop_operator_v3 to 2025-04-03 23:57:00+00:00, run_after=2025-04-03 23:58:00+00:00
[2025-04-03T23:58:53.501+0000] {processor.py:208} INFO - Processing /home/airflow/.local/lib/python3.12/site-packages/airflow/example_dags/example_branch_python_dop_operator_3.py took 0.099 seconds
[2025-04-03T23:59:24.345+0000] {processor.py:186} INFO - Started process (PID=1061) to work on /home/airflow/.local/lib/python3.12/site-packages/airflow/example_dags/example_branch_python_dop_operator_3.py
[2025-04-03T23:59:24.346+0000] {processor.py:914} INFO - Processing file /home/airflow/.local/lib/python3.12/site-packages/airflow/example_dags/example_branch_python_dop_operator_3.py for tasks to queue
[2025-04-03T23:59:24.349+0000] {logging_mixin.py:190} INFO - [2025-04-03T23:59:24.348+0000] {dagbag.py:588} INFO - Filling up the DagBag from /home/airflow/.local/lib/python3.12/site-packages/airflow/example_dags/example_branch_python_dop_operator_3.py
[2025-04-03T23:59:24.361+0000] {processor.py:925} INFO - DAG(s) 'example_branch_dop_operator_v3' retrieved from /home/airflow/.local/lib/python3.12/site-packages/airflow/example_dags/example_branch_python_dop_operator_3.py
[2025-04-03T23:59:24.382+0000] {logging_mixin.py:190} INFO - [2025-04-03T23:59:24.382+0000] {dag.py:3239} INFO - Sync 1 DAGs
[2025-04-03T23:59:24.413+0000] {logging_mixin.py:190} INFO - [2025-04-03T23:59:24.413+0000] {dag.py:4180} INFO - Setting next_dagrun for example_branch_dop_operator_v3 to 2025-04-03 23:58:00+00:00, run_after=2025-04-03 23:59:00+00:00
[2025-04-03T23:59:24.431+0000] {processor.py:208} INFO - Processing /home/airflow/.local/lib/python3.12/site-packages/airflow/example_dags/example_branch_python_dop_operator_3.py took 0.092 seconds
[2025-04-03T23:59:54.473+0000] {processor.py:186} INFO - Started process (PID=1124) to work on /home/airflow/.local/lib/python3.12/site-packages/airflow/example_dags/example_branch_python_dop_operator_3.py
[2025-04-03T23:59:54.474+0000] {processor.py:914} INFO - Processing file /home/airflow/.local/lib/python3.12/site-packages/airflow/example_dags/example_branch_python_dop_operator_3.py for tasks to queue
[2025-04-03T23:59:54.476+0000] {logging_mixin.py:190} INFO - [2025-04-03T23:59:54.476+0000] {dagbag.py:588} INFO - Filling up the DagBag from /home/airflow/.local/lib/python3.12/site-packages/airflow/example_dags/example_branch_python_dop_operator_3.py
[2025-04-03T23:59:54.487+0000] {processor.py:925} INFO - DAG(s) 'example_branch_dop_operator_v3' retrieved from /home/airflow/.local/lib/python3.12/site-packages/airflow/example_dags/example_branch_python_dop_operator_3.py
[2025-04-03T23:59:54.509+0000] {logging_mixin.py:190} INFO - [2025-04-03T23:59:54.508+0000] {dag.py:3239} INFO - Sync 1 DAGs
[2025-04-03T23:59:54.539+0000] {logging_mixin.py:190} INFO - [2025-04-03T23:59:54.539+0000] {dag.py:4180} INFO - Setting next_dagrun for example_branch_dop_operator_v3 to 2025-04-03 23:58:00+00:00, run_after=2025-04-03 23:59:00+00:00
[2025-04-03T23:59:54.558+0000] {processor.py:208} INFO - Processing /home/airflow/.local/lib/python3.12/site-packages/airflow/example_dags/example_branch_python_dop_operator_3.py took 0.090 seconds
