[2025-04-03T23:51:28.392+0000] {processor.py:186} INFO - Started process (PID=105) to work on /home/airflow/.local/lib/python3.12/site-packages/airflow/example_dags/example_nested_branch_dag.py
[2025-04-03T23:51:28.396+0000] {processor.py:914} INFO - Processing file /home/airflow/.local/lib/python3.12/site-packages/airflow/example_dags/example_nested_branch_dag.py for tasks to queue
[2025-04-03T23:51:28.411+0000] {logging_mixin.py:190} INFO - [2025-04-03T23:51:28.410+0000] {dagbag.py:588} INFO - Filling up the DagBag from /home/airflow/.local/lib/python3.12/site-packages/airflow/example_dags/example_nested_branch_dag.py
[2025-04-03T23:51:28.498+0000] {processor.py:925} INFO - DAG(s) 'example_nested_branch_dag' retrieved from /home/airflow/.local/lib/python3.12/site-packages/airflow/example_dags/example_nested_branch_dag.py
[2025-04-03T23:51:28.648+0000] {logging_mixin.py:190} INFO - [2025-04-03T23:51:28.648+0000] {dag.py:3239} INFO - Sync 1 DAGs
[2025-04-03T23:51:28.826+0000] {logging_mixin.py:190} INFO - [2025-04-03T23:51:28.818+0000] {dag.py:4180} INFO - Setting next_dagrun for example_nested_branch_dag to 2025-04-02 00:00:00+00:00, run_after=2025-04-03 00:00:00+00:00
[2025-04-03T23:51:28.904+0000] {processor.py:208} INFO - Processing /home/airflow/.local/lib/python3.12/site-packages/airflow/example_dags/example_nested_branch_dag.py took 0.539 seconds
[2025-04-03T23:51:59.568+0000] {processor.py:186} INFO - Started process (PID=167) to work on /home/airflow/.local/lib/python3.12/site-packages/airflow/example_dags/example_nested_branch_dag.py
[2025-04-03T23:51:59.569+0000] {processor.py:914} INFO - Processing file /home/airflow/.local/lib/python3.12/site-packages/airflow/example_dags/example_nested_branch_dag.py for tasks to queue
[2025-04-03T23:51:59.572+0000] {logging_mixin.py:190} INFO - [2025-04-03T23:51:59.571+0000] {dagbag.py:588} INFO - Filling up the DagBag from /home/airflow/.local/lib/python3.12/site-packages/airflow/example_dags/example_nested_branch_dag.py
[2025-04-03T23:51:59.596+0000] {processor.py:925} INFO - DAG(s) 'example_nested_branch_dag' retrieved from /home/airflow/.local/lib/python3.12/site-packages/airflow/example_dags/example_nested_branch_dag.py
[2025-04-03T23:51:59.626+0000] {logging_mixin.py:190} INFO - [2025-04-03T23:51:59.625+0000] {dag.py:3239} INFO - Sync 1 DAGs
[2025-04-03T23:51:59.652+0000] {logging_mixin.py:190} INFO - [2025-04-03T23:51:59.651+0000] {dag.py:4180} INFO - Setting next_dagrun for example_nested_branch_dag to 2025-04-02 00:00:00+00:00, run_after=2025-04-03 00:00:00+00:00
[2025-04-03T23:51:59.671+0000] {processor.py:208} INFO - Processing /home/airflow/.local/lib/python3.12/site-packages/airflow/example_dags/example_nested_branch_dag.py took 0.109 seconds
[2025-04-03T23:52:29.869+0000] {processor.py:186} INFO - Started process (PID=229) to work on /home/airflow/.local/lib/python3.12/site-packages/airflow/example_dags/example_nested_branch_dag.py
[2025-04-03T23:52:29.871+0000] {processor.py:914} INFO - Processing file /home/airflow/.local/lib/python3.12/site-packages/airflow/example_dags/example_nested_branch_dag.py for tasks to queue
[2025-04-03T23:52:29.875+0000] {logging_mixin.py:190} INFO - [2025-04-03T23:52:29.875+0000] {dagbag.py:588} INFO - Filling up the DagBag from /home/airflow/.local/lib/python3.12/site-packages/airflow/example_dags/example_nested_branch_dag.py
[2025-04-03T23:52:29.892+0000] {processor.py:925} INFO - DAG(s) 'example_nested_branch_dag' retrieved from /home/airflow/.local/lib/python3.12/site-packages/airflow/example_dags/example_nested_branch_dag.py
[2025-04-03T23:52:29.913+0000] {logging_mixin.py:190} INFO - [2025-04-03T23:52:29.913+0000] {dag.py:3239} INFO - Sync 1 DAGs
[2025-04-03T23:52:29.938+0000] {logging_mixin.py:190} INFO - [2025-04-03T23:52:29.938+0000] {dag.py:4180} INFO - Setting next_dagrun for example_nested_branch_dag to 2025-04-02 00:00:00+00:00, run_after=2025-04-03 00:00:00+00:00
[2025-04-03T23:52:29.975+0000] {processor.py:208} INFO - Processing /home/airflow/.local/lib/python3.12/site-packages/airflow/example_dags/example_nested_branch_dag.py took 0.112 seconds
[2025-04-03T23:53:00.859+0000] {processor.py:186} INFO - Started process (PID=292) to work on /home/airflow/.local/lib/python3.12/site-packages/airflow/example_dags/example_nested_branch_dag.py
[2025-04-03T23:53:00.859+0000] {processor.py:914} INFO - Processing file /home/airflow/.local/lib/python3.12/site-packages/airflow/example_dags/example_nested_branch_dag.py for tasks to queue
[2025-04-03T23:53:00.861+0000] {logging_mixin.py:190} INFO - [2025-04-03T23:53:00.861+0000] {dagbag.py:588} INFO - Filling up the DagBag from /home/airflow/.local/lib/python3.12/site-packages/airflow/example_dags/example_nested_branch_dag.py
[2025-04-03T23:53:00.875+0000] {processor.py:925} INFO - DAG(s) 'example_nested_branch_dag' retrieved from /home/airflow/.local/lib/python3.12/site-packages/airflow/example_dags/example_nested_branch_dag.py
[2025-04-03T23:53:00.908+0000] {logging_mixin.py:190} INFO - [2025-04-03T23:53:00.907+0000] {dag.py:3239} INFO - Sync 1 DAGs
[2025-04-03T23:53:00.956+0000] {logging_mixin.py:190} INFO - [2025-04-03T23:53:00.955+0000] {dag.py:4180} INFO - Setting next_dagrun for example_nested_branch_dag to 2025-04-02 00:00:00+00:00, run_after=2025-04-03 00:00:00+00:00
[2025-04-03T23:53:00.980+0000] {processor.py:208} INFO - Processing /home/airflow/.local/lib/python3.12/site-packages/airflow/example_dags/example_nested_branch_dag.py took 0.129 seconds
[2025-04-03T23:53:40.109+0000] {processor.py:186} INFO - Started process (PID=356) to work on /home/airflow/.local/lib/python3.12/site-packages/airflow/example_dags/example_nested_branch_dag.py
[2025-04-03T23:53:40.111+0000] {processor.py:914} INFO - Processing file /home/airflow/.local/lib/python3.12/site-packages/airflow/example_dags/example_nested_branch_dag.py for tasks to queue
[2025-04-03T23:53:40.114+0000] {logging_mixin.py:190} INFO - [2025-04-03T23:53:40.113+0000] {dagbag.py:588} INFO - Filling up the DagBag from /home/airflow/.local/lib/python3.12/site-packages/airflow/example_dags/example_nested_branch_dag.py
[2025-04-03T23:53:40.132+0000] {processor.py:925} INFO - DAG(s) 'example_nested_branch_dag' retrieved from /home/airflow/.local/lib/python3.12/site-packages/airflow/example_dags/example_nested_branch_dag.py
[2025-04-03T23:53:40.170+0000] {logging_mixin.py:190} INFO - [2025-04-03T23:53:40.170+0000] {dag.py:3239} INFO - Sync 1 DAGs
[2025-04-03T23:53:40.206+0000] {logging_mixin.py:190} INFO - [2025-04-03T23:53:40.205+0000] {dag.py:4180} INFO - Setting next_dagrun for example_nested_branch_dag to 2025-04-02 00:00:00+00:00, run_after=2025-04-03 00:00:00+00:00
[2025-04-03T23:53:40.240+0000] {processor.py:208} INFO - Processing /home/airflow/.local/lib/python3.12/site-packages/airflow/example_dags/example_nested_branch_dag.py took 0.142 seconds
[2025-04-03T23:54:11.684+0000] {processor.py:186} INFO - Started process (PID=418) to work on /home/airflow/.local/lib/python3.12/site-packages/airflow/example_dags/example_nested_branch_dag.py
[2025-04-03T23:54:11.685+0000] {processor.py:914} INFO - Processing file /home/airflow/.local/lib/python3.12/site-packages/airflow/example_dags/example_nested_branch_dag.py for tasks to queue
[2025-04-03T23:54:11.687+0000] {logging_mixin.py:190} INFO - [2025-04-03T23:54:11.687+0000] {dagbag.py:588} INFO - Filling up the DagBag from /home/airflow/.local/lib/python3.12/site-packages/airflow/example_dags/example_nested_branch_dag.py
[2025-04-03T23:54:11.723+0000] {processor.py:925} INFO - DAG(s) 'example_nested_branch_dag' retrieved from /home/airflow/.local/lib/python3.12/site-packages/airflow/example_dags/example_nested_branch_dag.py
[2025-04-03T23:54:11.809+0000] {logging_mixin.py:190} INFO - [2025-04-03T23:54:11.808+0000] {dag.py:3239} INFO - Sync 1 DAGs
[2025-04-03T23:54:11.923+0000] {logging_mixin.py:190} INFO - [2025-04-03T23:54:11.923+0000] {dag.py:4180} INFO - Setting next_dagrun for example_nested_branch_dag to 2025-04-02 00:00:00+00:00, run_after=2025-04-03 00:00:00+00:00
[2025-04-03T23:54:12.015+0000] {processor.py:208} INFO - Processing /home/airflow/.local/lib/python3.12/site-packages/airflow/example_dags/example_nested_branch_dag.py took 0.338 seconds
[2025-04-03T23:54:42.681+0000] {processor.py:186} INFO - Started process (PID=481) to work on /home/airflow/.local/lib/python3.12/site-packages/airflow/example_dags/example_nested_branch_dag.py
[2025-04-03T23:54:42.682+0000] {processor.py:914} INFO - Processing file /home/airflow/.local/lib/python3.12/site-packages/airflow/example_dags/example_nested_branch_dag.py for tasks to queue
[2025-04-03T23:54:42.683+0000] {logging_mixin.py:190} INFO - [2025-04-03T23:54:42.683+0000] {dagbag.py:588} INFO - Filling up the DagBag from /home/airflow/.local/lib/python3.12/site-packages/airflow/example_dags/example_nested_branch_dag.py
[2025-04-03T23:54:42.694+0000] {processor.py:925} INFO - DAG(s) 'example_nested_branch_dag' retrieved from /home/airflow/.local/lib/python3.12/site-packages/airflow/example_dags/example_nested_branch_dag.py
[2025-04-03T23:54:42.711+0000] {logging_mixin.py:190} INFO - [2025-04-03T23:54:42.711+0000] {dag.py:3239} INFO - Sync 1 DAGs
[2025-04-03T23:54:42.731+0000] {logging_mixin.py:190} INFO - [2025-04-03T23:54:42.731+0000] {dag.py:4180} INFO - Setting next_dagrun for example_nested_branch_dag to 2025-04-02 00:00:00+00:00, run_after=2025-04-03 00:00:00+00:00
[2025-04-03T23:54:42.746+0000] {processor.py:208} INFO - Processing /home/airflow/.local/lib/python3.12/site-packages/airflow/example_dags/example_nested_branch_dag.py took 0.069 seconds
[2025-04-03T23:55:13.049+0000] {processor.py:186} INFO - Started process (PID=544) to work on /home/airflow/.local/lib/python3.12/site-packages/airflow/example_dags/example_nested_branch_dag.py
[2025-04-03T23:55:13.050+0000] {processor.py:914} INFO - Processing file /home/airflow/.local/lib/python3.12/site-packages/airflow/example_dags/example_nested_branch_dag.py for tasks to queue
[2025-04-03T23:55:13.052+0000] {logging_mixin.py:190} INFO - [2025-04-03T23:55:13.052+0000] {dagbag.py:588} INFO - Filling up the DagBag from /home/airflow/.local/lib/python3.12/site-packages/airflow/example_dags/example_nested_branch_dag.py
[2025-04-03T23:55:13.065+0000] {processor.py:925} INFO - DAG(s) 'example_nested_branch_dag' retrieved from /home/airflow/.local/lib/python3.12/site-packages/airflow/example_dags/example_nested_branch_dag.py
[2025-04-03T23:55:13.084+0000] {logging_mixin.py:190} INFO - [2025-04-03T23:55:13.083+0000] {dag.py:3239} INFO - Sync 1 DAGs
[2025-04-03T23:55:13.104+0000] {logging_mixin.py:190} INFO - [2025-04-03T23:55:13.104+0000] {dag.py:4180} INFO - Setting next_dagrun for example_nested_branch_dag to 2025-04-02 00:00:00+00:00, run_after=2025-04-03 00:00:00+00:00
[2025-04-03T23:55:13.119+0000] {processor.py:208} INFO - Processing /home/airflow/.local/lib/python3.12/site-packages/airflow/example_dags/example_nested_branch_dag.py took 0.076 seconds
[2025-04-03T23:55:43.187+0000] {processor.py:186} INFO - Started process (PID=607) to work on /home/airflow/.local/lib/python3.12/site-packages/airflow/example_dags/example_nested_branch_dag.py
[2025-04-03T23:55:43.188+0000] {processor.py:914} INFO - Processing file /home/airflow/.local/lib/python3.12/site-packages/airflow/example_dags/example_nested_branch_dag.py for tasks to queue
[2025-04-03T23:55:43.189+0000] {logging_mixin.py:190} INFO - [2025-04-03T23:55:43.189+0000] {dagbag.py:588} INFO - Filling up the DagBag from /home/airflow/.local/lib/python3.12/site-packages/airflow/example_dags/example_nested_branch_dag.py
[2025-04-03T23:55:43.198+0000] {processor.py:925} INFO - DAG(s) 'example_nested_branch_dag' retrieved from /home/airflow/.local/lib/python3.12/site-packages/airflow/example_dags/example_nested_branch_dag.py
[2025-04-03T23:55:43.215+0000] {logging_mixin.py:190} INFO - [2025-04-03T23:55:43.215+0000] {dag.py:3239} INFO - Sync 1 DAGs
[2025-04-03T23:55:43.238+0000] {logging_mixin.py:190} INFO - [2025-04-03T23:55:43.237+0000] {dag.py:4180} INFO - Setting next_dagrun for example_nested_branch_dag to 2025-04-02 00:00:00+00:00, run_after=2025-04-03 00:00:00+00:00
[2025-04-03T23:55:43.251+0000] {processor.py:208} INFO - Processing /home/airflow/.local/lib/python3.12/site-packages/airflow/example_dags/example_nested_branch_dag.py took 0.068 seconds
[2025-04-03T23:56:13.499+0000] {processor.py:186} INFO - Started process (PID=669) to work on /home/airflow/.local/lib/python3.12/site-packages/airflow/example_dags/example_nested_branch_dag.py
[2025-04-03T23:56:13.499+0000] {processor.py:914} INFO - Processing file /home/airflow/.local/lib/python3.12/site-packages/airflow/example_dags/example_nested_branch_dag.py for tasks to queue
[2025-04-03T23:56:13.502+0000] {logging_mixin.py:190} INFO - [2025-04-03T23:56:13.501+0000] {dagbag.py:588} INFO - Filling up the DagBag from /home/airflow/.local/lib/python3.12/site-packages/airflow/example_dags/example_nested_branch_dag.py
[2025-04-03T23:56:13.515+0000] {processor.py:925} INFO - DAG(s) 'example_nested_branch_dag' retrieved from /home/airflow/.local/lib/python3.12/site-packages/airflow/example_dags/example_nested_branch_dag.py
[2025-04-03T23:56:13.538+0000] {logging_mixin.py:190} INFO - [2025-04-03T23:56:13.538+0000] {dag.py:3239} INFO - Sync 1 DAGs
[2025-04-03T23:56:13.559+0000] {logging_mixin.py:190} INFO - [2025-04-03T23:56:13.559+0000] {dag.py:4180} INFO - Setting next_dagrun for example_nested_branch_dag to 2025-04-02 00:00:00+00:00, run_after=2025-04-03 00:00:00+00:00
[2025-04-03T23:56:13.574+0000] {processor.py:208} INFO - Processing /home/airflow/.local/lib/python3.12/site-packages/airflow/example_dags/example_nested_branch_dag.py took 0.083 seconds
[2025-04-03T23:56:43.965+0000] {processor.py:186} INFO - Started process (PID=732) to work on /home/airflow/.local/lib/python3.12/site-packages/airflow/example_dags/example_nested_branch_dag.py
[2025-04-03T23:56:43.966+0000] {processor.py:914} INFO - Processing file /home/airflow/.local/lib/python3.12/site-packages/airflow/example_dags/example_nested_branch_dag.py for tasks to queue
[2025-04-03T23:56:43.968+0000] {logging_mixin.py:190} INFO - [2025-04-03T23:56:43.968+0000] {dagbag.py:588} INFO - Filling up the DagBag from /home/airflow/.local/lib/python3.12/site-packages/airflow/example_dags/example_nested_branch_dag.py
[2025-04-03T23:56:43.982+0000] {processor.py:925} INFO - DAG(s) 'example_nested_branch_dag' retrieved from /home/airflow/.local/lib/python3.12/site-packages/airflow/example_dags/example_nested_branch_dag.py
[2025-04-03T23:56:44.008+0000] {logging_mixin.py:190} INFO - [2025-04-03T23:56:44.008+0000] {dag.py:3239} INFO - Sync 1 DAGs
[2025-04-03T23:56:44.036+0000] {logging_mixin.py:190} INFO - [2025-04-03T23:56:44.035+0000] {dag.py:4180} INFO - Setting next_dagrun for example_nested_branch_dag to 2025-04-02 00:00:00+00:00, run_after=2025-04-03 00:00:00+00:00
[2025-04-03T23:56:44.055+0000] {processor.py:208} INFO - Processing /home/airflow/.local/lib/python3.12/site-packages/airflow/example_dags/example_nested_branch_dag.py took 0.096 seconds
[2025-04-03T23:57:15.974+0000] {processor.py:186} INFO - Started process (PID=795) to work on /home/airflow/.local/lib/python3.12/site-packages/airflow/example_dags/example_nested_branch_dag.py
[2025-04-03T23:57:15.979+0000] {processor.py:914} INFO - Processing file /home/airflow/.local/lib/python3.12/site-packages/airflow/example_dags/example_nested_branch_dag.py for tasks to queue
[2025-04-03T23:57:15.988+0000] {logging_mixin.py:190} INFO - [2025-04-03T23:57:15.988+0000] {dagbag.py:588} INFO - Filling up the DagBag from /home/airflow/.local/lib/python3.12/site-packages/airflow/example_dags/example_nested_branch_dag.py
[2025-04-03T23:57:16.068+0000] {processor.py:925} INFO - DAG(s) 'example_nested_branch_dag' retrieved from /home/airflow/.local/lib/python3.12/site-packages/airflow/example_dags/example_nested_branch_dag.py
[2025-04-03T23:57:16.184+0000] {logging_mixin.py:190} INFO - [2025-04-03T23:57:16.183+0000] {dag.py:3239} INFO - Sync 1 DAGs
[2025-04-03T23:57:16.306+0000] {logging_mixin.py:190} INFO - [2025-04-03T23:57:16.306+0000] {dag.py:4180} INFO - Setting next_dagrun for example_nested_branch_dag to 2025-04-02 00:00:00+00:00, run_after=2025-04-03 00:00:00+00:00
[2025-04-03T23:57:16.376+0000] {processor.py:208} INFO - Processing /home/airflow/.local/lib/python3.12/site-packages/airflow/example_dags/example_nested_branch_dag.py took 0.421 seconds
[2025-04-03T23:57:46.826+0000] {processor.py:186} INFO - Started process (PID=858) to work on /home/airflow/.local/lib/python3.12/site-packages/airflow/example_dags/example_nested_branch_dag.py
[2025-04-03T23:57:46.827+0000] {processor.py:914} INFO - Processing file /home/airflow/.local/lib/python3.12/site-packages/airflow/example_dags/example_nested_branch_dag.py for tasks to queue
[2025-04-03T23:57:46.829+0000] {logging_mixin.py:190} INFO - [2025-04-03T23:57:46.829+0000] {dagbag.py:588} INFO - Filling up the DagBag from /home/airflow/.local/lib/python3.12/site-packages/airflow/example_dags/example_nested_branch_dag.py
[2025-04-03T23:57:46.843+0000] {processor.py:925} INFO - DAG(s) 'example_nested_branch_dag' retrieved from /home/airflow/.local/lib/python3.12/site-packages/airflow/example_dags/example_nested_branch_dag.py
[2025-04-03T23:57:46.871+0000] {logging_mixin.py:190} INFO - [2025-04-03T23:57:46.871+0000] {dag.py:3239} INFO - Sync 1 DAGs
[2025-04-03T23:57:46.901+0000] {logging_mixin.py:190} INFO - [2025-04-03T23:57:46.901+0000] {dag.py:4180} INFO - Setting next_dagrun for example_nested_branch_dag to 2025-04-02 00:00:00+00:00, run_after=2025-04-03 00:00:00+00:00
[2025-04-03T23:57:46.923+0000] {processor.py:208} INFO - Processing /home/airflow/.local/lib/python3.12/site-packages/airflow/example_dags/example_nested_branch_dag.py took 0.104 seconds
[2025-04-03T23:58:18.185+0000] {processor.py:186} INFO - Started process (PID=921) to work on /home/airflow/.local/lib/python3.12/site-packages/airflow/example_dags/example_nested_branch_dag.py
[2025-04-03T23:58:18.187+0000] {processor.py:914} INFO - Processing file /home/airflow/.local/lib/python3.12/site-packages/airflow/example_dags/example_nested_branch_dag.py for tasks to queue
[2025-04-03T23:58:18.192+0000] {logging_mixin.py:190} INFO - [2025-04-03T23:58:18.192+0000] {dagbag.py:588} INFO - Filling up the DagBag from /home/airflow/.local/lib/python3.12/site-packages/airflow/example_dags/example_nested_branch_dag.py
[2025-04-03T23:58:18.221+0000] {processor.py:925} INFO - DAG(s) 'example_nested_branch_dag' retrieved from /home/airflow/.local/lib/python3.12/site-packages/airflow/example_dags/example_nested_branch_dag.py
[2025-04-03T23:58:18.291+0000] {logging_mixin.py:190} INFO - [2025-04-03T23:58:18.291+0000] {dag.py:3239} INFO - Sync 1 DAGs
[2025-04-03T23:58:18.321+0000] {logging_mixin.py:190} INFO - [2025-04-03T23:58:18.320+0000] {dag.py:4180} INFO - Setting next_dagrun for example_nested_branch_dag to 2025-04-02 00:00:00+00:00, run_after=2025-04-03 00:00:00+00:00
[2025-04-03T23:58:18.339+0000] {processor.py:208} INFO - Processing /home/airflow/.local/lib/python3.12/site-packages/airflow/example_dags/example_nested_branch_dag.py took 0.169 seconds
[2025-04-03T23:58:49.511+0000] {processor.py:186} INFO - Started process (PID=984) to work on /home/airflow/.local/lib/python3.12/site-packages/airflow/example_dags/example_nested_branch_dag.py
[2025-04-03T23:58:49.512+0000] {processor.py:914} INFO - Processing file /home/airflow/.local/lib/python3.12/site-packages/airflow/example_dags/example_nested_branch_dag.py for tasks to queue
[2025-04-03T23:58:49.514+0000] {logging_mixin.py:190} INFO - [2025-04-03T23:58:49.514+0000] {dagbag.py:588} INFO - Filling up the DagBag from /home/airflow/.local/lib/python3.12/site-packages/airflow/example_dags/example_nested_branch_dag.py
[2025-04-03T23:58:49.527+0000] {processor.py:925} INFO - DAG(s) 'example_nested_branch_dag' retrieved from /home/airflow/.local/lib/python3.12/site-packages/airflow/example_dags/example_nested_branch_dag.py
[2025-04-03T23:58:49.564+0000] {logging_mixin.py:190} INFO - [2025-04-03T23:58:49.564+0000] {dag.py:3239} INFO - Sync 1 DAGs
[2025-04-03T23:58:49.603+0000] {logging_mixin.py:190} INFO - [2025-04-03T23:58:49.603+0000] {dag.py:4180} INFO - Setting next_dagrun for example_nested_branch_dag to 2025-04-02 00:00:00+00:00, run_after=2025-04-03 00:00:00+00:00
[2025-04-03T23:58:49.637+0000] {processor.py:208} INFO - Processing /home/airflow/.local/lib/python3.12/site-packages/airflow/example_dags/example_nested_branch_dag.py took 0.133 seconds
[2025-04-03T23:59:20.162+0000] {processor.py:186} INFO - Started process (PID=1052) to work on /home/airflow/.local/lib/python3.12/site-packages/airflow/example_dags/example_nested_branch_dag.py
[2025-04-03T23:59:20.162+0000] {processor.py:914} INFO - Processing file /home/airflow/.local/lib/python3.12/site-packages/airflow/example_dags/example_nested_branch_dag.py for tasks to queue
[2025-04-03T23:59:20.164+0000] {logging_mixin.py:190} INFO - [2025-04-03T23:59:20.164+0000] {dagbag.py:588} INFO - Filling up the DagBag from /home/airflow/.local/lib/python3.12/site-packages/airflow/example_dags/example_nested_branch_dag.py
[2025-04-03T23:59:20.177+0000] {processor.py:925} INFO - DAG(s) 'example_nested_branch_dag' retrieved from /home/airflow/.local/lib/python3.12/site-packages/airflow/example_dags/example_nested_branch_dag.py
[2025-04-03T23:59:20.202+0000] {logging_mixin.py:190} INFO - [2025-04-03T23:59:20.201+0000] {dag.py:3239} INFO - Sync 1 DAGs
[2025-04-03T23:59:20.238+0000] {logging_mixin.py:190} INFO - [2025-04-03T23:59:20.237+0000] {dag.py:4180} INFO - Setting next_dagrun for example_nested_branch_dag to 2025-04-02 00:00:00+00:00, run_after=2025-04-03 00:00:00+00:00
[2025-04-03T23:59:20.261+0000] {processor.py:208} INFO - Processing /home/airflow/.local/lib/python3.12/site-packages/airflow/example_dags/example_nested_branch_dag.py took 0.105 seconds
[2025-04-03T23:59:50.765+0000] {processor.py:186} INFO - Started process (PID=1115) to work on /home/airflow/.local/lib/python3.12/site-packages/airflow/example_dags/example_nested_branch_dag.py
[2025-04-03T23:59:50.767+0000] {processor.py:914} INFO - Processing file /home/airflow/.local/lib/python3.12/site-packages/airflow/example_dags/example_nested_branch_dag.py for tasks to queue
[2025-04-03T23:59:50.772+0000] {logging_mixin.py:190} INFO - [2025-04-03T23:59:50.772+0000] {dagbag.py:588} INFO - Filling up the DagBag from /home/airflow/.local/lib/python3.12/site-packages/airflow/example_dags/example_nested_branch_dag.py
[2025-04-03T23:59:50.786+0000] {processor.py:925} INFO - DAG(s) 'example_nested_branch_dag' retrieved from /home/airflow/.local/lib/python3.12/site-packages/airflow/example_dags/example_nested_branch_dag.py
[2025-04-03T23:59:50.810+0000] {logging_mixin.py:190} INFO - [2025-04-03T23:59:50.810+0000] {dag.py:3239} INFO - Sync 1 DAGs
[2025-04-03T23:59:50.839+0000] {logging_mixin.py:190} INFO - [2025-04-03T23:59:50.839+0000] {dag.py:4180} INFO - Setting next_dagrun for example_nested_branch_dag to 2025-04-02 00:00:00+00:00, run_after=2025-04-03 00:00:00+00:00
[2025-04-03T23:59:50.859+0000] {processor.py:208} INFO - Processing /home/airflow/.local/lib/python3.12/site-packages/airflow/example_dags/example_nested_branch_dag.py took 0.106 seconds
