[2025-04-03T23:51:23.435+0000] {processor.py:186} INFO - Started process (PID=89) to work on /home/airflow/.local/lib/python3.12/site-packages/airflow/example_dags/example_branch_labels.py
[2025-04-03T23:51:23.436+0000] {processor.py:914} INFO - Processing file /home/airflow/.local/lib/python3.12/site-packages/airflow/example_dags/example_branch_labels.py for tasks to queue
[2025-04-03T23:51:23.440+0000] {logging_mixin.py:190} INFO - [2025-04-03T23:51:23.439+0000] {dagbag.py:588} INFO - Filling up the DagBag from /home/airflow/.local/lib/python3.12/site-packages/airflow/example_dags/example_branch_labels.py
[2025-04-03T23:51:23.472+0000] {processor.py:925} INFO - DAG(s) 'example_branch_labels' retrieved from /home/airflow/.local/lib/python3.12/site-packages/airflow/example_dags/example_branch_labels.py
[2025-04-03T23:51:23.559+0000] {logging_mixin.py:190} INFO - [2025-04-03T23:51:23.558+0000] {dag.py:3239} INFO - Sync 1 DAGs
[2025-04-03T23:51:23.601+0000] {logging_mixin.py:190} INFO - [2025-04-03T23:51:23.600+0000] {dag.py:4180} INFO - Setting next_dagrun for example_branch_labels to 2025-04-02 00:00:00+00:00, run_after=2025-04-03 00:00:00+00:00
[2025-04-03T23:51:23.622+0000] {processor.py:208} INFO - Processing /home/airflow/.local/lib/python3.12/site-packages/airflow/example_dags/example_branch_labels.py took 0.197 seconds
[2025-04-03T23:51:54.495+0000] {processor.py:186} INFO - Started process (PID=152) to work on /home/airflow/.local/lib/python3.12/site-packages/airflow/example_dags/example_branch_labels.py
[2025-04-03T23:51:54.496+0000] {processor.py:914} INFO - Processing file /home/airflow/.local/lib/python3.12/site-packages/airflow/example_dags/example_branch_labels.py for tasks to queue
[2025-04-03T23:51:54.499+0000] {logging_mixin.py:190} INFO - [2025-04-03T23:51:54.498+0000] {dagbag.py:588} INFO - Filling up the DagBag from /home/airflow/.local/lib/python3.12/site-packages/airflow/example_dags/example_branch_labels.py
[2025-04-03T23:51:54.511+0000] {processor.py:925} INFO - DAG(s) 'example_branch_labels' retrieved from /home/airflow/.local/lib/python3.12/site-packages/airflow/example_dags/example_branch_labels.py
[2025-04-03T23:51:54.544+0000] {logging_mixin.py:190} INFO - [2025-04-03T23:51:54.543+0000] {dag.py:3239} INFO - Sync 1 DAGs
[2025-04-03T23:51:54.582+0000] {logging_mixin.py:190} INFO - [2025-04-03T23:51:54.582+0000] {dag.py:4180} INFO - Setting next_dagrun for example_branch_labels to 2025-04-02 00:00:00+00:00, run_after=2025-04-03 00:00:00+00:00
[2025-04-03T23:51:55.057+0000] {processor.py:208} INFO - Processing /home/airflow/.local/lib/python3.12/site-packages/airflow/example_dags/example_branch_labels.py took 0.568 seconds
[2025-04-03T23:52:25.875+0000] {processor.py:186} INFO - Started process (PID=214) to work on /home/airflow/.local/lib/python3.12/site-packages/airflow/example_dags/example_branch_labels.py
[2025-04-03T23:52:25.876+0000] {processor.py:914} INFO - Processing file /home/airflow/.local/lib/python3.12/site-packages/airflow/example_dags/example_branch_labels.py for tasks to queue
[2025-04-03T23:52:25.879+0000] {logging_mixin.py:190} INFO - [2025-04-03T23:52:25.879+0000] {dagbag.py:588} INFO - Filling up the DagBag from /home/airflow/.local/lib/python3.12/site-packages/airflow/example_dags/example_branch_labels.py
[2025-04-03T23:52:25.894+0000] {processor.py:925} INFO - DAG(s) 'example_branch_labels' retrieved from /home/airflow/.local/lib/python3.12/site-packages/airflow/example_dags/example_branch_labels.py
[2025-04-03T23:52:25.923+0000] {logging_mixin.py:190} INFO - [2025-04-03T23:52:25.923+0000] {dag.py:3239} INFO - Sync 1 DAGs
[2025-04-03T23:52:25.953+0000] {logging_mixin.py:190} INFO - [2025-04-03T23:52:25.953+0000] {dag.py:4180} INFO - Setting next_dagrun for example_branch_labels to 2025-04-02 00:00:00+00:00, run_after=2025-04-03 00:00:00+00:00
[2025-04-03T23:52:25.979+0000] {processor.py:208} INFO - Processing /home/airflow/.local/lib/python3.12/site-packages/airflow/example_dags/example_branch_labels.py took 0.113 seconds
[2025-04-03T23:52:58.373+0000] {processor.py:186} INFO - Started process (PID=277) to work on /home/airflow/.local/lib/python3.12/site-packages/airflow/example_dags/example_branch_labels.py
[2025-04-03T23:52:58.374+0000] {processor.py:914} INFO - Processing file /home/airflow/.local/lib/python3.12/site-packages/airflow/example_dags/example_branch_labels.py for tasks to queue
[2025-04-03T23:52:58.375+0000] {logging_mixin.py:190} INFO - [2025-04-03T23:52:58.375+0000] {dagbag.py:588} INFO - Filling up the DagBag from /home/airflow/.local/lib/python3.12/site-packages/airflow/example_dags/example_branch_labels.py
[2025-04-03T23:52:58.383+0000] {processor.py:925} INFO - DAG(s) 'example_branch_labels' retrieved from /home/airflow/.local/lib/python3.12/site-packages/airflow/example_dags/example_branch_labels.py
[2025-04-03T23:52:58.405+0000] {logging_mixin.py:190} INFO - [2025-04-03T23:52:58.405+0000] {dag.py:3239} INFO - Sync 1 DAGs
[2025-04-03T23:52:58.436+0000] {logging_mixin.py:190} INFO - [2025-04-03T23:52:58.436+0000] {dag.py:4180} INFO - Setting next_dagrun for example_branch_labels to 2025-04-02 00:00:00+00:00, run_after=2025-04-03 00:00:00+00:00
[2025-04-03T23:52:58.462+0000] {processor.py:208} INFO - Processing /home/airflow/.local/lib/python3.12/site-packages/airflow/example_dags/example_branch_labels.py took 0.095 seconds
[2025-04-03T23:53:32.886+0000] {processor.py:186} INFO - Started process (PID=340) to work on /home/airflow/.local/lib/python3.12/site-packages/airflow/example_dags/example_branch_labels.py
[2025-04-03T23:53:32.893+0000] {processor.py:914} INFO - Processing file /home/airflow/.local/lib/python3.12/site-packages/airflow/example_dags/example_branch_labels.py for tasks to queue
[2025-04-03T23:53:32.900+0000] {logging_mixin.py:190} INFO - [2025-04-03T23:53:32.899+0000] {dagbag.py:588} INFO - Filling up the DagBag from /home/airflow/.local/lib/python3.12/site-packages/airflow/example_dags/example_branch_labels.py
[2025-04-03T23:53:32.915+0000] {processor.py:925} INFO - DAG(s) 'example_branch_labels' retrieved from /home/airflow/.local/lib/python3.12/site-packages/airflow/example_dags/example_branch_labels.py
[2025-04-03T23:53:32.950+0000] {logging_mixin.py:190} INFO - [2025-04-03T23:53:32.950+0000] {dag.py:3239} INFO - Sync 1 DAGs
[2025-04-03T23:53:33.052+0000] {logging_mixin.py:190} INFO - [2025-04-03T23:53:33.052+0000] {dag.py:4180} INFO - Setting next_dagrun for example_branch_labels to 2025-04-02 00:00:00+00:00, run_after=2025-04-03 00:00:00+00:00
[2025-04-03T23:53:33.196+0000] {processor.py:208} INFO - Processing /home/airflow/.local/lib/python3.12/site-packages/airflow/example_dags/example_branch_labels.py took 0.341 seconds
[2025-04-03T23:54:04.218+0000] {processor.py:186} INFO - Started process (PID=402) to work on /home/airflow/.local/lib/python3.12/site-packages/airflow/example_dags/example_branch_labels.py
[2025-04-03T23:54:04.219+0000] {processor.py:914} INFO - Processing file /home/airflow/.local/lib/python3.12/site-packages/airflow/example_dags/example_branch_labels.py for tasks to queue
[2025-04-03T23:54:04.221+0000] {logging_mixin.py:190} INFO - [2025-04-03T23:54:04.221+0000] {dagbag.py:588} INFO - Filling up the DagBag from /home/airflow/.local/lib/python3.12/site-packages/airflow/example_dags/example_branch_labels.py
[2025-04-03T23:54:04.231+0000] {processor.py:925} INFO - DAG(s) 'example_branch_labels' retrieved from /home/airflow/.local/lib/python3.12/site-packages/airflow/example_dags/example_branch_labels.py
[2025-04-03T23:54:04.257+0000] {logging_mixin.py:190} INFO - [2025-04-03T23:54:04.257+0000] {dag.py:3239} INFO - Sync 1 DAGs
[2025-04-03T23:54:04.290+0000] {logging_mixin.py:190} INFO - [2025-04-03T23:54:04.290+0000] {dag.py:4180} INFO - Setting next_dagrun for example_branch_labels to 2025-04-02 00:00:00+00:00, run_after=2025-04-03 00:00:00+00:00
[2025-04-03T23:54:04.306+0000] {processor.py:208} INFO - Processing /home/airflow/.local/lib/python3.12/site-packages/airflow/example_dags/example_branch_labels.py took 0.107 seconds
[2025-04-03T23:54:34.399+0000] {processor.py:186} INFO - Started process (PID=465) to work on /home/airflow/.local/lib/python3.12/site-packages/airflow/example_dags/example_branch_labels.py
[2025-04-03T23:54:34.400+0000] {processor.py:914} INFO - Processing file /home/airflow/.local/lib/python3.12/site-packages/airflow/example_dags/example_branch_labels.py for tasks to queue
[2025-04-03T23:54:34.401+0000] {logging_mixin.py:190} INFO - [2025-04-03T23:54:34.401+0000] {dagbag.py:588} INFO - Filling up the DagBag from /home/airflow/.local/lib/python3.12/site-packages/airflow/example_dags/example_branch_labels.py
[2025-04-03T23:54:34.409+0000] {processor.py:925} INFO - DAG(s) 'example_branch_labels' retrieved from /home/airflow/.local/lib/python3.12/site-packages/airflow/example_dags/example_branch_labels.py
[2025-04-03T23:54:34.430+0000] {logging_mixin.py:190} INFO - [2025-04-03T23:54:34.430+0000] {dag.py:3239} INFO - Sync 1 DAGs
[2025-04-03T23:54:34.451+0000] {logging_mixin.py:190} INFO - [2025-04-03T23:54:34.450+0000] {dag.py:4180} INFO - Setting next_dagrun for example_branch_labels to 2025-04-02 00:00:00+00:00, run_after=2025-04-03 00:00:00+00:00
[2025-04-03T23:54:34.474+0000] {processor.py:208} INFO - Processing /home/airflow/.local/lib/python3.12/site-packages/airflow/example_dags/example_branch_labels.py took 0.080 seconds
[2025-04-03T23:55:04.574+0000] {processor.py:186} INFO - Started process (PID=528) to work on /home/airflow/.local/lib/python3.12/site-packages/airflow/example_dags/example_branch_labels.py
[2025-04-03T23:55:04.574+0000] {processor.py:914} INFO - Processing file /home/airflow/.local/lib/python3.12/site-packages/airflow/example_dags/example_branch_labels.py for tasks to queue
[2025-04-03T23:55:04.576+0000] {logging_mixin.py:190} INFO - [2025-04-03T23:55:04.576+0000] {dagbag.py:588} INFO - Filling up the DagBag from /home/airflow/.local/lib/python3.12/site-packages/airflow/example_dags/example_branch_labels.py
[2025-04-03T23:55:04.583+0000] {processor.py:925} INFO - DAG(s) 'example_branch_labels' retrieved from /home/airflow/.local/lib/python3.12/site-packages/airflow/example_dags/example_branch_labels.py
[2025-04-03T23:55:04.600+0000] {logging_mixin.py:190} INFO - [2025-04-03T23:55:04.600+0000] {dag.py:3239} INFO - Sync 1 DAGs
[2025-04-03T23:55:04.619+0000] {logging_mixin.py:190} INFO - [2025-04-03T23:55:04.619+0000] {dag.py:4180} INFO - Setting next_dagrun for example_branch_labels to 2025-04-02 00:00:00+00:00, run_after=2025-04-03 00:00:00+00:00
[2025-04-03T23:55:04.632+0000] {processor.py:208} INFO - Processing /home/airflow/.local/lib/python3.12/site-packages/airflow/example_dags/example_branch_labels.py took 0.063 seconds
[2025-04-03T23:55:34.670+0000] {processor.py:186} INFO - Started process (PID=591) to work on /home/airflow/.local/lib/python3.12/site-packages/airflow/example_dags/example_branch_labels.py
[2025-04-03T23:55:34.671+0000] {processor.py:914} INFO - Processing file /home/airflow/.local/lib/python3.12/site-packages/airflow/example_dags/example_branch_labels.py for tasks to queue
[2025-04-03T23:55:34.673+0000] {logging_mixin.py:190} INFO - [2025-04-03T23:55:34.672+0000] {dagbag.py:588} INFO - Filling up the DagBag from /home/airflow/.local/lib/python3.12/site-packages/airflow/example_dags/example_branch_labels.py
[2025-04-03T23:55:34.681+0000] {processor.py:925} INFO - DAG(s) 'example_branch_labels' retrieved from /home/airflow/.local/lib/python3.12/site-packages/airflow/example_dags/example_branch_labels.py
[2025-04-03T23:55:34.697+0000] {logging_mixin.py:190} INFO - [2025-04-03T23:55:34.697+0000] {dag.py:3239} INFO - Sync 1 DAGs
[2025-04-03T23:55:34.725+0000] {logging_mixin.py:190} INFO - [2025-04-03T23:55:34.725+0000] {dag.py:4180} INFO - Setting next_dagrun for example_branch_labels to 2025-04-02 00:00:00+00:00, run_after=2025-04-03 00:00:00+00:00
[2025-04-03T23:55:34.742+0000] {processor.py:208} INFO - Processing /home/airflow/.local/lib/python3.12/site-packages/airflow/example_dags/example_branch_labels.py took 0.076 seconds
[2025-04-03T23:56:05.685+0000] {processor.py:186} INFO - Started process (PID=653) to work on /home/airflow/.local/lib/python3.12/site-packages/airflow/example_dags/example_branch_labels.py
[2025-04-03T23:56:05.686+0000] {processor.py:914} INFO - Processing file /home/airflow/.local/lib/python3.12/site-packages/airflow/example_dags/example_branch_labels.py for tasks to queue
[2025-04-03T23:56:05.688+0000] {logging_mixin.py:190} INFO - [2025-04-03T23:56:05.688+0000] {dagbag.py:588} INFO - Filling up the DagBag from /home/airflow/.local/lib/python3.12/site-packages/airflow/example_dags/example_branch_labels.py
[2025-04-03T23:56:05.701+0000] {processor.py:925} INFO - DAG(s) 'example_branch_labels' retrieved from /home/airflow/.local/lib/python3.12/site-packages/airflow/example_dags/example_branch_labels.py
[2025-04-03T23:56:05.723+0000] {logging_mixin.py:190} INFO - [2025-04-03T23:56:05.723+0000] {dag.py:3239} INFO - Sync 1 DAGs
[2025-04-03T23:56:05.755+0000] {logging_mixin.py:190} INFO - [2025-04-03T23:56:05.754+0000] {dag.py:4180} INFO - Setting next_dagrun for example_branch_labels to 2025-04-02 00:00:00+00:00, run_after=2025-04-03 00:00:00+00:00
[2025-04-03T23:56:05.768+0000] {processor.py:208} INFO - Processing /home/airflow/.local/lib/python3.12/site-packages/airflow/example_dags/example_branch_labels.py took 0.090 seconds
[2025-04-03T23:56:36.691+0000] {processor.py:186} INFO - Started process (PID=715) to work on /home/airflow/.local/lib/python3.12/site-packages/airflow/example_dags/example_branch_labels.py
[2025-04-03T23:56:36.695+0000] {processor.py:914} INFO - Processing file /home/airflow/.local/lib/python3.12/site-packages/airflow/example_dags/example_branch_labels.py for tasks to queue
[2025-04-03T23:56:36.707+0000] {logging_mixin.py:190} INFO - [2025-04-03T23:56:36.701+0000] {dagbag.py:588} INFO - Filling up the DagBag from /home/airflow/.local/lib/python3.12/site-packages/airflow/example_dags/example_branch_labels.py
[2025-04-03T23:56:36.748+0000] {processor.py:925} INFO - DAG(s) 'example_branch_labels' retrieved from /home/airflow/.local/lib/python3.12/site-packages/airflow/example_dags/example_branch_labels.py
[2025-04-03T23:56:36.830+0000] {logging_mixin.py:190} INFO - [2025-04-03T23:56:36.829+0000] {dag.py:3239} INFO - Sync 1 DAGs
[2025-04-03T23:56:36.969+0000] {logging_mixin.py:190} INFO - [2025-04-03T23:56:36.967+0000] {dag.py:4180} INFO - Setting next_dagrun for example_branch_labels to 2025-04-02 00:00:00+00:00, run_after=2025-04-03 00:00:00+00:00
[2025-04-03T23:56:37.037+0000] {processor.py:208} INFO - Processing /home/airflow/.local/lib/python3.12/site-packages/airflow/example_dags/example_branch_labels.py took 0.371 seconds
[2025-04-03T23:57:07.337+0000] {processor.py:186} INFO - Started process (PID=778) to work on /home/airflow/.local/lib/python3.12/site-packages/airflow/example_dags/example_branch_labels.py
[2025-04-03T23:57:07.338+0000] {processor.py:914} INFO - Processing file /home/airflow/.local/lib/python3.12/site-packages/airflow/example_dags/example_branch_labels.py for tasks to queue
[2025-04-03T23:57:07.340+0000] {logging_mixin.py:190} INFO - [2025-04-03T23:57:07.339+0000] {dagbag.py:588} INFO - Filling up the DagBag from /home/airflow/.local/lib/python3.12/site-packages/airflow/example_dags/example_branch_labels.py
[2025-04-03T23:57:07.351+0000] {processor.py:925} INFO - DAG(s) 'example_branch_labels' retrieved from /home/airflow/.local/lib/python3.12/site-packages/airflow/example_dags/example_branch_labels.py
[2025-04-03T23:57:07.374+0000] {logging_mixin.py:190} INFO - [2025-04-03T23:57:07.374+0000] {dag.py:3239} INFO - Sync 1 DAGs
[2025-04-03T23:57:07.403+0000] {logging_mixin.py:190} INFO - [2025-04-03T23:57:07.403+0000] {dag.py:4180} INFO - Setting next_dagrun for example_branch_labels to 2025-04-02 00:00:00+00:00, run_after=2025-04-03 00:00:00+00:00
[2025-04-03T23:57:07.423+0000] {processor.py:208} INFO - Processing /home/airflow/.local/lib/python3.12/site-packages/airflow/example_dags/example_branch_labels.py took 0.092 seconds
[2025-04-03T23:57:37.888+0000] {processor.py:186} INFO - Started process (PID=840) to work on /home/airflow/.local/lib/python3.12/site-packages/airflow/example_dags/example_branch_labels.py
[2025-04-03T23:57:37.889+0000] {processor.py:914} INFO - Processing file /home/airflow/.local/lib/python3.12/site-packages/airflow/example_dags/example_branch_labels.py for tasks to queue
[2025-04-03T23:57:37.891+0000] {logging_mixin.py:190} INFO - [2025-04-03T23:57:37.891+0000] {dagbag.py:588} INFO - Filling up the DagBag from /home/airflow/.local/lib/python3.12/site-packages/airflow/example_dags/example_branch_labels.py
[2025-04-03T23:57:37.903+0000] {processor.py:925} INFO - DAG(s) 'example_branch_labels' retrieved from /home/airflow/.local/lib/python3.12/site-packages/airflow/example_dags/example_branch_labels.py
[2025-04-03T23:57:37.925+0000] {logging_mixin.py:190} INFO - [2025-04-03T23:57:37.925+0000] {dag.py:3239} INFO - Sync 1 DAGs
[2025-04-03T23:57:37.954+0000] {logging_mixin.py:190} INFO - [2025-04-03T23:57:37.953+0000] {dag.py:4180} INFO - Setting next_dagrun for example_branch_labels to 2025-04-02 00:00:00+00:00, run_after=2025-04-03 00:00:00+00:00
[2025-04-03T23:57:37.970+0000] {processor.py:208} INFO - Processing /home/airflow/.local/lib/python3.12/site-packages/airflow/example_dags/example_branch_labels.py took 0.088 seconds
[2025-04-03T23:58:08.312+0000] {processor.py:186} INFO - Started process (PID=903) to work on /home/airflow/.local/lib/python3.12/site-packages/airflow/example_dags/example_branch_labels.py
[2025-04-03T23:58:08.313+0000] {processor.py:914} INFO - Processing file /home/airflow/.local/lib/python3.12/site-packages/airflow/example_dags/example_branch_labels.py for tasks to queue
[2025-04-03T23:58:08.315+0000] {logging_mixin.py:190} INFO - [2025-04-03T23:58:08.315+0000] {dagbag.py:588} INFO - Filling up the DagBag from /home/airflow/.local/lib/python3.12/site-packages/airflow/example_dags/example_branch_labels.py
[2025-04-03T23:58:08.326+0000] {processor.py:925} INFO - DAG(s) 'example_branch_labels' retrieved from /home/airflow/.local/lib/python3.12/site-packages/airflow/example_dags/example_branch_labels.py
[2025-04-03T23:58:08.350+0000] {logging_mixin.py:190} INFO - [2025-04-03T23:58:08.349+0000] {dag.py:3239} INFO - Sync 1 DAGs
[2025-04-03T23:58:08.378+0000] {logging_mixin.py:190} INFO - [2025-04-03T23:58:08.377+0000] {dag.py:4180} INFO - Setting next_dagrun for example_branch_labels to 2025-04-02 00:00:00+00:00, run_after=2025-04-03 00:00:00+00:00
[2025-04-03T23:58:08.395+0000] {processor.py:208} INFO - Processing /home/airflow/.local/lib/python3.12/site-packages/airflow/example_dags/example_branch_labels.py took 0.089 seconds
[2025-04-03T23:58:38.456+0000] {processor.py:186} INFO - Started process (PID=966) to work on /home/airflow/.local/lib/python3.12/site-packages/airflow/example_dags/example_branch_labels.py
[2025-04-03T23:58:38.456+0000] {processor.py:914} INFO - Processing file /home/airflow/.local/lib/python3.12/site-packages/airflow/example_dags/example_branch_labels.py for tasks to queue
[2025-04-03T23:58:38.459+0000] {logging_mixin.py:190} INFO - [2025-04-03T23:58:38.458+0000] {dagbag.py:588} INFO - Filling up the DagBag from /home/airflow/.local/lib/python3.12/site-packages/airflow/example_dags/example_branch_labels.py
[2025-04-03T23:58:38.470+0000] {processor.py:925} INFO - DAG(s) 'example_branch_labels' retrieved from /home/airflow/.local/lib/python3.12/site-packages/airflow/example_dags/example_branch_labels.py
[2025-04-03T23:58:38.493+0000] {logging_mixin.py:190} INFO - [2025-04-03T23:58:38.493+0000] {dag.py:3239} INFO - Sync 1 DAGs
[2025-04-03T23:58:38.533+0000] {logging_mixin.py:190} INFO - [2025-04-03T23:58:38.533+0000] {dag.py:4180} INFO - Setting next_dagrun for example_branch_labels to 2025-04-02 00:00:00+00:00, run_after=2025-04-03 00:00:00+00:00
[2025-04-03T23:58:38.551+0000] {processor.py:208} INFO - Processing /home/airflow/.local/lib/python3.12/site-packages/airflow/example_dags/example_branch_labels.py took 0.101 seconds
[2025-04-03T23:59:09.034+0000] {processor.py:186} INFO - Started process (PID=1029) to work on /home/airflow/.local/lib/python3.12/site-packages/airflow/example_dags/example_branch_labels.py
[2025-04-03T23:59:09.035+0000] {processor.py:914} INFO - Processing file /home/airflow/.local/lib/python3.12/site-packages/airflow/example_dags/example_branch_labels.py for tasks to queue
[2025-04-03T23:59:09.037+0000] {logging_mixin.py:190} INFO - [2025-04-03T23:59:09.037+0000] {dagbag.py:588} INFO - Filling up the DagBag from /home/airflow/.local/lib/python3.12/site-packages/airflow/example_dags/example_branch_labels.py
[2025-04-03T23:59:09.049+0000] {processor.py:925} INFO - DAG(s) 'example_branch_labels' retrieved from /home/airflow/.local/lib/python3.12/site-packages/airflow/example_dags/example_branch_labels.py
[2025-04-03T23:59:09.071+0000] {logging_mixin.py:190} INFO - [2025-04-03T23:59:09.070+0000] {dag.py:3239} INFO - Sync 1 DAGs
[2025-04-03T23:59:09.098+0000] {logging_mixin.py:190} INFO - [2025-04-03T23:59:09.098+0000] {dag.py:4180} INFO - Setting next_dagrun for example_branch_labels to 2025-04-02 00:00:00+00:00, run_after=2025-04-03 00:00:00+00:00
[2025-04-03T23:59:09.116+0000] {processor.py:208} INFO - Processing /home/airflow/.local/lib/python3.12/site-packages/airflow/example_dags/example_branch_labels.py took 0.087 seconds
[2025-04-03T23:59:39.642+0000] {processor.py:186} INFO - Started process (PID=1092) to work on /home/airflow/.local/lib/python3.12/site-packages/airflow/example_dags/example_branch_labels.py
[2025-04-03T23:59:39.645+0000] {processor.py:914} INFO - Processing file /home/airflow/.local/lib/python3.12/site-packages/airflow/example_dags/example_branch_labels.py for tasks to queue
[2025-04-03T23:59:39.650+0000] {logging_mixin.py:190} INFO - [2025-04-03T23:59:39.650+0000] {dagbag.py:588} INFO - Filling up the DagBag from /home/airflow/.local/lib/python3.12/site-packages/airflow/example_dags/example_branch_labels.py
[2025-04-03T23:59:39.675+0000] {processor.py:925} INFO - DAG(s) 'example_branch_labels' retrieved from /home/airflow/.local/lib/python3.12/site-packages/airflow/example_dags/example_branch_labels.py
[2025-04-03T23:59:39.756+0000] {logging_mixin.py:190} INFO - [2025-04-03T23:59:39.756+0000] {dag.py:3239} INFO - Sync 1 DAGs
[2025-04-03T23:59:39.854+0000] {logging_mixin.py:190} INFO - [2025-04-03T23:59:39.854+0000] {dag.py:4180} INFO - Setting next_dagrun for example_branch_labels to 2025-04-02 00:00:00+00:00, run_after=2025-04-03 00:00:00+00:00
[2025-04-03T23:59:39.927+0000] {processor.py:208} INFO - Processing /home/airflow/.local/lib/python3.12/site-packages/airflow/example_dags/example_branch_labels.py took 0.301 seconds
