[2025-04-03T23:51:22.766+0000] {processor.py:186} INFO - Started process (PID=86) to work on /home/airflow/.local/lib/python3.12/site-packages/airflow/example_dags/example_params_trigger_ui.py
[2025-04-03T23:51:22.767+0000] {processor.py:914} INFO - Processing file /home/airflow/.local/lib/python3.12/site-packages/airflow/example_dags/example_params_trigger_ui.py for tasks to queue
[2025-04-03T23:51:22.777+0000] {logging_mixin.py:190} INFO - [2025-04-03T23:51:22.776+0000] {dagbag.py:588} INFO - Filling up the DagBag from /home/airflow/.local/lib/python3.12/site-packages/airflow/example_dags/example_params_trigger_ui.py
[2025-04-03T23:51:22.822+0000] {processor.py:925} INFO - DAG(s) 'example_params_trigger_ui' retrieved from /home/airflow/.local/lib/python3.12/site-packages/airflow/example_dags/example_params_trigger_ui.py
[2025-04-03T23:51:22.928+0000] {logging_mixin.py:190} INFO - [2025-04-03T23:51:22.927+0000] {dag.py:3239} INFO - Sync 1 DAGs
[2025-04-03T23:51:22.961+0000] {logging_mixin.py:190} INFO - [2025-04-03T23:51:22.960+0000] {dag.py:4180} INFO - Setting next_dagrun for example_params_trigger_ui to None, run_after=None
[2025-04-03T23:51:23.054+0000] {processor.py:208} INFO - Processing /home/airflow/.local/lib/python3.12/site-packages/airflow/example_dags/example_params_trigger_ui.py took 0.294 seconds
[2025-04-03T23:51:53.770+0000] {processor.py:186} INFO - Started process (PID=149) to work on /home/airflow/.local/lib/python3.12/site-packages/airflow/example_dags/example_params_trigger_ui.py
[2025-04-03T23:51:53.772+0000] {processor.py:914} INFO - Processing file /home/airflow/.local/lib/python3.12/site-packages/airflow/example_dags/example_params_trigger_ui.py for tasks to queue
[2025-04-03T23:51:53.778+0000] {logging_mixin.py:190} INFO - [2025-04-03T23:51:53.775+0000] {dagbag.py:588} INFO - Filling up the DagBag from /home/airflow/.local/lib/python3.12/site-packages/airflow/example_dags/example_params_trigger_ui.py
[2025-04-03T23:51:53.810+0000] {processor.py:925} INFO - DAG(s) 'example_params_trigger_ui' retrieved from /home/airflow/.local/lib/python3.12/site-packages/airflow/example_dags/example_params_trigger_ui.py
[2025-04-03T23:51:53.900+0000] {logging_mixin.py:190} INFO - [2025-04-03T23:51:53.899+0000] {dag.py:3239} INFO - Sync 1 DAGs
[2025-04-03T23:51:53.917+0000] {logging_mixin.py:190} INFO - [2025-04-03T23:51:53.917+0000] {dag.py:4180} INFO - Setting next_dagrun for example_params_trigger_ui to None, run_after=None
[2025-04-03T23:51:53.989+0000] {processor.py:208} INFO - Processing /home/airflow/.local/lib/python3.12/site-packages/airflow/example_dags/example_params_trigger_ui.py took 0.229 seconds
[2025-04-03T23:52:24.860+0000] {processor.py:186} INFO - Started process (PID=211) to work on /home/airflow/.local/lib/python3.12/site-packages/airflow/example_dags/example_params_trigger_ui.py
[2025-04-03T23:52:24.864+0000] {processor.py:914} INFO - Processing file /home/airflow/.local/lib/python3.12/site-packages/airflow/example_dags/example_params_trigger_ui.py for tasks to queue
[2025-04-03T23:52:24.869+0000] {logging_mixin.py:190} INFO - [2025-04-03T23:52:24.868+0000] {dagbag.py:588} INFO - Filling up the DagBag from /home/airflow/.local/lib/python3.12/site-packages/airflow/example_dags/example_params_trigger_ui.py
[2025-04-03T23:52:24.939+0000] {processor.py:925} INFO - DAG(s) 'example_params_trigger_ui' retrieved from /home/airflow/.local/lib/python3.12/site-packages/airflow/example_dags/example_params_trigger_ui.py
[2025-04-03T23:52:25.173+0000] {logging_mixin.py:190} INFO - [2025-04-03T23:52:25.173+0000] {dag.py:3239} INFO - Sync 1 DAGs
[2025-04-03T23:52:25.210+0000] {logging_mixin.py:190} INFO - [2025-04-03T23:52:25.210+0000] {dag.py:4180} INFO - Setting next_dagrun for example_params_trigger_ui to None, run_after=None
[2025-04-03T23:52:25.271+0000] {processor.py:208} INFO - Processing /home/airflow/.local/lib/python3.12/site-packages/airflow/example_dags/example_params_trigger_ui.py took 0.443 seconds
[2025-04-03T23:52:57.794+0000] {processor.py:186} INFO - Started process (PID=274) to work on /home/airflow/.local/lib/python3.12/site-packages/airflow/example_dags/example_params_trigger_ui.py
[2025-04-03T23:52:57.796+0000] {processor.py:914} INFO - Processing file /home/airflow/.local/lib/python3.12/site-packages/airflow/example_dags/example_params_trigger_ui.py for tasks to queue
[2025-04-03T23:52:57.803+0000] {logging_mixin.py:190} INFO - [2025-04-03T23:52:57.801+0000] {dagbag.py:588} INFO - Filling up the DagBag from /home/airflow/.local/lib/python3.12/site-packages/airflow/example_dags/example_params_trigger_ui.py
[2025-04-03T23:52:57.819+0000] {processor.py:925} INFO - DAG(s) 'example_params_trigger_ui' retrieved from /home/airflow/.local/lib/python3.12/site-packages/airflow/example_dags/example_params_trigger_ui.py
[2025-04-03T23:52:57.895+0000] {logging_mixin.py:190} INFO - [2025-04-03T23:52:57.895+0000] {dag.py:3239} INFO - Sync 1 DAGs
[2025-04-03T23:52:57.917+0000] {logging_mixin.py:190} INFO - [2025-04-03T23:52:57.917+0000] {dag.py:4180} INFO - Setting next_dagrun for example_params_trigger_ui to None, run_after=None
[2025-04-03T23:52:57.949+0000] {processor.py:208} INFO - Processing /home/airflow/.local/lib/python3.12/site-packages/airflow/example_dags/example_params_trigger_ui.py took 0.170 seconds
[2025-04-03T23:53:30.361+0000] {processor.py:186} INFO - Started process (PID=337) to work on /home/airflow/.local/lib/python3.12/site-packages/airflow/example_dags/example_params_trigger_ui.py
[2025-04-03T23:53:30.368+0000] {processor.py:914} INFO - Processing file /home/airflow/.local/lib/python3.12/site-packages/airflow/example_dags/example_params_trigger_ui.py for tasks to queue
[2025-04-03T23:53:30.396+0000] {logging_mixin.py:190} INFO - [2025-04-03T23:53:30.390+0000] {dagbag.py:588} INFO - Filling up the DagBag from /home/airflow/.local/lib/python3.12/site-packages/airflow/example_dags/example_params_trigger_ui.py
[2025-04-03T23:53:30.469+0000] {processor.py:925} INFO - DAG(s) 'example_params_trigger_ui' retrieved from /home/airflow/.local/lib/python3.12/site-packages/airflow/example_dags/example_params_trigger_ui.py
[2025-04-03T23:53:30.804+0000] {logging_mixin.py:190} INFO - [2025-04-03T23:53:30.803+0000] {dag.py:3239} INFO - Sync 1 DAGs
[2025-04-03T23:53:30.905+0000] {logging_mixin.py:190} INFO - [2025-04-03T23:53:30.905+0000] {dag.py:4180} INFO - Setting next_dagrun for example_params_trigger_ui to None, run_after=None
[2025-04-03T23:53:31.004+0000] {processor.py:208} INFO - Processing /home/airflow/.local/lib/python3.12/site-packages/airflow/example_dags/example_params_trigger_ui.py took 0.685 seconds
[2025-04-03T23:54:01.944+0000] {processor.py:186} INFO - Started process (PID=399) to work on /home/airflow/.local/lib/python3.12/site-packages/airflow/example_dags/example_params_trigger_ui.py
[2025-04-03T23:54:01.947+0000] {processor.py:914} INFO - Processing file /home/airflow/.local/lib/python3.12/site-packages/airflow/example_dags/example_params_trigger_ui.py for tasks to queue
[2025-04-03T23:54:01.954+0000] {logging_mixin.py:190} INFO - [2025-04-03T23:54:01.953+0000] {dagbag.py:588} INFO - Filling up the DagBag from /home/airflow/.local/lib/python3.12/site-packages/airflow/example_dags/example_params_trigger_ui.py
[2025-04-03T23:54:01.992+0000] {processor.py:925} INFO - DAG(s) 'example_params_trigger_ui' retrieved from /home/airflow/.local/lib/python3.12/site-packages/airflow/example_dags/example_params_trigger_ui.py
[2025-04-03T23:54:02.082+0000] {logging_mixin.py:190} INFO - [2025-04-03T23:54:02.081+0000] {dag.py:3239} INFO - Sync 1 DAGs
[2025-04-03T23:54:02.116+0000] {logging_mixin.py:190} INFO - [2025-04-03T23:54:02.115+0000] {dag.py:4180} INFO - Setting next_dagrun for example_params_trigger_ui to None, run_after=None
[2025-04-03T23:54:02.136+0000] {processor.py:208} INFO - Processing /home/airflow/.local/lib/python3.12/site-packages/airflow/example_dags/example_params_trigger_ui.py took 0.202 seconds
[2025-04-03T23:54:32.246+0000] {processor.py:186} INFO - Started process (PID=462) to work on /home/airflow/.local/lib/python3.12/site-packages/airflow/example_dags/example_params_trigger_ui.py
[2025-04-03T23:54:32.247+0000] {processor.py:914} INFO - Processing file /home/airflow/.local/lib/python3.12/site-packages/airflow/example_dags/example_params_trigger_ui.py for tasks to queue
[2025-04-03T23:54:32.250+0000] {logging_mixin.py:190} INFO - [2025-04-03T23:54:32.250+0000] {dagbag.py:588} INFO - Filling up the DagBag from /home/airflow/.local/lib/python3.12/site-packages/airflow/example_dags/example_params_trigger_ui.py
[2025-04-03T23:54:32.264+0000] {processor.py:925} INFO - DAG(s) 'example_params_trigger_ui' retrieved from /home/airflow/.local/lib/python3.12/site-packages/airflow/example_dags/example_params_trigger_ui.py
[2025-04-03T23:54:32.321+0000] {logging_mixin.py:190} INFO - [2025-04-03T23:54:32.321+0000] {dag.py:3239} INFO - Sync 1 DAGs
[2025-04-03T23:54:32.342+0000] {logging_mixin.py:190} INFO - [2025-04-03T23:54:32.341+0000] {dag.py:4180} INFO - Setting next_dagrun for example_params_trigger_ui to None, run_after=None
[2025-04-03T23:54:32.360+0000] {processor.py:208} INFO - Processing /home/airflow/.local/lib/python3.12/site-packages/airflow/example_dags/example_params_trigger_ui.py took 0.120 seconds
[2025-04-03T23:55:02.479+0000] {processor.py:186} INFO - Started process (PID=526) to work on /home/airflow/.local/lib/python3.12/site-packages/airflow/example_dags/example_params_trigger_ui.py
[2025-04-03T23:55:02.479+0000] {processor.py:914} INFO - Processing file /home/airflow/.local/lib/python3.12/site-packages/airflow/example_dags/example_params_trigger_ui.py for tasks to queue
[2025-04-03T23:55:02.481+0000] {logging_mixin.py:190} INFO - [2025-04-03T23:55:02.481+0000] {dagbag.py:588} INFO - Filling up the DagBag from /home/airflow/.local/lib/python3.12/site-packages/airflow/example_dags/example_params_trigger_ui.py
[2025-04-03T23:55:02.490+0000] {processor.py:925} INFO - DAG(s) 'example_params_trigger_ui' retrieved from /home/airflow/.local/lib/python3.12/site-packages/airflow/example_dags/example_params_trigger_ui.py
[2025-04-03T23:55:02.526+0000] {logging_mixin.py:190} INFO - [2025-04-03T23:55:02.526+0000] {dag.py:3239} INFO - Sync 1 DAGs
[2025-04-03T23:55:02.538+0000] {logging_mixin.py:190} INFO - [2025-04-03T23:55:02.538+0000] {dag.py:4180} INFO - Setting next_dagrun for example_params_trigger_ui to None, run_after=None
[2025-04-03T23:55:02.553+0000] {processor.py:208} INFO - Processing /home/airflow/.local/lib/python3.12/site-packages/airflow/example_dags/example_params_trigger_ui.py took 0.079 seconds
[2025-04-03T23:55:33.493+0000] {processor.py:186} INFO - Started process (PID=589) to work on /home/airflow/.local/lib/python3.12/site-packages/airflow/example_dags/example_params_trigger_ui.py
[2025-04-03T23:55:33.493+0000] {processor.py:914} INFO - Processing file /home/airflow/.local/lib/python3.12/site-packages/airflow/example_dags/example_params_trigger_ui.py for tasks to queue
[2025-04-03T23:55:33.495+0000] {logging_mixin.py:190} INFO - [2025-04-03T23:55:33.495+0000] {dagbag.py:588} INFO - Filling up the DagBag from /home/airflow/.local/lib/python3.12/site-packages/airflow/example_dags/example_params_trigger_ui.py
[2025-04-03T23:55:33.504+0000] {processor.py:925} INFO - DAG(s) 'example_params_trigger_ui' retrieved from /home/airflow/.local/lib/python3.12/site-packages/airflow/example_dags/example_params_trigger_ui.py
[2025-04-03T23:55:33.539+0000] {logging_mixin.py:190} INFO - [2025-04-03T23:55:33.539+0000] {dag.py:3239} INFO - Sync 1 DAGs
[2025-04-03T23:55:33.552+0000] {logging_mixin.py:190} INFO - [2025-04-03T23:55:33.552+0000] {dag.py:4180} INFO - Setting next_dagrun for example_params_trigger_ui to None, run_after=None
[2025-04-03T23:55:33.566+0000] {processor.py:208} INFO - Processing /home/airflow/.local/lib/python3.12/site-packages/airflow/example_dags/example_params_trigger_ui.py took 0.077 seconds
[2025-04-03T23:56:05.269+0000] {processor.py:186} INFO - Started process (PID=651) to work on /home/airflow/.local/lib/python3.12/site-packages/airflow/example_dags/example_params_trigger_ui.py
[2025-04-03T23:56:05.287+0000] {processor.py:914} INFO - Processing file /home/airflow/.local/lib/python3.12/site-packages/airflow/example_dags/example_params_trigger_ui.py for tasks to queue
[2025-04-03T23:56:05.295+0000] {logging_mixin.py:190} INFO - [2025-04-03T23:56:05.294+0000] {dagbag.py:588} INFO - Filling up the DagBag from /home/airflow/.local/lib/python3.12/site-packages/airflow/example_dags/example_params_trigger_ui.py
[2025-04-03T23:56:05.326+0000] {processor.py:925} INFO - DAG(s) 'example_params_trigger_ui' retrieved from /home/airflow/.local/lib/python3.12/site-packages/airflow/example_dags/example_params_trigger_ui.py
[2025-04-03T23:56:05.509+0000] {logging_mixin.py:190} INFO - [2025-04-03T23:56:05.509+0000] {dag.py:3239} INFO - Sync 1 DAGs
[2025-04-03T23:56:05.566+0000] {logging_mixin.py:190} INFO - [2025-04-03T23:56:05.565+0000] {dag.py:4180} INFO - Setting next_dagrun for example_params_trigger_ui to None, run_after=None
[2025-04-03T23:56:05.648+0000] {processor.py:208} INFO - Processing /home/airflow/.local/lib/python3.12/site-packages/airflow/example_dags/example_params_trigger_ui.py took 0.412 seconds
[2025-04-03T23:56:36.220+0000] {processor.py:186} INFO - Started process (PID=712) to work on /home/airflow/.local/lib/python3.12/site-packages/airflow/example_dags/example_params_trigger_ui.py
[2025-04-03T23:56:36.229+0000] {processor.py:914} INFO - Processing file /home/airflow/.local/lib/python3.12/site-packages/airflow/example_dags/example_params_trigger_ui.py for tasks to queue
[2025-04-03T23:56:36.249+0000] {logging_mixin.py:190} INFO - [2025-04-03T23:56:36.242+0000] {dagbag.py:588} INFO - Filling up the DagBag from /home/airflow/.local/lib/python3.12/site-packages/airflow/example_dags/example_params_trigger_ui.py
[2025-04-03T23:56:36.281+0000] {processor.py:925} INFO - DAG(s) 'example_params_trigger_ui' retrieved from /home/airflow/.local/lib/python3.12/site-packages/airflow/example_dags/example_params_trigger_ui.py
[2025-04-03T23:56:36.461+0000] {logging_mixin.py:190} INFO - [2025-04-03T23:56:36.461+0000] {dag.py:3239} INFO - Sync 1 DAGs
[2025-04-03T23:56:36.510+0000] {logging_mixin.py:190} INFO - [2025-04-03T23:56:36.509+0000] {dag.py:4180} INFO - Setting next_dagrun for example_params_trigger_ui to None, run_after=None
[2025-04-03T23:56:36.555+0000] {processor.py:208} INFO - Processing /home/airflow/.local/lib/python3.12/site-packages/airflow/example_dags/example_params_trigger_ui.py took 0.402 seconds
[2025-04-03T23:57:06.681+0000] {processor.py:186} INFO - Started process (PID=776) to work on /home/airflow/.local/lib/python3.12/site-packages/airflow/example_dags/example_params_trigger_ui.py
[2025-04-03T23:57:06.682+0000] {processor.py:914} INFO - Processing file /home/airflow/.local/lib/python3.12/site-packages/airflow/example_dags/example_params_trigger_ui.py for tasks to queue
[2025-04-03T23:57:06.685+0000] {logging_mixin.py:190} INFO - [2025-04-03T23:57:06.685+0000] {dagbag.py:588} INFO - Filling up the DagBag from /home/airflow/.local/lib/python3.12/site-packages/airflow/example_dags/example_params_trigger_ui.py
[2025-04-03T23:57:06.698+0000] {processor.py:925} INFO - DAG(s) 'example_params_trigger_ui' retrieved from /home/airflow/.local/lib/python3.12/site-packages/airflow/example_dags/example_params_trigger_ui.py
[2025-04-03T23:57:06.755+0000] {logging_mixin.py:190} INFO - [2025-04-03T23:57:06.755+0000] {dag.py:3239} INFO - Sync 1 DAGs
[2025-04-03T23:57:06.772+0000] {logging_mixin.py:190} INFO - [2025-04-03T23:57:06.772+0000] {dag.py:4180} INFO - Setting next_dagrun for example_params_trigger_ui to None, run_after=None
[2025-04-03T23:57:06.791+0000] {processor.py:208} INFO - Processing /home/airflow/.local/lib/python3.12/site-packages/airflow/example_dags/example_params_trigger_ui.py took 0.121 seconds
[2025-04-03T23:57:37.762+0000] {processor.py:186} INFO - Started process (PID=838) to work on /home/airflow/.local/lib/python3.12/site-packages/airflow/example_dags/example_params_trigger_ui.py
[2025-04-03T23:57:37.763+0000] {processor.py:914} INFO - Processing file /home/airflow/.local/lib/python3.12/site-packages/airflow/example_dags/example_params_trigger_ui.py for tasks to queue
[2025-04-03T23:57:37.765+0000] {logging_mixin.py:190} INFO - [2025-04-03T23:57:37.764+0000] {dagbag.py:588} INFO - Filling up the DagBag from /home/airflow/.local/lib/python3.12/site-packages/airflow/example_dags/example_params_trigger_ui.py
[2025-04-03T23:57:37.777+0000] {processor.py:925} INFO - DAG(s) 'example_params_trigger_ui' retrieved from /home/airflow/.local/lib/python3.12/site-packages/airflow/example_dags/example_params_trigger_ui.py
[2025-04-03T23:57:37.846+0000] {logging_mixin.py:190} INFO - [2025-04-03T23:57:37.846+0000] {dag.py:3239} INFO - Sync 1 DAGs
[2025-04-03T23:57:37.862+0000] {logging_mixin.py:190} INFO - [2025-04-03T23:57:37.862+0000] {dag.py:4180} INFO - Setting next_dagrun for example_params_trigger_ui to None, run_after=None
[2025-04-03T23:57:37.879+0000] {processor.py:208} INFO - Processing /home/airflow/.local/lib/python3.12/site-packages/airflow/example_dags/example_params_trigger_ui.py took 0.124 seconds
[2025-04-03T23:58:08.079+0000] {processor.py:186} INFO - Started process (PID=901) to work on /home/airflow/.local/lib/python3.12/site-packages/airflow/example_dags/example_params_trigger_ui.py
[2025-04-03T23:58:08.082+0000] {processor.py:914} INFO - Processing file /home/airflow/.local/lib/python3.12/site-packages/airflow/example_dags/example_params_trigger_ui.py for tasks to queue
[2025-04-03T23:58:08.087+0000] {logging_mixin.py:190} INFO - [2025-04-03T23:58:08.085+0000] {dagbag.py:588} INFO - Filling up the DagBag from /home/airflow/.local/lib/python3.12/site-packages/airflow/example_dags/example_params_trigger_ui.py
[2025-04-03T23:58:08.103+0000] {processor.py:925} INFO - DAG(s) 'example_params_trigger_ui' retrieved from /home/airflow/.local/lib/python3.12/site-packages/airflow/example_dags/example_params_trigger_ui.py
[2025-04-03T23:58:08.227+0000] {logging_mixin.py:190} INFO - [2025-04-03T23:58:08.226+0000] {dag.py:3239} INFO - Sync 1 DAGs
[2025-04-03T23:58:08.266+0000] {logging_mixin.py:190} INFO - [2025-04-03T23:58:08.265+0000] {dag.py:4180} INFO - Setting next_dagrun for example_params_trigger_ui to None, run_after=None
[2025-04-03T23:58:08.292+0000] {processor.py:208} INFO - Processing /home/airflow/.local/lib/python3.12/site-packages/airflow/example_dags/example_params_trigger_ui.py took 0.227 seconds
[2025-04-03T23:58:38.336+0000] {processor.py:186} INFO - Started process (PID=965) to work on /home/airflow/.local/lib/python3.12/site-packages/airflow/example_dags/example_params_trigger_ui.py
[2025-04-03T23:58:38.337+0000] {processor.py:914} INFO - Processing file /home/airflow/.local/lib/python3.12/site-packages/airflow/example_dags/example_params_trigger_ui.py for tasks to queue
[2025-04-03T23:58:38.340+0000] {logging_mixin.py:190} INFO - [2025-04-03T23:58:38.339+0000] {dagbag.py:588} INFO - Filling up the DagBag from /home/airflow/.local/lib/python3.12/site-packages/airflow/example_dags/example_params_trigger_ui.py
[2025-04-03T23:58:38.356+0000] {processor.py:925} INFO - DAG(s) 'example_params_trigger_ui' retrieved from /home/airflow/.local/lib/python3.12/site-packages/airflow/example_dags/example_params_trigger_ui.py
[2025-04-03T23:58:38.401+0000] {logging_mixin.py:190} INFO - [2025-04-03T23:58:38.401+0000] {dag.py:3239} INFO - Sync 1 DAGs
[2025-04-03T23:58:38.414+0000] {logging_mixin.py:190} INFO - [2025-04-03T23:58:38.413+0000] {dag.py:4180} INFO - Setting next_dagrun for example_params_trigger_ui to None, run_after=None
[2025-04-03T23:58:38.429+0000] {processor.py:208} INFO - Processing /home/airflow/.local/lib/python3.12/site-packages/airflow/example_dags/example_params_trigger_ui.py took 0.098 seconds
[2025-04-03T23:59:08.919+0000] {processor.py:186} INFO - Started process (PID=1027) to work on /home/airflow/.local/lib/python3.12/site-packages/airflow/example_dags/example_params_trigger_ui.py
[2025-04-03T23:59:08.920+0000] {processor.py:914} INFO - Processing file /home/airflow/.local/lib/python3.12/site-packages/airflow/example_dags/example_params_trigger_ui.py for tasks to queue
[2025-04-03T23:59:08.923+0000] {logging_mixin.py:190} INFO - [2025-04-03T23:59:08.923+0000] {dagbag.py:588} INFO - Filling up the DagBag from /home/airflow/.local/lib/python3.12/site-packages/airflow/example_dags/example_params_trigger_ui.py
[2025-04-03T23:59:08.935+0000] {processor.py:925} INFO - DAG(s) 'example_params_trigger_ui' retrieved from /home/airflow/.local/lib/python3.12/site-packages/airflow/example_dags/example_params_trigger_ui.py
[2025-04-03T23:59:08.990+0000] {logging_mixin.py:190} INFO - [2025-04-03T23:59:08.990+0000] {dag.py:3239} INFO - Sync 1 DAGs
[2025-04-03T23:59:09.009+0000] {logging_mixin.py:190} INFO - [2025-04-03T23:59:09.009+0000] {dag.py:4180} INFO - Setting next_dagrun for example_params_trigger_ui to None, run_after=None
[2025-04-03T23:59:09.026+0000] {processor.py:208} INFO - Processing /home/airflow/.local/lib/python3.12/site-packages/airflow/example_dags/example_params_trigger_ui.py took 0.112 seconds
[2025-04-03T23:59:39.194+0000] {processor.py:186} INFO - Started process (PID=1090) to work on /home/airflow/.local/lib/python3.12/site-packages/airflow/example_dags/example_params_trigger_ui.py
[2025-04-03T23:59:39.198+0000] {processor.py:914} INFO - Processing file /home/airflow/.local/lib/python3.12/site-packages/airflow/example_dags/example_params_trigger_ui.py for tasks to queue
[2025-04-03T23:59:39.204+0000] {logging_mixin.py:190} INFO - [2025-04-03T23:59:39.202+0000] {dagbag.py:588} INFO - Filling up the DagBag from /home/airflow/.local/lib/python3.12/site-packages/airflow/example_dags/example_params_trigger_ui.py
[2025-04-03T23:59:39.258+0000] {processor.py:925} INFO - DAG(s) 'example_params_trigger_ui' retrieved from /home/airflow/.local/lib/python3.12/site-packages/airflow/example_dags/example_params_trigger_ui.py
[2025-04-03T23:59:39.523+0000] {logging_mixin.py:190} INFO - [2025-04-03T23:59:39.521+0000] {dag.py:3239} INFO - Sync 1 DAGs
[2025-04-03T23:59:39.573+0000] {logging_mixin.py:190} INFO - [2025-04-03T23:59:39.573+0000] {dag.py:4180} INFO - Setting next_dagrun for example_params_trigger_ui to None, run_after=None
[2025-04-03T23:59:39.622+0000] {processor.py:208} INFO - Processing /home/airflow/.local/lib/python3.12/site-packages/airflow/example_dags/example_params_trigger_ui.py took 0.444 seconds
