[2025-04-03T23:51:36.843+0000] {processor.py:186} INFO - Started process (PID=113) to work on /home/airflow/.local/lib/python3.12/site-packages/airflow/example_dags/tutorial.py
[2025-04-03T23:51:36.849+0000] {processor.py:914} INFO - Processing file /home/airflow/.local/lib/python3.12/site-packages/airflow/example_dags/tutorial.py for tasks to queue
[2025-04-03T23:51:36.868+0000] {logging_mixin.py:190} INFO - [2025-04-03T23:51:36.867+0000] {dagbag.py:588} INFO - Filling up the DagBag from /home/airflow/.local/lib/python3.12/site-packages/airflow/example_dags/tutorial.py
[2025-04-03T23:51:36.933+0000] {processor.py:925} INFO - DAG(s) 'tutorial' retrieved from /home/airflow/.local/lib/python3.12/site-packages/airflow/example_dags/tutorial.py
[2025-04-03T23:51:37.259+0000] {logging_mixin.py:190} INFO - [2025-04-03T23:51:37.257+0000] {dag.py:3239} INFO - Sync 1 DAGs
[2025-04-03T23:51:37.533+0000] {logging_mixin.py:190} INFO - [2025-04-03T23:51:37.533+0000] {dag.py:4180} INFO - Setting next_dagrun for tutorial to 2025-04-02 00:00:00+00:00, run_after=2025-04-03 00:00:00+00:00
[2025-04-03T23:51:37.645+0000] {processor.py:208} INFO - Processing /home/airflow/.local/lib/python3.12/site-packages/airflow/example_dags/tutorial.py took 0.843 seconds
[2025-04-03T23:52:08.222+0000] {processor.py:186} INFO - Started process (PID=175) to work on /home/airflow/.local/lib/python3.12/site-packages/airflow/example_dags/tutorial.py
[2025-04-03T23:52:08.230+0000] {processor.py:914} INFO - Processing file /home/airflow/.local/lib/python3.12/site-packages/airflow/example_dags/tutorial.py for tasks to queue
[2025-04-03T23:52:08.247+0000] {logging_mixin.py:190} INFO - [2025-04-03T23:52:08.247+0000] {dagbag.py:588} INFO - Filling up the DagBag from /home/airflow/.local/lib/python3.12/site-packages/airflow/example_dags/tutorial.py
[2025-04-03T23:52:08.299+0000] {processor.py:925} INFO - DAG(s) 'tutorial' retrieved from /home/airflow/.local/lib/python3.12/site-packages/airflow/example_dags/tutorial.py
[2025-04-03T23:52:08.451+0000] {logging_mixin.py:190} INFO - [2025-04-03T23:52:08.450+0000] {dag.py:3239} INFO - Sync 1 DAGs
[2025-04-03T23:52:08.584+0000] {logging_mixin.py:190} INFO - [2025-04-03T23:52:08.583+0000] {dag.py:4180} INFO - Setting next_dagrun for tutorial to 2025-04-02 00:00:00+00:00, run_after=2025-04-03 00:00:00+00:00
[2025-04-03T23:52:08.668+0000] {processor.py:208} INFO - Processing /home/airflow/.local/lib/python3.12/site-packages/airflow/example_dags/tutorial.py took 0.511 seconds
[2025-04-03T23:52:39.403+0000] {processor.py:186} INFO - Started process (PID=237) to work on /home/airflow/.local/lib/python3.12/site-packages/airflow/example_dags/tutorial.py
[2025-04-03T23:52:39.406+0000] {processor.py:914} INFO - Processing file /home/airflow/.local/lib/python3.12/site-packages/airflow/example_dags/tutorial.py for tasks to queue
[2025-04-03T23:52:39.414+0000] {logging_mixin.py:190} INFO - [2025-04-03T23:52:39.413+0000] {dagbag.py:588} INFO - Filling up the DagBag from /home/airflow/.local/lib/python3.12/site-packages/airflow/example_dags/tutorial.py
[2025-04-03T23:52:39.425+0000] {processor.py:925} INFO - DAG(s) 'tutorial' retrieved from /home/airflow/.local/lib/python3.12/site-packages/airflow/example_dags/tutorial.py
[2025-04-03T23:52:39.452+0000] {logging_mixin.py:190} INFO - [2025-04-03T23:52:39.451+0000] {dag.py:3239} INFO - Sync 1 DAGs
[2025-04-03T23:52:39.491+0000] {logging_mixin.py:190} INFO - [2025-04-03T23:52:39.490+0000] {dag.py:4180} INFO - Setting next_dagrun for tutorial to 2025-04-02 00:00:00+00:00, run_after=2025-04-03 00:00:00+00:00
[2025-04-03T23:52:39.519+0000] {processor.py:208} INFO - Processing /home/airflow/.local/lib/python3.12/site-packages/airflow/example_dags/tutorial.py took 0.128 seconds
[2025-04-03T23:53:10.360+0000] {processor.py:186} INFO - Started process (PID=300) to work on /home/airflow/.local/lib/python3.12/site-packages/airflow/example_dags/tutorial.py
[2025-04-03T23:53:10.361+0000] {processor.py:914} INFO - Processing file /home/airflow/.local/lib/python3.12/site-packages/airflow/example_dags/tutorial.py for tasks to queue
[2025-04-03T23:53:10.366+0000] {logging_mixin.py:190} INFO - [2025-04-03T23:53:10.365+0000] {dagbag.py:588} INFO - Filling up the DagBag from /home/airflow/.local/lib/python3.12/site-packages/airflow/example_dags/tutorial.py
[2025-04-03T23:53:10.381+0000] {processor.py:925} INFO - DAG(s) 'tutorial' retrieved from /home/airflow/.local/lib/python3.12/site-packages/airflow/example_dags/tutorial.py
[2025-04-03T23:53:10.424+0000] {logging_mixin.py:190} INFO - [2025-04-03T23:53:10.421+0000] {dag.py:3239} INFO - Sync 1 DAGs
[2025-04-03T23:53:10.473+0000] {logging_mixin.py:190} INFO - [2025-04-03T23:53:10.473+0000] {dag.py:4180} INFO - Setting next_dagrun for tutorial to 2025-04-02 00:00:00+00:00, run_after=2025-04-03 00:00:00+00:00
[2025-04-03T23:53:10.497+0000] {processor.py:208} INFO - Processing /home/airflow/.local/lib/python3.12/site-packages/airflow/example_dags/tutorial.py took 0.160 seconds
[2025-04-03T23:53:41.174+0000] {processor.py:186} INFO - Started process (PID=362) to work on /home/airflow/.local/lib/python3.12/site-packages/airflow/example_dags/tutorial.py
[2025-04-03T23:53:41.175+0000] {processor.py:914} INFO - Processing file /home/airflow/.local/lib/python3.12/site-packages/airflow/example_dags/tutorial.py for tasks to queue
[2025-04-03T23:53:41.178+0000] {logging_mixin.py:190} INFO - [2025-04-03T23:53:41.177+0000] {dagbag.py:588} INFO - Filling up the DagBag from /home/airflow/.local/lib/python3.12/site-packages/airflow/example_dags/tutorial.py
[2025-04-03T23:53:41.190+0000] {processor.py:925} INFO - DAG(s) 'tutorial' retrieved from /home/airflow/.local/lib/python3.12/site-packages/airflow/example_dags/tutorial.py
[2025-04-03T23:53:41.224+0000] {logging_mixin.py:190} INFO - [2025-04-03T23:53:41.223+0000] {dag.py:3239} INFO - Sync 1 DAGs
[2025-04-03T23:53:41.256+0000] {logging_mixin.py:190} INFO - [2025-04-03T23:53:41.255+0000] {dag.py:4180} INFO - Setting next_dagrun for tutorial to 2025-04-02 00:00:00+00:00, run_after=2025-04-03 00:00:00+00:00
[2025-04-03T23:53:41.276+0000] {processor.py:208} INFO - Processing /home/airflow/.local/lib/python3.12/site-packages/airflow/example_dags/tutorial.py took 0.111 seconds
[2025-04-03T23:54:15.717+0000] {processor.py:186} INFO - Started process (PID=425) to work on /home/airflow/.local/lib/python3.12/site-packages/airflow/example_dags/tutorial.py
[2025-04-03T23:54:15.721+0000] {processor.py:914} INFO - Processing file /home/airflow/.local/lib/python3.12/site-packages/airflow/example_dags/tutorial.py for tasks to queue
[2025-04-03T23:54:15.733+0000] {logging_mixin.py:190} INFO - [2025-04-03T23:54:15.731+0000] {dagbag.py:588} INFO - Filling up the DagBag from /home/airflow/.local/lib/python3.12/site-packages/airflow/example_dags/tutorial.py
[2025-04-03T23:54:15.759+0000] {processor.py:925} INFO - DAG(s) 'tutorial' retrieved from /home/airflow/.local/lib/python3.12/site-packages/airflow/example_dags/tutorial.py
[2025-04-03T23:54:15.853+0000] {logging_mixin.py:190} INFO - [2025-04-03T23:54:15.852+0000] {dag.py:3239} INFO - Sync 1 DAGs
[2025-04-03T23:54:16.015+0000] {logging_mixin.py:190} INFO - [2025-04-03T23:54:16.015+0000] {dag.py:4180} INFO - Setting next_dagrun for tutorial to 2025-04-02 00:00:00+00:00, run_after=2025-04-03 00:00:00+00:00
[2025-04-03T23:54:16.132+0000] {processor.py:208} INFO - Processing /home/airflow/.local/lib/python3.12/site-packages/airflow/example_dags/tutorial.py took 0.442 seconds
[2025-04-03T23:54:46.808+0000] {processor.py:186} INFO - Started process (PID=488) to work on /home/airflow/.local/lib/python3.12/site-packages/airflow/example_dags/tutorial.py
[2025-04-03T23:54:46.809+0000] {processor.py:914} INFO - Processing file /home/airflow/.local/lib/python3.12/site-packages/airflow/example_dags/tutorial.py for tasks to queue
[2025-04-03T23:54:46.810+0000] {logging_mixin.py:190} INFO - [2025-04-03T23:54:46.810+0000] {dagbag.py:588} INFO - Filling up the DagBag from /home/airflow/.local/lib/python3.12/site-packages/airflow/example_dags/tutorial.py
[2025-04-03T23:54:46.817+0000] {processor.py:925} INFO - DAG(s) 'tutorial' retrieved from /home/airflow/.local/lib/python3.12/site-packages/airflow/example_dags/tutorial.py
[2025-04-03T23:54:46.833+0000] {logging_mixin.py:190} INFO - [2025-04-03T23:54:46.833+0000] {dag.py:3239} INFO - Sync 1 DAGs
[2025-04-03T23:54:46.852+0000] {logging_mixin.py:190} INFO - [2025-04-03T23:54:46.852+0000] {dag.py:4180} INFO - Setting next_dagrun for tutorial to 2025-04-02 00:00:00+00:00, run_after=2025-04-03 00:00:00+00:00
[2025-04-03T23:54:46.866+0000] {processor.py:208} INFO - Processing /home/airflow/.local/lib/python3.12/site-packages/airflow/example_dags/tutorial.py took 0.062 seconds
[2025-04-03T23:55:17.320+0000] {processor.py:186} INFO - Started process (PID=551) to work on /home/airflow/.local/lib/python3.12/site-packages/airflow/example_dags/tutorial.py
[2025-04-03T23:55:17.321+0000] {processor.py:914} INFO - Processing file /home/airflow/.local/lib/python3.12/site-packages/airflow/example_dags/tutorial.py for tasks to queue
[2025-04-03T23:55:17.323+0000] {logging_mixin.py:190} INFO - [2025-04-03T23:55:17.323+0000] {dagbag.py:588} INFO - Filling up the DagBag from /home/airflow/.local/lib/python3.12/site-packages/airflow/example_dags/tutorial.py
[2025-04-03T23:55:17.332+0000] {processor.py:925} INFO - DAG(s) 'tutorial' retrieved from /home/airflow/.local/lib/python3.12/site-packages/airflow/example_dags/tutorial.py
[2025-04-03T23:55:17.354+0000] {logging_mixin.py:190} INFO - [2025-04-03T23:55:17.354+0000] {dag.py:3239} INFO - Sync 1 DAGs
[2025-04-03T23:55:17.387+0000] {logging_mixin.py:190} INFO - [2025-04-03T23:55:17.387+0000] {dag.py:4180} INFO - Setting next_dagrun for tutorial to 2025-04-02 00:00:00+00:00, run_after=2025-04-03 00:00:00+00:00
[2025-04-03T23:55:17.407+0000] {processor.py:208} INFO - Processing /home/airflow/.local/lib/python3.12/site-packages/airflow/example_dags/tutorial.py took 0.093 seconds
[2025-04-03T23:55:47.518+0000] {processor.py:186} INFO - Started process (PID=613) to work on /home/airflow/.local/lib/python3.12/site-packages/airflow/example_dags/tutorial.py
[2025-04-03T23:55:47.519+0000] {processor.py:914} INFO - Processing file /home/airflow/.local/lib/python3.12/site-packages/airflow/example_dags/tutorial.py for tasks to queue
[2025-04-03T23:55:47.521+0000] {logging_mixin.py:190} INFO - [2025-04-03T23:55:47.521+0000] {dagbag.py:588} INFO - Filling up the DagBag from /home/airflow/.local/lib/python3.12/site-packages/airflow/example_dags/tutorial.py
[2025-04-03T23:55:47.527+0000] {processor.py:925} INFO - DAG(s) 'tutorial' retrieved from /home/airflow/.local/lib/python3.12/site-packages/airflow/example_dags/tutorial.py
[2025-04-03T23:55:47.542+0000] {logging_mixin.py:190} INFO - [2025-04-03T23:55:47.542+0000] {dag.py:3239} INFO - Sync 1 DAGs
[2025-04-03T23:55:47.560+0000] {logging_mixin.py:190} INFO - [2025-04-03T23:55:47.559+0000] {dag.py:4180} INFO - Setting next_dagrun for tutorial to 2025-04-02 00:00:00+00:00, run_after=2025-04-03 00:00:00+00:00
[2025-04-03T23:55:47.573+0000] {processor.py:208} INFO - Processing /home/airflow/.local/lib/python3.12/site-packages/airflow/example_dags/tutorial.py took 0.059 seconds
[2025-04-03T23:56:17.728+0000] {processor.py:186} INFO - Started process (PID=675) to work on /home/airflow/.local/lib/python3.12/site-packages/airflow/example_dags/tutorial.py
[2025-04-03T23:56:17.729+0000] {processor.py:914} INFO - Processing file /home/airflow/.local/lib/python3.12/site-packages/airflow/example_dags/tutorial.py for tasks to queue
[2025-04-03T23:56:17.731+0000] {logging_mixin.py:190} INFO - [2025-04-03T23:56:17.730+0000] {dagbag.py:588} INFO - Filling up the DagBag from /home/airflow/.local/lib/python3.12/site-packages/airflow/example_dags/tutorial.py
[2025-04-03T23:56:17.740+0000] {processor.py:925} INFO - DAG(s) 'tutorial' retrieved from /home/airflow/.local/lib/python3.12/site-packages/airflow/example_dags/tutorial.py
[2025-04-03T23:56:17.756+0000] {logging_mixin.py:190} INFO - [2025-04-03T23:56:17.756+0000] {dag.py:3239} INFO - Sync 1 DAGs
[2025-04-03T23:56:17.775+0000] {logging_mixin.py:190} INFO - [2025-04-03T23:56:17.775+0000] {dag.py:4180} INFO - Setting next_dagrun for tutorial to 2025-04-02 00:00:00+00:00, run_after=2025-04-03 00:00:00+00:00
[2025-04-03T23:56:17.789+0000] {processor.py:208} INFO - Processing /home/airflow/.local/lib/python3.12/site-packages/airflow/example_dags/tutorial.py took 0.065 seconds
[2025-04-03T23:56:48.359+0000] {processor.py:186} INFO - Started process (PID=738) to work on /home/airflow/.local/lib/python3.12/site-packages/airflow/example_dags/tutorial.py
[2025-04-03T23:56:48.360+0000] {processor.py:914} INFO - Processing file /home/airflow/.local/lib/python3.12/site-packages/airflow/example_dags/tutorial.py for tasks to queue
[2025-04-03T23:56:48.362+0000] {logging_mixin.py:190} INFO - [2025-04-03T23:56:48.361+0000] {dagbag.py:588} INFO - Filling up the DagBag from /home/airflow/.local/lib/python3.12/site-packages/airflow/example_dags/tutorial.py
[2025-04-03T23:56:48.368+0000] {processor.py:925} INFO - DAG(s) 'tutorial' retrieved from /home/airflow/.local/lib/python3.12/site-packages/airflow/example_dags/tutorial.py
[2025-04-03T23:56:48.387+0000] {logging_mixin.py:190} INFO - [2025-04-03T23:56:48.387+0000] {dag.py:3239} INFO - Sync 1 DAGs
[2025-04-03T23:56:48.405+0000] {logging_mixin.py:190} INFO - [2025-04-03T23:56:48.405+0000] {dag.py:4180} INFO - Setting next_dagrun for tutorial to 2025-04-02 00:00:00+00:00, run_after=2025-04-03 00:00:00+00:00
[2025-04-03T23:56:48.420+0000] {processor.py:208} INFO - Processing /home/airflow/.local/lib/python3.12/site-packages/airflow/example_dags/tutorial.py took 0.065 seconds
[2025-04-03T23:57:18.490+0000] {processor.py:186} INFO - Started process (PID=801) to work on /home/airflow/.local/lib/python3.12/site-packages/airflow/example_dags/tutorial.py
[2025-04-03T23:57:18.491+0000] {processor.py:914} INFO - Processing file /home/airflow/.local/lib/python3.12/site-packages/airflow/example_dags/tutorial.py for tasks to queue
[2025-04-03T23:57:18.493+0000] {logging_mixin.py:190} INFO - [2025-04-03T23:57:18.493+0000] {dagbag.py:588} INFO - Filling up the DagBag from /home/airflow/.local/lib/python3.12/site-packages/airflow/example_dags/tutorial.py
[2025-04-03T23:57:18.502+0000] {processor.py:925} INFO - DAG(s) 'tutorial' retrieved from /home/airflow/.local/lib/python3.12/site-packages/airflow/example_dags/tutorial.py
[2025-04-03T23:57:18.522+0000] {logging_mixin.py:190} INFO - [2025-04-03T23:57:18.522+0000] {dag.py:3239} INFO - Sync 1 DAGs
[2025-04-03T23:57:18.547+0000] {logging_mixin.py:190} INFO - [2025-04-03T23:57:18.547+0000] {dag.py:4180} INFO - Setting next_dagrun for tutorial to 2025-04-02 00:00:00+00:00, run_after=2025-04-03 00:00:00+00:00
[2025-04-03T23:57:18.563+0000] {processor.py:208} INFO - Processing /home/airflow/.local/lib/python3.12/site-packages/airflow/example_dags/tutorial.py took 0.079 seconds
[2025-04-03T23:57:48.618+0000] {processor.py:186} INFO - Started process (PID=864) to work on /home/airflow/.local/lib/python3.12/site-packages/airflow/example_dags/tutorial.py
[2025-04-03T23:57:48.619+0000] {processor.py:914} INFO - Processing file /home/airflow/.local/lib/python3.12/site-packages/airflow/example_dags/tutorial.py for tasks to queue
[2025-04-03T23:57:48.621+0000] {logging_mixin.py:190} INFO - [2025-04-03T23:57:48.621+0000] {dagbag.py:588} INFO - Filling up the DagBag from /home/airflow/.local/lib/python3.12/site-packages/airflow/example_dags/tutorial.py
[2025-04-03T23:57:48.630+0000] {processor.py:925} INFO - DAG(s) 'tutorial' retrieved from /home/airflow/.local/lib/python3.12/site-packages/airflow/example_dags/tutorial.py
[2025-04-03T23:57:48.652+0000] {logging_mixin.py:190} INFO - [2025-04-03T23:57:48.651+0000] {dag.py:3239} INFO - Sync 1 DAGs
[2025-04-03T23:57:48.679+0000] {logging_mixin.py:190} INFO - [2025-04-03T23:57:48.678+0000] {dag.py:4180} INFO - Setting next_dagrun for tutorial to 2025-04-02 00:00:00+00:00, run_after=2025-04-03 00:00:00+00:00
[2025-04-03T23:57:48.696+0000] {processor.py:208} INFO - Processing /home/airflow/.local/lib/python3.12/site-packages/airflow/example_dags/tutorial.py took 0.085 seconds
[2025-04-03T23:58:19.081+0000] {processor.py:186} INFO - Started process (PID=927) to work on /home/airflow/.local/lib/python3.12/site-packages/airflow/example_dags/tutorial.py
[2025-04-03T23:58:19.082+0000] {processor.py:914} INFO - Processing file /home/airflow/.local/lib/python3.12/site-packages/airflow/example_dags/tutorial.py for tasks to queue
[2025-04-03T23:58:19.085+0000] {logging_mixin.py:190} INFO - [2025-04-03T23:58:19.084+0000] {dagbag.py:588} INFO - Filling up the DagBag from /home/airflow/.local/lib/python3.12/site-packages/airflow/example_dags/tutorial.py
[2025-04-03T23:58:19.094+0000] {processor.py:925} INFO - DAG(s) 'tutorial' retrieved from /home/airflow/.local/lib/python3.12/site-packages/airflow/example_dags/tutorial.py
[2025-04-03T23:58:19.117+0000] {logging_mixin.py:190} INFO - [2025-04-03T23:58:19.116+0000] {dag.py:3239} INFO - Sync 1 DAGs
[2025-04-03T23:58:19.143+0000] {logging_mixin.py:190} INFO - [2025-04-03T23:58:19.143+0000] {dag.py:4180} INFO - Setting next_dagrun for tutorial to 2025-04-02 00:00:00+00:00, run_after=2025-04-03 00:00:00+00:00
[2025-04-03T23:58:19.159+0000] {processor.py:208} INFO - Processing /home/airflow/.local/lib/python3.12/site-packages/airflow/example_dags/tutorial.py took 0.085 seconds
[2025-04-03T23:58:50.304+0000] {processor.py:186} INFO - Started process (PID=996) to work on /home/airflow/.local/lib/python3.12/site-packages/airflow/example_dags/tutorial.py
[2025-04-03T23:58:50.304+0000] {processor.py:914} INFO - Processing file /home/airflow/.local/lib/python3.12/site-packages/airflow/example_dags/tutorial.py for tasks to queue
[2025-04-03T23:58:50.306+0000] {logging_mixin.py:190} INFO - [2025-04-03T23:58:50.306+0000] {dagbag.py:588} INFO - Filling up the DagBag from /home/airflow/.local/lib/python3.12/site-packages/airflow/example_dags/tutorial.py
[2025-04-03T23:58:50.312+0000] {processor.py:925} INFO - DAG(s) 'tutorial' retrieved from /home/airflow/.local/lib/python3.12/site-packages/airflow/example_dags/tutorial.py
[2025-04-03T23:58:50.329+0000] {logging_mixin.py:190} INFO - [2025-04-03T23:58:50.329+0000] {dag.py:3239} INFO - Sync 1 DAGs
[2025-04-03T23:58:50.347+0000] {logging_mixin.py:190} INFO - [2025-04-03T23:58:50.347+0000] {dag.py:4180} INFO - Setting next_dagrun for tutorial to 2025-04-02 00:00:00+00:00, run_after=2025-04-03 00:00:00+00:00
[2025-04-03T23:58:50.361+0000] {processor.py:208} INFO - Processing /home/airflow/.local/lib/python3.12/site-packages/airflow/example_dags/tutorial.py took 0.062 seconds
[2025-04-03T23:59:20.998+0000] {processor.py:186} INFO - Started process (PID=1059) to work on /home/airflow/.local/lib/python3.12/site-packages/airflow/example_dags/tutorial.py
[2025-04-03T23:59:20.999+0000] {processor.py:914} INFO - Processing file /home/airflow/.local/lib/python3.12/site-packages/airflow/example_dags/tutorial.py for tasks to queue
[2025-04-03T23:59:21.001+0000] {logging_mixin.py:190} INFO - [2025-04-03T23:59:21.001+0000] {dagbag.py:588} INFO - Filling up the DagBag from /home/airflow/.local/lib/python3.12/site-packages/airflow/example_dags/tutorial.py
[2025-04-03T23:59:21.010+0000] {processor.py:925} INFO - DAG(s) 'tutorial' retrieved from /home/airflow/.local/lib/python3.12/site-packages/airflow/example_dags/tutorial.py
[2025-04-03T23:59:21.034+0000] {logging_mixin.py:190} INFO - [2025-04-03T23:59:21.034+0000] {dag.py:3239} INFO - Sync 1 DAGs
[2025-04-03T23:59:21.077+0000] {logging_mixin.py:190} INFO - [2025-04-03T23:59:21.077+0000] {dag.py:4180} INFO - Setting next_dagrun for tutorial to 2025-04-02 00:00:00+00:00, run_after=2025-04-03 00:00:00+00:00
[2025-04-03T23:59:21.111+0000] {processor.py:208} INFO - Processing /home/airflow/.local/lib/python3.12/site-packages/airflow/example_dags/tutorial.py took 0.120 seconds
[2025-04-03T23:59:51.268+0000] {processor.py:186} INFO - Started process (PID=1121) to work on /home/airflow/.local/lib/python3.12/site-packages/airflow/example_dags/tutorial.py
[2025-04-03T23:59:51.269+0000] {processor.py:914} INFO - Processing file /home/airflow/.local/lib/python3.12/site-packages/airflow/example_dags/tutorial.py for tasks to queue
[2025-04-03T23:59:51.271+0000] {logging_mixin.py:190} INFO - [2025-04-03T23:59:51.271+0000] {dagbag.py:588} INFO - Filling up the DagBag from /home/airflow/.local/lib/python3.12/site-packages/airflow/example_dags/tutorial.py
[2025-04-03T23:59:51.280+0000] {processor.py:925} INFO - DAG(s) 'tutorial' retrieved from /home/airflow/.local/lib/python3.12/site-packages/airflow/example_dags/tutorial.py
[2025-04-03T23:59:51.310+0000] {logging_mixin.py:190} INFO - [2025-04-03T23:59:51.310+0000] {dag.py:3239} INFO - Sync 1 DAGs
[2025-04-03T23:59:51.340+0000] {logging_mixin.py:190} INFO - [2025-04-03T23:59:51.340+0000] {dag.py:4180} INFO - Setting next_dagrun for tutorial to 2025-04-02 00:00:00+00:00, run_after=2025-04-03 00:00:00+00:00
[2025-04-03T23:59:51.361+0000] {processor.py:208} INFO - Processing /home/airflow/.local/lib/python3.12/site-packages/airflow/example_dags/tutorial.py took 0.099 seconds
