[2025-04-03T23:51:32.323+0000] {processor.py:186} INFO - Started process (PID=110) to work on /home/airflow/.local/lib/python3.12/site-packages/airflow/example_dags/tutorial_dag.py
[2025-04-03T23:51:32.324+0000] {processor.py:914} INFO - Processing file /home/airflow/.local/lib/python3.12/site-packages/airflow/example_dags/tutorial_dag.py for tasks to queue
[2025-04-03T23:51:32.333+0000] {logging_mixin.py:190} INFO - [2025-04-03T23:51:32.332+0000] {dagbag.py:588} INFO - Filling up the DagBag from /home/airflow/.local/lib/python3.12/site-packages/airflow/example_dags/tutorial_dag.py
[2025-04-03T23:51:32.384+0000] {processor.py:925} INFO - DAG(s) 'tutorial_dag' retrieved from /home/airflow/.local/lib/python3.12/site-packages/airflow/example_dags/tutorial_dag.py
[2025-04-03T23:51:32.527+0000] {logging_mixin.py:190} INFO - [2025-04-03T23:51:32.527+0000] {dag.py:3239} INFO - Sync 1 DAGs
[2025-04-03T23:51:32.617+0000] {logging_mixin.py:190} INFO - [2025-04-03T23:51:32.608+0000] {dag.py:4180} INFO - Setting next_dagrun for tutorial_dag to None, run_after=None
[2025-04-03T23:51:32.706+0000] {processor.py:208} INFO - Processing /home/airflow/.local/lib/python3.12/site-packages/airflow/example_dags/tutorial_dag.py took 0.442 seconds
[2025-04-03T23:52:02.864+0000] {processor.py:186} INFO - Started process (PID=172) to work on /home/airflow/.local/lib/python3.12/site-packages/airflow/example_dags/tutorial_dag.py
[2025-04-03T23:52:02.866+0000] {processor.py:914} INFO - Processing file /home/airflow/.local/lib/python3.12/site-packages/airflow/example_dags/tutorial_dag.py for tasks to queue
[2025-04-03T23:52:02.869+0000] {logging_mixin.py:190} INFO - [2025-04-03T23:52:02.868+0000] {dagbag.py:588} INFO - Filling up the DagBag from /home/airflow/.local/lib/python3.12/site-packages/airflow/example_dags/tutorial_dag.py
[2025-04-03T23:52:02.894+0000] {processor.py:925} INFO - DAG(s) 'tutorial_dag' retrieved from /home/airflow/.local/lib/python3.12/site-packages/airflow/example_dags/tutorial_dag.py
[2025-04-03T23:52:02.931+0000] {logging_mixin.py:190} INFO - [2025-04-03T23:52:02.931+0000] {dag.py:3239} INFO - Sync 1 DAGs
[2025-04-03T23:52:02.955+0000] {logging_mixin.py:190} INFO - [2025-04-03T23:52:02.954+0000] {dag.py:4180} INFO - Setting next_dagrun for tutorial_dag to None, run_after=None
[2025-04-03T23:52:02.987+0000] {processor.py:208} INFO - Processing /home/airflow/.local/lib/python3.12/site-packages/airflow/example_dags/tutorial_dag.py took 0.139 seconds
[2025-04-03T23:52:33.261+0000] {processor.py:186} INFO - Started process (PID=234) to work on /home/airflow/.local/lib/python3.12/site-packages/airflow/example_dags/tutorial_dag.py
[2025-04-03T23:52:33.262+0000] {processor.py:914} INFO - Processing file /home/airflow/.local/lib/python3.12/site-packages/airflow/example_dags/tutorial_dag.py for tasks to queue
[2025-04-03T23:52:33.265+0000] {logging_mixin.py:190} INFO - [2025-04-03T23:52:33.265+0000] {dagbag.py:588} INFO - Filling up the DagBag from /home/airflow/.local/lib/python3.12/site-packages/airflow/example_dags/tutorial_dag.py
[2025-04-03T23:52:33.273+0000] {processor.py:925} INFO - DAG(s) 'tutorial_dag' retrieved from /home/airflow/.local/lib/python3.12/site-packages/airflow/example_dags/tutorial_dag.py
[2025-04-03T23:52:33.302+0000] {logging_mixin.py:190} INFO - [2025-04-03T23:52:33.301+0000] {dag.py:3239} INFO - Sync 1 DAGs
[2025-04-03T23:52:33.327+0000] {logging_mixin.py:190} INFO - [2025-04-03T23:52:33.326+0000] {dag.py:4180} INFO - Setting next_dagrun for tutorial_dag to None, run_after=None
[2025-04-03T23:52:33.351+0000] {processor.py:208} INFO - Processing /home/airflow/.local/lib/python3.12/site-packages/airflow/example_dags/tutorial_dag.py took 0.096 seconds
[2025-04-03T23:53:04.154+0000] {processor.py:186} INFO - Started process (PID=296) to work on /home/airflow/.local/lib/python3.12/site-packages/airflow/example_dags/tutorial_dag.py
[2025-04-03T23:53:04.155+0000] {processor.py:914} INFO - Processing file /home/airflow/.local/lib/python3.12/site-packages/airflow/example_dags/tutorial_dag.py for tasks to queue
[2025-04-03T23:53:04.158+0000] {logging_mixin.py:190} INFO - [2025-04-03T23:53:04.157+0000] {dagbag.py:588} INFO - Filling up the DagBag from /home/airflow/.local/lib/python3.12/site-packages/airflow/example_dags/tutorial_dag.py
[2025-04-03T23:53:04.173+0000] {processor.py:925} INFO - DAG(s) 'tutorial_dag' retrieved from /home/airflow/.local/lib/python3.12/site-packages/airflow/example_dags/tutorial_dag.py
[2025-04-03T23:53:04.205+0000] {logging_mixin.py:190} INFO - [2025-04-03T23:53:04.204+0000] {dag.py:3239} INFO - Sync 1 DAGs
[2025-04-03T23:53:04.228+0000] {logging_mixin.py:190} INFO - [2025-04-03T23:53:04.228+0000] {dag.py:4180} INFO - Setting next_dagrun for tutorial_dag to None, run_after=None
[2025-04-03T23:53:04.264+0000] {processor.py:208} INFO - Processing /home/airflow/.local/lib/python3.12/site-packages/airflow/example_dags/tutorial_dag.py took 0.116 seconds
[2025-04-03T23:53:40.953+0000] {processor.py:186} INFO - Started process (PID=360) to work on /home/airflow/.local/lib/python3.12/site-packages/airflow/example_dags/tutorial_dag.py
[2025-04-03T23:53:40.957+0000] {processor.py:914} INFO - Processing file /home/airflow/.local/lib/python3.12/site-packages/airflow/example_dags/tutorial_dag.py for tasks to queue
[2025-04-03T23:53:40.959+0000] {logging_mixin.py:190} INFO - [2025-04-03T23:53:40.958+0000] {dagbag.py:588} INFO - Filling up the DagBag from /home/airflow/.local/lib/python3.12/site-packages/airflow/example_dags/tutorial_dag.py
[2025-04-03T23:53:40.987+0000] {processor.py:925} INFO - DAG(s) 'tutorial_dag' retrieved from /home/airflow/.local/lib/python3.12/site-packages/airflow/example_dags/tutorial_dag.py
[2025-04-03T23:53:41.014+0000] {logging_mixin.py:190} INFO - [2025-04-03T23:53:41.014+0000] {dag.py:3239} INFO - Sync 1 DAGs
[2025-04-03T23:53:41.034+0000] {logging_mixin.py:190} INFO - [2025-04-03T23:53:41.034+0000] {dag.py:4180} INFO - Setting next_dagrun for tutorial_dag to None, run_after=None
[2025-04-03T23:53:41.059+0000] {processor.py:208} INFO - Processing /home/airflow/.local/lib/python3.12/site-packages/airflow/example_dags/tutorial_dag.py took 0.120 seconds
[2025-04-03T23:54:14.285+0000] {processor.py:186} INFO - Started process (PID=423) to work on /home/airflow/.local/lib/python3.12/site-packages/airflow/example_dags/tutorial_dag.py
[2025-04-03T23:54:14.288+0000] {processor.py:914} INFO - Processing file /home/airflow/.local/lib/python3.12/site-packages/airflow/example_dags/tutorial_dag.py for tasks to queue
[2025-04-03T23:54:14.296+0000] {logging_mixin.py:190} INFO - [2025-04-03T23:54:14.295+0000] {dagbag.py:588} INFO - Filling up the DagBag from /home/airflow/.local/lib/python3.12/site-packages/airflow/example_dags/tutorial_dag.py
[2025-04-03T23:54:14.349+0000] {processor.py:925} INFO - DAG(s) 'tutorial_dag' retrieved from /home/airflow/.local/lib/python3.12/site-packages/airflow/example_dags/tutorial_dag.py
[2025-04-03T23:54:14.453+0000] {logging_mixin.py:190} INFO - [2025-04-03T23:54:14.453+0000] {dag.py:3239} INFO - Sync 1 DAGs
[2025-04-03T23:54:14.525+0000] {logging_mixin.py:190} INFO - [2025-04-03T23:54:14.525+0000] {dag.py:4180} INFO - Setting next_dagrun for tutorial_dag to None, run_after=None
[2025-04-03T23:54:14.609+0000] {processor.py:208} INFO - Processing /home/airflow/.local/lib/python3.12/site-packages/airflow/example_dags/tutorial_dag.py took 0.347 seconds
[2025-04-03T23:54:44.869+0000] {processor.py:186} INFO - Started process (PID=485) to work on /home/airflow/.local/lib/python3.12/site-packages/airflow/example_dags/tutorial_dag.py
[2025-04-03T23:54:44.870+0000] {processor.py:914} INFO - Processing file /home/airflow/.local/lib/python3.12/site-packages/airflow/example_dags/tutorial_dag.py for tasks to queue
[2025-04-03T23:54:44.873+0000] {logging_mixin.py:190} INFO - [2025-04-03T23:54:44.873+0000] {dagbag.py:588} INFO - Filling up the DagBag from /home/airflow/.local/lib/python3.12/site-packages/airflow/example_dags/tutorial_dag.py
[2025-04-03T23:54:44.881+0000] {processor.py:925} INFO - DAG(s) 'tutorial_dag' retrieved from /home/airflow/.local/lib/python3.12/site-packages/airflow/example_dags/tutorial_dag.py
[2025-04-03T23:54:44.902+0000] {logging_mixin.py:190} INFO - [2025-04-03T23:54:44.901+0000] {dag.py:3239} INFO - Sync 1 DAGs
[2025-04-03T23:54:44.919+0000] {logging_mixin.py:190} INFO - [2025-04-03T23:54:44.918+0000] {dag.py:4180} INFO - Setting next_dagrun for tutorial_dag to None, run_after=None
[2025-04-03T23:54:44.937+0000] {processor.py:208} INFO - Processing /home/airflow/.local/lib/python3.12/site-packages/airflow/example_dags/tutorial_dag.py took 0.078 seconds
[2025-04-03T23:55:15.197+0000] {processor.py:186} INFO - Started process (PID=548) to work on /home/airflow/.local/lib/python3.12/site-packages/airflow/example_dags/tutorial_dag.py
[2025-04-03T23:55:15.199+0000] {processor.py:914} INFO - Processing file /home/airflow/.local/lib/python3.12/site-packages/airflow/example_dags/tutorial_dag.py for tasks to queue
[2025-04-03T23:55:15.201+0000] {logging_mixin.py:190} INFO - [2025-04-03T23:55:15.201+0000] {dagbag.py:588} INFO - Filling up the DagBag from /home/airflow/.local/lib/python3.12/site-packages/airflow/example_dags/tutorial_dag.py
[2025-04-03T23:55:15.209+0000] {processor.py:925} INFO - DAG(s) 'tutorial_dag' retrieved from /home/airflow/.local/lib/python3.12/site-packages/airflow/example_dags/tutorial_dag.py
[2025-04-03T23:55:15.228+0000] {logging_mixin.py:190} INFO - [2025-04-03T23:55:15.228+0000] {dag.py:3239} INFO - Sync 1 DAGs
[2025-04-03T23:55:15.245+0000] {logging_mixin.py:190} INFO - [2025-04-03T23:55:15.245+0000] {dag.py:4180} INFO - Setting next_dagrun for tutorial_dag to None, run_after=None
[2025-04-03T23:55:15.264+0000] {processor.py:208} INFO - Processing /home/airflow/.local/lib/python3.12/site-packages/airflow/example_dags/tutorial_dag.py took 0.076 seconds
[2025-04-03T23:55:45.375+0000] {processor.py:186} INFO - Started process (PID=611) to work on /home/airflow/.local/lib/python3.12/site-packages/airflow/example_dags/tutorial_dag.py
[2025-04-03T23:55:45.375+0000] {processor.py:914} INFO - Processing file /home/airflow/.local/lib/python3.12/site-packages/airflow/example_dags/tutorial_dag.py for tasks to queue
[2025-04-03T23:55:45.379+0000] {logging_mixin.py:190} INFO - [2025-04-03T23:55:45.378+0000] {dagbag.py:588} INFO - Filling up the DagBag from /home/airflow/.local/lib/python3.12/site-packages/airflow/example_dags/tutorial_dag.py
[2025-04-03T23:55:45.387+0000] {processor.py:925} INFO - DAG(s) 'tutorial_dag' retrieved from /home/airflow/.local/lib/python3.12/site-packages/airflow/example_dags/tutorial_dag.py
[2025-04-03T23:55:45.407+0000] {logging_mixin.py:190} INFO - [2025-04-03T23:55:45.407+0000] {dag.py:3239} INFO - Sync 1 DAGs
[2025-04-03T23:55:45.425+0000] {logging_mixin.py:190} INFO - [2025-04-03T23:55:45.424+0000] {dag.py:4180} INFO - Setting next_dagrun for tutorial_dag to None, run_after=None
[2025-04-03T23:55:45.454+0000] {processor.py:208} INFO - Processing /home/airflow/.local/lib/python3.12/site-packages/airflow/example_dags/tutorial_dag.py took 0.092 seconds
[2025-04-03T23:56:15.698+0000] {processor.py:186} INFO - Started process (PID=673) to work on /home/airflow/.local/lib/python3.12/site-packages/airflow/example_dags/tutorial_dag.py
[2025-04-03T23:56:15.699+0000] {processor.py:914} INFO - Processing file /home/airflow/.local/lib/python3.12/site-packages/airflow/example_dags/tutorial_dag.py for tasks to queue
[2025-04-03T23:56:15.702+0000] {logging_mixin.py:190} INFO - [2025-04-03T23:56:15.701+0000] {dagbag.py:588} INFO - Filling up the DagBag from /home/airflow/.local/lib/python3.12/site-packages/airflow/example_dags/tutorial_dag.py
[2025-04-03T23:56:15.711+0000] {processor.py:925} INFO - DAG(s) 'tutorial_dag' retrieved from /home/airflow/.local/lib/python3.12/site-packages/airflow/example_dags/tutorial_dag.py
[2025-04-03T23:56:15.737+0000] {logging_mixin.py:190} INFO - [2025-04-03T23:56:15.737+0000] {dag.py:3239} INFO - Sync 1 DAGs
[2025-04-03T23:56:15.761+0000] {logging_mixin.py:190} INFO - [2025-04-03T23:56:15.760+0000] {dag.py:4180} INFO - Setting next_dagrun for tutorial_dag to None, run_after=None
[2025-04-03T23:56:15.790+0000] {processor.py:208} INFO - Processing /home/airflow/.local/lib/python3.12/site-packages/airflow/example_dags/tutorial_dag.py took 0.103 seconds
[2025-04-03T23:56:46.209+0000] {processor.py:186} INFO - Started process (PID=736) to work on /home/airflow/.local/lib/python3.12/site-packages/airflow/example_dags/tutorial_dag.py
[2025-04-03T23:56:46.210+0000] {processor.py:914} INFO - Processing file /home/airflow/.local/lib/python3.12/site-packages/airflow/example_dags/tutorial_dag.py for tasks to queue
[2025-04-03T23:56:46.213+0000] {logging_mixin.py:190} INFO - [2025-04-03T23:56:46.213+0000] {dagbag.py:588} INFO - Filling up the DagBag from /home/airflow/.local/lib/python3.12/site-packages/airflow/example_dags/tutorial_dag.py
[2025-04-03T23:56:46.220+0000] {processor.py:925} INFO - DAG(s) 'tutorial_dag' retrieved from /home/airflow/.local/lib/python3.12/site-packages/airflow/example_dags/tutorial_dag.py
[2025-04-03T23:56:46.259+0000] {logging_mixin.py:190} INFO - [2025-04-03T23:56:46.258+0000] {dag.py:3239} INFO - Sync 1 DAGs
[2025-04-03T23:56:46.285+0000] {logging_mixin.py:190} INFO - [2025-04-03T23:56:46.285+0000] {dag.py:4180} INFO - Setting next_dagrun for tutorial_dag to None, run_after=None
[2025-04-03T23:56:46.312+0000] {processor.py:208} INFO - Processing /home/airflow/.local/lib/python3.12/site-packages/airflow/example_dags/tutorial_dag.py took 0.113 seconds
[2025-04-03T23:57:17.078+0000] {processor.py:186} INFO - Started process (PID=799) to work on /home/airflow/.local/lib/python3.12/site-packages/airflow/example_dags/tutorial_dag.py
[2025-04-03T23:57:17.081+0000] {processor.py:914} INFO - Processing file /home/airflow/.local/lib/python3.12/site-packages/airflow/example_dags/tutorial_dag.py for tasks to queue
[2025-04-03T23:57:17.088+0000] {logging_mixin.py:190} INFO - [2025-04-03T23:57:17.088+0000] {dagbag.py:588} INFO - Filling up the DagBag from /home/airflow/.local/lib/python3.12/site-packages/airflow/example_dags/tutorial_dag.py
[2025-04-03T23:57:17.117+0000] {processor.py:925} INFO - DAG(s) 'tutorial_dag' retrieved from /home/airflow/.local/lib/python3.12/site-packages/airflow/example_dags/tutorial_dag.py
[2025-04-03T23:57:17.280+0000] {logging_mixin.py:190} INFO - [2025-04-03T23:57:17.279+0000] {dag.py:3239} INFO - Sync 1 DAGs
[2025-04-03T23:57:17.341+0000] {logging_mixin.py:190} INFO - [2025-04-03T23:57:17.341+0000] {dag.py:4180} INFO - Setting next_dagrun for tutorial_dag to None, run_after=None
[2025-04-03T23:57:17.401+0000] {processor.py:208} INFO - Processing /home/airflow/.local/lib/python3.12/site-packages/airflow/example_dags/tutorial_dag.py took 0.352 seconds
[2025-04-03T23:57:48.308+0000] {processor.py:186} INFO - Started process (PID=862) to work on /home/airflow/.local/lib/python3.12/site-packages/airflow/example_dags/tutorial_dag.py
[2025-04-03T23:57:48.309+0000] {processor.py:914} INFO - Processing file /home/airflow/.local/lib/python3.12/site-packages/airflow/example_dags/tutorial_dag.py for tasks to queue
[2025-04-03T23:57:48.313+0000] {logging_mixin.py:190} INFO - [2025-04-03T23:57:48.312+0000] {dagbag.py:588} INFO - Filling up the DagBag from /home/airflow/.local/lib/python3.12/site-packages/airflow/example_dags/tutorial_dag.py
[2025-04-03T23:57:48.320+0000] {processor.py:925} INFO - DAG(s) 'tutorial_dag' retrieved from /home/airflow/.local/lib/python3.12/site-packages/airflow/example_dags/tutorial_dag.py
[2025-04-03T23:57:48.361+0000] {logging_mixin.py:190} INFO - [2025-04-03T23:57:48.360+0000] {dag.py:3239} INFO - Sync 1 DAGs
[2025-04-03T23:57:48.395+0000] {logging_mixin.py:190} INFO - [2025-04-03T23:57:48.394+0000] {dag.py:4180} INFO - Setting next_dagrun for tutorial_dag to None, run_after=None
[2025-04-03T23:57:48.432+0000] {processor.py:208} INFO - Processing /home/airflow/.local/lib/python3.12/site-packages/airflow/example_dags/tutorial_dag.py took 0.130 seconds
[2025-04-03T23:58:18.976+0000] {processor.py:186} INFO - Started process (PID=925) to work on /home/airflow/.local/lib/python3.12/site-packages/airflow/example_dags/tutorial_dag.py
[2025-04-03T23:58:18.977+0000] {processor.py:914} INFO - Processing file /home/airflow/.local/lib/python3.12/site-packages/airflow/example_dags/tutorial_dag.py for tasks to queue
[2025-04-03T23:58:18.980+0000] {logging_mixin.py:190} INFO - [2025-04-03T23:58:18.979+0000] {dagbag.py:588} INFO - Filling up the DagBag from /home/airflow/.local/lib/python3.12/site-packages/airflow/example_dags/tutorial_dag.py
[2025-04-03T23:58:18.987+0000] {processor.py:925} INFO - DAG(s) 'tutorial_dag' retrieved from /home/airflow/.local/lib/python3.12/site-packages/airflow/example_dags/tutorial_dag.py
[2025-04-03T23:58:19.007+0000] {logging_mixin.py:190} INFO - [2025-04-03T23:58:19.007+0000] {dag.py:3239} INFO - Sync 1 DAGs
[2025-04-03T23:58:19.023+0000] {logging_mixin.py:190} INFO - [2025-04-03T23:58:19.023+0000] {dag.py:4180} INFO - Setting next_dagrun for tutorial_dag to None, run_after=None
[2025-04-03T23:58:19.041+0000] {processor.py:208} INFO - Processing /home/airflow/.local/lib/python3.12/site-packages/airflow/example_dags/tutorial_dag.py took 0.071 seconds
[2025-04-03T23:58:50.098+0000] {processor.py:186} INFO - Started process (PID=994) to work on /home/airflow/.local/lib/python3.12/site-packages/airflow/example_dags/tutorial_dag.py
[2025-04-03T23:58:50.099+0000] {processor.py:914} INFO - Processing file /home/airflow/.local/lib/python3.12/site-packages/airflow/example_dags/tutorial_dag.py for tasks to queue
[2025-04-03T23:58:50.102+0000] {logging_mixin.py:190} INFO - [2025-04-03T23:58:50.102+0000] {dagbag.py:588} INFO - Filling up the DagBag from /home/airflow/.local/lib/python3.12/site-packages/airflow/example_dags/tutorial_dag.py
[2025-04-03T23:58:50.110+0000] {processor.py:925} INFO - DAG(s) 'tutorial_dag' retrieved from /home/airflow/.local/lib/python3.12/site-packages/airflow/example_dags/tutorial_dag.py
[2025-04-03T23:58:50.132+0000] {logging_mixin.py:190} INFO - [2025-04-03T23:58:50.132+0000] {dag.py:3239} INFO - Sync 1 DAGs
[2025-04-03T23:58:50.148+0000] {logging_mixin.py:190} INFO - [2025-04-03T23:58:50.148+0000] {dag.py:4180} INFO - Setting next_dagrun for tutorial_dag to None, run_after=None
[2025-04-03T23:58:50.171+0000] {processor.py:208} INFO - Processing /home/airflow/.local/lib/python3.12/site-packages/airflow/example_dags/tutorial_dag.py took 0.079 seconds
[2025-04-03T23:59:20.713+0000] {processor.py:186} INFO - Started process (PID=1057) to work on /home/airflow/.local/lib/python3.12/site-packages/airflow/example_dags/tutorial_dag.py
[2025-04-03T23:59:20.713+0000] {processor.py:914} INFO - Processing file /home/airflow/.local/lib/python3.12/site-packages/airflow/example_dags/tutorial_dag.py for tasks to queue
[2025-04-03T23:59:20.716+0000] {logging_mixin.py:190} INFO - [2025-04-03T23:59:20.716+0000] {dagbag.py:588} INFO - Filling up the DagBag from /home/airflow/.local/lib/python3.12/site-packages/airflow/example_dags/tutorial_dag.py
[2025-04-03T23:59:20.724+0000] {processor.py:925} INFO - DAG(s) 'tutorial_dag' retrieved from /home/airflow/.local/lib/python3.12/site-packages/airflow/example_dags/tutorial_dag.py
[2025-04-03T23:59:20.747+0000] {logging_mixin.py:190} INFO - [2025-04-03T23:59:20.747+0000] {dag.py:3239} INFO - Sync 1 DAGs
[2025-04-03T23:59:20.766+0000] {logging_mixin.py:190} INFO - [2025-04-03T23:59:20.766+0000] {dag.py:4180} INFO - Setting next_dagrun for tutorial_dag to None, run_after=None
[2025-04-03T23:59:20.802+0000] {processor.py:208} INFO - Processing /home/airflow/.local/lib/python3.12/site-packages/airflow/example_dags/tutorial_dag.py took 0.095 seconds
[2025-04-03T23:59:51.161+0000] {processor.py:186} INFO - Started process (PID=1119) to work on /home/airflow/.local/lib/python3.12/site-packages/airflow/example_dags/tutorial_dag.py
[2025-04-03T23:59:51.162+0000] {processor.py:914} INFO - Processing file /home/airflow/.local/lib/python3.12/site-packages/airflow/example_dags/tutorial_dag.py for tasks to queue
[2025-04-03T23:59:51.164+0000] {logging_mixin.py:190} INFO - [2025-04-03T23:59:51.164+0000] {dagbag.py:588} INFO - Filling up the DagBag from /home/airflow/.local/lib/python3.12/site-packages/airflow/example_dags/tutorial_dag.py
[2025-04-03T23:59:51.172+0000] {processor.py:925} INFO - DAG(s) 'tutorial_dag' retrieved from /home/airflow/.local/lib/python3.12/site-packages/airflow/example_dags/tutorial_dag.py
[2025-04-03T23:59:51.191+0000] {logging_mixin.py:190} INFO - [2025-04-03T23:59:51.191+0000] {dag.py:3239} INFO - Sync 1 DAGs
[2025-04-03T23:59:51.209+0000] {logging_mixin.py:190} INFO - [2025-04-03T23:59:51.208+0000] {dag.py:4180} INFO - Setting next_dagrun for tutorial_dag to None, run_after=None
[2025-04-03T23:59:51.227+0000] {processor.py:208} INFO - Processing /home/airflow/.local/lib/python3.12/site-packages/airflow/example_dags/tutorial_dag.py took 0.073 seconds
