[2025-04-15 22:58:29,206] {processor.py:163} INFO - Started process (PID=72) to work on /opt/airflow/dags/data_ingestion_gcs_dag.py
[2025-04-15 22:58:29,230] {processor.py:642} INFO - Processing file /opt/airflow/dags/data_ingestion_gcs_dag.py for tasks to queue
[2025-04-15 22:58:29,246] {logging_mixin.py:109} INFO - [2025-04-15 22:58:29,246] {dagbag.py:500} INFO - Filling up the DagBag from /opt/airflow/dags/data_ingestion_gcs_dag.py
[2025-04-15 22:58:39,589] {processor.py:654} INFO - DAG(s) dict_keys(['data_ingestion_gcs_dag']) retrieved from /opt/airflow/dags/data_ingestion_gcs_dag.py
[2025-04-15 22:58:42,631] {logging_mixin.py:109} INFO - [2025-04-15 22:58:42,626] {dag.py:2396} INFO - Sync 1 DAGs
[2025-04-15 22:58:43,044] {processor.py:171} INFO - Processing /opt/airflow/dags/data_ingestion_gcs_dag.py took 13.890 seconds
[2025-04-15 22:59:13,439] {processor.py:163} INFO - Started process (PID=95) to work on /opt/airflow/dags/data_ingestion_gcs_dag.py
[2025-04-15 22:59:13,442] {processor.py:642} INFO - Processing file /opt/airflow/dags/data_ingestion_gcs_dag.py for tasks to queue
[2025-04-15 22:59:13,443] {logging_mixin.py:109} INFO - [2025-04-15 22:59:13,443] {dagbag.py:500} INFO - Filling up the DagBag from /opt/airflow/dags/data_ingestion_gcs_dag.py
[2025-04-15 22:59:18,383] {processor.py:654} INFO - DAG(s) dict_keys(['data_ingestion_gcs_dag']) retrieved from /opt/airflow/dags/data_ingestion_gcs_dag.py
[2025-04-15 22:59:18,435] {logging_mixin.py:109} INFO - [2025-04-15 22:59:18,431] {dag.py:2396} INFO - Sync 1 DAGs
[2025-04-15 22:59:18,616] {processor.py:171} INFO - Processing /opt/airflow/dags/data_ingestion_gcs_dag.py took 5.189 seconds
[2025-04-15 22:59:48,990] {processor.py:163} INFO - Started process (PID=118) to work on /opt/airflow/dags/data_ingestion_gcs_dag.py
[2025-04-15 22:59:48,992] {processor.py:642} INFO - Processing file /opt/airflow/dags/data_ingestion_gcs_dag.py for tasks to queue
[2025-04-15 22:59:48,994] {logging_mixin.py:109} INFO - [2025-04-15 22:59:48,993] {dagbag.py:500} INFO - Filling up the DagBag from /opt/airflow/dags/data_ingestion_gcs_dag.py
[2025-04-15 22:59:51,688] {processor.py:654} INFO - DAG(s) dict_keys(['data_ingestion_gcs_dag']) retrieved from /opt/airflow/dags/data_ingestion_gcs_dag.py
[2025-04-15 22:59:51,734] {logging_mixin.py:109} INFO - [2025-04-15 22:59:51,729] {dag.py:2396} INFO - Sync 1 DAGs
[2025-04-15 22:59:51,769] {processor.py:171} INFO - Processing /opt/airflow/dags/data_ingestion_gcs_dag.py took 2.787 seconds
[2025-04-15 23:00:22,059] {processor.py:163} INFO - Started process (PID=141) to work on /opt/airflow/dags/data_ingestion_gcs_dag.py
[2025-04-15 23:00:22,062] {processor.py:642} INFO - Processing file /opt/airflow/dags/data_ingestion_gcs_dag.py for tasks to queue
[2025-04-15 23:00:22,063] {logging_mixin.py:109} INFO - [2025-04-15 23:00:22,063] {dagbag.py:500} INFO - Filling up the DagBag from /opt/airflow/dags/data_ingestion_gcs_dag.py
[2025-04-15 23:00:23,760] {processor.py:654} INFO - DAG(s) dict_keys(['data_ingestion_gcs_dag']) retrieved from /opt/airflow/dags/data_ingestion_gcs_dag.py
[2025-04-15 23:00:23,806] {logging_mixin.py:109} INFO - [2025-04-15 23:00:23,803] {dag.py:2396} INFO - Sync 1 DAGs
[2025-04-15 23:00:23,897] {logging_mixin.py:109} INFO - [2025-04-15 23:00:23,895] {dag.py:2935} INFO - Setting next_dagrun for data_ingestion_gcs_dag to 2025-04-14 00:00:00+00:00
[2025-04-15 23:00:23,969] {processor.py:171} INFO - Processing /opt/airflow/dags/data_ingestion_gcs_dag.py took 1.917 seconds
[2025-04-15 23:00:54,370] {processor.py:163} INFO - Started process (PID=163) to work on /opt/airflow/dags/data_ingestion_gcs_dag.py
[2025-04-15 23:00:54,399] {processor.py:642} INFO - Processing file /opt/airflow/dags/data_ingestion_gcs_dag.py for tasks to queue
[2025-04-15 23:00:54,425] {logging_mixin.py:109} INFO - [2025-04-15 23:00:54,425] {dagbag.py:500} INFO - Filling up the DagBag from /opt/airflow/dags/data_ingestion_gcs_dag.py
[2025-04-15 23:00:59,851] {processor.py:654} INFO - DAG(s) dict_keys(['data_ingestion_gcs_dag']) retrieved from /opt/airflow/dags/data_ingestion_gcs_dag.py
[2025-04-15 23:00:59,958] {logging_mixin.py:109} INFO - [2025-04-15 23:00:59,957] {dag.py:2396} INFO - Sync 1 DAGs
[2025-04-15 23:01:00,231] {processor.py:171} INFO - Processing /opt/airflow/dags/data_ingestion_gcs_dag.py took 5.890 seconds
[2025-04-15 23:01:30,808] {processor.py:163} INFO - Started process (PID=177) to work on /opt/airflow/dags/data_ingestion_gcs_dag.py
[2025-04-15 23:01:30,809] {processor.py:642} INFO - Processing file /opt/airflow/dags/data_ingestion_gcs_dag.py for tasks to queue
[2025-04-15 23:01:30,810] {logging_mixin.py:109} INFO - [2025-04-15 23:01:30,810] {dagbag.py:500} INFO - Filling up the DagBag from /opt/airflow/dags/data_ingestion_gcs_dag.py
[2025-04-15 23:01:32,688] {processor.py:654} INFO - DAG(s) dict_keys(['data_ingestion_gcs_dag']) retrieved from /opt/airflow/dags/data_ingestion_gcs_dag.py
[2025-04-15 23:01:32,713] {logging_mixin.py:109} INFO - [2025-04-15 23:01:32,710] {dag.py:2396} INFO - Sync 1 DAGs
[2025-04-15 23:01:32,781] {logging_mixin.py:109} INFO - [2025-04-15 23:01:32,781] {dag.py:2935} INFO - Setting next_dagrun for data_ingestion_gcs_dag to 2025-04-15T00:00:00+00:00
[2025-04-15 23:01:32,831] {processor.py:171} INFO - Processing /opt/airflow/dags/data_ingestion_gcs_dag.py took 2.027 seconds
[2025-04-15 23:02:03,132] {processor.py:163} INFO - Started process (PID=208) to work on /opt/airflow/dags/data_ingestion_gcs_dag.py
[2025-04-15 23:02:03,136] {processor.py:642} INFO - Processing file /opt/airflow/dags/data_ingestion_gcs_dag.py for tasks to queue
[2025-04-15 23:02:03,137] {logging_mixin.py:109} INFO - [2025-04-15 23:02:03,137] {dagbag.py:500} INFO - Filling up the DagBag from /opt/airflow/dags/data_ingestion_gcs_dag.py
[2025-04-15 23:02:05,276] {processor.py:654} INFO - DAG(s) dict_keys(['data_ingestion_gcs_dag']) retrieved from /opt/airflow/dags/data_ingestion_gcs_dag.py
[2025-04-15 23:02:05,294] {logging_mixin.py:109} INFO - [2025-04-15 23:02:05,289] {dag.py:2396} INFO - Sync 1 DAGs
[2025-04-15 23:02:05,320] {logging_mixin.py:109} INFO - [2025-04-15 23:02:05,320] {dag.py:2935} INFO - Setting next_dagrun for data_ingestion_gcs_dag to 2025-04-15T00:00:00+00:00
[2025-04-15 23:02:05,333] {processor.py:171} INFO - Processing /opt/airflow/dags/data_ingestion_gcs_dag.py took 2.208 seconds
[2025-04-15 23:02:35,438] {processor.py:163} INFO - Started process (PID=232) to work on /opt/airflow/dags/data_ingestion_gcs_dag.py
[2025-04-15 23:02:35,439] {processor.py:642} INFO - Processing file /opt/airflow/dags/data_ingestion_gcs_dag.py for tasks to queue
[2025-04-15 23:02:35,440] {logging_mixin.py:109} INFO - [2025-04-15 23:02:35,440] {dagbag.py:500} INFO - Filling up the DagBag from /opt/airflow/dags/data_ingestion_gcs_dag.py
[2025-04-15 23:02:36,022] {processor.py:654} INFO - DAG(s) dict_keys(['data_ingestion_gcs_dag']) retrieved from /opt/airflow/dags/data_ingestion_gcs_dag.py
[2025-04-15 23:02:36,029] {logging_mixin.py:109} INFO - [2025-04-15 23:02:36,029] {dag.py:2396} INFO - Sync 1 DAGs
[2025-04-15 23:02:36,041] {logging_mixin.py:109} INFO - [2025-04-15 23:02:36,041] {dag.py:2935} INFO - Setting next_dagrun for data_ingestion_gcs_dag to 2025-04-15T00:00:00+00:00
[2025-04-15 23:02:36,046] {processor.py:171} INFO - Processing /opt/airflow/dags/data_ingestion_gcs_dag.py took 0.610 seconds
[2025-04-15 23:03:06,130] {processor.py:163} INFO - Started process (PID=261) to work on /opt/airflow/dags/data_ingestion_gcs_dag.py
[2025-04-15 23:03:06,131] {processor.py:642} INFO - Processing file /opt/airflow/dags/data_ingestion_gcs_dag.py for tasks to queue
[2025-04-15 23:03:06,132] {logging_mixin.py:109} INFO - [2025-04-15 23:03:06,132] {dagbag.py:500} INFO - Filling up the DagBag from /opt/airflow/dags/data_ingestion_gcs_dag.py
[2025-04-15 23:03:06,988] {processor.py:654} INFO - DAG(s) dict_keys(['data_ingestion_gcs_dag']) retrieved from /opt/airflow/dags/data_ingestion_gcs_dag.py
[2025-04-15 23:03:06,999] {logging_mixin.py:109} INFO - [2025-04-15 23:03:06,998] {dag.py:2396} INFO - Sync 1 DAGs
[2025-04-15 23:03:07,017] {logging_mixin.py:109} INFO - [2025-04-15 23:03:07,017] {dag.py:2935} INFO - Setting next_dagrun for data_ingestion_gcs_dag to 2025-04-15T00:00:00+00:00
[2025-04-15 23:03:07,025] {processor.py:171} INFO - Processing /opt/airflow/dags/data_ingestion_gcs_dag.py took 0.898 seconds
[2025-04-15 23:03:37,099] {processor.py:163} INFO - Started process (PID=288) to work on /opt/airflow/dags/data_ingestion_gcs_dag.py
[2025-04-15 23:03:37,100] {processor.py:642} INFO - Processing file /opt/airflow/dags/data_ingestion_gcs_dag.py for tasks to queue
[2025-04-15 23:03:37,101] {logging_mixin.py:109} INFO - [2025-04-15 23:03:37,101] {dagbag.py:500} INFO - Filling up the DagBag from /opt/airflow/dags/data_ingestion_gcs_dag.py
[2025-04-15 23:03:37,714] {processor.py:654} INFO - DAG(s) dict_keys(['data_ingestion_gcs_dag']) retrieved from /opt/airflow/dags/data_ingestion_gcs_dag.py
[2025-04-15 23:03:37,721] {logging_mixin.py:109} INFO - [2025-04-15 23:03:37,720] {dag.py:2396} INFO - Sync 1 DAGs
[2025-04-15 23:03:37,732] {logging_mixin.py:109} INFO - [2025-04-15 23:03:37,732] {dag.py:2935} INFO - Setting next_dagrun for data_ingestion_gcs_dag to 2025-04-15T00:00:00+00:00
[2025-04-15 23:03:37,738] {processor.py:171} INFO - Processing /opt/airflow/dags/data_ingestion_gcs_dag.py took 0.641 seconds
[2025-04-15 23:04:07,811] {processor.py:163} INFO - Started process (PID=310) to work on /opt/airflow/dags/data_ingestion_gcs_dag.py
[2025-04-15 23:04:07,812] {processor.py:642} INFO - Processing file /opt/airflow/dags/data_ingestion_gcs_dag.py for tasks to queue
[2025-04-15 23:04:07,812] {logging_mixin.py:109} INFO - [2025-04-15 23:04:07,812] {dagbag.py:500} INFO - Filling up the DagBag from /opt/airflow/dags/data_ingestion_gcs_dag.py
[2025-04-15 23:04:09,637] {processor.py:654} INFO - DAG(s) dict_keys(['data_ingestion_gcs_dag']) retrieved from /opt/airflow/dags/data_ingestion_gcs_dag.py
[2025-04-15 23:04:09,658] {logging_mixin.py:109} INFO - [2025-04-15 23:04:09,657] {dag.py:2396} INFO - Sync 1 DAGs
[2025-04-15 23:04:09,695] {logging_mixin.py:109} INFO - [2025-04-15 23:04:09,694] {dag.py:2935} INFO - Setting next_dagrun for data_ingestion_gcs_dag to 2025-04-15T00:00:00+00:00
[2025-04-15 23:04:09,709] {processor.py:171} INFO - Processing /opt/airflow/dags/data_ingestion_gcs_dag.py took 1.902 seconds
[2025-04-15 23:04:39,844] {processor.py:163} INFO - Started process (PID=343) to work on /opt/airflow/dags/data_ingestion_gcs_dag.py
[2025-04-15 23:04:39,845] {processor.py:642} INFO - Processing file /opt/airflow/dags/data_ingestion_gcs_dag.py for tasks to queue
[2025-04-15 23:04:39,845] {logging_mixin.py:109} INFO - [2025-04-15 23:04:39,845] {dagbag.py:500} INFO - Filling up the DagBag from /opt/airflow/dags/data_ingestion_gcs_dag.py
[2025-04-15 23:04:40,433] {processor.py:654} INFO - DAG(s) dict_keys(['data_ingestion_gcs_dag']) retrieved from /opt/airflow/dags/data_ingestion_gcs_dag.py
[2025-04-15 23:04:40,441] {logging_mixin.py:109} INFO - [2025-04-15 23:04:40,440] {dag.py:2396} INFO - Sync 1 DAGs
[2025-04-15 23:04:40,453] {logging_mixin.py:109} INFO - [2025-04-15 23:04:40,453] {dag.py:2935} INFO - Setting next_dagrun for data_ingestion_gcs_dag to 2025-04-15T00:00:00+00:00
[2025-04-15 23:04:40,459] {processor.py:171} INFO - Processing /opt/airflow/dags/data_ingestion_gcs_dag.py took 0.617 seconds
[2025-04-15 23:05:10,548] {processor.py:163} INFO - Started process (PID=366) to work on /opt/airflow/dags/data_ingestion_gcs_dag.py
[2025-04-15 23:05:10,550] {processor.py:642} INFO - Processing file /opt/airflow/dags/data_ingestion_gcs_dag.py for tasks to queue
[2025-04-15 23:05:10,550] {logging_mixin.py:109} INFO - [2025-04-15 23:05:10,550] {dagbag.py:500} INFO - Filling up the DagBag from /opt/airflow/dags/data_ingestion_gcs_dag.py
[2025-04-15 23:05:11,426] {processor.py:654} INFO - DAG(s) dict_keys(['data_ingestion_gcs_dag']) retrieved from /opt/airflow/dags/data_ingestion_gcs_dag.py
[2025-04-15 23:05:11,434] {logging_mixin.py:109} INFO - [2025-04-15 23:05:11,433] {dag.py:2396} INFO - Sync 1 DAGs
[2025-04-15 23:05:11,445] {logging_mixin.py:109} INFO - [2025-04-15 23:05:11,445] {dag.py:2935} INFO - Setting next_dagrun for data_ingestion_gcs_dag to 2025-04-15T00:00:00+00:00
[2025-04-15 23:05:11,451] {processor.py:171} INFO - Processing /opt/airflow/dags/data_ingestion_gcs_dag.py took 0.906 seconds
[2025-04-15 23:05:41,516] {processor.py:163} INFO - Started process (PID=399) to work on /opt/airflow/dags/data_ingestion_gcs_dag.py
[2025-04-15 23:05:41,517] {processor.py:642} INFO - Processing file /opt/airflow/dags/data_ingestion_gcs_dag.py for tasks to queue
[2025-04-15 23:05:41,518] {logging_mixin.py:109} INFO - [2025-04-15 23:05:41,518] {dagbag.py:500} INFO - Filling up the DagBag from /opt/airflow/dags/data_ingestion_gcs_dag.py
[2025-04-15 23:05:42,441] {processor.py:654} INFO - DAG(s) dict_keys(['data_ingestion_gcs_dag']) retrieved from /opt/airflow/dags/data_ingestion_gcs_dag.py
[2025-04-15 23:05:42,451] {logging_mixin.py:109} INFO - [2025-04-15 23:05:42,450] {dag.py:2396} INFO - Sync 1 DAGs
[2025-04-15 23:05:42,470] {logging_mixin.py:109} INFO - [2025-04-15 23:05:42,470] {dag.py:2935} INFO - Setting next_dagrun for data_ingestion_gcs_dag to 2025-04-15T00:00:00+00:00
[2025-04-15 23:05:42,477] {processor.py:171} INFO - Processing /opt/airflow/dags/data_ingestion_gcs_dag.py took 0.964 seconds
[2025-04-15 23:06:12,559] {processor.py:163} INFO - Started process (PID=422) to work on /opt/airflow/dags/data_ingestion_gcs_dag.py
[2025-04-15 23:06:12,561] {processor.py:642} INFO - Processing file /opt/airflow/dags/data_ingestion_gcs_dag.py for tasks to queue
[2025-04-15 23:06:12,562] {logging_mixin.py:109} INFO - [2025-04-15 23:06:12,562] {dagbag.py:500} INFO - Filling up the DagBag from /opt/airflow/dags/data_ingestion_gcs_dag.py
[2025-04-15 23:06:14,578] {processor.py:654} INFO - DAG(s) dict_keys(['data_ingestion_gcs_dag']) retrieved from /opt/airflow/dags/data_ingestion_gcs_dag.py
[2025-04-15 23:06:14,600] {logging_mixin.py:109} INFO - [2025-04-15 23:06:14,599] {dag.py:2396} INFO - Sync 1 DAGs
[2025-04-15 23:06:14,639] {logging_mixin.py:109} INFO - [2025-04-15 23:06:14,639] {dag.py:2935} INFO - Setting next_dagrun for data_ingestion_gcs_dag to 2025-04-15T00:00:00+00:00
[2025-04-15 23:06:14,658] {processor.py:171} INFO - Processing /opt/airflow/dags/data_ingestion_gcs_dag.py took 2.102 seconds
[2025-04-15 23:06:44,788] {processor.py:163} INFO - Started process (PID=455) to work on /opt/airflow/dags/data_ingestion_gcs_dag.py
[2025-04-15 23:06:44,792] {processor.py:642} INFO - Processing file /opt/airflow/dags/data_ingestion_gcs_dag.py for tasks to queue
[2025-04-15 23:06:44,793] {logging_mixin.py:109} INFO - [2025-04-15 23:06:44,793] {dagbag.py:500} INFO - Filling up the DagBag from /opt/airflow/dags/data_ingestion_gcs_dag.py
[2025-04-15 23:06:45,502] {processor.py:654} INFO - DAG(s) dict_keys(['data_ingestion_gcs_dag']) retrieved from /opt/airflow/dags/data_ingestion_gcs_dag.py
[2025-04-15 23:06:45,513] {logging_mixin.py:109} INFO - [2025-04-15 23:06:45,512] {dag.py:2396} INFO - Sync 1 DAGs
[2025-04-15 23:06:45,527] {logging_mixin.py:109} INFO - [2025-04-15 23:06:45,527] {dag.py:2935} INFO - Setting next_dagrun for data_ingestion_gcs_dag to 2025-04-15T00:00:00+00:00
[2025-04-15 23:06:45,534] {processor.py:171} INFO - Processing /opt/airflow/dags/data_ingestion_gcs_dag.py took 0.752 seconds
[2025-04-15 23:07:15,648] {processor.py:163} INFO - Started process (PID=488) to work on /opt/airflow/dags/data_ingestion_gcs_dag.py
[2025-04-15 23:07:15,649] {processor.py:642} INFO - Processing file /opt/airflow/dags/data_ingestion_gcs_dag.py for tasks to queue
[2025-04-15 23:07:15,651] {logging_mixin.py:109} INFO - [2025-04-15 23:07:15,651] {dagbag.py:500} INFO - Filling up the DagBag from /opt/airflow/dags/data_ingestion_gcs_dag.py
[2025-04-15 23:07:16,751] {processor.py:654} INFO - DAG(s) dict_keys(['data_ingestion_gcs_dag']) retrieved from /opt/airflow/dags/data_ingestion_gcs_dag.py
[2025-04-15 23:07:16,764] {logging_mixin.py:109} INFO - [2025-04-15 23:07:16,762] {dag.py:2396} INFO - Sync 1 DAGs
[2025-04-15 23:07:16,782] {logging_mixin.py:109} INFO - [2025-04-15 23:07:16,782] {dag.py:2935} INFO - Setting next_dagrun for data_ingestion_gcs_dag to 2025-04-15T00:00:00+00:00
[2025-04-15 23:07:16,790] {processor.py:171} INFO - Processing /opt/airflow/dags/data_ingestion_gcs_dag.py took 1.153 seconds
[2025-04-15 23:07:46,862] {processor.py:163} INFO - Started process (PID=511) to work on /opt/airflow/dags/data_ingestion_gcs_dag.py
[2025-04-15 23:07:46,863] {processor.py:642} INFO - Processing file /opt/airflow/dags/data_ingestion_gcs_dag.py for tasks to queue
[2025-04-15 23:07:46,864] {logging_mixin.py:109} INFO - [2025-04-15 23:07:46,864] {dagbag.py:500} INFO - Filling up the DagBag from /opt/airflow/dags/data_ingestion_gcs_dag.py
[2025-04-15 23:07:47,489] {processor.py:654} INFO - DAG(s) dict_keys(['data_ingestion_gcs_dag']) retrieved from /opt/airflow/dags/data_ingestion_gcs_dag.py
[2025-04-15 23:07:47,496] {logging_mixin.py:109} INFO - [2025-04-15 23:07:47,495] {dag.py:2396} INFO - Sync 1 DAGs
[2025-04-15 23:07:47,508] {logging_mixin.py:109} INFO - [2025-04-15 23:07:47,508] {dag.py:2935} INFO - Setting next_dagrun for data_ingestion_gcs_dag to 2025-04-15T00:00:00+00:00
[2025-04-15 23:07:47,513] {processor.py:171} INFO - Processing /opt/airflow/dags/data_ingestion_gcs_dag.py took 0.654 seconds
[2025-04-15 23:08:17,594] {processor.py:163} INFO - Started process (PID=544) to work on /opt/airflow/dags/data_ingestion_gcs_dag.py
[2025-04-15 23:08:17,595] {processor.py:642} INFO - Processing file /opt/airflow/dags/data_ingestion_gcs_dag.py for tasks to queue
[2025-04-15 23:08:17,596] {logging_mixin.py:109} INFO - [2025-04-15 23:08:17,596] {dagbag.py:500} INFO - Filling up the DagBag from /opt/airflow/dags/data_ingestion_gcs_dag.py
[2025-04-15 23:08:18,188] {processor.py:654} INFO - DAG(s) dict_keys(['data_ingestion_gcs_dag']) retrieved from /opt/airflow/dags/data_ingestion_gcs_dag.py
[2025-04-15 23:08:18,196] {logging_mixin.py:109} INFO - [2025-04-15 23:08:18,195] {dag.py:2396} INFO - Sync 1 DAGs
[2025-04-15 23:08:18,207] {logging_mixin.py:109} INFO - [2025-04-15 23:08:18,207] {dag.py:2935} INFO - Setting next_dagrun for data_ingestion_gcs_dag to 2025-04-15T00:00:00+00:00
[2025-04-15 23:08:18,212] {processor.py:171} INFO - Processing /opt/airflow/dags/data_ingestion_gcs_dag.py took 0.620 seconds
[2025-04-15 23:08:48,302] {processor.py:163} INFO - Started process (PID=566) to work on /opt/airflow/dags/data_ingestion_gcs_dag.py
[2025-04-15 23:08:48,303] {processor.py:642} INFO - Processing file /opt/airflow/dags/data_ingestion_gcs_dag.py for tasks to queue
[2025-04-15 23:08:48,306] {logging_mixin.py:109} INFO - [2025-04-15 23:08:48,306] {dagbag.py:500} INFO - Filling up the DagBag from /opt/airflow/dags/data_ingestion_gcs_dag.py
[2025-04-15 23:08:49,192] {processor.py:654} INFO - DAG(s) dict_keys(['data_ingestion_gcs_dag']) retrieved from /opt/airflow/dags/data_ingestion_gcs_dag.py
[2025-04-15 23:08:49,204] {logging_mixin.py:109} INFO - [2025-04-15 23:08:49,202] {dag.py:2396} INFO - Sync 1 DAGs
[2025-04-15 23:08:49,224] {logging_mixin.py:109} INFO - [2025-04-15 23:08:49,223] {dag.py:2935} INFO - Setting next_dagrun for data_ingestion_gcs_dag to 2025-04-15T00:00:00+00:00
[2025-04-15 23:08:49,231] {processor.py:171} INFO - Processing /opt/airflow/dags/data_ingestion_gcs_dag.py took 0.939 seconds
[2025-04-15 23:09:19,320] {processor.py:163} INFO - Started process (PID=598) to work on /opt/airflow/dags/data_ingestion_gcs_dag.py
[2025-04-15 23:09:19,321] {processor.py:642} INFO - Processing file /opt/airflow/dags/data_ingestion_gcs_dag.py for tasks to queue
[2025-04-15 23:09:19,321] {logging_mixin.py:109} INFO - [2025-04-15 23:09:19,321] {dagbag.py:500} INFO - Filling up the DagBag from /opt/airflow/dags/data_ingestion_gcs_dag.py
[2025-04-15 23:09:19,913] {processor.py:654} INFO - DAG(s) dict_keys(['data_ingestion_gcs_dag']) retrieved from /opt/airflow/dags/data_ingestion_gcs_dag.py
[2025-04-15 23:09:19,920] {logging_mixin.py:109} INFO - [2025-04-15 23:09:19,919] {dag.py:2396} INFO - Sync 1 DAGs
[2025-04-15 23:09:19,932] {logging_mixin.py:109} INFO - [2025-04-15 23:09:19,931] {dag.py:2935} INFO - Setting next_dagrun for data_ingestion_gcs_dag to 2025-04-15T00:00:00+00:00
[2025-04-15 23:09:19,937] {processor.py:171} INFO - Processing /opt/airflow/dags/data_ingestion_gcs_dag.py took 0.619 seconds
[2025-04-15 23:09:50,037] {processor.py:163} INFO - Started process (PID=621) to work on /opt/airflow/dags/data_ingestion_gcs_dag.py
[2025-04-15 23:09:50,038] {processor.py:642} INFO - Processing file /opt/airflow/dags/data_ingestion_gcs_dag.py for tasks to queue
[2025-04-15 23:09:50,038] {logging_mixin.py:109} INFO - [2025-04-15 23:09:50,038] {dagbag.py:500} INFO - Filling up the DagBag from /opt/airflow/dags/data_ingestion_gcs_dag.py
[2025-04-15 23:09:50,604] {processor.py:654} INFO - DAG(s) dict_keys(['data_ingestion_gcs_dag']) retrieved from /opt/airflow/dags/data_ingestion_gcs_dag.py
[2025-04-15 23:09:50,612] {logging_mixin.py:109} INFO - [2025-04-15 23:09:50,611] {dag.py:2396} INFO - Sync 1 DAGs
[2025-04-15 23:09:50,623] {logging_mixin.py:109} INFO - [2025-04-15 23:09:50,623] {dag.py:2935} INFO - Setting next_dagrun for data_ingestion_gcs_dag to 2025-04-15T00:00:00+00:00
[2025-04-15 23:09:50,629] {processor.py:171} INFO - Processing /opt/airflow/dags/data_ingestion_gcs_dag.py took 0.594 seconds
[2025-04-15 23:10:20,697] {processor.py:163} INFO - Started process (PID=651) to work on /opt/airflow/dags/data_ingestion_gcs_dag.py
[2025-04-15 23:10:20,699] {processor.py:642} INFO - Processing file /opt/airflow/dags/data_ingestion_gcs_dag.py for tasks to queue
[2025-04-15 23:10:20,700] {logging_mixin.py:109} INFO - [2025-04-15 23:10:20,700] {dagbag.py:500} INFO - Filling up the DagBag from /opt/airflow/dags/data_ingestion_gcs_dag.py
[2025-04-15 23:10:21,559] {processor.py:654} INFO - DAG(s) dict_keys(['data_ingestion_gcs_dag']) retrieved from /opt/airflow/dags/data_ingestion_gcs_dag.py
[2025-04-15 23:10:21,570] {logging_mixin.py:109} INFO - [2025-04-15 23:10:21,569] {dag.py:2396} INFO - Sync 1 DAGs
[2025-04-15 23:10:21,593] {logging_mixin.py:109} INFO - [2025-04-15 23:10:21,592] {dag.py:2935} INFO - Setting next_dagrun for data_ingestion_gcs_dag to 2025-04-15T00:00:00+00:00
[2025-04-15 23:10:21,602] {processor.py:171} INFO - Processing /opt/airflow/dags/data_ingestion_gcs_dag.py took 0.908 seconds
[2025-04-15 23:10:51,675] {processor.py:163} INFO - Started process (PID=677) to work on /opt/airflow/dags/data_ingestion_gcs_dag.py
[2025-04-15 23:10:51,676] {processor.py:642} INFO - Processing file /opt/airflow/dags/data_ingestion_gcs_dag.py for tasks to queue
[2025-04-15 23:10:51,676] {logging_mixin.py:109} INFO - [2025-04-15 23:10:51,676] {dagbag.py:500} INFO - Filling up the DagBag from /opt/airflow/dags/data_ingestion_gcs_dag.py
[2025-04-15 23:10:52,252] {processor.py:654} INFO - DAG(s) dict_keys(['data_ingestion_gcs_dag']) retrieved from /opt/airflow/dags/data_ingestion_gcs_dag.py
[2025-04-15 23:10:52,260] {logging_mixin.py:109} INFO - [2025-04-15 23:10:52,259] {dag.py:2396} INFO - Sync 1 DAGs
[2025-04-15 23:10:52,271] {logging_mixin.py:109} INFO - [2025-04-15 23:10:52,271] {dag.py:2935} INFO - Setting next_dagrun for data_ingestion_gcs_dag to 2025-04-15T00:00:00+00:00
[2025-04-15 23:10:52,277] {processor.py:171} INFO - Processing /opt/airflow/dags/data_ingestion_gcs_dag.py took 0.604 seconds
[2025-04-15 23:11:22,352] {processor.py:163} INFO - Started process (PID=700) to work on /opt/airflow/dags/data_ingestion_gcs_dag.py
[2025-04-15 23:11:22,353] {processor.py:642} INFO - Processing file /opt/airflow/dags/data_ingestion_gcs_dag.py for tasks to queue
[2025-04-15 23:11:22,354] {logging_mixin.py:109} INFO - [2025-04-15 23:11:22,354] {dagbag.py:500} INFO - Filling up the DagBag from /opt/airflow/dags/data_ingestion_gcs_dag.py
[2025-04-15 23:11:22,937] {processor.py:654} INFO - DAG(s) dict_keys(['data_ingestion_gcs_dag']) retrieved from /opt/airflow/dags/data_ingestion_gcs_dag.py
[2025-04-15 23:11:22,945] {logging_mixin.py:109} INFO - [2025-04-15 23:11:22,944] {dag.py:2396} INFO - Sync 1 DAGs
[2025-04-15 23:11:22,957] {logging_mixin.py:109} INFO - [2025-04-15 23:11:22,957] {dag.py:2935} INFO - Setting next_dagrun for data_ingestion_gcs_dag to 2025-04-15T00:00:00+00:00
[2025-04-15 23:11:22,963] {processor.py:171} INFO - Processing /opt/airflow/dags/data_ingestion_gcs_dag.py took 0.613 seconds
[2025-04-15 23:11:53,031] {processor.py:163} INFO - Started process (PID=733) to work on /opt/airflow/dags/data_ingestion_gcs_dag.py
[2025-04-15 23:11:53,032] {processor.py:642} INFO - Processing file /opt/airflow/dags/data_ingestion_gcs_dag.py for tasks to queue
[2025-04-15 23:11:53,032] {logging_mixin.py:109} INFO - [2025-04-15 23:11:53,032] {dagbag.py:500} INFO - Filling up the DagBag from /opt/airflow/dags/data_ingestion_gcs_dag.py
[2025-04-15 23:11:54,088] {processor.py:654} INFO - DAG(s) dict_keys(['data_ingestion_gcs_dag']) retrieved from /opt/airflow/dags/data_ingestion_gcs_dag.py
[2025-04-15 23:11:54,099] {logging_mixin.py:109} INFO - [2025-04-15 23:11:54,097] {dag.py:2396} INFO - Sync 1 DAGs
[2025-04-15 23:11:54,117] {logging_mixin.py:109} INFO - [2025-04-15 23:11:54,117] {dag.py:2935} INFO - Setting next_dagrun for data_ingestion_gcs_dag to 2025-04-15T00:00:00+00:00
[2025-04-15 23:11:54,124] {processor.py:171} INFO - Processing /opt/airflow/dags/data_ingestion_gcs_dag.py took 1.097 seconds
[2025-04-15 23:12:24,196] {processor.py:163} INFO - Started process (PID=766) to work on /opt/airflow/dags/data_ingestion_gcs_dag.py
[2025-04-15 23:12:24,197] {processor.py:642} INFO - Processing file /opt/airflow/dags/data_ingestion_gcs_dag.py for tasks to queue
[2025-04-15 23:12:24,198] {logging_mixin.py:109} INFO - [2025-04-15 23:12:24,198] {dagbag.py:500} INFO - Filling up the DagBag from /opt/airflow/dags/data_ingestion_gcs_dag.py
[2025-04-15 23:12:25,163] {processor.py:654} INFO - DAG(s) dict_keys(['data_ingestion_gcs_dag']) retrieved from /opt/airflow/dags/data_ingestion_gcs_dag.py
[2025-04-15 23:12:25,174] {logging_mixin.py:109} INFO - [2025-04-15 23:12:25,173] {dag.py:2396} INFO - Sync 1 DAGs
[2025-04-15 23:12:25,225] {logging_mixin.py:109} INFO - [2025-04-15 23:12:25,224] {dag.py:2935} INFO - Setting next_dagrun for data_ingestion_gcs_dag to 2025-04-15T00:00:00+00:00
[2025-04-15 23:12:25,232] {processor.py:171} INFO - Processing /opt/airflow/dags/data_ingestion_gcs_dag.py took 1.040 seconds
[2025-04-15 23:12:55,289] {processor.py:163} INFO - Started process (PID=788) to work on /opt/airflow/dags/data_ingestion_gcs_dag.py
[2025-04-15 23:12:55,290] {processor.py:642} INFO - Processing file /opt/airflow/dags/data_ingestion_gcs_dag.py for tasks to queue
[2025-04-15 23:12:55,290] {logging_mixin.py:109} INFO - [2025-04-15 23:12:55,290] {dagbag.py:500} INFO - Filling up the DagBag from /opt/airflow/dags/data_ingestion_gcs_dag.py
[2025-04-15 23:12:55,914] {processor.py:654} INFO - DAG(s) dict_keys(['data_ingestion_gcs_dag']) retrieved from /opt/airflow/dags/data_ingestion_gcs_dag.py
[2025-04-15 23:12:55,921] {logging_mixin.py:109} INFO - [2025-04-15 23:12:55,920] {dag.py:2396} INFO - Sync 1 DAGs
[2025-04-15 23:12:55,933] {logging_mixin.py:109} INFO - [2025-04-15 23:12:55,933] {dag.py:2935} INFO - Setting next_dagrun for data_ingestion_gcs_dag to 2025-04-15T00:00:00+00:00
[2025-04-15 23:12:55,939] {processor.py:171} INFO - Processing /opt/airflow/dags/data_ingestion_gcs_dag.py took 0.653 seconds
[2025-04-15 23:13:26,025] {processor.py:163} INFO - Started process (PID=821) to work on /opt/airflow/dags/data_ingestion_gcs_dag.py
[2025-04-15 23:13:26,026] {processor.py:642} INFO - Processing file /opt/airflow/dags/data_ingestion_gcs_dag.py for tasks to queue
[2025-04-15 23:13:26,027] {logging_mixin.py:109} INFO - [2025-04-15 23:13:26,027] {dagbag.py:500} INFO - Filling up the DagBag from /opt/airflow/dags/data_ingestion_gcs_dag.py
[2025-04-15 23:13:26,663] {processor.py:654} INFO - DAG(s) dict_keys(['data_ingestion_gcs_dag']) retrieved from /opt/airflow/dags/data_ingestion_gcs_dag.py
[2025-04-15 23:13:26,670] {logging_mixin.py:109} INFO - [2025-04-15 23:13:26,670] {dag.py:2396} INFO - Sync 1 DAGs
[2025-04-15 23:13:26,683] {logging_mixin.py:109} INFO - [2025-04-15 23:13:26,682] {dag.py:2935} INFO - Setting next_dagrun for data_ingestion_gcs_dag to 2025-04-15T00:00:00+00:00
[2025-04-15 23:13:26,688] {processor.py:171} INFO - Processing /opt/airflow/dags/data_ingestion_gcs_dag.py took 0.665 seconds
[2025-04-15 23:13:56,760] {processor.py:163} INFO - Started process (PID=843) to work on /opt/airflow/dags/data_ingestion_gcs_dag.py
[2025-04-15 23:13:56,762] {processor.py:642} INFO - Processing file /opt/airflow/dags/data_ingestion_gcs_dag.py for tasks to queue
[2025-04-15 23:13:56,762] {logging_mixin.py:109} INFO - [2025-04-15 23:13:56,762] {dagbag.py:500} INFO - Filling up the DagBag from /opt/airflow/dags/data_ingestion_gcs_dag.py
[2025-04-15 23:13:57,347] {processor.py:654} INFO - DAG(s) dict_keys(['data_ingestion_gcs_dag']) retrieved from /opt/airflow/dags/data_ingestion_gcs_dag.py
[2025-04-15 23:13:57,356] {logging_mixin.py:109} INFO - [2025-04-15 23:13:57,355] {dag.py:2396} INFO - Sync 1 DAGs
[2025-04-15 23:13:57,367] {logging_mixin.py:109} INFO - [2025-04-15 23:13:57,367] {dag.py:2935} INFO - Setting next_dagrun for data_ingestion_gcs_dag to 2025-04-15T00:00:00+00:00
[2025-04-15 23:13:57,373] {processor.py:171} INFO - Processing /opt/airflow/dags/data_ingestion_gcs_dag.py took 0.615 seconds
[2025-04-15 23:14:27,460] {processor.py:163} INFO - Started process (PID=866) to work on /opt/airflow/dags/data_ingestion_gcs_dag.py
[2025-04-15 23:14:27,460] {processor.py:642} INFO - Processing file /opt/airflow/dags/data_ingestion_gcs_dag.py for tasks to queue
[2025-04-15 23:14:27,461] {logging_mixin.py:109} INFO - [2025-04-15 23:14:27,461] {dagbag.py:500} INFO - Filling up the DagBag from /opt/airflow/dags/data_ingestion_gcs_dag.py
[2025-04-15 23:14:28,045] {processor.py:654} INFO - DAG(s) dict_keys(['data_ingestion_gcs_dag']) retrieved from /opt/airflow/dags/data_ingestion_gcs_dag.py
[2025-04-15 23:14:28,059] {logging_mixin.py:109} INFO - [2025-04-15 23:14:28,058] {dag.py:2396} INFO - Sync 1 DAGs
[2025-04-15 23:14:28,071] {logging_mixin.py:109} INFO - [2025-04-15 23:14:28,071] {dag.py:2935} INFO - Setting next_dagrun for data_ingestion_gcs_dag to 2025-04-15T00:00:00+00:00
[2025-04-15 23:14:28,077] {processor.py:171} INFO - Processing /opt/airflow/dags/data_ingestion_gcs_dag.py took 0.619 seconds
[2025-04-15 23:14:58,188] {processor.py:163} INFO - Started process (PID=899) to work on /opt/airflow/dags/data_ingestion_gcs_dag.py
[2025-04-15 23:14:58,191] {processor.py:642} INFO - Processing file /opt/airflow/dags/data_ingestion_gcs_dag.py for tasks to queue
[2025-04-15 23:14:58,192] {logging_mixin.py:109} INFO - [2025-04-15 23:14:58,192] {dagbag.py:500} INFO - Filling up the DagBag from /opt/airflow/dags/data_ingestion_gcs_dag.py
[2025-04-15 23:15:00,270] {processor.py:654} INFO - DAG(s) dict_keys(['data_ingestion_gcs_dag']) retrieved from /opt/airflow/dags/data_ingestion_gcs_dag.py
[2025-04-15 23:15:00,282] {logging_mixin.py:109} INFO - [2025-04-15 23:15:00,281] {dag.py:2396} INFO - Sync 1 DAGs
[2025-04-15 23:15:00,301] {logging_mixin.py:109} INFO - [2025-04-15 23:15:00,301] {dag.py:2935} INFO - Setting next_dagrun for data_ingestion_gcs_dag to 2025-04-15T00:00:00+00:00
[2025-04-15 23:15:00,309] {processor.py:171} INFO - Processing /opt/airflow/dags/data_ingestion_gcs_dag.py took 2.134 seconds
[2025-04-15 23:15:30,381] {processor.py:163} INFO - Started process (PID=922) to work on /opt/airflow/dags/data_ingestion_gcs_dag.py
[2025-04-15 23:15:30,382] {processor.py:642} INFO - Processing file /opt/airflow/dags/data_ingestion_gcs_dag.py for tasks to queue
[2025-04-15 23:15:30,383] {logging_mixin.py:109} INFO - [2025-04-15 23:15:30,383] {dagbag.py:500} INFO - Filling up the DagBag from /opt/airflow/dags/data_ingestion_gcs_dag.py
[2025-04-15 23:15:30,932] {processor.py:654} INFO - DAG(s) dict_keys(['data_ingestion_gcs_dag']) retrieved from /opt/airflow/dags/data_ingestion_gcs_dag.py
[2025-04-15 23:15:30,939] {logging_mixin.py:109} INFO - [2025-04-15 23:15:30,939] {dag.py:2396} INFO - Sync 1 DAGs
[2025-04-15 23:15:30,951] {logging_mixin.py:109} INFO - [2025-04-15 23:15:30,951] {dag.py:2935} INFO - Setting next_dagrun for data_ingestion_gcs_dag to 2025-04-15T00:00:00+00:00
[2025-04-15 23:15:30,957] {processor.py:171} INFO - Processing /opt/airflow/dags/data_ingestion_gcs_dag.py took 0.578 seconds
[2025-04-15 23:16:01,058] {processor.py:163} INFO - Started process (PID=955) to work on /opt/airflow/dags/data_ingestion_gcs_dag.py
[2025-04-15 23:16:01,062] {processor.py:642} INFO - Processing file /opt/airflow/dags/data_ingestion_gcs_dag.py for tasks to queue
[2025-04-15 23:16:01,065] {logging_mixin.py:109} INFO - [2025-04-15 23:16:01,065] {dagbag.py:500} INFO - Filling up the DagBag from /opt/airflow/dags/data_ingestion_gcs_dag.py
[2025-04-15 23:16:03,496] {processor.py:654} INFO - DAG(s) dict_keys(['data_ingestion_gcs_dag']) retrieved from /opt/airflow/dags/data_ingestion_gcs_dag.py
[2025-04-15 23:16:03,511] {logging_mixin.py:109} INFO - [2025-04-15 23:16:03,510] {dag.py:2396} INFO - Sync 1 DAGs
[2025-04-15 23:16:03,529] {logging_mixin.py:109} INFO - [2025-04-15 23:16:03,529] {dag.py:2935} INFO - Setting next_dagrun for data_ingestion_gcs_dag to 2025-04-15T00:00:00+00:00
[2025-04-15 23:16:03,540] {processor.py:171} INFO - Processing /opt/airflow/dags/data_ingestion_gcs_dag.py took 2.493 seconds
[2025-04-15 23:16:33,651] {processor.py:163} INFO - Started process (PID=977) to work on /opt/airflow/dags/data_ingestion_gcs_dag.py
[2025-04-15 23:16:33,652] {processor.py:642} INFO - Processing file /opt/airflow/dags/data_ingestion_gcs_dag.py for tasks to queue
[2025-04-15 23:16:33,653] {logging_mixin.py:109} INFO - [2025-04-15 23:16:33,653] {dagbag.py:500} INFO - Filling up the DagBag from /opt/airflow/dags/data_ingestion_gcs_dag.py
[2025-04-15 23:16:34,335] {processor.py:654} INFO - DAG(s) dict_keys(['data_ingestion_gcs_dag']) retrieved from /opt/airflow/dags/data_ingestion_gcs_dag.py
[2025-04-15 23:16:34,342] {logging_mixin.py:109} INFO - [2025-04-15 23:16:34,342] {dag.py:2396} INFO - Sync 1 DAGs
[2025-04-15 23:16:34,354] {logging_mixin.py:109} INFO - [2025-04-15 23:16:34,354] {dag.py:2935} INFO - Setting next_dagrun for data_ingestion_gcs_dag to 2025-04-15T00:00:00+00:00
[2025-04-15 23:16:34,360] {processor.py:171} INFO - Processing /opt/airflow/dags/data_ingestion_gcs_dag.py took 0.710 seconds
[2025-04-15 23:17:04,446] {processor.py:163} INFO - Started process (PID=1009) to work on /opt/airflow/dags/data_ingestion_gcs_dag.py
[2025-04-15 23:17:04,447] {processor.py:642} INFO - Processing file /opt/airflow/dags/data_ingestion_gcs_dag.py for tasks to queue
[2025-04-15 23:17:04,448] {logging_mixin.py:109} INFO - [2025-04-15 23:17:04,448] {dagbag.py:500} INFO - Filling up the DagBag from /opt/airflow/dags/data_ingestion_gcs_dag.py
[2025-04-15 23:17:05,008] {processor.py:654} INFO - DAG(s) dict_keys(['data_ingestion_gcs_dag']) retrieved from /opt/airflow/dags/data_ingestion_gcs_dag.py
[2025-04-15 23:17:05,017] {logging_mixin.py:109} INFO - [2025-04-15 23:17:05,015] {dag.py:2396} INFO - Sync 1 DAGs
[2025-04-15 23:17:05,034] {logging_mixin.py:109} INFO - [2025-04-15 23:17:05,034] {dag.py:2935} INFO - Setting next_dagrun for data_ingestion_gcs_dag to 2025-04-15T00:00:00+00:00
[2025-04-15 23:17:05,050] {processor.py:171} INFO - Processing /opt/airflow/dags/data_ingestion_gcs_dag.py took 0.606 seconds
[2025-04-15 23:17:35,114] {processor.py:163} INFO - Started process (PID=1031) to work on /opt/airflow/dags/data_ingestion_gcs_dag.py
[2025-04-15 23:17:35,115] {processor.py:642} INFO - Processing file /opt/airflow/dags/data_ingestion_gcs_dag.py for tasks to queue
[2025-04-15 23:17:35,116] {logging_mixin.py:109} INFO - [2025-04-15 23:17:35,116] {dagbag.py:500} INFO - Filling up the DagBag from /opt/airflow/dags/data_ingestion_gcs_dag.py
[2025-04-15 23:17:35,699] {processor.py:654} INFO - DAG(s) dict_keys(['data_ingestion_gcs_dag']) retrieved from /opt/airflow/dags/data_ingestion_gcs_dag.py
[2025-04-15 23:17:35,706] {logging_mixin.py:109} INFO - [2025-04-15 23:17:35,705] {dag.py:2396} INFO - Sync 1 DAGs
[2025-04-15 23:17:35,717] {logging_mixin.py:109} INFO - [2025-04-15 23:17:35,717] {dag.py:2935} INFO - Setting next_dagrun for data_ingestion_gcs_dag to 2025-04-15T00:00:00+00:00
[2025-04-15 23:17:35,723] {processor.py:171} INFO - Processing /opt/airflow/dags/data_ingestion_gcs_dag.py took 0.611 seconds
[2025-04-15 23:18:05,795] {processor.py:163} INFO - Started process (PID=1064) to work on /opt/airflow/dags/data_ingestion_gcs_dag.py
[2025-04-15 23:18:05,796] {processor.py:642} INFO - Processing file /opt/airflow/dags/data_ingestion_gcs_dag.py for tasks to queue
[2025-04-15 23:18:05,796] {logging_mixin.py:109} INFO - [2025-04-15 23:18:05,796] {dagbag.py:500} INFO - Filling up the DagBag from /opt/airflow/dags/data_ingestion_gcs_dag.py
[2025-04-15 23:18:06,349] {processor.py:654} INFO - DAG(s) dict_keys(['data_ingestion_gcs_dag']) retrieved from /opt/airflow/dags/data_ingestion_gcs_dag.py
[2025-04-15 23:18:06,356] {logging_mixin.py:109} INFO - [2025-04-15 23:18:06,356] {dag.py:2396} INFO - Sync 1 DAGs
[2025-04-15 23:18:06,368] {logging_mixin.py:109} INFO - [2025-04-15 23:18:06,368] {dag.py:2935} INFO - Setting next_dagrun for data_ingestion_gcs_dag to 2025-04-15T00:00:00+00:00
[2025-04-15 23:18:06,374] {processor.py:171} INFO - Processing /opt/airflow/dags/data_ingestion_gcs_dag.py took 0.581 seconds
[2025-04-15 23:18:36,448] {processor.py:163} INFO - Started process (PID=1087) to work on /opt/airflow/dags/data_ingestion_gcs_dag.py
[2025-04-15 23:18:36,449] {processor.py:642} INFO - Processing file /opt/airflow/dags/data_ingestion_gcs_dag.py for tasks to queue
[2025-04-15 23:18:36,449] {logging_mixin.py:109} INFO - [2025-04-15 23:18:36,449] {dagbag.py:500} INFO - Filling up the DagBag from /opt/airflow/dags/data_ingestion_gcs_dag.py
[2025-04-15 23:18:37,007] {processor.py:654} INFO - DAG(s) dict_keys(['data_ingestion_gcs_dag']) retrieved from /opt/airflow/dags/data_ingestion_gcs_dag.py
[2025-04-15 23:18:37,014] {logging_mixin.py:109} INFO - [2025-04-15 23:18:37,014] {dag.py:2396} INFO - Sync 1 DAGs
[2025-04-15 23:18:37,026] {logging_mixin.py:109} INFO - [2025-04-15 23:18:37,026] {dag.py:2935} INFO - Setting next_dagrun for data_ingestion_gcs_dag to 2025-04-15T00:00:00+00:00
[2025-04-15 23:18:37,032] {processor.py:171} INFO - Processing /opt/airflow/dags/data_ingestion_gcs_dag.py took 0.586 seconds
[2025-04-15 23:19:07,108] {processor.py:163} INFO - Started process (PID=1120) to work on /opt/airflow/dags/data_ingestion_gcs_dag.py
[2025-04-15 23:19:07,109] {processor.py:642} INFO - Processing file /opt/airflow/dags/data_ingestion_gcs_dag.py for tasks to queue
[2025-04-15 23:19:07,109] {logging_mixin.py:109} INFO - [2025-04-15 23:19:07,109] {dagbag.py:500} INFO - Filling up the DagBag from /opt/airflow/dags/data_ingestion_gcs_dag.py
[2025-04-15 23:19:07,752] {processor.py:654} INFO - DAG(s) dict_keys(['data_ingestion_gcs_dag']) retrieved from /opt/airflow/dags/data_ingestion_gcs_dag.py
[2025-04-15 23:19:07,760] {logging_mixin.py:109} INFO - [2025-04-15 23:19:07,759] {dag.py:2396} INFO - Sync 1 DAGs
[2025-04-15 23:19:07,771] {logging_mixin.py:109} INFO - [2025-04-15 23:19:07,771] {dag.py:2935} INFO - Setting next_dagrun for data_ingestion_gcs_dag to 2025-04-15T00:00:00+00:00
[2025-04-15 23:19:07,777] {processor.py:171} INFO - Processing /opt/airflow/dags/data_ingestion_gcs_dag.py took 0.671 seconds
[2025-04-15 23:19:37,842] {processor.py:163} INFO - Started process (PID=1153) to work on /opt/airflow/dags/data_ingestion_gcs_dag.py
[2025-04-15 23:19:37,843] {processor.py:642} INFO - Processing file /opt/airflow/dags/data_ingestion_gcs_dag.py for tasks to queue
[2025-04-15 23:19:37,844] {logging_mixin.py:109} INFO - [2025-04-15 23:19:37,844] {dagbag.py:500} INFO - Filling up the DagBag from /opt/airflow/dags/data_ingestion_gcs_dag.py
[2025-04-15 23:19:38,819] {processor.py:654} INFO - DAG(s) dict_keys(['data_ingestion_gcs_dag']) retrieved from /opt/airflow/dags/data_ingestion_gcs_dag.py
[2025-04-15 23:19:38,830] {logging_mixin.py:109} INFO - [2025-04-15 23:19:38,829] {dag.py:2396} INFO - Sync 1 DAGs
[2025-04-15 23:19:38,849] {logging_mixin.py:109} INFO - [2025-04-15 23:19:38,849] {dag.py:2935} INFO - Setting next_dagrun for data_ingestion_gcs_dag to 2025-04-15T00:00:00+00:00
[2025-04-15 23:19:38,857] {processor.py:171} INFO - Processing /opt/airflow/dags/data_ingestion_gcs_dag.py took 1.018 seconds
[2025-04-15 23:20:08,937] {processor.py:163} INFO - Started process (PID=1176) to work on /opt/airflow/dags/data_ingestion_gcs_dag.py
[2025-04-15 23:20:08,938] {processor.py:642} INFO - Processing file /opt/airflow/dags/data_ingestion_gcs_dag.py for tasks to queue
[2025-04-15 23:20:08,938] {logging_mixin.py:109} INFO - [2025-04-15 23:20:08,938] {dagbag.py:500} INFO - Filling up the DagBag from /opt/airflow/dags/data_ingestion_gcs_dag.py
[2025-04-15 23:20:09,500] {processor.py:654} INFO - DAG(s) dict_keys(['data_ingestion_gcs_dag']) retrieved from /opt/airflow/dags/data_ingestion_gcs_dag.py
[2025-04-15 23:20:09,507] {logging_mixin.py:109} INFO - [2025-04-15 23:20:09,507] {dag.py:2396} INFO - Sync 1 DAGs
[2025-04-15 23:20:09,519] {logging_mixin.py:109} INFO - [2025-04-15 23:20:09,519] {dag.py:2935} INFO - Setting next_dagrun for data_ingestion_gcs_dag to 2025-04-15T00:00:00+00:00
[2025-04-15 23:20:09,525] {processor.py:171} INFO - Processing /opt/airflow/dags/data_ingestion_gcs_dag.py took 0.590 seconds
[2025-04-15 23:20:39,617] {processor.py:163} INFO - Started process (PID=1199) to work on /opt/airflow/dags/data_ingestion_gcs_dag.py
[2025-04-15 23:20:39,618] {processor.py:642} INFO - Processing file /opt/airflow/dags/data_ingestion_gcs_dag.py for tasks to queue
[2025-04-15 23:20:39,619] {logging_mixin.py:109} INFO - [2025-04-15 23:20:39,619] {dagbag.py:500} INFO - Filling up the DagBag from /opt/airflow/dags/data_ingestion_gcs_dag.py
[2025-04-15 23:20:40,416] {processor.py:654} INFO - DAG(s) dict_keys(['data_ingestion_gcs_dag']) retrieved from /opt/airflow/dags/data_ingestion_gcs_dag.py
[2025-04-15 23:20:40,435] {logging_mixin.py:109} INFO - [2025-04-15 23:20:40,434] {dag.py:2396} INFO - Sync 1 DAGs
[2025-04-15 23:20:40,470] {logging_mixin.py:109} INFO - [2025-04-15 23:20:40,469] {dag.py:2935} INFO - Setting next_dagrun for data_ingestion_gcs_dag to 2025-04-15T00:00:00+00:00
[2025-04-15 23:20:40,494] {processor.py:171} INFO - Processing /opt/airflow/dags/data_ingestion_gcs_dag.py took 0.878 seconds
[2025-04-15 23:21:10,617] {processor.py:163} INFO - Started process (PID=1232) to work on /opt/airflow/dags/data_ingestion_gcs_dag.py
[2025-04-15 23:21:10,617] {processor.py:642} INFO - Processing file /opt/airflow/dags/data_ingestion_gcs_dag.py for tasks to queue
[2025-04-15 23:21:10,618] {logging_mixin.py:109} INFO - [2025-04-15 23:21:10,618] {dagbag.py:500} INFO - Filling up the DagBag from /opt/airflow/dags/data_ingestion_gcs_dag.py
[2025-04-15 23:21:11,232] {processor.py:654} INFO - DAG(s) dict_keys(['data_ingestion_gcs_dag']) retrieved from /opt/airflow/dags/data_ingestion_gcs_dag.py
[2025-04-15 23:21:11,240] {logging_mixin.py:109} INFO - [2025-04-15 23:21:11,239] {dag.py:2396} INFO - Sync 1 DAGs
[2025-04-15 23:21:11,251] {logging_mixin.py:109} INFO - [2025-04-15 23:21:11,251] {dag.py:2935} INFO - Setting next_dagrun for data_ingestion_gcs_dag to 2025-04-15T00:00:00+00:00
[2025-04-15 23:21:11,257] {processor.py:171} INFO - Processing /opt/airflow/dags/data_ingestion_gcs_dag.py took 0.642 seconds
[2025-04-15 23:21:41,319] {processor.py:163} INFO - Started process (PID=1255) to work on /opt/airflow/dags/data_ingestion_gcs_dag.py
[2025-04-15 23:21:41,321] {processor.py:642} INFO - Processing file /opt/airflow/dags/data_ingestion_gcs_dag.py for tasks to queue
[2025-04-15 23:21:41,322] {logging_mixin.py:109} INFO - [2025-04-15 23:21:41,321] {dagbag.py:500} INFO - Filling up the DagBag from /opt/airflow/dags/data_ingestion_gcs_dag.py
[2025-04-15 23:21:41,911] {processor.py:654} INFO - DAG(s) dict_keys(['data_ingestion_gcs_dag']) retrieved from /opt/airflow/dags/data_ingestion_gcs_dag.py
[2025-04-15 23:21:41,918] {logging_mixin.py:109} INFO - [2025-04-15 23:21:41,917] {dag.py:2396} INFO - Sync 1 DAGs
[2025-04-15 23:21:41,929] {logging_mixin.py:109} INFO - [2025-04-15 23:21:41,929] {dag.py:2935} INFO - Setting next_dagrun for data_ingestion_gcs_dag to 2025-04-15T00:00:00+00:00
[2025-04-15 23:21:41,935] {processor.py:171} INFO - Processing /opt/airflow/dags/data_ingestion_gcs_dag.py took 0.618 seconds
[2025-04-15 23:22:12,016] {processor.py:163} INFO - Started process (PID=1288) to work on /opt/airflow/dags/data_ingestion_gcs_dag.py
[2025-04-15 23:22:12,017] {processor.py:642} INFO - Processing file /opt/airflow/dags/data_ingestion_gcs_dag.py for tasks to queue
[2025-04-15 23:22:12,018] {logging_mixin.py:109} INFO - [2025-04-15 23:22:12,018] {dagbag.py:500} INFO - Filling up the DagBag from /opt/airflow/dags/data_ingestion_gcs_dag.py
[2025-04-15 23:22:12,889] {processor.py:654} INFO - DAG(s) dict_keys(['data_ingestion_gcs_dag']) retrieved from /opt/airflow/dags/data_ingestion_gcs_dag.py
[2025-04-15 23:22:12,902] {logging_mixin.py:109} INFO - [2025-04-15 23:22:12,900] {dag.py:2396} INFO - Sync 1 DAGs
[2025-04-15 23:22:12,918] {logging_mixin.py:109} INFO - [2025-04-15 23:22:12,918] {dag.py:2935} INFO - Setting next_dagrun for data_ingestion_gcs_dag to 2025-04-15T00:00:00+00:00
[2025-04-15 23:22:12,929] {processor.py:171} INFO - Processing /opt/airflow/dags/data_ingestion_gcs_dag.py took 0.916 seconds
[2025-04-15 23:22:43,051] {processor.py:163} INFO - Started process (PID=1320) to work on /opt/airflow/dags/data_ingestion_gcs_dag.py
[2025-04-15 23:22:43,052] {processor.py:642} INFO - Processing file /opt/airflow/dags/data_ingestion_gcs_dag.py for tasks to queue
[2025-04-15 23:22:43,053] {logging_mixin.py:109} INFO - [2025-04-15 23:22:43,053] {dagbag.py:500} INFO - Filling up the DagBag from /opt/airflow/dags/data_ingestion_gcs_dag.py
[2025-04-15 23:22:43,928] {processor.py:654} INFO - DAG(s) dict_keys(['data_ingestion_gcs_dag']) retrieved from /opt/airflow/dags/data_ingestion_gcs_dag.py
[2025-04-15 23:22:43,940] {logging_mixin.py:109} INFO - [2025-04-15 23:22:43,939] {dag.py:2396} INFO - Sync 1 DAGs
[2025-04-15 23:22:43,958] {logging_mixin.py:109} INFO - [2025-04-15 23:22:43,958] {dag.py:2935} INFO - Setting next_dagrun for data_ingestion_gcs_dag to 2025-04-15T00:00:00+00:00
[2025-04-15 23:22:43,965] {processor.py:171} INFO - Processing /opt/airflow/dags/data_ingestion_gcs_dag.py took 0.918 seconds
[2025-04-15 23:23:14,071] {processor.py:163} INFO - Started process (PID=1344) to work on /opt/airflow/dags/data_ingestion_gcs_dag.py
[2025-04-15 23:23:14,073] {processor.py:642} INFO - Processing file /opt/airflow/dags/data_ingestion_gcs_dag.py for tasks to queue
[2025-04-15 23:23:14,076] {logging_mixin.py:109} INFO - [2025-04-15 23:23:14,076] {dagbag.py:500} INFO - Filling up the DagBag from /opt/airflow/dags/data_ingestion_gcs_dag.py
[2025-04-15 23:23:15,094] {processor.py:654} INFO - DAG(s) dict_keys(['data_ingestion_gcs_dag']) retrieved from /opt/airflow/dags/data_ingestion_gcs_dag.py
[2025-04-15 23:23:15,105] {logging_mixin.py:109} INFO - [2025-04-15 23:23:15,104] {dag.py:2396} INFO - Sync 1 DAGs
[2025-04-15 23:23:15,122] {logging_mixin.py:109} INFO - [2025-04-15 23:23:15,122] {dag.py:2935} INFO - Setting next_dagrun for data_ingestion_gcs_dag to 2025-04-15T00:00:00+00:00
[2025-04-15 23:23:15,138] {processor.py:171} INFO - Processing /opt/airflow/dags/data_ingestion_gcs_dag.py took 1.076 seconds
[2025-04-15 23:23:45,196] {processor.py:163} INFO - Started process (PID=1377) to work on /opt/airflow/dags/data_ingestion_gcs_dag.py
[2025-04-15 23:23:45,197] {processor.py:642} INFO - Processing file /opt/airflow/dags/data_ingestion_gcs_dag.py for tasks to queue
[2025-04-15 23:23:45,198] {logging_mixin.py:109} INFO - [2025-04-15 23:23:45,198] {dagbag.py:500} INFO - Filling up the DagBag from /opt/airflow/dags/data_ingestion_gcs_dag.py
[2025-04-15 23:23:45,977] {processor.py:654} INFO - DAG(s) dict_keys(['data_ingestion_gcs_dag']) retrieved from /opt/airflow/dags/data_ingestion_gcs_dag.py
[2025-04-15 23:23:45,985] {logging_mixin.py:109} INFO - [2025-04-15 23:23:45,984] {dag.py:2396} INFO - Sync 1 DAGs
[2025-04-15 23:23:45,996] {logging_mixin.py:109} INFO - [2025-04-15 23:23:45,996] {dag.py:2935} INFO - Setting next_dagrun for data_ingestion_gcs_dag to 2025-04-15T00:00:00+00:00
[2025-04-15 23:23:46,002] {processor.py:171} INFO - Processing /opt/airflow/dags/data_ingestion_gcs_dag.py took 0.809 seconds
[2025-04-15 23:24:16,087] {processor.py:163} INFO - Started process (PID=1401) to work on /opt/airflow/dags/data_ingestion_gcs_dag.py
[2025-04-15 23:24:16,088] {processor.py:642} INFO - Processing file /opt/airflow/dags/data_ingestion_gcs_dag.py for tasks to queue
[2025-04-15 23:24:16,089] {logging_mixin.py:109} INFO - [2025-04-15 23:24:16,089] {dagbag.py:500} INFO - Filling up the DagBag from /opt/airflow/dags/data_ingestion_gcs_dag.py
[2025-04-15 23:24:17,146] {processor.py:654} INFO - DAG(s) dict_keys(['data_ingestion_gcs_dag']) retrieved from /opt/airflow/dags/data_ingestion_gcs_dag.py
[2025-04-15 23:24:17,159] {logging_mixin.py:109} INFO - [2025-04-15 23:24:17,158] {dag.py:2396} INFO - Sync 1 DAGs
[2025-04-15 23:24:17,180] {logging_mixin.py:109} INFO - [2025-04-15 23:24:17,179] {dag.py:2935} INFO - Setting next_dagrun for data_ingestion_gcs_dag to 2025-04-15T00:00:00+00:00
[2025-04-15 23:24:17,187] {processor.py:171} INFO - Processing /opt/airflow/dags/data_ingestion_gcs_dag.py took 1.103 seconds
[2025-04-15 23:24:47,276] {processor.py:163} INFO - Started process (PID=1434) to work on /opt/airflow/dags/data_ingestion_gcs_dag.py
[2025-04-15 23:24:47,277] {processor.py:642} INFO - Processing file /opt/airflow/dags/data_ingestion_gcs_dag.py for tasks to queue
[2025-04-15 23:24:47,277] {logging_mixin.py:109} INFO - [2025-04-15 23:24:47,277] {dagbag.py:500} INFO - Filling up the DagBag from /opt/airflow/dags/data_ingestion_gcs_dag.py
[2025-04-15 23:24:48,077] {processor.py:654} INFO - DAG(s) dict_keys(['data_ingestion_gcs_dag']) retrieved from /opt/airflow/dags/data_ingestion_gcs_dag.py
[2025-04-15 23:24:48,084] {logging_mixin.py:109} INFO - [2025-04-15 23:24:48,084] {dag.py:2396} INFO - Sync 1 DAGs
[2025-04-15 23:24:48,095] {logging_mixin.py:109} INFO - [2025-04-15 23:24:48,095] {dag.py:2935} INFO - Setting next_dagrun for data_ingestion_gcs_dag to 2025-04-15T00:00:00+00:00
[2025-04-15 23:24:48,101] {processor.py:171} INFO - Processing /opt/airflow/dags/data_ingestion_gcs_dag.py took 0.827 seconds
[2025-04-15 23:25:18,194] {processor.py:163} INFO - Started process (PID=1457) to work on /opt/airflow/dags/data_ingestion_gcs_dag.py
[2025-04-15 23:25:18,194] {processor.py:642} INFO - Processing file /opt/airflow/dags/data_ingestion_gcs_dag.py for tasks to queue
[2025-04-15 23:25:18,195] {logging_mixin.py:109} INFO - [2025-04-15 23:25:18,195] {dagbag.py:500} INFO - Filling up the DagBag from /opt/airflow/dags/data_ingestion_gcs_dag.py
[2025-04-15 23:25:19,199] {processor.py:654} INFO - DAG(s) dict_keys(['data_ingestion_gcs_dag']) retrieved from /opt/airflow/dags/data_ingestion_gcs_dag.py
[2025-04-15 23:25:19,211] {logging_mixin.py:109} INFO - [2025-04-15 23:25:19,210] {dag.py:2396} INFO - Sync 1 DAGs
[2025-04-15 23:25:19,229] {logging_mixin.py:109} INFO - [2025-04-15 23:25:19,229] {dag.py:2935} INFO - Setting next_dagrun for data_ingestion_gcs_dag to 2025-04-15T00:00:00+00:00
[2025-04-15 23:25:19,236] {processor.py:171} INFO - Processing /opt/airflow/dags/data_ingestion_gcs_dag.py took 1.045 seconds
[2025-04-15 23:25:49,301] {processor.py:163} INFO - Started process (PID=1489) to work on /opt/airflow/dags/data_ingestion_gcs_dag.py
[2025-04-15 23:25:49,301] {processor.py:642} INFO - Processing file /opt/airflow/dags/data_ingestion_gcs_dag.py for tasks to queue
[2025-04-15 23:25:49,302] {logging_mixin.py:109} INFO - [2025-04-15 23:25:49,302] {dagbag.py:500} INFO - Filling up the DagBag from /opt/airflow/dags/data_ingestion_gcs_dag.py
[2025-04-15 23:25:50,035] {processor.py:654} INFO - DAG(s) dict_keys(['data_ingestion_gcs_dag']) retrieved from /opt/airflow/dags/data_ingestion_gcs_dag.py
[2025-04-15 23:25:50,043] {logging_mixin.py:109} INFO - [2025-04-15 23:25:50,042] {dag.py:2396} INFO - Sync 1 DAGs
[2025-04-15 23:25:50,054] {logging_mixin.py:109} INFO - [2025-04-15 23:25:50,054] {dag.py:2935} INFO - Setting next_dagrun for data_ingestion_gcs_dag to 2025-04-15T00:00:00+00:00
[2025-04-15 23:25:50,060] {processor.py:171} INFO - Processing /opt/airflow/dags/data_ingestion_gcs_dag.py took 0.762 seconds
[2025-04-15 23:26:20,159] {processor.py:163} INFO - Started process (PID=1512) to work on /opt/airflow/dags/data_ingestion_gcs_dag.py
[2025-04-15 23:26:20,160] {processor.py:642} INFO - Processing file /opt/airflow/dags/data_ingestion_gcs_dag.py for tasks to queue
[2025-04-15 23:26:20,161] {logging_mixin.py:109} INFO - [2025-04-15 23:26:20,161] {dagbag.py:500} INFO - Filling up the DagBag from /opt/airflow/dags/data_ingestion_gcs_dag.py
[2025-04-15 23:26:21,039] {processor.py:654} INFO - DAG(s) dict_keys(['data_ingestion_gcs_dag']) retrieved from /opt/airflow/dags/data_ingestion_gcs_dag.py
[2025-04-15 23:26:21,046] {logging_mixin.py:109} INFO - [2025-04-15 23:26:21,046] {dag.py:2396} INFO - Sync 1 DAGs
[2025-04-15 23:26:21,058] {logging_mixin.py:109} INFO - [2025-04-15 23:26:21,058] {dag.py:2935} INFO - Setting next_dagrun for data_ingestion_gcs_dag to 2025-04-15T00:00:00+00:00
[2025-04-15 23:26:21,064] {processor.py:171} INFO - Processing /opt/airflow/dags/data_ingestion_gcs_dag.py took 0.907 seconds
[2025-04-15 23:26:51,196] {processor.py:163} INFO - Started process (PID=1545) to work on /opt/airflow/dags/data_ingestion_gcs_dag.py
[2025-04-15 23:26:51,198] {processor.py:642} INFO - Processing file /opt/airflow/dags/data_ingestion_gcs_dag.py for tasks to queue
[2025-04-15 23:26:51,200] {logging_mixin.py:109} INFO - [2025-04-15 23:26:51,200] {dagbag.py:500} INFO - Filling up the DagBag from /opt/airflow/dags/data_ingestion_gcs_dag.py
[2025-04-15 23:26:52,275] {processor.py:654} INFO - DAG(s) dict_keys(['data_ingestion_gcs_dag']) retrieved from /opt/airflow/dags/data_ingestion_gcs_dag.py
[2025-04-15 23:26:52,282] {logging_mixin.py:109} INFO - [2025-04-15 23:26:52,281] {dag.py:2396} INFO - Sync 1 DAGs
[2025-04-15 23:26:52,294] {logging_mixin.py:109} INFO - [2025-04-15 23:26:52,294] {dag.py:2935} INFO - Setting next_dagrun for data_ingestion_gcs_dag to 2025-04-15T00:00:00+00:00
[2025-04-15 23:26:52,301] {processor.py:171} INFO - Processing /opt/airflow/dags/data_ingestion_gcs_dag.py took 1.113 seconds
[2025-04-15 23:27:22,370] {processor.py:163} INFO - Started process (PID=1567) to work on /opt/airflow/dags/data_ingestion_gcs_dag.py
[2025-04-15 23:27:22,371] {processor.py:642} INFO - Processing file /opt/airflow/dags/data_ingestion_gcs_dag.py for tasks to queue
[2025-04-15 23:27:22,371] {logging_mixin.py:109} INFO - [2025-04-15 23:27:22,371] {dagbag.py:500} INFO - Filling up the DagBag from /opt/airflow/dags/data_ingestion_gcs_dag.py
[2025-04-15 23:27:23,023] {processor.py:654} INFO - DAG(s) dict_keys(['data_ingestion_gcs_dag']) retrieved from /opt/airflow/dags/data_ingestion_gcs_dag.py
[2025-04-15 23:27:23,037] {logging_mixin.py:109} INFO - [2025-04-15 23:27:23,035] {dag.py:2396} INFO - Sync 1 DAGs
[2025-04-15 23:27:23,057] {logging_mixin.py:109} INFO - [2025-04-15 23:27:23,056] {dag.py:2935} INFO - Setting next_dagrun for data_ingestion_gcs_dag to 2025-04-15T00:00:00+00:00
[2025-04-15 23:27:23,062] {processor.py:171} INFO - Processing /opt/airflow/dags/data_ingestion_gcs_dag.py took 0.696 seconds
[2025-04-15 23:27:53,153] {processor.py:163} INFO - Started process (PID=1600) to work on /opt/airflow/dags/data_ingestion_gcs_dag.py
[2025-04-15 23:27:53,154] {processor.py:642} INFO - Processing file /opt/airflow/dags/data_ingestion_gcs_dag.py for tasks to queue
[2025-04-15 23:27:53,154] {logging_mixin.py:109} INFO - [2025-04-15 23:27:53,154] {dagbag.py:500} INFO - Filling up the DagBag from /opt/airflow/dags/data_ingestion_gcs_dag.py
[2025-04-15 23:27:53,870] {processor.py:654} INFO - DAG(s) dict_keys(['data_ingestion_gcs_dag']) retrieved from /opt/airflow/dags/data_ingestion_gcs_dag.py
[2025-04-15 23:27:53,886] {logging_mixin.py:109} INFO - [2025-04-15 23:27:53,884] {dag.py:2396} INFO - Sync 1 DAGs
[2025-04-15 23:27:53,905] {logging_mixin.py:109} INFO - [2025-04-15 23:27:53,905] {dag.py:2935} INFO - Setting next_dagrun for data_ingestion_gcs_dag to 2025-04-15T00:00:00+00:00
[2025-04-15 23:27:53,911] {processor.py:171} INFO - Processing /opt/airflow/dags/data_ingestion_gcs_dag.py took 0.760 seconds
[2025-04-15 23:28:23,987] {processor.py:163} INFO - Started process (PID=1623) to work on /opt/airflow/dags/data_ingestion_gcs_dag.py
[2025-04-15 23:28:23,988] {processor.py:642} INFO - Processing file /opt/airflow/dags/data_ingestion_gcs_dag.py for tasks to queue
[2025-04-15 23:28:23,989] {logging_mixin.py:109} INFO - [2025-04-15 23:28:23,989] {dagbag.py:500} INFO - Filling up the DagBag from /opt/airflow/dags/data_ingestion_gcs_dag.py
[2025-04-15 23:28:24,665] {processor.py:654} INFO - DAG(s) dict_keys(['data_ingestion_gcs_dag']) retrieved from /opt/airflow/dags/data_ingestion_gcs_dag.py
[2025-04-15 23:28:24,672] {logging_mixin.py:109} INFO - [2025-04-15 23:28:24,672] {dag.py:2396} INFO - Sync 1 DAGs
[2025-04-15 23:28:24,686] {logging_mixin.py:109} INFO - [2025-04-15 23:28:24,686] {dag.py:2935} INFO - Setting next_dagrun for data_ingestion_gcs_dag to 2025-04-15T00:00:00+00:00
[2025-04-15 23:28:24,692] {processor.py:171} INFO - Processing /opt/airflow/dags/data_ingestion_gcs_dag.py took 0.707 seconds
[2025-04-15 23:28:54,758] {processor.py:163} INFO - Started process (PID=1655) to work on /opt/airflow/dags/data_ingestion_gcs_dag.py
[2025-04-15 23:28:54,759] {processor.py:642} INFO - Processing file /opt/airflow/dags/data_ingestion_gcs_dag.py for tasks to queue
[2025-04-15 23:28:54,759] {logging_mixin.py:109} INFO - [2025-04-15 23:28:54,759] {dagbag.py:500} INFO - Filling up the DagBag from /opt/airflow/dags/data_ingestion_gcs_dag.py
[2025-04-15 23:28:55,370] {processor.py:654} INFO - DAG(s) dict_keys(['data_ingestion_gcs_dag']) retrieved from /opt/airflow/dags/data_ingestion_gcs_dag.py
[2025-04-15 23:28:55,378] {logging_mixin.py:109} INFO - [2025-04-15 23:28:55,377] {dag.py:2396} INFO - Sync 1 DAGs
[2025-04-15 23:28:55,390] {logging_mixin.py:109} INFO - [2025-04-15 23:28:55,390] {dag.py:2935} INFO - Setting next_dagrun for data_ingestion_gcs_dag to 2025-04-15T00:00:00+00:00
[2025-04-15 23:28:55,396] {processor.py:171} INFO - Processing /opt/airflow/dags/data_ingestion_gcs_dag.py took 0.640 seconds
[2025-04-15 23:29:25,476] {processor.py:163} INFO - Started process (PID=1678) to work on /opt/airflow/dags/data_ingestion_gcs_dag.py
[2025-04-15 23:29:25,477] {processor.py:642} INFO - Processing file /opt/airflow/dags/data_ingestion_gcs_dag.py for tasks to queue
[2025-04-15 23:29:25,478] {logging_mixin.py:109} INFO - [2025-04-15 23:29:25,478] {dagbag.py:500} INFO - Filling up the DagBag from /opt/airflow/dags/data_ingestion_gcs_dag.py
[2025-04-15 23:29:26,098] {processor.py:654} INFO - DAG(s) dict_keys(['data_ingestion_gcs_dag']) retrieved from /opt/airflow/dags/data_ingestion_gcs_dag.py
[2025-04-15 23:29:26,105] {logging_mixin.py:109} INFO - [2025-04-15 23:29:26,105] {dag.py:2396} INFO - Sync 1 DAGs
[2025-04-15 23:29:26,118] {logging_mixin.py:109} INFO - [2025-04-15 23:29:26,118] {dag.py:2935} INFO - Setting next_dagrun for data_ingestion_gcs_dag to 2025-04-15T00:00:00+00:00
[2025-04-15 23:29:26,124] {processor.py:171} INFO - Processing /opt/airflow/dags/data_ingestion_gcs_dag.py took 0.650 seconds
[2025-04-15 23:29:56,188] {processor.py:163} INFO - Started process (PID=1711) to work on /opt/airflow/dags/data_ingestion_gcs_dag.py
[2025-04-15 23:29:56,189] {processor.py:642} INFO - Processing file /opt/airflow/dags/data_ingestion_gcs_dag.py for tasks to queue
[2025-04-15 23:29:56,190] {logging_mixin.py:109} INFO - [2025-04-15 23:29:56,190] {dagbag.py:500} INFO - Filling up the DagBag from /opt/airflow/dags/data_ingestion_gcs_dag.py
[2025-04-15 23:29:57,017] {processor.py:654} INFO - DAG(s) dict_keys(['data_ingestion_gcs_dag']) retrieved from /opt/airflow/dags/data_ingestion_gcs_dag.py
[2025-04-15 23:29:57,025] {logging_mixin.py:109} INFO - [2025-04-15 23:29:57,024] {dag.py:2396} INFO - Sync 1 DAGs
[2025-04-15 23:29:57,036] {logging_mixin.py:109} INFO - [2025-04-15 23:29:57,036] {dag.py:2935} INFO - Setting next_dagrun for data_ingestion_gcs_dag to 2025-04-15T00:00:00+00:00
[2025-04-15 23:29:57,042] {processor.py:171} INFO - Processing /opt/airflow/dags/data_ingestion_gcs_dag.py took 0.857 seconds
[2025-04-15 23:30:27,120] {processor.py:163} INFO - Started process (PID=1744) to work on /opt/airflow/dags/data_ingestion_gcs_dag.py
[2025-04-15 23:30:27,121] {processor.py:642} INFO - Processing file /opt/airflow/dags/data_ingestion_gcs_dag.py for tasks to queue
[2025-04-15 23:30:27,124] {logging_mixin.py:109} INFO - [2025-04-15 23:30:27,124] {dagbag.py:500} INFO - Filling up the DagBag from /opt/airflow/dags/data_ingestion_gcs_dag.py
[2025-04-15 23:30:28,049] {processor.py:654} INFO - DAG(s) dict_keys(['data_ingestion_gcs_dag']) retrieved from /opt/airflow/dags/data_ingestion_gcs_dag.py
[2025-04-15 23:30:28,060] {logging_mixin.py:109} INFO - [2025-04-15 23:30:28,059] {dag.py:2396} INFO - Sync 1 DAGs
[2025-04-15 23:30:28,076] {logging_mixin.py:109} INFO - [2025-04-15 23:30:28,076] {dag.py:2935} INFO - Setting next_dagrun for data_ingestion_gcs_dag to 2025-04-15T00:00:00+00:00
[2025-04-15 23:30:28,083] {processor.py:171} INFO - Processing /opt/airflow/dags/data_ingestion_gcs_dag.py took 0.970 seconds
[2025-04-15 23:30:58,155] {processor.py:163} INFO - Started process (PID=1766) to work on /opt/airflow/dags/data_ingestion_gcs_dag.py
[2025-04-15 23:30:58,156] {processor.py:642} INFO - Processing file /opt/airflow/dags/data_ingestion_gcs_dag.py for tasks to queue
[2025-04-15 23:30:58,157] {logging_mixin.py:109} INFO - [2025-04-15 23:30:58,157] {dagbag.py:500} INFO - Filling up the DagBag from /opt/airflow/dags/data_ingestion_gcs_dag.py
[2025-04-15 23:30:59,103] {processor.py:654} INFO - DAG(s) dict_keys(['data_ingestion_gcs_dag']) retrieved from /opt/airflow/dags/data_ingestion_gcs_dag.py
[2025-04-15 23:30:59,116] {logging_mixin.py:109} INFO - [2025-04-15 23:30:59,115] {dag.py:2396} INFO - Sync 1 DAGs
[2025-04-15 23:30:59,134] {logging_mixin.py:109} INFO - [2025-04-15 23:30:59,133] {dag.py:2935} INFO - Setting next_dagrun for data_ingestion_gcs_dag to 2025-04-15T00:00:00+00:00
[2025-04-15 23:30:59,142] {processor.py:171} INFO - Processing /opt/airflow/dags/data_ingestion_gcs_dag.py took 0.993 seconds
[2025-04-15 23:31:29,267] {processor.py:163} INFO - Started process (PID=1799) to work on /opt/airflow/dags/data_ingestion_gcs_dag.py
[2025-04-15 23:31:29,268] {processor.py:642} INFO - Processing file /opt/airflow/dags/data_ingestion_gcs_dag.py for tasks to queue
[2025-04-15 23:31:29,269] {logging_mixin.py:109} INFO - [2025-04-15 23:31:29,269] {dagbag.py:500} INFO - Filling up the DagBag from /opt/airflow/dags/data_ingestion_gcs_dag.py
[2025-04-15 23:31:30,082] {processor.py:654} INFO - DAG(s) dict_keys(['data_ingestion_gcs_dag']) retrieved from /opt/airflow/dags/data_ingestion_gcs_dag.py
[2025-04-15 23:31:30,089] {logging_mixin.py:109} INFO - [2025-04-15 23:31:30,089] {dag.py:2396} INFO - Sync 1 DAGs
[2025-04-15 23:31:30,101] {logging_mixin.py:109} INFO - [2025-04-15 23:31:30,101] {dag.py:2935} INFO - Setting next_dagrun for data_ingestion_gcs_dag to 2025-04-15T00:00:00+00:00
[2025-04-15 23:31:30,106] {processor.py:171} INFO - Processing /opt/airflow/dags/data_ingestion_gcs_dag.py took 0.843 seconds
[2025-04-15 23:32:00,198] {processor.py:163} INFO - Started process (PID=1822) to work on /opt/airflow/dags/data_ingestion_gcs_dag.py
[2025-04-15 23:32:00,200] {processor.py:642} INFO - Processing file /opt/airflow/dags/data_ingestion_gcs_dag.py for tasks to queue
[2025-04-15 23:32:00,200] {logging_mixin.py:109} INFO - [2025-04-15 23:32:00,200] {dagbag.py:500} INFO - Filling up the DagBag from /opt/airflow/dags/data_ingestion_gcs_dag.py
[2025-04-15 23:32:00,813] {processor.py:654} INFO - DAG(s) dict_keys(['data_ingestion_gcs_dag']) retrieved from /opt/airflow/dags/data_ingestion_gcs_dag.py
[2025-04-15 23:32:00,821] {logging_mixin.py:109} INFO - [2025-04-15 23:32:00,820] {dag.py:2396} INFO - Sync 1 DAGs
[2025-04-15 23:32:00,832] {logging_mixin.py:109} INFO - [2025-04-15 23:32:00,832] {dag.py:2935} INFO - Setting next_dagrun for data_ingestion_gcs_dag to 2025-04-15T00:00:00+00:00
[2025-04-15 23:32:00,838] {processor.py:171} INFO - Processing /opt/airflow/dags/data_ingestion_gcs_dag.py took 0.643 seconds
[2025-04-15 23:32:30,907] {processor.py:163} INFO - Started process (PID=1845) to work on /opt/airflow/dags/data_ingestion_gcs_dag.py
[2025-04-15 23:32:30,908] {processor.py:642} INFO - Processing file /opt/airflow/dags/data_ingestion_gcs_dag.py for tasks to queue
[2025-04-15 23:32:30,908] {logging_mixin.py:109} INFO - [2025-04-15 23:32:30,908] {dagbag.py:500} INFO - Filling up the DagBag from /opt/airflow/dags/data_ingestion_gcs_dag.py
[2025-04-15 23:32:31,477] {processor.py:654} INFO - DAG(s) dict_keys(['data_ingestion_gcs_dag']) retrieved from /opt/airflow/dags/data_ingestion_gcs_dag.py
[2025-04-15 23:32:31,485] {logging_mixin.py:109} INFO - [2025-04-15 23:32:31,484] {dag.py:2396} INFO - Sync 1 DAGs
[2025-04-15 23:32:31,496] {logging_mixin.py:109} INFO - [2025-04-15 23:32:31,496] {dag.py:2935} INFO - Setting next_dagrun for data_ingestion_gcs_dag to 2025-04-15T00:00:00+00:00
[2025-04-15 23:32:31,502] {processor.py:171} INFO - Processing /opt/airflow/dags/data_ingestion_gcs_dag.py took 0.597 seconds
[2025-04-15 23:33:01,561] {processor.py:163} INFO - Started process (PID=1878) to work on /opt/airflow/dags/data_ingestion_gcs_dag.py
[2025-04-15 23:33:01,562] {processor.py:642} INFO - Processing file /opt/airflow/dags/data_ingestion_gcs_dag.py for tasks to queue
[2025-04-15 23:33:01,562] {logging_mixin.py:109} INFO - [2025-04-15 23:33:01,562] {dagbag.py:500} INFO - Filling up the DagBag from /opt/airflow/dags/data_ingestion_gcs_dag.py
[2025-04-15 23:33:02,129] {processor.py:654} INFO - DAG(s) dict_keys(['data_ingestion_gcs_dag']) retrieved from /opt/airflow/dags/data_ingestion_gcs_dag.py
[2025-04-15 23:33:02,137] {logging_mixin.py:109} INFO - [2025-04-15 23:33:02,136] {dag.py:2396} INFO - Sync 1 DAGs
[2025-04-15 23:33:02,149] {logging_mixin.py:109} INFO - [2025-04-15 23:33:02,149] {dag.py:2935} INFO - Setting next_dagrun for data_ingestion_gcs_dag to 2025-04-15T00:00:00+00:00
[2025-04-15 23:33:02,155] {processor.py:171} INFO - Processing /opt/airflow/dags/data_ingestion_gcs_dag.py took 0.597 seconds
[2025-04-15 23:33:32,224] {processor.py:163} INFO - Started process (PID=1901) to work on /opt/airflow/dags/data_ingestion_gcs_dag.py
[2025-04-15 23:33:32,225] {processor.py:642} INFO - Processing file /opt/airflow/dags/data_ingestion_gcs_dag.py for tasks to queue
[2025-04-15 23:33:32,226] {logging_mixin.py:109} INFO - [2025-04-15 23:33:32,226] {dagbag.py:500} INFO - Filling up the DagBag from /opt/airflow/dags/data_ingestion_gcs_dag.py
[2025-04-15 23:33:32,959] {processor.py:654} INFO - DAG(s) dict_keys(['data_ingestion_gcs_dag']) retrieved from /opt/airflow/dags/data_ingestion_gcs_dag.py
[2025-04-15 23:33:32,970] {logging_mixin.py:109} INFO - [2025-04-15 23:33:32,968] {dag.py:2396} INFO - Sync 1 DAGs
[2025-04-15 23:33:32,986] {logging_mixin.py:109} INFO - [2025-04-15 23:33:32,986] {dag.py:2935} INFO - Setting next_dagrun for data_ingestion_gcs_dag to 2025-04-15T00:00:00+00:00
[2025-04-15 23:33:32,998] {processor.py:171} INFO - Processing /opt/airflow/dags/data_ingestion_gcs_dag.py took 0.776 seconds
[2025-04-15 23:34:03,075] {processor.py:163} INFO - Started process (PID=1934) to work on /opt/airflow/dags/data_ingestion_gcs_dag.py
[2025-04-15 23:34:03,076] {processor.py:642} INFO - Processing file /opt/airflow/dags/data_ingestion_gcs_dag.py for tasks to queue
[2025-04-15 23:34:03,077] {logging_mixin.py:109} INFO - [2025-04-15 23:34:03,077] {dagbag.py:500} INFO - Filling up the DagBag from /opt/airflow/dags/data_ingestion_gcs_dag.py
[2025-04-15 23:34:03,657] {processor.py:654} INFO - DAG(s) dict_keys(['data_ingestion_gcs_dag']) retrieved from /opt/airflow/dags/data_ingestion_gcs_dag.py
[2025-04-15 23:34:03,666] {logging_mixin.py:109} INFO - [2025-04-15 23:34:03,665] {dag.py:2396} INFO - Sync 1 DAGs
[2025-04-15 23:34:03,677] {logging_mixin.py:109} INFO - [2025-04-15 23:34:03,677] {dag.py:2935} INFO - Setting next_dagrun for data_ingestion_gcs_dag to 2025-04-15T00:00:00+00:00
[2025-04-15 23:34:03,683] {processor.py:171} INFO - Processing /opt/airflow/dags/data_ingestion_gcs_dag.py took 0.609 seconds
[2025-04-15 23:34:33,777] {processor.py:163} INFO - Started process (PID=1963) to work on /opt/airflow/dags/data_ingestion_gcs_dag.py
[2025-04-15 23:34:33,778] {processor.py:642} INFO - Processing file /opt/airflow/dags/data_ingestion_gcs_dag.py for tasks to queue
[2025-04-15 23:34:33,779] {logging_mixin.py:109} INFO - [2025-04-15 23:34:33,779] {dagbag.py:500} INFO - Filling up the DagBag from /opt/airflow/dags/data_ingestion_gcs_dag.py
[2025-04-15 23:34:34,769] {processor.py:654} INFO - DAG(s) dict_keys(['data_ingestion_gcs_dag']) retrieved from /opt/airflow/dags/data_ingestion_gcs_dag.py
[2025-04-15 23:34:34,789] {logging_mixin.py:109} INFO - [2025-04-15 23:34:34,788] {dag.py:2396} INFO - Sync 1 DAGs
[2025-04-15 23:34:34,810] {logging_mixin.py:109} INFO - [2025-04-15 23:34:34,810] {dag.py:2935} INFO - Setting next_dagrun for data_ingestion_gcs_dag to 2025-04-15T00:00:00+00:00
[2025-04-15 23:34:34,818] {processor.py:171} INFO - Processing /opt/airflow/dags/data_ingestion_gcs_dag.py took 1.044 seconds
[2025-04-15 23:58:08,558] {processor.py:163} INFO - Started process (PID=121) to work on /opt/airflow/dags/data_ingestion_gcs_dag.py
[2025-04-15 23:58:08,671] {processor.py:642} INFO - Processing file /opt/airflow/dags/data_ingestion_gcs_dag.py for tasks to queue
[2025-04-15 23:58:08,702] {logging_mixin.py:109} INFO - [2025-04-15 23:58:08,702] {dagbag.py:500} INFO - Filling up the DagBag from /opt/airflow/dags/data_ingestion_gcs_dag.py
[2025-04-15 23:58:38,824] {logging_mixin.py:109} INFO - [2025-04-15 23:58:38,797] {timeout.py:36} ERROR - Process timed out, PID: 121
[2025-04-15 23:58:38,944] {logging_mixin.py:109} INFO - [2025-04-15 23:58:38,838] {dagbag.py:334} ERROR - Failed to import: /opt/airflow/dags/data_ingestion_gcs_dag.py
Traceback (most recent call last):
  File "/home/airflow/.local/lib/python3.6/site-packages/airflow/models/dagbag.py", line 331, in _load_modules_from_file
    loader.exec_module(new_module)
  File "<frozen importlib._bootstrap_external>", line 678, in exec_module
  File "<frozen importlib._bootstrap>", line 219, in _call_with_frames_removed
  File "/opt/airflow/dags/data_ingestion_gcs_dag.py", line 11, in <module>
    import pyarrow.csv as pv
  File "/home/airflow/.local/lib/python3.6/site-packages/pyarrow/csv.py", line 19, in <module>
    from pyarrow._csv import (  # noqa
  File "<frozen importlib._bootstrap>", line 416, in parent
  File "/home/airflow/.local/lib/python3.6/site-packages/airflow/utils/timeout.py", line 37, in handle_timeout
    raise AirflowTaskTimeout(self.error_message)
airflow.exceptions.AirflowTaskTimeout: DagBag import timeout for /opt/airflow/dags/data_ingestion_gcs_dag.py after 30.0s.
Please take a look at these docs to improve your DAG import time:
* https://airflow.apache.org/docs/apache-airflow/2.2.3/best-practices.html#top-level-python-code
* https://airflow.apache.org/docs/apache-airflow/2.2.3/best-practices.html#reducing-dag-complexity, PID: 121
[2025-04-15 23:58:39,341] {processor.py:690} INFO - Deactivated 1 DAGs which are no longer present in /opt/airflow/dags/data_ingestion_gcs_dag.py
[2025-04-15 23:58:39,341] {processor.py:656} WARNING - No viable dags retrieved from /opt/airflow/dags/data_ingestion_gcs_dag.py
[2025-04-15 23:58:39,639] {processor.py:171} INFO - Processing /opt/airflow/dags/data_ingestion_gcs_dag.py took 31.162 seconds
[2025-04-15 23:59:11,325] {processor.py:163} INFO - Started process (PID=156) to work on /opt/airflow/dags/data_ingestion_gcs_dag.py
[2025-04-15 23:59:11,357] {processor.py:642} INFO - Processing file /opt/airflow/dags/data_ingestion_gcs_dag.py for tasks to queue
[2025-04-15 23:59:11,362] {logging_mixin.py:109} INFO - [2025-04-15 23:59:11,362] {dagbag.py:500} INFO - Filling up the DagBag from /opt/airflow/dags/data_ingestion_gcs_dag.py
[2025-04-15 23:59:41,503] {processor.py:654} INFO - DAG(s) dict_keys(['data_ingestion_gcs_dag']) retrieved from /opt/airflow/dags/data_ingestion_gcs_dag.py
[2025-04-15 23:59:41,875] {logging_mixin.py:109} INFO - [2025-04-15 23:59:41,867] {dag.py:2396} INFO - Sync 1 DAGs
[2025-04-15 23:59:42,556] {logging_mixin.py:109} INFO - [2025-04-15 23:59:42,556] {dag.py:2935} INFO - Setting next_dagrun for data_ingestion_gcs_dag to 2025-04-15T00:00:00+00:00
[2025-04-15 23:59:42,871] {processor.py:171} INFO - Processing /opt/airflow/dags/data_ingestion_gcs_dag.py took 31.648 seconds
