[2025-04-15 23:00:27,633] {taskinstance.py:1032} INFO - Dependencies all met for <TaskInstance: data_ingestion_gcs_dag.download_dataset_task scheduled__2025-04-14T00:00:00+00:00 [queued]>
[2025-04-15 23:00:27,706] {taskinstance.py:1032} INFO - Dependencies all met for <TaskInstance: data_ingestion_gcs_dag.download_dataset_task scheduled__2025-04-14T00:00:00+00:00 [queued]>
[2025-04-15 23:00:27,707] {taskinstance.py:1238} INFO - 
--------------------------------------------------------------------------------
[2025-04-15 23:00:27,708] {taskinstance.py:1239} INFO - Starting attempt 1 of 2
[2025-04-15 23:00:27,708] {taskinstance.py:1240} INFO - 
--------------------------------------------------------------------------------
[2025-04-15 23:00:27,767] {taskinstance.py:1259} INFO - Executing <Task(BashOperator): download_dataset_task> on 2025-04-14 00:00:00+00:00
[2025-04-15 23:00:27,787] {standard_task_runner.py:52} INFO - Started process 166 to run task
[2025-04-15 23:00:27,795] {standard_task_runner.py:76} INFO - Running: ['***', 'tasks', 'run', 'data_ingestion_gcs_dag', 'download_dataset_task', 'scheduled__2025-04-14T00:00:00+00:00', '--job-id', '18', '--raw', '--subdir', 'DAGS_FOLDER/data_ingestion_gcs_dag.py', '--cfg-path', '/tmp/tmpbvh3dvs8', '--error-file', '/tmp/tmpxrmpz9zr']
[2025-04-15 23:00:27,812] {standard_task_runner.py:77} INFO - Job 18: Subtask download_dataset_task
[2025-04-15 23:00:28,056] {logging_mixin.py:109} INFO - Running <TaskInstance: data_ingestion_gcs_dag.download_dataset_task scheduled__2025-04-14T00:00:00+00:00 [running]> on host 5efc1175bf4f
[2025-04-15 23:00:28,328] {taskinstance.py:1426} INFO - Exporting the following env vars:
AIRFLOW_CTX_DAG_OWNER=***
AIRFLOW_CTX_DAG_ID=data_ingestion_gcs_dag
AIRFLOW_CTX_TASK_ID=download_dataset_task
AIRFLOW_CTX_EXECUTION_DATE=2025-04-14T00:00:00+00:00
AIRFLOW_CTX_DAG_RUN_ID=scheduled__2025-04-14T00:00:00+00:00
[2025-04-15 23:00:28,349] {subprocess.py:62} INFO - Tmp dir root location: 
 /tmp
[2025-04-15 23:00:28,354] {subprocess.py:74} INFO - Running command: ['bash', '-c', 'curl -sSL https://d37ci6vzurychx.cloudfront.net/trip-data/yellow_tripdata_2025-01.parquet > /opt/***/yellow_tripdata_2025-01.parquet']
[2025-04-15 23:00:28,439] {subprocess.py:85} INFO - Output:
[2025-04-15 23:00:32,015] {subprocess.py:93} INFO - Command exited with return code 0
[2025-04-15 23:00:35,425] {taskinstance.py:1277} INFO - Marking task as SUCCESS. dag_id=data_ingestion_gcs_dag, task_id=download_dataset_task, execution_date=20250414T000000, start_date=20250415T230027, end_date=20250415T230035
[2025-04-15 23:00:35,583] {local_task_job.py:154} INFO - Task exited with return code 0
[2025-04-15 23:00:35,972] {local_task_job.py:264} INFO - 1 downstream tasks scheduled from follow-on schedule check
