[2025-04-15 23:00:40,528] {taskinstance.py:1032} INFO - Dependencies all met for <TaskInstance: data_ingestion_gcs_dag.local_to_gcs_task scheduled__2025-04-14T00:00:00+00:00 [queued]>
[2025-04-15 23:00:40,587] {taskinstance.py:1032} INFO - Dependencies all met for <TaskInstance: data_ingestion_gcs_dag.local_to_gcs_task scheduled__2025-04-14T00:00:00+00:00 [queued]>
[2025-04-15 23:00:40,588] {taskinstance.py:1238} INFO - 
--------------------------------------------------------------------------------
[2025-04-15 23:00:40,592] {taskinstance.py:1239} INFO - Starting attempt 1 of 2
[2025-04-15 23:00:40,593] {taskinstance.py:1240} INFO - 
--------------------------------------------------------------------------------
[2025-04-15 23:00:40,680] {taskinstance.py:1259} INFO - Executing <Task(PythonOperator): local_to_gcs_task> on 2025-04-14 00:00:00+00:00
[2025-04-15 23:00:40,739] {standard_task_runner.py:52} INFO - Started process 172 to run task
[2025-04-15 23:00:40,767] {standard_task_runner.py:76} INFO - Running: ['***', 'tasks', 'run', 'data_ingestion_gcs_dag', 'local_to_gcs_task', 'scheduled__2025-04-14T00:00:00+00:00', '--job-id', '19', '--raw', '--subdir', 'DAGS_FOLDER/data_ingestion_gcs_dag.py', '--cfg-path', '/tmp/tmpko8w5ap1', '--error-file', '/tmp/tmpuy1hwdeo']
[2025-04-15 23:00:40,802] {standard_task_runner.py:77} INFO - Job 19: Subtask local_to_gcs_task
[2025-04-15 23:00:41,085] {logging_mixin.py:109} INFO - Running <TaskInstance: data_ingestion_gcs_dag.local_to_gcs_task scheduled__2025-04-14T00:00:00+00:00 [running]> on host 5efc1175bf4f
[2025-04-15 23:00:41,365] {taskinstance.py:1426} INFO - Exporting the following env vars:
AIRFLOW_CTX_DAG_OWNER=***
AIRFLOW_CTX_DAG_ID=data_ingestion_gcs_dag
AIRFLOW_CTX_TASK_ID=local_to_gcs_task
AIRFLOW_CTX_EXECUTION_DATE=2025-04-14T00:00:00+00:00
AIRFLOW_CTX_DAG_RUN_ID=scheduled__2025-04-14T00:00:00+00:00
[2025-04-15 23:01:08,984] {python.py:175} INFO - Done. Returned value was: None
[2025-04-15 23:01:09,069] {taskinstance.py:1277} INFO - Marking task as SUCCESS. dag_id=data_ingestion_gcs_dag, task_id=local_to_gcs_task, execution_date=20250414T000000, start_date=20250415T230040, end_date=20250415T230109
[2025-04-15 23:01:09,260] {local_task_job.py:154} INFO - Task exited with return code 0
[2025-04-15 23:01:09,430] {local_task_job.py:264} INFO - 1 downstream tasks scheduled from follow-on schedule check
