[2025-04-07 00:00:21,915] {taskinstance.py:1032} INFO - Dependencies all met for <TaskInstance: data_ingestion_gcs_dag.local_to_gcs_task scheduled__2025-04-05T00:00:00+00:00 [queued]>
[2025-04-07 00:00:21,922] {taskinstance.py:1032} INFO - Dependencies all met for <TaskInstance: data_ingestion_gcs_dag.local_to_gcs_task scheduled__2025-04-05T00:00:00+00:00 [queued]>
[2025-04-07 00:00:21,922] {taskinstance.py:1238} INFO - 
--------------------------------------------------------------------------------
[2025-04-07 00:00:21,922] {taskinstance.py:1239} INFO - Starting attempt 1 of 2
[2025-04-07 00:00:21,922] {taskinstance.py:1240} INFO - 
--------------------------------------------------------------------------------
[2025-04-07 00:00:21,929] {taskinstance.py:1259} INFO - Executing <Task(PythonOperator): local_to_gcs_task> on 2025-04-05 00:00:00+00:00
[2025-04-07 00:00:21,939] {standard_task_runner.py:76} INFO - Running: ['***', 'tasks', 'run', 'data_ingestion_gcs_dag', 'local_to_gcs_task', 'scheduled__2025-04-05T00:00:00+00:00', '--job-id', '5', '--raw', '--subdir', 'DAGS_FOLDER/data_ingestion_gcs_dag.py', '--cfg-path', '/tmp/tmp94jb0h1o', '--error-file', '/tmp/tmpmfgsayae']
[2025-04-07 00:00:21,944] {standard_task_runner.py:77} INFO - Job 5: Subtask local_to_gcs_task
[2025-04-07 00:00:21,936] {standard_task_runner.py:52} INFO - Started process 936 to run task
[2025-04-07 00:00:21,982] {logging_mixin.py:109} INFO - Running <TaskInstance: data_ingestion_gcs_dag.local_to_gcs_task scheduled__2025-04-05T00:00:00+00:00 [running]> on host 5efc1175bf4f
[2025-04-07 00:00:22,018] {taskinstance.py:1426} INFO - Exporting the following env vars:
AIRFLOW_CTX_DAG_OWNER=***
AIRFLOW_CTX_DAG_ID=data_ingestion_gcs_dag
AIRFLOW_CTX_TASK_ID=local_to_gcs_task
AIRFLOW_CTX_EXECUTION_DATE=2025-04-05T00:00:00+00:00
AIRFLOW_CTX_DAG_RUN_ID=scheduled__2025-04-05T00:00:00+00:00
[2025-04-07 00:00:48,657] {python.py:175} INFO - Done. Returned value was: None
[2025-04-07 00:00:48,666] {taskinstance.py:1277} INFO - Marking task as SUCCESS. dag_id=data_ingestion_gcs_dag, task_id=local_to_gcs_task, execution_date=20250405T000000, start_date=20250407T000021, end_date=20250407T000048
[2025-04-07 00:00:48,687] {local_task_job.py:154} INFO - Task exited with return code 0
[2025-04-07 00:00:48,707] {local_task_job.py:264} INFO - 1 downstream tasks scheduled from follow-on schedule check
