[2025-04-07 00:00:16,949] {taskinstance.py:1032} INFO - Dependencies all met for <TaskInstance: data_ingestion_gcs_dag.download_dataset_task scheduled__2025-04-05T00:00:00+00:00 [queued]>
[2025-04-07 00:00:16,959] {taskinstance.py:1032} INFO - Dependencies all met for <TaskInstance: data_ingestion_gcs_dag.download_dataset_task scheduled__2025-04-05T00:00:00+00:00 [queued]>
[2025-04-07 00:00:16,959] {taskinstance.py:1238} INFO - 
--------------------------------------------------------------------------------
[2025-04-07 00:00:16,959] {taskinstance.py:1239} INFO - Starting attempt 1 of 2
[2025-04-07 00:00:16,959] {taskinstance.py:1240} INFO - 
--------------------------------------------------------------------------------
[2025-04-07 00:00:16,970] {taskinstance.py:1259} INFO - Executing <Task(BashOperator): download_dataset_task> on 2025-04-05 00:00:00+00:00
[2025-04-07 00:00:16,997] {standard_task_runner.py:52} INFO - Started process 930 to run task
[2025-04-07 00:00:17,029] {standard_task_runner.py:76} INFO - Running: ['***', 'tasks', 'run', 'data_ingestion_gcs_dag', 'download_dataset_task', 'scheduled__2025-04-05T00:00:00+00:00', '--job-id', '4', '--raw', '--subdir', 'DAGS_FOLDER/data_ingestion_gcs_dag.py', '--cfg-path', '/tmp/tmpevmctook', '--error-file', '/tmp/tmpu9s3c97i']
[2025-04-07 00:00:17,040] {standard_task_runner.py:77} INFO - Job 4: Subtask download_dataset_task
[2025-04-07 00:00:17,165] {logging_mixin.py:109} INFO - Running <TaskInstance: data_ingestion_gcs_dag.download_dataset_task scheduled__2025-04-05T00:00:00+00:00 [running]> on host 5efc1175bf4f
[2025-04-07 00:00:17,318] {taskinstance.py:1426} INFO - Exporting the following env vars:
AIRFLOW_CTX_DAG_OWNER=***
AIRFLOW_CTX_DAG_ID=data_ingestion_gcs_dag
AIRFLOW_CTX_TASK_ID=download_dataset_task
AIRFLOW_CTX_EXECUTION_DATE=2025-04-05T00:00:00+00:00
AIRFLOW_CTX_DAG_RUN_ID=scheduled__2025-04-05T00:00:00+00:00
[2025-04-07 00:00:17,323] {subprocess.py:62} INFO - Tmp dir root location: 
 /tmp
[2025-04-07 00:00:17,326] {subprocess.py:74} INFO - Running command: ['bash', '-c', 'curl -sSL https://d37ci6vzurychx.cloudfront.net/trip-data/yellow_tripdata_2025-01.parquet > /opt/***/yellow_tripdata_2025-01.parquet']
[2025-04-07 00:00:17,361] {subprocess.py:85} INFO - Output:
[2025-04-07 00:00:20,693] {subprocess.py:93} INFO - Command exited with return code 0
[2025-04-07 00:00:20,713] {taskinstance.py:1277} INFO - Marking task as SUCCESS. dag_id=data_ingestion_gcs_dag, task_id=download_dataset_task, execution_date=20250405T000000, start_date=20250407T000016, end_date=20250407T000020
[2025-04-07 00:00:20,764] {local_task_job.py:154} INFO - Task exited with return code 0
[2025-04-07 00:00:20,788] {local_task_job.py:264} INFO - 1 downstream tasks scheduled from follow-on schedule check
