[2025-04-06T21:32:14.716+0000] {processor.py:186} INFO - Started process (PID=113) to work on /home/airflow/.local/lib/python3.12/site-packages/airflow/example_dags/example_nested_branch_dag.py
[2025-04-06T21:32:14.718+0000] {processor.py:914} INFO - Processing file /home/airflow/.local/lib/python3.12/site-packages/airflow/example_dags/example_nested_branch_dag.py for tasks to queue
[2025-04-06T21:32:14.721+0000] {logging_mixin.py:190} INFO - [2025-04-06T21:32:14.720+0000] {dagbag.py:588} INFO - Filling up the DagBag from /home/airflow/.local/lib/python3.12/site-packages/airflow/example_dags/example_nested_branch_dag.py
[2025-04-06T21:32:14.791+0000] {processor.py:925} INFO - DAG(s) 'example_nested_branch_dag' retrieved from /home/airflow/.local/lib/python3.12/site-packages/airflow/example_dags/example_nested_branch_dag.py
[2025-04-06T21:32:14.886+0000] {logging_mixin.py:190} INFO - [2025-04-06T21:32:14.885+0000] {dag.py:3239} INFO - Sync 1 DAGs
[2025-04-06T21:32:14.997+0000] {logging_mixin.py:190} INFO - [2025-04-06T21:32:14.996+0000] {dag.py:4180} INFO - Setting next_dagrun for example_nested_branch_dag to 2025-04-05 00:00:00+00:00, run_after=2025-04-06 00:00:00+00:00
[2025-04-06T21:32:15.091+0000] {processor.py:208} INFO - Processing /home/airflow/.local/lib/python3.12/site-packages/airflow/example_dags/example_nested_branch_dag.py took 0.405 seconds
[2025-04-06T21:32:45.440+0000] {processor.py:186} INFO - Started process (PID=177) to work on /home/airflow/.local/lib/python3.12/site-packages/airflow/example_dags/example_nested_branch_dag.py
[2025-04-06T21:32:45.441+0000] {processor.py:914} INFO - Processing file /home/airflow/.local/lib/python3.12/site-packages/airflow/example_dags/example_nested_branch_dag.py for tasks to queue
[2025-04-06T21:32:45.443+0000] {logging_mixin.py:190} INFO - [2025-04-06T21:32:45.443+0000] {dagbag.py:588} INFO - Filling up the DagBag from /home/airflow/.local/lib/python3.12/site-packages/airflow/example_dags/example_nested_branch_dag.py
[2025-04-06T21:32:45.462+0000] {processor.py:925} INFO - DAG(s) 'example_nested_branch_dag' retrieved from /home/airflow/.local/lib/python3.12/site-packages/airflow/example_dags/example_nested_branch_dag.py
[2025-04-06T21:32:45.487+0000] {logging_mixin.py:190} INFO - [2025-04-06T21:32:45.486+0000] {dag.py:3239} INFO - Sync 1 DAGs
[2025-04-06T21:32:45.520+0000] {logging_mixin.py:190} INFO - [2025-04-06T21:32:45.520+0000] {dag.py:4180} INFO - Setting next_dagrun for example_nested_branch_dag to 2025-04-05 00:00:00+00:00, run_after=2025-04-06 00:00:00+00:00
[2025-04-06T21:32:45.550+0000] {processor.py:208} INFO - Processing /home/airflow/.local/lib/python3.12/site-packages/airflow/example_dags/example_nested_branch_dag.py took 0.118 seconds
[2025-04-06T21:33:18.025+0000] {processor.py:186} INFO - Started process (PID=241) to work on /home/airflow/.local/lib/python3.12/site-packages/airflow/example_dags/example_nested_branch_dag.py
[2025-04-06T21:33:18.026+0000] {processor.py:914} INFO - Processing file /home/airflow/.local/lib/python3.12/site-packages/airflow/example_dags/example_nested_branch_dag.py for tasks to queue
[2025-04-06T21:33:18.028+0000] {logging_mixin.py:190} INFO - [2025-04-06T21:33:18.028+0000] {dagbag.py:588} INFO - Filling up the DagBag from /home/airflow/.local/lib/python3.12/site-packages/airflow/example_dags/example_nested_branch_dag.py
[2025-04-06T21:33:18.047+0000] {processor.py:925} INFO - DAG(s) 'example_nested_branch_dag' retrieved from /home/airflow/.local/lib/python3.12/site-packages/airflow/example_dags/example_nested_branch_dag.py
[2025-04-06T21:33:18.112+0000] {logging_mixin.py:190} INFO - [2025-04-06T21:33:18.111+0000] {dag.py:3239} INFO - Sync 1 DAGs
[2025-04-06T21:33:18.161+0000] {logging_mixin.py:190} INFO - [2025-04-06T21:33:18.160+0000] {dag.py:4180} INFO - Setting next_dagrun for example_nested_branch_dag to 2025-04-05 00:00:00+00:00, run_after=2025-04-06 00:00:00+00:00
[2025-04-06T21:33:18.183+0000] {processor.py:208} INFO - Processing /home/airflow/.local/lib/python3.12/site-packages/airflow/example_dags/example_nested_branch_dag.py took 0.166 seconds
[2025-04-06T21:33:50.903+0000] {processor.py:186} INFO - Started process (PID=305) to work on /home/airflow/.local/lib/python3.12/site-packages/airflow/example_dags/example_nested_branch_dag.py
[2025-04-06T21:33:50.912+0000] {processor.py:914} INFO - Processing file /home/airflow/.local/lib/python3.12/site-packages/airflow/example_dags/example_nested_branch_dag.py for tasks to queue
[2025-04-06T21:33:50.923+0000] {logging_mixin.py:190} INFO - [2025-04-06T21:33:50.922+0000] {dagbag.py:588} INFO - Filling up the DagBag from /home/airflow/.local/lib/python3.12/site-packages/airflow/example_dags/example_nested_branch_dag.py
[2025-04-06T21:33:51.004+0000] {processor.py:925} INFO - DAG(s) 'example_nested_branch_dag' retrieved from /home/airflow/.local/lib/python3.12/site-packages/airflow/example_dags/example_nested_branch_dag.py
[2025-04-06T21:33:51.147+0000] {logging_mixin.py:190} INFO - [2025-04-06T21:33:51.144+0000] {dag.py:3239} INFO - Sync 1 DAGs
[2025-04-06T21:33:51.272+0000] {logging_mixin.py:190} INFO - [2025-04-06T21:33:51.271+0000] {dag.py:4180} INFO - Setting next_dagrun for example_nested_branch_dag to 2025-04-05 00:00:00+00:00, run_after=2025-04-06 00:00:00+00:00
[2025-04-06T21:33:51.477+0000] {processor.py:208} INFO - Processing /home/airflow/.local/lib/python3.12/site-packages/airflow/example_dags/example_nested_branch_dag.py took 0.600 seconds
[2025-04-06T21:34:22.205+0000] {processor.py:186} INFO - Started process (PID=369) to work on /home/airflow/.local/lib/python3.12/site-packages/airflow/example_dags/example_nested_branch_dag.py
[2025-04-06T21:34:22.209+0000] {processor.py:914} INFO - Processing file /home/airflow/.local/lib/python3.12/site-packages/airflow/example_dags/example_nested_branch_dag.py for tasks to queue
[2025-04-06T21:34:22.226+0000] {logging_mixin.py:190} INFO - [2025-04-06T21:34:22.218+0000] {dagbag.py:588} INFO - Filling up the DagBag from /home/airflow/.local/lib/python3.12/site-packages/airflow/example_dags/example_nested_branch_dag.py
[2025-04-06T21:34:22.278+0000] {processor.py:925} INFO - DAG(s) 'example_nested_branch_dag' retrieved from /home/airflow/.local/lib/python3.12/site-packages/airflow/example_dags/example_nested_branch_dag.py
[2025-04-06T21:34:22.387+0000] {logging_mixin.py:190} INFO - [2025-04-06T21:34:22.386+0000] {dag.py:3239} INFO - Sync 1 DAGs
[2025-04-06T21:34:22.604+0000] {logging_mixin.py:190} INFO - [2025-04-06T21:34:22.604+0000] {dag.py:4180} INFO - Setting next_dagrun for example_nested_branch_dag to 2025-04-05 00:00:00+00:00, run_after=2025-04-06 00:00:00+00:00
[2025-04-06T21:34:22.759+0000] {processor.py:208} INFO - Processing /home/airflow/.local/lib/python3.12/site-packages/airflow/example_dags/example_nested_branch_dag.py took 0.602 seconds
[2025-04-06T21:34:52.944+0000] {processor.py:186} INFO - Started process (PID=433) to work on /home/airflow/.local/lib/python3.12/site-packages/airflow/example_dags/example_nested_branch_dag.py
[2025-04-06T21:34:52.945+0000] {processor.py:914} INFO - Processing file /home/airflow/.local/lib/python3.12/site-packages/airflow/example_dags/example_nested_branch_dag.py for tasks to queue
[2025-04-06T21:34:52.947+0000] {logging_mixin.py:190} INFO - [2025-04-06T21:34:52.947+0000] {dagbag.py:588} INFO - Filling up the DagBag from /home/airflow/.local/lib/python3.12/site-packages/airflow/example_dags/example_nested_branch_dag.py
[2025-04-06T21:34:52.962+0000] {processor.py:925} INFO - DAG(s) 'example_nested_branch_dag' retrieved from /home/airflow/.local/lib/python3.12/site-packages/airflow/example_dags/example_nested_branch_dag.py
[2025-04-06T21:34:52.991+0000] {logging_mixin.py:190} INFO - [2025-04-06T21:34:52.990+0000] {dag.py:3239} INFO - Sync 1 DAGs
[2025-04-06T21:34:53.033+0000] {logging_mixin.py:190} INFO - [2025-04-06T21:34:53.033+0000] {dag.py:4180} INFO - Setting next_dagrun for example_nested_branch_dag to 2025-04-05 00:00:00+00:00, run_after=2025-04-06 00:00:00+00:00
[2025-04-06T21:34:53.051+0000] {processor.py:208} INFO - Processing /home/airflow/.local/lib/python3.12/site-packages/airflow/example_dags/example_nested_branch_dag.py took 0.114 seconds
[2025-04-06T21:35:23.965+0000] {processor.py:186} INFO - Started process (PID=496) to work on /home/airflow/.local/lib/python3.12/site-packages/airflow/example_dags/example_nested_branch_dag.py
[2025-04-06T21:35:23.965+0000] {processor.py:914} INFO - Processing file /home/airflow/.local/lib/python3.12/site-packages/airflow/example_dags/example_nested_branch_dag.py for tasks to queue
[2025-04-06T21:35:23.968+0000] {logging_mixin.py:190} INFO - [2025-04-06T21:35:23.967+0000] {dagbag.py:588} INFO - Filling up the DagBag from /home/airflow/.local/lib/python3.12/site-packages/airflow/example_dags/example_nested_branch_dag.py
[2025-04-06T21:35:23.982+0000] {processor.py:925} INFO - DAG(s) 'example_nested_branch_dag' retrieved from /home/airflow/.local/lib/python3.12/site-packages/airflow/example_dags/example_nested_branch_dag.py
[2025-04-06T21:35:24.011+0000] {logging_mixin.py:190} INFO - [2025-04-06T21:35:24.008+0000] {dag.py:3239} INFO - Sync 1 DAGs
[2025-04-06T21:35:24.046+0000] {logging_mixin.py:190} INFO - [2025-04-06T21:35:24.046+0000] {dag.py:4180} INFO - Setting next_dagrun for example_nested_branch_dag to 2025-04-05 00:00:00+00:00, run_after=2025-04-06 00:00:00+00:00
[2025-04-06T21:35:24.065+0000] {processor.py:208} INFO - Processing /home/airflow/.local/lib/python3.12/site-packages/airflow/example_dags/example_nested_branch_dag.py took 0.108 seconds
[2025-04-06T21:35:54.432+0000] {processor.py:186} INFO - Started process (PID=560) to work on /home/airflow/.local/lib/python3.12/site-packages/airflow/example_dags/example_nested_branch_dag.py
[2025-04-06T21:35:54.435+0000] {processor.py:914} INFO - Processing file /home/airflow/.local/lib/python3.12/site-packages/airflow/example_dags/example_nested_branch_dag.py for tasks to queue
[2025-04-06T21:35:54.442+0000] {logging_mixin.py:190} INFO - [2025-04-06T21:35:54.437+0000] {dagbag.py:588} INFO - Filling up the DagBag from /home/airflow/.local/lib/python3.12/site-packages/airflow/example_dags/example_nested_branch_dag.py
[2025-04-06T21:35:54.473+0000] {processor.py:925} INFO - DAG(s) 'example_nested_branch_dag' retrieved from /home/airflow/.local/lib/python3.12/site-packages/airflow/example_dags/example_nested_branch_dag.py
[2025-04-06T21:35:54.534+0000] {logging_mixin.py:190} INFO - [2025-04-06T21:35:54.534+0000] {dag.py:3239} INFO - Sync 1 DAGs
[2025-04-06T21:35:54.566+0000] {logging_mixin.py:190} INFO - [2025-04-06T21:35:54.566+0000] {dag.py:4180} INFO - Setting next_dagrun for example_nested_branch_dag to 2025-04-05 00:00:00+00:00, run_after=2025-04-06 00:00:00+00:00
[2025-04-06T21:35:54.587+0000] {processor.py:208} INFO - Processing /home/airflow/.local/lib/python3.12/site-packages/airflow/example_dags/example_nested_branch_dag.py took 0.164 seconds
[2025-04-06T21:36:25.524+0000] {processor.py:186} INFO - Started process (PID=624) to work on /home/airflow/.local/lib/python3.12/site-packages/airflow/example_dags/example_nested_branch_dag.py
[2025-04-06T21:36:25.525+0000] {processor.py:914} INFO - Processing file /home/airflow/.local/lib/python3.12/site-packages/airflow/example_dags/example_nested_branch_dag.py for tasks to queue
[2025-04-06T21:36:25.527+0000] {logging_mixin.py:190} INFO - [2025-04-06T21:36:25.526+0000] {dagbag.py:588} INFO - Filling up the DagBag from /home/airflow/.local/lib/python3.12/site-packages/airflow/example_dags/example_nested_branch_dag.py
[2025-04-06T21:36:25.541+0000] {processor.py:925} INFO - DAG(s) 'example_nested_branch_dag' retrieved from /home/airflow/.local/lib/python3.12/site-packages/airflow/example_dags/example_nested_branch_dag.py
[2025-04-06T21:36:25.571+0000] {logging_mixin.py:190} INFO - [2025-04-06T21:36:25.571+0000] {dag.py:3239} INFO - Sync 1 DAGs
[2025-04-06T21:36:25.607+0000] {logging_mixin.py:190} INFO - [2025-04-06T21:36:25.606+0000] {dag.py:4180} INFO - Setting next_dagrun for example_nested_branch_dag to 2025-04-05 00:00:00+00:00, run_after=2025-04-06 00:00:00+00:00
[2025-04-06T21:36:25.626+0000] {processor.py:208} INFO - Processing /home/airflow/.local/lib/python3.12/site-packages/airflow/example_dags/example_nested_branch_dag.py took 0.109 seconds
[2025-04-06T21:36:56.018+0000] {processor.py:186} INFO - Started process (PID=688) to work on /home/airflow/.local/lib/python3.12/site-packages/airflow/example_dags/example_nested_branch_dag.py
[2025-04-06T21:36:56.019+0000] {processor.py:914} INFO - Processing file /home/airflow/.local/lib/python3.12/site-packages/airflow/example_dags/example_nested_branch_dag.py for tasks to queue
[2025-04-06T21:36:56.021+0000] {logging_mixin.py:190} INFO - [2025-04-06T21:36:56.021+0000] {dagbag.py:588} INFO - Filling up the DagBag from /home/airflow/.local/lib/python3.12/site-packages/airflow/example_dags/example_nested_branch_dag.py
[2025-04-06T21:36:56.035+0000] {processor.py:925} INFO - DAG(s) 'example_nested_branch_dag' retrieved from /home/airflow/.local/lib/python3.12/site-packages/airflow/example_dags/example_nested_branch_dag.py
[2025-04-06T21:36:56.062+0000] {logging_mixin.py:190} INFO - [2025-04-06T21:36:56.062+0000] {dag.py:3239} INFO - Sync 1 DAGs
[2025-04-06T21:36:56.093+0000] {logging_mixin.py:190} INFO - [2025-04-06T21:36:56.092+0000] {dag.py:4180} INFO - Setting next_dagrun for example_nested_branch_dag to 2025-04-05 00:00:00+00:00, run_after=2025-04-06 00:00:00+00:00
[2025-04-06T21:36:56.112+0000] {processor.py:208} INFO - Processing /home/airflow/.local/lib/python3.12/site-packages/airflow/example_dags/example_nested_branch_dag.py took 0.101 seconds
[2025-04-06T21:37:26.425+0000] {processor.py:186} INFO - Started process (PID=751) to work on /home/airflow/.local/lib/python3.12/site-packages/airflow/example_dags/example_nested_branch_dag.py
[2025-04-06T21:37:26.428+0000] {processor.py:914} INFO - Processing file /home/airflow/.local/lib/python3.12/site-packages/airflow/example_dags/example_nested_branch_dag.py for tasks to queue
[2025-04-06T21:37:26.430+0000] {logging_mixin.py:190} INFO - [2025-04-06T21:37:26.430+0000] {dagbag.py:588} INFO - Filling up the DagBag from /home/airflow/.local/lib/python3.12/site-packages/airflow/example_dags/example_nested_branch_dag.py
[2025-04-06T21:37:26.461+0000] {processor.py:925} INFO - DAG(s) 'example_nested_branch_dag' retrieved from /home/airflow/.local/lib/python3.12/site-packages/airflow/example_dags/example_nested_branch_dag.py
[2025-04-06T21:37:26.516+0000] {logging_mixin.py:190} INFO - [2025-04-06T21:37:26.515+0000] {dag.py:3239} INFO - Sync 1 DAGs
[2025-04-06T21:37:26.586+0000] {logging_mixin.py:190} INFO - [2025-04-06T21:37:26.583+0000] {dag.py:4180} INFO - Setting next_dagrun for example_nested_branch_dag to 2025-04-05 00:00:00+00:00, run_after=2025-04-06 00:00:00+00:00
[2025-04-06T21:37:26.625+0000] {processor.py:208} INFO - Processing /home/airflow/.local/lib/python3.12/site-packages/airflow/example_dags/example_nested_branch_dag.py took 0.219 seconds
[2025-04-06T21:37:57.511+0000] {processor.py:186} INFO - Started process (PID=815) to work on /home/airflow/.local/lib/python3.12/site-packages/airflow/example_dags/example_nested_branch_dag.py
[2025-04-06T21:37:57.512+0000] {processor.py:914} INFO - Processing file /home/airflow/.local/lib/python3.12/site-packages/airflow/example_dags/example_nested_branch_dag.py for tasks to queue
[2025-04-06T21:37:57.514+0000] {logging_mixin.py:190} INFO - [2025-04-06T21:37:57.514+0000] {dagbag.py:588} INFO - Filling up the DagBag from /home/airflow/.local/lib/python3.12/site-packages/airflow/example_dags/example_nested_branch_dag.py
[2025-04-06T21:37:57.531+0000] {processor.py:925} INFO - DAG(s) 'example_nested_branch_dag' retrieved from /home/airflow/.local/lib/python3.12/site-packages/airflow/example_dags/example_nested_branch_dag.py
[2025-04-06T21:37:57.583+0000] {logging_mixin.py:190} INFO - [2025-04-06T21:37:57.583+0000] {dag.py:3239} INFO - Sync 1 DAGs
[2025-04-06T21:37:57.669+0000] {logging_mixin.py:190} INFO - [2025-04-06T21:37:57.668+0000] {dag.py:4180} INFO - Setting next_dagrun for example_nested_branch_dag to 2025-04-05 00:00:00+00:00, run_after=2025-04-06 00:00:00+00:00
[2025-04-06T21:37:57.731+0000] {processor.py:208} INFO - Processing /home/airflow/.local/lib/python3.12/site-packages/airflow/example_dags/example_nested_branch_dag.py took 0.239 seconds
[2025-04-06T21:38:28.586+0000] {processor.py:186} INFO - Started process (PID=879) to work on /home/airflow/.local/lib/python3.12/site-packages/airflow/example_dags/example_nested_branch_dag.py
[2025-04-06T21:38:28.596+0000] {processor.py:914} INFO - Processing file /home/airflow/.local/lib/python3.12/site-packages/airflow/example_dags/example_nested_branch_dag.py for tasks to queue
[2025-04-06T21:38:28.600+0000] {logging_mixin.py:190} INFO - [2025-04-06T21:38:28.598+0000] {dagbag.py:588} INFO - Filling up the DagBag from /home/airflow/.local/lib/python3.12/site-packages/airflow/example_dags/example_nested_branch_dag.py
[2025-04-06T21:38:28.618+0000] {processor.py:925} INFO - DAG(s) 'example_nested_branch_dag' retrieved from /home/airflow/.local/lib/python3.12/site-packages/airflow/example_dags/example_nested_branch_dag.py
[2025-04-06T21:38:28.646+0000] {logging_mixin.py:190} INFO - [2025-04-06T21:38:28.646+0000] {dag.py:3239} INFO - Sync 1 DAGs
[2025-04-06T21:38:28.678+0000] {logging_mixin.py:190} INFO - [2025-04-06T21:38:28.677+0000] {dag.py:4180} INFO - Setting next_dagrun for example_nested_branch_dag to 2025-04-05 00:00:00+00:00, run_after=2025-04-06 00:00:00+00:00
[2025-04-06T21:38:28.706+0000] {processor.py:208} INFO - Processing /home/airflow/.local/lib/python3.12/site-packages/airflow/example_dags/example_nested_branch_dag.py took 0.134 seconds
[2025-04-06T21:38:59.272+0000] {processor.py:186} INFO - Started process (PID=943) to work on /home/airflow/.local/lib/python3.12/site-packages/airflow/example_dags/example_nested_branch_dag.py
[2025-04-06T21:38:59.273+0000] {processor.py:914} INFO - Processing file /home/airflow/.local/lib/python3.12/site-packages/airflow/example_dags/example_nested_branch_dag.py for tasks to queue
[2025-04-06T21:38:59.275+0000] {logging_mixin.py:190} INFO - [2025-04-06T21:38:59.275+0000] {dagbag.py:588} INFO - Filling up the DagBag from /home/airflow/.local/lib/python3.12/site-packages/airflow/example_dags/example_nested_branch_dag.py
[2025-04-06T21:38:59.289+0000] {processor.py:925} INFO - DAG(s) 'example_nested_branch_dag' retrieved from /home/airflow/.local/lib/python3.12/site-packages/airflow/example_dags/example_nested_branch_dag.py
[2025-04-06T21:38:59.315+0000] {logging_mixin.py:190} INFO - [2025-04-06T21:38:59.314+0000] {dag.py:3239} INFO - Sync 1 DAGs
[2025-04-06T21:38:59.346+0000] {logging_mixin.py:190} INFO - [2025-04-06T21:38:59.346+0000] {dag.py:4180} INFO - Setting next_dagrun for example_nested_branch_dag to 2025-04-05 00:00:00+00:00, run_after=2025-04-06 00:00:00+00:00
[2025-04-06T21:38:59.365+0000] {processor.py:208} INFO - Processing /home/airflow/.local/lib/python3.12/site-packages/airflow/example_dags/example_nested_branch_dag.py took 0.105 seconds
[2025-04-06T21:39:29.894+0000] {processor.py:186} INFO - Started process (PID=1007) to work on /home/airflow/.local/lib/python3.12/site-packages/airflow/example_dags/example_nested_branch_dag.py
[2025-04-06T21:39:29.895+0000] {processor.py:914} INFO - Processing file /home/airflow/.local/lib/python3.12/site-packages/airflow/example_dags/example_nested_branch_dag.py for tasks to queue
[2025-04-06T21:39:29.897+0000] {logging_mixin.py:190} INFO - [2025-04-06T21:39:29.896+0000] {dagbag.py:588} INFO - Filling up the DagBag from /home/airflow/.local/lib/python3.12/site-packages/airflow/example_dags/example_nested_branch_dag.py
[2025-04-06T21:39:29.911+0000] {processor.py:925} INFO - DAG(s) 'example_nested_branch_dag' retrieved from /home/airflow/.local/lib/python3.12/site-packages/airflow/example_dags/example_nested_branch_dag.py
[2025-04-06T21:39:29.938+0000] {logging_mixin.py:190} INFO - [2025-04-06T21:39:29.937+0000] {dag.py:3239} INFO - Sync 1 DAGs
[2025-04-06T21:39:29.973+0000] {logging_mixin.py:190} INFO - [2025-04-06T21:39:29.973+0000] {dag.py:4180} INFO - Setting next_dagrun for example_nested_branch_dag to 2025-04-05 00:00:00+00:00, run_after=2025-04-06 00:00:00+00:00
[2025-04-06T21:39:29.992+0000] {processor.py:208} INFO - Processing /home/airflow/.local/lib/python3.12/site-packages/airflow/example_dags/example_nested_branch_dag.py took 0.105 seconds
[2025-04-06T21:40:00.430+0000] {processor.py:186} INFO - Started process (PID=1071) to work on /home/airflow/.local/lib/python3.12/site-packages/airflow/example_dags/example_nested_branch_dag.py
[2025-04-06T21:40:00.431+0000] {processor.py:914} INFO - Processing file /home/airflow/.local/lib/python3.12/site-packages/airflow/example_dags/example_nested_branch_dag.py for tasks to queue
[2025-04-06T21:40:00.433+0000] {logging_mixin.py:190} INFO - [2025-04-06T21:40:00.433+0000] {dagbag.py:588} INFO - Filling up the DagBag from /home/airflow/.local/lib/python3.12/site-packages/airflow/example_dags/example_nested_branch_dag.py
[2025-04-06T21:40:00.450+0000] {processor.py:925} INFO - DAG(s) 'example_nested_branch_dag' retrieved from /home/airflow/.local/lib/python3.12/site-packages/airflow/example_dags/example_nested_branch_dag.py
[2025-04-06T21:40:00.480+0000] {logging_mixin.py:190} INFO - [2025-04-06T21:40:00.480+0000] {dag.py:3239} INFO - Sync 1 DAGs
[2025-04-06T21:40:00.520+0000] {logging_mixin.py:190} INFO - [2025-04-06T21:40:00.520+0000] {dag.py:4180} INFO - Setting next_dagrun for example_nested_branch_dag to 2025-04-05 00:00:00+00:00, run_after=2025-04-06 00:00:00+00:00
[2025-04-06T21:40:00.539+0000] {processor.py:208} INFO - Processing /home/airflow/.local/lib/python3.12/site-packages/airflow/example_dags/example_nested_branch_dag.py took 0.115 seconds
[2025-04-06T21:40:30.974+0000] {processor.py:186} INFO - Started process (PID=1135) to work on /home/airflow/.local/lib/python3.12/site-packages/airflow/example_dags/example_nested_branch_dag.py
[2025-04-06T21:40:30.977+0000] {processor.py:914} INFO - Processing file /home/airflow/.local/lib/python3.12/site-packages/airflow/example_dags/example_nested_branch_dag.py for tasks to queue
[2025-04-06T21:40:30.982+0000] {logging_mixin.py:190} INFO - [2025-04-06T21:40:30.981+0000] {dagbag.py:588} INFO - Filling up the DagBag from /home/airflow/.local/lib/python3.12/site-packages/airflow/example_dags/example_nested_branch_dag.py
[2025-04-06T21:40:31.005+0000] {processor.py:925} INFO - DAG(s) 'example_nested_branch_dag' retrieved from /home/airflow/.local/lib/python3.12/site-packages/airflow/example_dags/example_nested_branch_dag.py
[2025-04-06T21:40:31.055+0000] {logging_mixin.py:190} INFO - [2025-04-06T21:40:31.054+0000] {dag.py:3239} INFO - Sync 1 DAGs
[2025-04-06T21:40:31.088+0000] {logging_mixin.py:190} INFO - [2025-04-06T21:40:31.088+0000] {dag.py:4180} INFO - Setting next_dagrun for example_nested_branch_dag to 2025-04-05 00:00:00+00:00, run_after=2025-04-06 00:00:00+00:00
[2025-04-06T21:40:31.107+0000] {processor.py:208} INFO - Processing /home/airflow/.local/lib/python3.12/site-packages/airflow/example_dags/example_nested_branch_dag.py took 0.148 seconds
[2025-04-06T21:41:01.378+0000] {processor.py:186} INFO - Started process (PID=1199) to work on /home/airflow/.local/lib/python3.12/site-packages/airflow/example_dags/example_nested_branch_dag.py
[2025-04-06T21:41:01.379+0000] {processor.py:914} INFO - Processing file /home/airflow/.local/lib/python3.12/site-packages/airflow/example_dags/example_nested_branch_dag.py for tasks to queue
[2025-04-06T21:41:01.381+0000] {logging_mixin.py:190} INFO - [2025-04-06T21:41:01.381+0000] {dagbag.py:588} INFO - Filling up the DagBag from /home/airflow/.local/lib/python3.12/site-packages/airflow/example_dags/example_nested_branch_dag.py
[2025-04-06T21:41:01.396+0000] {processor.py:925} INFO - DAG(s) 'example_nested_branch_dag' retrieved from /home/airflow/.local/lib/python3.12/site-packages/airflow/example_dags/example_nested_branch_dag.py
[2025-04-06T21:41:01.428+0000] {logging_mixin.py:190} INFO - [2025-04-06T21:41:01.427+0000] {dag.py:3239} INFO - Sync 1 DAGs
[2025-04-06T21:41:01.459+0000] {logging_mixin.py:190} INFO - [2025-04-06T21:41:01.459+0000] {dag.py:4180} INFO - Setting next_dagrun for example_nested_branch_dag to 2025-04-05 00:00:00+00:00, run_after=2025-04-06 00:00:00+00:00
[2025-04-06T21:41:01.478+0000] {processor.py:208} INFO - Processing /home/airflow/.local/lib/python3.12/site-packages/airflow/example_dags/example_nested_branch_dag.py took 0.106 seconds
[2025-04-06T21:41:32.162+0000] {processor.py:186} INFO - Started process (PID=1264) to work on /home/airflow/.local/lib/python3.12/site-packages/airflow/example_dags/example_nested_branch_dag.py
[2025-04-06T21:41:32.163+0000] {processor.py:914} INFO - Processing file /home/airflow/.local/lib/python3.12/site-packages/airflow/example_dags/example_nested_branch_dag.py for tasks to queue
[2025-04-06T21:41:32.165+0000] {logging_mixin.py:190} INFO - [2025-04-06T21:41:32.165+0000] {dagbag.py:588} INFO - Filling up the DagBag from /home/airflow/.local/lib/python3.12/site-packages/airflow/example_dags/example_nested_branch_dag.py
[2025-04-06T21:41:32.180+0000] {processor.py:925} INFO - DAG(s) 'example_nested_branch_dag' retrieved from /home/airflow/.local/lib/python3.12/site-packages/airflow/example_dags/example_nested_branch_dag.py
[2025-04-06T21:41:32.208+0000] {logging_mixin.py:190} INFO - [2025-04-06T21:41:32.207+0000] {dag.py:3239} INFO - Sync 1 DAGs
[2025-04-06T21:41:32.254+0000] {logging_mixin.py:190} INFO - [2025-04-06T21:41:32.253+0000] {dag.py:4180} INFO - Setting next_dagrun for example_nested_branch_dag to 2025-04-05 00:00:00+00:00, run_after=2025-04-06 00:00:00+00:00
[2025-04-06T21:41:32.273+0000] {processor.py:208} INFO - Processing /home/airflow/.local/lib/python3.12/site-packages/airflow/example_dags/example_nested_branch_dag.py took 0.118 seconds
[2025-04-06T21:42:03.024+0000] {processor.py:186} INFO - Started process (PID=1328) to work on /home/airflow/.local/lib/python3.12/site-packages/airflow/example_dags/example_nested_branch_dag.py
[2025-04-06T21:42:03.025+0000] {processor.py:914} INFO - Processing file /home/airflow/.local/lib/python3.12/site-packages/airflow/example_dags/example_nested_branch_dag.py for tasks to queue
[2025-04-06T21:42:03.027+0000] {logging_mixin.py:190} INFO - [2025-04-06T21:42:03.027+0000] {dagbag.py:588} INFO - Filling up the DagBag from /home/airflow/.local/lib/python3.12/site-packages/airflow/example_dags/example_nested_branch_dag.py
[2025-04-06T21:42:03.041+0000] {processor.py:925} INFO - DAG(s) 'example_nested_branch_dag' retrieved from /home/airflow/.local/lib/python3.12/site-packages/airflow/example_dags/example_nested_branch_dag.py
[2025-04-06T21:42:03.073+0000] {logging_mixin.py:190} INFO - [2025-04-06T21:42:03.073+0000] {dag.py:3239} INFO - Sync 1 DAGs
[2025-04-06T21:42:03.104+0000] {logging_mixin.py:190} INFO - [2025-04-06T21:42:03.104+0000] {dag.py:4180} INFO - Setting next_dagrun for example_nested_branch_dag to 2025-04-05 00:00:00+00:00, run_after=2025-04-06 00:00:00+00:00
[2025-04-06T21:42:03.123+0000] {processor.py:208} INFO - Processing /home/airflow/.local/lib/python3.12/site-packages/airflow/example_dags/example_nested_branch_dag.py took 0.106 seconds
[2025-04-06T21:42:33.690+0000] {processor.py:186} INFO - Started process (PID=1391) to work on /home/airflow/.local/lib/python3.12/site-packages/airflow/example_dags/example_nested_branch_dag.py
[2025-04-06T21:42:33.691+0000] {processor.py:914} INFO - Processing file /home/airflow/.local/lib/python3.12/site-packages/airflow/example_dags/example_nested_branch_dag.py for tasks to queue
[2025-04-06T21:42:33.693+0000] {logging_mixin.py:190} INFO - [2025-04-06T21:42:33.693+0000] {dagbag.py:588} INFO - Filling up the DagBag from /home/airflow/.local/lib/python3.12/site-packages/airflow/example_dags/example_nested_branch_dag.py
[2025-04-06T21:42:33.707+0000] {processor.py:925} INFO - DAG(s) 'example_nested_branch_dag' retrieved from /home/airflow/.local/lib/python3.12/site-packages/airflow/example_dags/example_nested_branch_dag.py
[2025-04-06T21:42:33.734+0000] {logging_mixin.py:190} INFO - [2025-04-06T21:42:33.733+0000] {dag.py:3239} INFO - Sync 1 DAGs
[2025-04-06T21:42:33.764+0000] {logging_mixin.py:190} INFO - [2025-04-06T21:42:33.764+0000] {dag.py:4180} INFO - Setting next_dagrun for example_nested_branch_dag to 2025-04-05 00:00:00+00:00, run_after=2025-04-06 00:00:00+00:00
[2025-04-06T21:42:33.788+0000] {processor.py:208} INFO - Processing /home/airflow/.local/lib/python3.12/site-packages/airflow/example_dags/example_nested_branch_dag.py took 0.110 seconds
[2025-04-06T21:43:03.970+0000] {processor.py:186} INFO - Started process (PID=1454) to work on /home/airflow/.local/lib/python3.12/site-packages/airflow/example_dags/example_nested_branch_dag.py
[2025-04-06T21:43:03.971+0000] {processor.py:914} INFO - Processing file /home/airflow/.local/lib/python3.12/site-packages/airflow/example_dags/example_nested_branch_dag.py for tasks to queue
[2025-04-06T21:43:03.974+0000] {logging_mixin.py:190} INFO - [2025-04-06T21:43:03.973+0000] {dagbag.py:588} INFO - Filling up the DagBag from /home/airflow/.local/lib/python3.12/site-packages/airflow/example_dags/example_nested_branch_dag.py
[2025-04-06T21:43:03.989+0000] {processor.py:925} INFO - DAG(s) 'example_nested_branch_dag' retrieved from /home/airflow/.local/lib/python3.12/site-packages/airflow/example_dags/example_nested_branch_dag.py
[2025-04-06T21:43:04.026+0000] {logging_mixin.py:190} INFO - [2025-04-06T21:43:04.025+0000] {dag.py:3239} INFO - Sync 1 DAGs
[2025-04-06T21:43:04.074+0000] {logging_mixin.py:190} INFO - [2025-04-06T21:43:04.074+0000] {dag.py:4180} INFO - Setting next_dagrun for example_nested_branch_dag to 2025-04-05 00:00:00+00:00, run_after=2025-04-06 00:00:00+00:00
[2025-04-06T21:43:04.092+0000] {processor.py:208} INFO - Processing /home/airflow/.local/lib/python3.12/site-packages/airflow/example_dags/example_nested_branch_dag.py took 0.129 seconds
[2025-04-06T21:43:34.253+0000] {processor.py:186} INFO - Started process (PID=1518) to work on /home/airflow/.local/lib/python3.12/site-packages/airflow/example_dags/example_nested_branch_dag.py
[2025-04-06T21:43:34.254+0000] {processor.py:914} INFO - Processing file /home/airflow/.local/lib/python3.12/site-packages/airflow/example_dags/example_nested_branch_dag.py for tasks to queue
[2025-04-06T21:43:34.257+0000] {logging_mixin.py:190} INFO - [2025-04-06T21:43:34.257+0000] {dagbag.py:588} INFO - Filling up the DagBag from /home/airflow/.local/lib/python3.12/site-packages/airflow/example_dags/example_nested_branch_dag.py
[2025-04-06T21:43:34.272+0000] {processor.py:925} INFO - DAG(s) 'example_nested_branch_dag' retrieved from /home/airflow/.local/lib/python3.12/site-packages/airflow/example_dags/example_nested_branch_dag.py
[2025-04-06T21:43:34.301+0000] {logging_mixin.py:190} INFO - [2025-04-06T21:43:34.300+0000] {dag.py:3239} INFO - Sync 1 DAGs
[2025-04-06T21:43:34.334+0000] {logging_mixin.py:190} INFO - [2025-04-06T21:43:34.334+0000] {dag.py:4180} INFO - Setting next_dagrun for example_nested_branch_dag to 2025-04-05 00:00:00+00:00, run_after=2025-04-06 00:00:00+00:00
[2025-04-06T21:43:34.357+0000] {processor.py:208} INFO - Processing /home/airflow/.local/lib/python3.12/site-packages/airflow/example_dags/example_nested_branch_dag.py took 0.111 seconds
[2025-04-06T21:44:04.920+0000] {processor.py:186} INFO - Started process (PID=1583) to work on /home/airflow/.local/lib/python3.12/site-packages/airflow/example_dags/example_nested_branch_dag.py
[2025-04-06T21:44:04.921+0000] {processor.py:914} INFO - Processing file /home/airflow/.local/lib/python3.12/site-packages/airflow/example_dags/example_nested_branch_dag.py for tasks to queue
[2025-04-06T21:44:04.923+0000] {logging_mixin.py:190} INFO - [2025-04-06T21:44:04.923+0000] {dagbag.py:588} INFO - Filling up the DagBag from /home/airflow/.local/lib/python3.12/site-packages/airflow/example_dags/example_nested_branch_dag.py
[2025-04-06T21:44:04.937+0000] {processor.py:925} INFO - DAG(s) 'example_nested_branch_dag' retrieved from /home/airflow/.local/lib/python3.12/site-packages/airflow/example_dags/example_nested_branch_dag.py
[2025-04-06T21:44:04.963+0000] {logging_mixin.py:190} INFO - [2025-04-06T21:44:04.962+0000] {dag.py:3239} INFO - Sync 1 DAGs
[2025-04-06T21:44:04.993+0000] {logging_mixin.py:190} INFO - [2025-04-06T21:44:04.993+0000] {dag.py:4180} INFO - Setting next_dagrun for example_nested_branch_dag to 2025-04-05 00:00:00+00:00, run_after=2025-04-06 00:00:00+00:00
[2025-04-06T21:44:05.015+0000] {processor.py:208} INFO - Processing /home/airflow/.local/lib/python3.12/site-packages/airflow/example_dags/example_nested_branch_dag.py took 0.102 seconds
[2025-04-06T21:44:35.104+0000] {processor.py:186} INFO - Started process (PID=1646) to work on /home/airflow/.local/lib/python3.12/site-packages/airflow/example_dags/example_nested_branch_dag.py
[2025-04-06T21:44:35.105+0000] {processor.py:914} INFO - Processing file /home/airflow/.local/lib/python3.12/site-packages/airflow/example_dags/example_nested_branch_dag.py for tasks to queue
[2025-04-06T21:44:35.107+0000] {logging_mixin.py:190} INFO - [2025-04-06T21:44:35.107+0000] {dagbag.py:588} INFO - Filling up the DagBag from /home/airflow/.local/lib/python3.12/site-packages/airflow/example_dags/example_nested_branch_dag.py
[2025-04-06T21:44:35.122+0000] {processor.py:925} INFO - DAG(s) 'example_nested_branch_dag' retrieved from /home/airflow/.local/lib/python3.12/site-packages/airflow/example_dags/example_nested_branch_dag.py
[2025-04-06T21:44:35.148+0000] {logging_mixin.py:190} INFO - [2025-04-06T21:44:35.148+0000] {dag.py:3239} INFO - Sync 1 DAGs
[2025-04-06T21:44:35.178+0000] {logging_mixin.py:190} INFO - [2025-04-06T21:44:35.178+0000] {dag.py:4180} INFO - Setting next_dagrun for example_nested_branch_dag to 2025-04-05 00:00:00+00:00, run_after=2025-04-06 00:00:00+00:00
[2025-04-06T21:44:35.205+0000] {processor.py:208} INFO - Processing /home/airflow/.local/lib/python3.12/site-packages/airflow/example_dags/example_nested_branch_dag.py took 0.108 seconds
[2025-04-06T21:45:05.694+0000] {processor.py:186} INFO - Started process (PID=1710) to work on /home/airflow/.local/lib/python3.12/site-packages/airflow/example_dags/example_nested_branch_dag.py
[2025-04-06T21:45:05.698+0000] {processor.py:914} INFO - Processing file /home/airflow/.local/lib/python3.12/site-packages/airflow/example_dags/example_nested_branch_dag.py for tasks to queue
[2025-04-06T21:45:05.708+0000] {logging_mixin.py:190} INFO - [2025-04-06T21:45:05.702+0000] {dagbag.py:588} INFO - Filling up the DagBag from /home/airflow/.local/lib/python3.12/site-packages/airflow/example_dags/example_nested_branch_dag.py
[2025-04-06T21:45:05.748+0000] {processor.py:925} INFO - DAG(s) 'example_nested_branch_dag' retrieved from /home/airflow/.local/lib/python3.12/site-packages/airflow/example_dags/example_nested_branch_dag.py
[2025-04-06T21:45:05.836+0000] {logging_mixin.py:190} INFO - [2025-04-06T21:45:05.832+0000] {dag.py:3239} INFO - Sync 1 DAGs
[2025-04-06T21:45:05.876+0000] {logging_mixin.py:190} INFO - [2025-04-06T21:45:05.875+0000] {dag.py:4180} INFO - Setting next_dagrun for example_nested_branch_dag to 2025-04-05 00:00:00+00:00, run_after=2025-04-06 00:00:00+00:00
[2025-04-06T21:45:05.894+0000] {processor.py:208} INFO - Processing /home/airflow/.local/lib/python3.12/site-packages/airflow/example_dags/example_nested_branch_dag.py took 0.210 seconds
[2025-04-06T21:45:36.042+0000] {processor.py:186} INFO - Started process (PID=1774) to work on /home/airflow/.local/lib/python3.12/site-packages/airflow/example_dags/example_nested_branch_dag.py
[2025-04-06T21:45:36.043+0000] {processor.py:914} INFO - Processing file /home/airflow/.local/lib/python3.12/site-packages/airflow/example_dags/example_nested_branch_dag.py for tasks to queue
[2025-04-06T21:45:36.045+0000] {logging_mixin.py:190} INFO - [2025-04-06T21:45:36.045+0000] {dagbag.py:588} INFO - Filling up the DagBag from /home/airflow/.local/lib/python3.12/site-packages/airflow/example_dags/example_nested_branch_dag.py
[2025-04-06T21:45:36.059+0000] {processor.py:925} INFO - DAG(s) 'example_nested_branch_dag' retrieved from /home/airflow/.local/lib/python3.12/site-packages/airflow/example_dags/example_nested_branch_dag.py
[2025-04-06T21:45:36.086+0000] {logging_mixin.py:190} INFO - [2025-04-06T21:45:36.085+0000] {dag.py:3239} INFO - Sync 1 DAGs
[2025-04-06T21:45:36.117+0000] {logging_mixin.py:190} INFO - [2025-04-06T21:45:36.117+0000] {dag.py:4180} INFO - Setting next_dagrun for example_nested_branch_dag to 2025-04-05 00:00:00+00:00, run_after=2025-04-06 00:00:00+00:00
[2025-04-06T21:45:36.136+0000] {processor.py:208} INFO - Processing /home/airflow/.local/lib/python3.12/site-packages/airflow/example_dags/example_nested_branch_dag.py took 0.100 seconds
[2025-04-06T21:46:07.116+0000] {processor.py:186} INFO - Started process (PID=1839) to work on /home/airflow/.local/lib/python3.12/site-packages/airflow/example_dags/example_nested_branch_dag.py
[2025-04-06T21:46:07.117+0000] {processor.py:914} INFO - Processing file /home/airflow/.local/lib/python3.12/site-packages/airflow/example_dags/example_nested_branch_dag.py for tasks to queue
[2025-04-06T21:46:07.120+0000] {logging_mixin.py:190} INFO - [2025-04-06T21:46:07.119+0000] {dagbag.py:588} INFO - Filling up the DagBag from /home/airflow/.local/lib/python3.12/site-packages/airflow/example_dags/example_nested_branch_dag.py
[2025-04-06T21:46:07.134+0000] {processor.py:925} INFO - DAG(s) 'example_nested_branch_dag' retrieved from /home/airflow/.local/lib/python3.12/site-packages/airflow/example_dags/example_nested_branch_dag.py
[2025-04-06T21:46:07.160+0000] {logging_mixin.py:190} INFO - [2025-04-06T21:46:07.159+0000] {dag.py:3239} INFO - Sync 1 DAGs
[2025-04-06T21:46:07.207+0000] {logging_mixin.py:190} INFO - [2025-04-06T21:46:07.206+0000] {dag.py:4180} INFO - Setting next_dagrun for example_nested_branch_dag to 2025-04-05 00:00:00+00:00, run_after=2025-04-06 00:00:00+00:00
[2025-04-06T21:46:07.231+0000] {processor.py:208} INFO - Processing /home/airflow/.local/lib/python3.12/site-packages/airflow/example_dags/example_nested_branch_dag.py took 0.122 seconds
[2025-04-06T21:46:37.616+0000] {processor.py:186} INFO - Started process (PID=1903) to work on /home/airflow/.local/lib/python3.12/site-packages/airflow/example_dags/example_nested_branch_dag.py
[2025-04-06T21:46:37.617+0000] {processor.py:914} INFO - Processing file /home/airflow/.local/lib/python3.12/site-packages/airflow/example_dags/example_nested_branch_dag.py for tasks to queue
[2025-04-06T21:46:37.620+0000] {logging_mixin.py:190} INFO - [2025-04-06T21:46:37.619+0000] {dagbag.py:588} INFO - Filling up the DagBag from /home/airflow/.local/lib/python3.12/site-packages/airflow/example_dags/example_nested_branch_dag.py
[2025-04-06T21:46:37.638+0000] {processor.py:925} INFO - DAG(s) 'example_nested_branch_dag' retrieved from /home/airflow/.local/lib/python3.12/site-packages/airflow/example_dags/example_nested_branch_dag.py
[2025-04-06T21:46:37.664+0000] {logging_mixin.py:190} INFO - [2025-04-06T21:46:37.664+0000] {dag.py:3239} INFO - Sync 1 DAGs
[2025-04-06T21:46:37.699+0000] {logging_mixin.py:190} INFO - [2025-04-06T21:46:37.698+0000] {dag.py:4180} INFO - Setting next_dagrun for example_nested_branch_dag to 2025-04-05 00:00:00+00:00, run_after=2025-04-06 00:00:00+00:00
[2025-04-06T21:46:37.717+0000] {processor.py:208} INFO - Processing /home/airflow/.local/lib/python3.12/site-packages/airflow/example_dags/example_nested_branch_dag.py took 0.109 seconds
[2025-04-06T21:47:08.876+0000] {processor.py:186} INFO - Started process (PID=1966) to work on /home/airflow/.local/lib/python3.12/site-packages/airflow/example_dags/example_nested_branch_dag.py
[2025-04-06T21:47:08.877+0000] {processor.py:914} INFO - Processing file /home/airflow/.local/lib/python3.12/site-packages/airflow/example_dags/example_nested_branch_dag.py for tasks to queue
[2025-04-06T21:47:08.881+0000] {logging_mixin.py:190} INFO - [2025-04-06T21:47:08.880+0000] {dagbag.py:588} INFO - Filling up the DagBag from /home/airflow/.local/lib/python3.12/site-packages/airflow/example_dags/example_nested_branch_dag.py
[2025-04-06T21:47:08.895+0000] {processor.py:925} INFO - DAG(s) 'example_nested_branch_dag' retrieved from /home/airflow/.local/lib/python3.12/site-packages/airflow/example_dags/example_nested_branch_dag.py
[2025-04-06T21:47:08.922+0000] {logging_mixin.py:190} INFO - [2025-04-06T21:47:08.921+0000] {dag.py:3239} INFO - Sync 1 DAGs
[2025-04-06T21:47:08.954+0000] {logging_mixin.py:190} INFO - [2025-04-06T21:47:08.954+0000] {dag.py:4180} INFO - Setting next_dagrun for example_nested_branch_dag to 2025-04-05 00:00:00+00:00, run_after=2025-04-06 00:00:00+00:00
[2025-04-06T21:47:08.973+0000] {processor.py:208} INFO - Processing /home/airflow/.local/lib/python3.12/site-packages/airflow/example_dags/example_nested_branch_dag.py took 0.103 seconds
[2025-04-06T21:47:39.111+0000] {processor.py:186} INFO - Started process (PID=2030) to work on /home/airflow/.local/lib/python3.12/site-packages/airflow/example_dags/example_nested_branch_dag.py
[2025-04-06T21:47:39.112+0000] {processor.py:914} INFO - Processing file /home/airflow/.local/lib/python3.12/site-packages/airflow/example_dags/example_nested_branch_dag.py for tasks to queue
[2025-04-06T21:47:39.116+0000] {logging_mixin.py:190} INFO - [2025-04-06T21:47:39.116+0000] {dagbag.py:588} INFO - Filling up the DagBag from /home/airflow/.local/lib/python3.12/site-packages/airflow/example_dags/example_nested_branch_dag.py
[2025-04-06T21:47:39.132+0000] {processor.py:925} INFO - DAG(s) 'example_nested_branch_dag' retrieved from /home/airflow/.local/lib/python3.12/site-packages/airflow/example_dags/example_nested_branch_dag.py
[2025-04-06T21:47:39.175+0000] {logging_mixin.py:190} INFO - [2025-04-06T21:47:39.174+0000] {dag.py:3239} INFO - Sync 1 DAGs
[2025-04-06T21:47:39.214+0000] {logging_mixin.py:190} INFO - [2025-04-06T21:47:39.214+0000] {dag.py:4180} INFO - Setting next_dagrun for example_nested_branch_dag to 2025-04-05 00:00:00+00:00, run_after=2025-04-06 00:00:00+00:00
[2025-04-06T21:47:39.233+0000] {processor.py:208} INFO - Processing /home/airflow/.local/lib/python3.12/site-packages/airflow/example_dags/example_nested_branch_dag.py took 0.128 seconds
[2025-04-06T21:48:09.950+0000] {processor.py:186} INFO - Started process (PID=2094) to work on /home/airflow/.local/lib/python3.12/site-packages/airflow/example_dags/example_nested_branch_dag.py
[2025-04-06T21:48:09.951+0000] {processor.py:914} INFO - Processing file /home/airflow/.local/lib/python3.12/site-packages/airflow/example_dags/example_nested_branch_dag.py for tasks to queue
[2025-04-06T21:48:09.954+0000] {logging_mixin.py:190} INFO - [2025-04-06T21:48:09.953+0000] {dagbag.py:588} INFO - Filling up the DagBag from /home/airflow/.local/lib/python3.12/site-packages/airflow/example_dags/example_nested_branch_dag.py
[2025-04-06T21:48:09.967+0000] {processor.py:925} INFO - DAG(s) 'example_nested_branch_dag' retrieved from /home/airflow/.local/lib/python3.12/site-packages/airflow/example_dags/example_nested_branch_dag.py
[2025-04-06T21:48:09.992+0000] {logging_mixin.py:190} INFO - [2025-04-06T21:48:09.992+0000] {dag.py:3239} INFO - Sync 1 DAGs
[2025-04-06T21:48:10.023+0000] {logging_mixin.py:190} INFO - [2025-04-06T21:48:10.023+0000] {dag.py:4180} INFO - Setting next_dagrun for example_nested_branch_dag to 2025-04-05 00:00:00+00:00, run_after=2025-04-06 00:00:00+00:00
[2025-04-06T21:48:10.042+0000] {processor.py:208} INFO - Processing /home/airflow/.local/lib/python3.12/site-packages/airflow/example_dags/example_nested_branch_dag.py took 0.099 seconds
[2025-04-06T21:48:40.642+0000] {processor.py:186} INFO - Started process (PID=2158) to work on /home/airflow/.local/lib/python3.12/site-packages/airflow/example_dags/example_nested_branch_dag.py
[2025-04-06T21:48:40.643+0000] {processor.py:914} INFO - Processing file /home/airflow/.local/lib/python3.12/site-packages/airflow/example_dags/example_nested_branch_dag.py for tasks to queue
[2025-04-06T21:48:40.646+0000] {logging_mixin.py:190} INFO - [2025-04-06T21:48:40.645+0000] {dagbag.py:588} INFO - Filling up the DagBag from /home/airflow/.local/lib/python3.12/site-packages/airflow/example_dags/example_nested_branch_dag.py
[2025-04-06T21:48:40.661+0000] {processor.py:925} INFO - DAG(s) 'example_nested_branch_dag' retrieved from /home/airflow/.local/lib/python3.12/site-packages/airflow/example_dags/example_nested_branch_dag.py
[2025-04-06T21:48:40.687+0000] {logging_mixin.py:190} INFO - [2025-04-06T21:48:40.686+0000] {dag.py:3239} INFO - Sync 1 DAGs
[2025-04-06T21:48:40.717+0000] {logging_mixin.py:190} INFO - [2025-04-06T21:48:40.717+0000] {dag.py:4180} INFO - Setting next_dagrun for example_nested_branch_dag to 2025-04-05 00:00:00+00:00, run_after=2025-04-06 00:00:00+00:00
[2025-04-06T21:48:40.736+0000] {processor.py:208} INFO - Processing /home/airflow/.local/lib/python3.12/site-packages/airflow/example_dags/example_nested_branch_dag.py took 0.101 seconds
[2025-04-06T21:49:11.375+0000] {processor.py:186} INFO - Started process (PID=2222) to work on /home/airflow/.local/lib/python3.12/site-packages/airflow/example_dags/example_nested_branch_dag.py
[2025-04-06T21:49:11.376+0000] {processor.py:914} INFO - Processing file /home/airflow/.local/lib/python3.12/site-packages/airflow/example_dags/example_nested_branch_dag.py for tasks to queue
[2025-04-06T21:49:11.379+0000] {logging_mixin.py:190} INFO - [2025-04-06T21:49:11.378+0000] {dagbag.py:588} INFO - Filling up the DagBag from /home/airflow/.local/lib/python3.12/site-packages/airflow/example_dags/example_nested_branch_dag.py
[2025-04-06T21:49:11.394+0000] {processor.py:925} INFO - DAG(s) 'example_nested_branch_dag' retrieved from /home/airflow/.local/lib/python3.12/site-packages/airflow/example_dags/example_nested_branch_dag.py
[2025-04-06T21:49:11.421+0000] {logging_mixin.py:190} INFO - [2025-04-06T21:49:11.420+0000] {dag.py:3239} INFO - Sync 1 DAGs
[2025-04-06T21:49:11.450+0000] {logging_mixin.py:190} INFO - [2025-04-06T21:49:11.450+0000] {dag.py:4180} INFO - Setting next_dagrun for example_nested_branch_dag to 2025-04-05 00:00:00+00:00, run_after=2025-04-06 00:00:00+00:00
[2025-04-06T21:49:11.477+0000] {processor.py:208} INFO - Processing /home/airflow/.local/lib/python3.12/site-packages/airflow/example_dags/example_nested_branch_dag.py took 0.109 seconds
[2025-04-06T21:49:42.438+0000] {processor.py:186} INFO - Started process (PID=2285) to work on /home/airflow/.local/lib/python3.12/site-packages/airflow/example_dags/example_nested_branch_dag.py
[2025-04-06T21:49:42.439+0000] {processor.py:914} INFO - Processing file /home/airflow/.local/lib/python3.12/site-packages/airflow/example_dags/example_nested_branch_dag.py for tasks to queue
[2025-04-06T21:49:42.442+0000] {logging_mixin.py:190} INFO - [2025-04-06T21:49:42.441+0000] {dagbag.py:588} INFO - Filling up the DagBag from /home/airflow/.local/lib/python3.12/site-packages/airflow/example_dags/example_nested_branch_dag.py
[2025-04-06T21:49:42.456+0000] {processor.py:925} INFO - DAG(s) 'example_nested_branch_dag' retrieved from /home/airflow/.local/lib/python3.12/site-packages/airflow/example_dags/example_nested_branch_dag.py
[2025-04-06T21:49:42.481+0000] {logging_mixin.py:190} INFO - [2025-04-06T21:49:42.480+0000] {dag.py:3239} INFO - Sync 1 DAGs
[2025-04-06T21:49:42.511+0000] {logging_mixin.py:190} INFO - [2025-04-06T21:49:42.511+0000] {dag.py:4180} INFO - Setting next_dagrun for example_nested_branch_dag to 2025-04-05 00:00:00+00:00, run_after=2025-04-06 00:00:00+00:00
[2025-04-06T21:49:42.529+0000] {processor.py:208} INFO - Processing /home/airflow/.local/lib/python3.12/site-packages/airflow/example_dags/example_nested_branch_dag.py took 0.098 seconds
[2025-04-06T21:50:13.457+0000] {processor.py:186} INFO - Started process (PID=2349) to work on /home/airflow/.local/lib/python3.12/site-packages/airflow/example_dags/example_nested_branch_dag.py
[2025-04-06T21:50:13.458+0000] {processor.py:914} INFO - Processing file /home/airflow/.local/lib/python3.12/site-packages/airflow/example_dags/example_nested_branch_dag.py for tasks to queue
[2025-04-06T21:50:13.461+0000] {logging_mixin.py:190} INFO - [2025-04-06T21:50:13.461+0000] {dagbag.py:588} INFO - Filling up the DagBag from /home/airflow/.local/lib/python3.12/site-packages/airflow/example_dags/example_nested_branch_dag.py
[2025-04-06T21:50:13.475+0000] {processor.py:925} INFO - DAG(s) 'example_nested_branch_dag' retrieved from /home/airflow/.local/lib/python3.12/site-packages/airflow/example_dags/example_nested_branch_dag.py
[2025-04-06T21:50:13.501+0000] {logging_mixin.py:190} INFO - [2025-04-06T21:50:13.501+0000] {dag.py:3239} INFO - Sync 1 DAGs
[2025-04-06T21:50:13.532+0000] {logging_mixin.py:190} INFO - [2025-04-06T21:50:13.532+0000] {dag.py:4180} INFO - Setting next_dagrun for example_nested_branch_dag to 2025-04-05 00:00:00+00:00, run_after=2025-04-06 00:00:00+00:00
[2025-04-06T21:50:13.553+0000] {processor.py:208} INFO - Processing /home/airflow/.local/lib/python3.12/site-packages/airflow/example_dags/example_nested_branch_dag.py took 0.110 seconds
[2025-04-06T21:50:44.380+0000] {processor.py:186} INFO - Started process (PID=2413) to work on /home/airflow/.local/lib/python3.12/site-packages/airflow/example_dags/example_nested_branch_dag.py
[2025-04-06T21:50:44.382+0000] {processor.py:914} INFO - Processing file /home/airflow/.local/lib/python3.12/site-packages/airflow/example_dags/example_nested_branch_dag.py for tasks to queue
[2025-04-06T21:50:44.386+0000] {logging_mixin.py:190} INFO - [2025-04-06T21:50:44.386+0000] {dagbag.py:588} INFO - Filling up the DagBag from /home/airflow/.local/lib/python3.12/site-packages/airflow/example_dags/example_nested_branch_dag.py
[2025-04-06T21:50:44.399+0000] {processor.py:925} INFO - DAG(s) 'example_nested_branch_dag' retrieved from /home/airflow/.local/lib/python3.12/site-packages/airflow/example_dags/example_nested_branch_dag.py
[2025-04-06T21:50:44.463+0000] {logging_mixin.py:190} INFO - [2025-04-06T21:50:44.462+0000] {dag.py:3239} INFO - Sync 1 DAGs
[2025-04-06T21:50:44.551+0000] {logging_mixin.py:190} INFO - [2025-04-06T21:50:44.550+0000] {dag.py:4180} INFO - Setting next_dagrun for example_nested_branch_dag to 2025-04-05 00:00:00+00:00, run_after=2025-04-06 00:00:00+00:00
[2025-04-06T21:50:44.614+0000] {processor.py:208} INFO - Processing /home/airflow/.local/lib/python3.12/site-packages/airflow/example_dags/example_nested_branch_dag.py took 0.247 seconds
[2025-04-06T21:51:14.825+0000] {processor.py:186} INFO - Started process (PID=2484) to work on /home/airflow/.local/lib/python3.12/site-packages/airflow/example_dags/example_nested_branch_dag.py
[2025-04-06T21:51:14.826+0000] {processor.py:914} INFO - Processing file /home/airflow/.local/lib/python3.12/site-packages/airflow/example_dags/example_nested_branch_dag.py for tasks to queue
[2025-04-06T21:51:14.829+0000] {logging_mixin.py:190} INFO - [2025-04-06T21:51:14.829+0000] {dagbag.py:588} INFO - Filling up the DagBag from /home/airflow/.local/lib/python3.12/site-packages/airflow/example_dags/example_nested_branch_dag.py
[2025-04-06T21:51:14.845+0000] {processor.py:925} INFO - DAG(s) 'example_nested_branch_dag' retrieved from /home/airflow/.local/lib/python3.12/site-packages/airflow/example_dags/example_nested_branch_dag.py
[2025-04-06T21:51:14.872+0000] {logging_mixin.py:190} INFO - [2025-04-06T21:51:14.872+0000] {dag.py:3239} INFO - Sync 1 DAGs
[2025-04-06T21:51:14.900+0000] {logging_mixin.py:190} INFO - [2025-04-06T21:51:14.900+0000] {dag.py:4180} INFO - Setting next_dagrun for example_nested_branch_dag to 2025-04-05 00:00:00+00:00, run_after=2025-04-06 00:00:00+00:00
[2025-04-06T21:51:14.918+0000] {processor.py:208} INFO - Processing /home/airflow/.local/lib/python3.12/site-packages/airflow/example_dags/example_nested_branch_dag.py took 0.100 seconds
[2025-04-06T21:51:46.005+0000] {processor.py:186} INFO - Started process (PID=2550) to work on /home/airflow/.local/lib/python3.12/site-packages/airflow/example_dags/example_nested_branch_dag.py
[2025-04-06T21:51:46.006+0000] {processor.py:914} INFO - Processing file /home/airflow/.local/lib/python3.12/site-packages/airflow/example_dags/example_nested_branch_dag.py for tasks to queue
[2025-04-06T21:51:46.009+0000] {logging_mixin.py:190} INFO - [2025-04-06T21:51:46.009+0000] {dagbag.py:588} INFO - Filling up the DagBag from /home/airflow/.local/lib/python3.12/site-packages/airflow/example_dags/example_nested_branch_dag.py
[2025-04-06T21:51:46.023+0000] {processor.py:925} INFO - DAG(s) 'example_nested_branch_dag' retrieved from /home/airflow/.local/lib/python3.12/site-packages/airflow/example_dags/example_nested_branch_dag.py
[2025-04-06T21:51:46.051+0000] {logging_mixin.py:190} INFO - [2025-04-06T21:51:46.050+0000] {dag.py:3239} INFO - Sync 1 DAGs
[2025-04-06T21:51:46.082+0000] {logging_mixin.py:190} INFO - [2025-04-06T21:51:46.081+0000] {dag.py:4180} INFO - Setting next_dagrun for example_nested_branch_dag to 2025-04-05 00:00:00+00:00, run_after=2025-04-06 00:00:00+00:00
[2025-04-06T21:51:46.101+0000] {processor.py:208} INFO - Processing /home/airflow/.local/lib/python3.12/site-packages/airflow/example_dags/example_nested_branch_dag.py took 0.103 seconds
[2025-04-06T21:52:17.204+0000] {processor.py:186} INFO - Started process (PID=2614) to work on /home/airflow/.local/lib/python3.12/site-packages/airflow/example_dags/example_nested_branch_dag.py
[2025-04-06T21:52:17.205+0000] {processor.py:914} INFO - Processing file /home/airflow/.local/lib/python3.12/site-packages/airflow/example_dags/example_nested_branch_dag.py for tasks to queue
[2025-04-06T21:52:17.208+0000] {logging_mixin.py:190} INFO - [2025-04-06T21:52:17.208+0000] {dagbag.py:588} INFO - Filling up the DagBag from /home/airflow/.local/lib/python3.12/site-packages/airflow/example_dags/example_nested_branch_dag.py
[2025-04-06T21:52:17.224+0000] {processor.py:925} INFO - DAG(s) 'example_nested_branch_dag' retrieved from /home/airflow/.local/lib/python3.12/site-packages/airflow/example_dags/example_nested_branch_dag.py
[2025-04-06T21:52:17.258+0000] {logging_mixin.py:190} INFO - [2025-04-06T21:52:17.257+0000] {dag.py:3239} INFO - Sync 1 DAGs
[2025-04-06T21:52:17.289+0000] {logging_mixin.py:190} INFO - [2025-04-06T21:52:17.288+0000] {dag.py:4180} INFO - Setting next_dagrun for example_nested_branch_dag to 2025-04-05 00:00:00+00:00, run_after=2025-04-06 00:00:00+00:00
[2025-04-06T21:52:17.308+0000] {processor.py:208} INFO - Processing /home/airflow/.local/lib/python3.12/site-packages/airflow/example_dags/example_nested_branch_dag.py took 0.111 seconds
[2025-04-06T21:52:47.839+0000] {processor.py:186} INFO - Started process (PID=2678) to work on /home/airflow/.local/lib/python3.12/site-packages/airflow/example_dags/example_nested_branch_dag.py
[2025-04-06T21:52:47.840+0000] {processor.py:914} INFO - Processing file /home/airflow/.local/lib/python3.12/site-packages/airflow/example_dags/example_nested_branch_dag.py for tasks to queue
[2025-04-06T21:52:47.842+0000] {logging_mixin.py:190} INFO - [2025-04-06T21:52:47.842+0000] {dagbag.py:588} INFO - Filling up the DagBag from /home/airflow/.local/lib/python3.12/site-packages/airflow/example_dags/example_nested_branch_dag.py
[2025-04-06T21:52:47.857+0000] {processor.py:925} INFO - DAG(s) 'example_nested_branch_dag' retrieved from /home/airflow/.local/lib/python3.12/site-packages/airflow/example_dags/example_nested_branch_dag.py
[2025-04-06T21:52:47.883+0000] {logging_mixin.py:190} INFO - [2025-04-06T21:52:47.883+0000] {dag.py:3239} INFO - Sync 1 DAGs
[2025-04-06T21:52:47.915+0000] {logging_mixin.py:190} INFO - [2025-04-06T21:52:47.915+0000] {dag.py:4180} INFO - Setting next_dagrun for example_nested_branch_dag to 2025-04-05 00:00:00+00:00, run_after=2025-04-06 00:00:00+00:00
[2025-04-06T21:52:47.934+0000] {processor.py:208} INFO - Processing /home/airflow/.local/lib/python3.12/site-packages/airflow/example_dags/example_nested_branch_dag.py took 0.101 seconds
[2025-04-06T21:53:18.094+0000] {processor.py:186} INFO - Started process (PID=2741) to work on /home/airflow/.local/lib/python3.12/site-packages/airflow/example_dags/example_nested_branch_dag.py
[2025-04-06T21:53:18.095+0000] {processor.py:914} INFO - Processing file /home/airflow/.local/lib/python3.12/site-packages/airflow/example_dags/example_nested_branch_dag.py for tasks to queue
[2025-04-06T21:53:18.097+0000] {logging_mixin.py:190} INFO - [2025-04-06T21:53:18.097+0000] {dagbag.py:588} INFO - Filling up the DagBag from /home/airflow/.local/lib/python3.12/site-packages/airflow/example_dags/example_nested_branch_dag.py
[2025-04-06T21:53:18.113+0000] {processor.py:925} INFO - DAG(s) 'example_nested_branch_dag' retrieved from /home/airflow/.local/lib/python3.12/site-packages/airflow/example_dags/example_nested_branch_dag.py
[2025-04-06T21:53:18.145+0000] {logging_mixin.py:190} INFO - [2025-04-06T21:53:18.144+0000] {dag.py:3239} INFO - Sync 1 DAGs
[2025-04-06T21:53:18.176+0000] {logging_mixin.py:190} INFO - [2025-04-06T21:53:18.176+0000] {dag.py:4180} INFO - Setting next_dagrun for example_nested_branch_dag to 2025-04-05 00:00:00+00:00, run_after=2025-04-06 00:00:00+00:00
[2025-04-06T21:53:18.204+0000] {processor.py:208} INFO - Processing /home/airflow/.local/lib/python3.12/site-packages/airflow/example_dags/example_nested_branch_dag.py took 0.117 seconds
[2025-04-06T21:53:48.448+0000] {processor.py:186} INFO - Started process (PID=2804) to work on /home/airflow/.local/lib/python3.12/site-packages/airflow/example_dags/example_nested_branch_dag.py
[2025-04-06T21:53:48.449+0000] {processor.py:914} INFO - Processing file /home/airflow/.local/lib/python3.12/site-packages/airflow/example_dags/example_nested_branch_dag.py for tasks to queue
[2025-04-06T21:53:48.451+0000] {logging_mixin.py:190} INFO - [2025-04-06T21:53:48.451+0000] {dagbag.py:588} INFO - Filling up the DagBag from /home/airflow/.local/lib/python3.12/site-packages/airflow/example_dags/example_nested_branch_dag.py
[2025-04-06T21:53:48.460+0000] {processor.py:925} INFO - DAG(s) 'example_nested_branch_dag' retrieved from /home/airflow/.local/lib/python3.12/site-packages/airflow/example_dags/example_nested_branch_dag.py
[2025-04-06T21:53:48.486+0000] {logging_mixin.py:190} INFO - [2025-04-06T21:53:48.486+0000] {dag.py:3239} INFO - Sync 1 DAGs
[2025-04-06T21:53:48.520+0000] {logging_mixin.py:190} INFO - [2025-04-06T21:53:48.520+0000] {dag.py:4180} INFO - Setting next_dagrun for example_nested_branch_dag to 2025-04-05 00:00:00+00:00, run_after=2025-04-06 00:00:00+00:00
[2025-04-06T21:53:48.546+0000] {processor.py:208} INFO - Processing /home/airflow/.local/lib/python3.12/site-packages/airflow/example_dags/example_nested_branch_dag.py took 0.104 seconds
[2025-04-06T21:54:19.795+0000] {processor.py:186} INFO - Started process (PID=2871) to work on /home/airflow/.local/lib/python3.12/site-packages/airflow/example_dags/example_nested_branch_dag.py
[2025-04-06T21:54:19.795+0000] {processor.py:914} INFO - Processing file /home/airflow/.local/lib/python3.12/site-packages/airflow/example_dags/example_nested_branch_dag.py for tasks to queue
[2025-04-06T21:54:19.798+0000] {logging_mixin.py:190} INFO - [2025-04-06T21:54:19.797+0000] {dagbag.py:588} INFO - Filling up the DagBag from /home/airflow/.local/lib/python3.12/site-packages/airflow/example_dags/example_nested_branch_dag.py
[2025-04-06T21:54:19.811+0000] {processor.py:925} INFO - DAG(s) 'example_nested_branch_dag' retrieved from /home/airflow/.local/lib/python3.12/site-packages/airflow/example_dags/example_nested_branch_dag.py
[2025-04-06T21:54:19.837+0000] {logging_mixin.py:190} INFO - [2025-04-06T21:54:19.836+0000] {dag.py:3239} INFO - Sync 1 DAGs
[2025-04-06T21:54:19.868+0000] {logging_mixin.py:190} INFO - [2025-04-06T21:54:19.868+0000] {dag.py:4180} INFO - Setting next_dagrun for example_nested_branch_dag to 2025-04-05 00:00:00+00:00, run_after=2025-04-06 00:00:00+00:00
[2025-04-06T21:54:19.886+0000] {processor.py:208} INFO - Processing /home/airflow/.local/lib/python3.12/site-packages/airflow/example_dags/example_nested_branch_dag.py took 0.098 seconds
[2025-04-06T21:54:50.591+0000] {processor.py:186} INFO - Started process (PID=2935) to work on /home/airflow/.local/lib/python3.12/site-packages/airflow/example_dags/example_nested_branch_dag.py
[2025-04-06T21:54:50.591+0000] {processor.py:914} INFO - Processing file /home/airflow/.local/lib/python3.12/site-packages/airflow/example_dags/example_nested_branch_dag.py for tasks to queue
[2025-04-06T21:54:50.594+0000] {logging_mixin.py:190} INFO - [2025-04-06T21:54:50.593+0000] {dagbag.py:588} INFO - Filling up the DagBag from /home/airflow/.local/lib/python3.12/site-packages/airflow/example_dags/example_nested_branch_dag.py
[2025-04-06T21:54:50.608+0000] {processor.py:925} INFO - DAG(s) 'example_nested_branch_dag' retrieved from /home/airflow/.local/lib/python3.12/site-packages/airflow/example_dags/example_nested_branch_dag.py
[2025-04-06T21:54:50.634+0000] {logging_mixin.py:190} INFO - [2025-04-06T21:54:50.633+0000] {dag.py:3239} INFO - Sync 1 DAGs
[2025-04-06T21:54:50.662+0000] {logging_mixin.py:190} INFO - [2025-04-06T21:54:50.662+0000] {dag.py:4180} INFO - Setting next_dagrun for example_nested_branch_dag to 2025-04-05 00:00:00+00:00, run_after=2025-04-06 00:00:00+00:00
[2025-04-06T21:54:50.680+0000] {processor.py:208} INFO - Processing /home/airflow/.local/lib/python3.12/site-packages/airflow/example_dags/example_nested_branch_dag.py took 0.097 seconds
[2025-04-06T21:55:21.069+0000] {processor.py:186} INFO - Started process (PID=2999) to work on /home/airflow/.local/lib/python3.12/site-packages/airflow/example_dags/example_nested_branch_dag.py
[2025-04-06T21:55:21.070+0000] {processor.py:914} INFO - Processing file /home/airflow/.local/lib/python3.12/site-packages/airflow/example_dags/example_nested_branch_dag.py for tasks to queue
[2025-04-06T21:55:21.073+0000] {logging_mixin.py:190} INFO - [2025-04-06T21:55:21.073+0000] {dagbag.py:588} INFO - Filling up the DagBag from /home/airflow/.local/lib/python3.12/site-packages/airflow/example_dags/example_nested_branch_dag.py
[2025-04-06T21:55:21.087+0000] {processor.py:925} INFO - DAG(s) 'example_nested_branch_dag' retrieved from /home/airflow/.local/lib/python3.12/site-packages/airflow/example_dags/example_nested_branch_dag.py
[2025-04-06T21:55:21.117+0000] {logging_mixin.py:190} INFO - [2025-04-06T21:55:21.116+0000] {dag.py:3239} INFO - Sync 1 DAGs
[2025-04-06T21:55:21.147+0000] {logging_mixin.py:190} INFO - [2025-04-06T21:55:21.147+0000] {dag.py:4180} INFO - Setting next_dagrun for example_nested_branch_dag to 2025-04-05 00:00:00+00:00, run_after=2025-04-06 00:00:00+00:00
[2025-04-06T21:55:21.167+0000] {processor.py:208} INFO - Processing /home/airflow/.local/lib/python3.12/site-packages/airflow/example_dags/example_nested_branch_dag.py took 0.105 seconds
[2025-04-06T21:55:52.655+0000] {processor.py:186} INFO - Started process (PID=3065) to work on /home/airflow/.local/lib/python3.12/site-packages/airflow/example_dags/example_nested_branch_dag.py
[2025-04-06T21:55:52.656+0000] {processor.py:914} INFO - Processing file /home/airflow/.local/lib/python3.12/site-packages/airflow/example_dags/example_nested_branch_dag.py for tasks to queue
[2025-04-06T21:55:52.658+0000] {logging_mixin.py:190} INFO - [2025-04-06T21:55:52.658+0000] {dagbag.py:588} INFO - Filling up the DagBag from /home/airflow/.local/lib/python3.12/site-packages/airflow/example_dags/example_nested_branch_dag.py
[2025-04-06T21:55:52.673+0000] {processor.py:925} INFO - DAG(s) 'example_nested_branch_dag' retrieved from /home/airflow/.local/lib/python3.12/site-packages/airflow/example_dags/example_nested_branch_dag.py
[2025-04-06T21:55:52.700+0000] {logging_mixin.py:190} INFO - [2025-04-06T21:55:52.699+0000] {dag.py:3239} INFO - Sync 1 DAGs
[2025-04-06T21:55:52.731+0000] {logging_mixin.py:190} INFO - [2025-04-06T21:55:52.731+0000] {dag.py:4180} INFO - Setting next_dagrun for example_nested_branch_dag to 2025-04-05 00:00:00+00:00, run_after=2025-04-06 00:00:00+00:00
[2025-04-06T21:55:52.752+0000] {processor.py:208} INFO - Processing /home/airflow/.local/lib/python3.12/site-packages/airflow/example_dags/example_nested_branch_dag.py took 0.104 seconds
[2025-04-06T21:56:24.236+0000] {processor.py:186} INFO - Started process (PID=3129) to work on /home/airflow/.local/lib/python3.12/site-packages/airflow/example_dags/example_nested_branch_dag.py
[2025-04-06T21:56:24.238+0000] {processor.py:914} INFO - Processing file /home/airflow/.local/lib/python3.12/site-packages/airflow/example_dags/example_nested_branch_dag.py for tasks to queue
[2025-04-06T21:56:24.242+0000] {logging_mixin.py:190} INFO - [2025-04-06T21:56:24.242+0000] {dagbag.py:588} INFO - Filling up the DagBag from /home/airflow/.local/lib/python3.12/site-packages/airflow/example_dags/example_nested_branch_dag.py
[2025-04-06T21:56:24.274+0000] {processor.py:925} INFO - DAG(s) 'example_nested_branch_dag' retrieved from /home/airflow/.local/lib/python3.12/site-packages/airflow/example_dags/example_nested_branch_dag.py
[2025-04-06T21:56:24.342+0000] {logging_mixin.py:190} INFO - [2025-04-06T21:56:24.342+0000] {dag.py:3239} INFO - Sync 1 DAGs
[2025-04-06T21:56:24.388+0000] {logging_mixin.py:190} INFO - [2025-04-06T21:56:24.388+0000] {dag.py:4180} INFO - Setting next_dagrun for example_nested_branch_dag to 2025-04-05 00:00:00+00:00, run_after=2025-04-06 00:00:00+00:00
[2025-04-06T21:56:24.410+0000] {processor.py:208} INFO - Processing /home/airflow/.local/lib/python3.12/site-packages/airflow/example_dags/example_nested_branch_dag.py took 0.188 seconds
[2025-04-06T21:56:54.743+0000] {processor.py:186} INFO - Started process (PID=3193) to work on /home/airflow/.local/lib/python3.12/site-packages/airflow/example_dags/example_nested_branch_dag.py
[2025-04-06T21:56:54.744+0000] {processor.py:914} INFO - Processing file /home/airflow/.local/lib/python3.12/site-packages/airflow/example_dags/example_nested_branch_dag.py for tasks to queue
[2025-04-06T21:56:54.747+0000] {logging_mixin.py:190} INFO - [2025-04-06T21:56:54.746+0000] {dagbag.py:588} INFO - Filling up the DagBag from /home/airflow/.local/lib/python3.12/site-packages/airflow/example_dags/example_nested_branch_dag.py
[2025-04-06T21:56:54.762+0000] {processor.py:925} INFO - DAG(s) 'example_nested_branch_dag' retrieved from /home/airflow/.local/lib/python3.12/site-packages/airflow/example_dags/example_nested_branch_dag.py
[2025-04-06T21:56:54.794+0000] {logging_mixin.py:190} INFO - [2025-04-06T21:56:54.793+0000] {dag.py:3239} INFO - Sync 1 DAGs
[2025-04-06T21:56:54.833+0000] {logging_mixin.py:190} INFO - [2025-04-06T21:56:54.833+0000] {dag.py:4180} INFO - Setting next_dagrun for example_nested_branch_dag to 2025-04-05 00:00:00+00:00, run_after=2025-04-06 00:00:00+00:00
[2025-04-06T21:56:54.852+0000] {processor.py:208} INFO - Processing /home/airflow/.local/lib/python3.12/site-packages/airflow/example_dags/example_nested_branch_dag.py took 0.115 seconds
[2025-04-06T21:57:26.220+0000] {processor.py:186} INFO - Started process (PID=3258) to work on /home/airflow/.local/lib/python3.12/site-packages/airflow/example_dags/example_nested_branch_dag.py
[2025-04-06T21:57:26.223+0000] {processor.py:914} INFO - Processing file /home/airflow/.local/lib/python3.12/site-packages/airflow/example_dags/example_nested_branch_dag.py for tasks to queue
[2025-04-06T21:57:26.229+0000] {logging_mixin.py:190} INFO - [2025-04-06T21:57:26.228+0000] {dagbag.py:588} INFO - Filling up the DagBag from /home/airflow/.local/lib/python3.12/site-packages/airflow/example_dags/example_nested_branch_dag.py
[2025-04-06T21:57:26.244+0000] {processor.py:925} INFO - DAG(s) 'example_nested_branch_dag' retrieved from /home/airflow/.local/lib/python3.12/site-packages/airflow/example_dags/example_nested_branch_dag.py
[2025-04-06T21:57:26.280+0000] {logging_mixin.py:190} INFO - [2025-04-06T21:57:26.279+0000] {dag.py:3239} INFO - Sync 1 DAGs
[2025-04-06T21:57:26.365+0000] {logging_mixin.py:190} INFO - [2025-04-06T21:57:26.364+0000] {dag.py:4180} INFO - Setting next_dagrun for example_nested_branch_dag to 2025-04-05 00:00:00+00:00, run_after=2025-04-06 00:00:00+00:00
[2025-04-06T21:57:26.419+0000] {processor.py:208} INFO - Processing /home/airflow/.local/lib/python3.12/site-packages/airflow/example_dags/example_nested_branch_dag.py took 0.234 seconds
[2025-04-06T21:57:56.763+0000] {processor.py:186} INFO - Started process (PID=3322) to work on /home/airflow/.local/lib/python3.12/site-packages/airflow/example_dags/example_nested_branch_dag.py
[2025-04-06T21:57:56.764+0000] {processor.py:914} INFO - Processing file /home/airflow/.local/lib/python3.12/site-packages/airflow/example_dags/example_nested_branch_dag.py for tasks to queue
[2025-04-06T21:57:56.766+0000] {logging_mixin.py:190} INFO - [2025-04-06T21:57:56.766+0000] {dagbag.py:588} INFO - Filling up the DagBag from /home/airflow/.local/lib/python3.12/site-packages/airflow/example_dags/example_nested_branch_dag.py
[2025-04-06T21:57:56.780+0000] {processor.py:925} INFO - DAG(s) 'example_nested_branch_dag' retrieved from /home/airflow/.local/lib/python3.12/site-packages/airflow/example_dags/example_nested_branch_dag.py
[2025-04-06T21:57:56.805+0000] {logging_mixin.py:190} INFO - [2025-04-06T21:57:56.804+0000] {dag.py:3239} INFO - Sync 1 DAGs
[2025-04-06T21:57:56.836+0000] {logging_mixin.py:190} INFO - [2025-04-06T21:57:56.836+0000] {dag.py:4180} INFO - Setting next_dagrun for example_nested_branch_dag to 2025-04-05 00:00:00+00:00, run_after=2025-04-06 00:00:00+00:00
[2025-04-06T21:57:56.855+0000] {processor.py:208} INFO - Processing /home/airflow/.local/lib/python3.12/site-packages/airflow/example_dags/example_nested_branch_dag.py took 0.099 seconds
[2025-04-06T21:58:27.935+0000] {processor.py:186} INFO - Started process (PID=3386) to work on /home/airflow/.local/lib/python3.12/site-packages/airflow/example_dags/example_nested_branch_dag.py
[2025-04-06T21:58:27.936+0000] {processor.py:914} INFO - Processing file /home/airflow/.local/lib/python3.12/site-packages/airflow/example_dags/example_nested_branch_dag.py for tasks to queue
[2025-04-06T21:58:27.939+0000] {logging_mixin.py:190} INFO - [2025-04-06T21:58:27.939+0000] {dagbag.py:588} INFO - Filling up the DagBag from /home/airflow/.local/lib/python3.12/site-packages/airflow/example_dags/example_nested_branch_dag.py
[2025-04-06T21:58:27.954+0000] {processor.py:925} INFO - DAG(s) 'example_nested_branch_dag' retrieved from /home/airflow/.local/lib/python3.12/site-packages/airflow/example_dags/example_nested_branch_dag.py
[2025-04-06T21:58:27.978+0000] {logging_mixin.py:190} INFO - [2025-04-06T21:58:27.978+0000] {dag.py:3239} INFO - Sync 1 DAGs
[2025-04-06T21:58:28.009+0000] {logging_mixin.py:190} INFO - [2025-04-06T21:58:28.009+0000] {dag.py:4180} INFO - Setting next_dagrun for example_nested_branch_dag to 2025-04-05 00:00:00+00:00, run_after=2025-04-06 00:00:00+00:00
[2025-04-06T21:58:28.029+0000] {processor.py:208} INFO - Processing /home/airflow/.local/lib/python3.12/site-packages/airflow/example_dags/example_nested_branch_dag.py took 0.101 seconds
[2025-04-06T21:58:58.331+0000] {processor.py:186} INFO - Started process (PID=3450) to work on /home/airflow/.local/lib/python3.12/site-packages/airflow/example_dags/example_nested_branch_dag.py
[2025-04-06T21:58:58.332+0000] {processor.py:914} INFO - Processing file /home/airflow/.local/lib/python3.12/site-packages/airflow/example_dags/example_nested_branch_dag.py for tasks to queue
[2025-04-06T21:58:58.336+0000] {logging_mixin.py:190} INFO - [2025-04-06T21:58:58.336+0000] {dagbag.py:588} INFO - Filling up the DagBag from /home/airflow/.local/lib/python3.12/site-packages/airflow/example_dags/example_nested_branch_dag.py
[2025-04-06T21:58:58.353+0000] {processor.py:925} INFO - DAG(s) 'example_nested_branch_dag' retrieved from /home/airflow/.local/lib/python3.12/site-packages/airflow/example_dags/example_nested_branch_dag.py
[2025-04-06T21:58:58.388+0000] {logging_mixin.py:190} INFO - [2025-04-06T21:58:58.387+0000] {dag.py:3239} INFO - Sync 1 DAGs
[2025-04-06T21:58:58.431+0000] {logging_mixin.py:190} INFO - [2025-04-06T21:58:58.430+0000] {dag.py:4180} INFO - Setting next_dagrun for example_nested_branch_dag to 2025-04-05 00:00:00+00:00, run_after=2025-04-06 00:00:00+00:00
[2025-04-06T21:58:58.449+0000] {processor.py:208} INFO - Processing /home/airflow/.local/lib/python3.12/site-packages/airflow/example_dags/example_nested_branch_dag.py took 0.134 seconds
[2025-04-06T21:59:29.449+0000] {processor.py:186} INFO - Started process (PID=3515) to work on /home/airflow/.local/lib/python3.12/site-packages/airflow/example_dags/example_nested_branch_dag.py
[2025-04-06T21:59:29.451+0000] {processor.py:914} INFO - Processing file /home/airflow/.local/lib/python3.12/site-packages/airflow/example_dags/example_nested_branch_dag.py for tasks to queue
[2025-04-06T21:59:29.455+0000] {logging_mixin.py:190} INFO - [2025-04-06T21:59:29.454+0000] {dagbag.py:588} INFO - Filling up the DagBag from /home/airflow/.local/lib/python3.12/site-packages/airflow/example_dags/example_nested_branch_dag.py
[2025-04-06T21:59:29.473+0000] {processor.py:925} INFO - DAG(s) 'example_nested_branch_dag' retrieved from /home/airflow/.local/lib/python3.12/site-packages/airflow/example_dags/example_nested_branch_dag.py
[2025-04-06T21:59:29.499+0000] {logging_mixin.py:190} INFO - [2025-04-06T21:59:29.499+0000] {dag.py:3239} INFO - Sync 1 DAGs
[2025-04-06T21:59:29.536+0000] {logging_mixin.py:190} INFO - [2025-04-06T21:59:29.536+0000] {dag.py:4180} INFO - Setting next_dagrun for example_nested_branch_dag to 2025-04-05 00:00:00+00:00, run_after=2025-04-06 00:00:00+00:00
[2025-04-06T21:59:29.563+0000] {processor.py:208} INFO - Processing /home/airflow/.local/lib/python3.12/site-packages/airflow/example_dags/example_nested_branch_dag.py took 0.129 seconds
[2025-04-06T22:00:00.806+0000] {processor.py:186} INFO - Started process (PID=3579) to work on /home/airflow/.local/lib/python3.12/site-packages/airflow/example_dags/example_nested_branch_dag.py
[2025-04-06T22:00:00.809+0000] {processor.py:914} INFO - Processing file /home/airflow/.local/lib/python3.12/site-packages/airflow/example_dags/example_nested_branch_dag.py for tasks to queue
[2025-04-06T22:00:00.811+0000] {logging_mixin.py:190} INFO - [2025-04-06T22:00:00.811+0000] {dagbag.py:588} INFO - Filling up the DagBag from /home/airflow/.local/lib/python3.12/site-packages/airflow/example_dags/example_nested_branch_dag.py
[2025-04-06T22:00:00.839+0000] {processor.py:925} INFO - DAG(s) 'example_nested_branch_dag' retrieved from /home/airflow/.local/lib/python3.12/site-packages/airflow/example_dags/example_nested_branch_dag.py
[2025-04-06T22:00:00.888+0000] {logging_mixin.py:190} INFO - [2025-04-06T22:00:00.887+0000] {dag.py:3239} INFO - Sync 1 DAGs
[2025-04-06T22:00:00.945+0000] {logging_mixin.py:190} INFO - [2025-04-06T22:00:00.945+0000] {dag.py:4180} INFO - Setting next_dagrun for example_nested_branch_dag to 2025-04-05 00:00:00+00:00, run_after=2025-04-06 00:00:00+00:00
[2025-04-06T22:00:00.980+0000] {processor.py:208} INFO - Processing /home/airflow/.local/lib/python3.12/site-packages/airflow/example_dags/example_nested_branch_dag.py took 0.190 seconds
[2025-04-06T22:00:31.917+0000] {processor.py:186} INFO - Started process (PID=3644) to work on /home/airflow/.local/lib/python3.12/site-packages/airflow/example_dags/example_nested_branch_dag.py
[2025-04-06T22:00:31.918+0000] {processor.py:914} INFO - Processing file /home/airflow/.local/lib/python3.12/site-packages/airflow/example_dags/example_nested_branch_dag.py for tasks to queue
[2025-04-06T22:00:31.920+0000] {logging_mixin.py:190} INFO - [2025-04-06T22:00:31.920+0000] {dagbag.py:588} INFO - Filling up the DagBag from /home/airflow/.local/lib/python3.12/site-packages/airflow/example_dags/example_nested_branch_dag.py
[2025-04-06T22:00:31.938+0000] {processor.py:925} INFO - DAG(s) 'example_nested_branch_dag' retrieved from /home/airflow/.local/lib/python3.12/site-packages/airflow/example_dags/example_nested_branch_dag.py
[2025-04-06T22:00:31.965+0000] {logging_mixin.py:190} INFO - [2025-04-06T22:00:31.964+0000] {dag.py:3239} INFO - Sync 1 DAGs
[2025-04-06T22:00:31.998+0000] {logging_mixin.py:190} INFO - [2025-04-06T22:00:31.998+0000] {dag.py:4180} INFO - Setting next_dagrun for example_nested_branch_dag to 2025-04-05 00:00:00+00:00, run_after=2025-04-06 00:00:00+00:00
[2025-04-06T22:00:32.017+0000] {processor.py:208} INFO - Processing /home/airflow/.local/lib/python3.12/site-packages/airflow/example_dags/example_nested_branch_dag.py took 0.106 seconds
[2025-04-06T22:01:02.597+0000] {processor.py:186} INFO - Started process (PID=3708) to work on /home/airflow/.local/lib/python3.12/site-packages/airflow/example_dags/example_nested_branch_dag.py
[2025-04-06T22:01:02.598+0000] {processor.py:914} INFO - Processing file /home/airflow/.local/lib/python3.12/site-packages/airflow/example_dags/example_nested_branch_dag.py for tasks to queue
[2025-04-06T22:01:02.600+0000] {logging_mixin.py:190} INFO - [2025-04-06T22:01:02.600+0000] {dagbag.py:588} INFO - Filling up the DagBag from /home/airflow/.local/lib/python3.12/site-packages/airflow/example_dags/example_nested_branch_dag.py
[2025-04-06T22:01:02.618+0000] {processor.py:925} INFO - DAG(s) 'example_nested_branch_dag' retrieved from /home/airflow/.local/lib/python3.12/site-packages/airflow/example_dags/example_nested_branch_dag.py
[2025-04-06T22:01:02.645+0000] {logging_mixin.py:190} INFO - [2025-04-06T22:01:02.644+0000] {dag.py:3239} INFO - Sync 1 DAGs
[2025-04-06T22:01:02.677+0000] {logging_mixin.py:190} INFO - [2025-04-06T22:01:02.676+0000] {dag.py:4180} INFO - Setting next_dagrun for example_nested_branch_dag to 2025-04-05 00:00:00+00:00, run_after=2025-04-06 00:00:00+00:00
[2025-04-06T22:01:02.695+0000] {processor.py:208} INFO - Processing /home/airflow/.local/lib/python3.12/site-packages/airflow/example_dags/example_nested_branch_dag.py took 0.106 seconds
[2025-04-06T22:01:32.789+0000] {processor.py:186} INFO - Started process (PID=3771) to work on /home/airflow/.local/lib/python3.12/site-packages/airflow/example_dags/example_nested_branch_dag.py
[2025-04-06T22:01:32.789+0000] {processor.py:914} INFO - Processing file /home/airflow/.local/lib/python3.12/site-packages/airflow/example_dags/example_nested_branch_dag.py for tasks to queue
[2025-04-06T22:01:32.791+0000] {logging_mixin.py:190} INFO - [2025-04-06T22:01:32.791+0000] {dagbag.py:588} INFO - Filling up the DagBag from /home/airflow/.local/lib/python3.12/site-packages/airflow/example_dags/example_nested_branch_dag.py
[2025-04-06T22:01:32.801+0000] {processor.py:925} INFO - DAG(s) 'example_nested_branch_dag' retrieved from /home/airflow/.local/lib/python3.12/site-packages/airflow/example_dags/example_nested_branch_dag.py
[2025-04-06T22:01:32.819+0000] {logging_mixin.py:190} INFO - [2025-04-06T22:01:32.818+0000] {dag.py:3239} INFO - Sync 1 DAGs
[2025-04-06T22:01:32.844+0000] {logging_mixin.py:190} INFO - [2025-04-06T22:01:32.844+0000] {dag.py:4180} INFO - Setting next_dagrun for example_nested_branch_dag to 2025-04-05 00:00:00+00:00, run_after=2025-04-06 00:00:00+00:00
[2025-04-06T22:01:32.862+0000] {processor.py:208} INFO - Processing /home/airflow/.local/lib/python3.12/site-packages/airflow/example_dags/example_nested_branch_dag.py took 0.079 seconds
[2025-04-06T22:02:03.214+0000] {processor.py:186} INFO - Started process (PID=3834) to work on /home/airflow/.local/lib/python3.12/site-packages/airflow/example_dags/example_nested_branch_dag.py
[2025-04-06T22:02:03.215+0000] {processor.py:914} INFO - Processing file /home/airflow/.local/lib/python3.12/site-packages/airflow/example_dags/example_nested_branch_dag.py for tasks to queue
[2025-04-06T22:02:03.217+0000] {logging_mixin.py:190} INFO - [2025-04-06T22:02:03.217+0000] {dagbag.py:588} INFO - Filling up the DagBag from /home/airflow/.local/lib/python3.12/site-packages/airflow/example_dags/example_nested_branch_dag.py
[2025-04-06T22:02:03.233+0000] {processor.py:925} INFO - DAG(s) 'example_nested_branch_dag' retrieved from /home/airflow/.local/lib/python3.12/site-packages/airflow/example_dags/example_nested_branch_dag.py
[2025-04-06T22:02:03.260+0000] {logging_mixin.py:190} INFO - [2025-04-06T22:02:03.259+0000] {dag.py:3239} INFO - Sync 1 DAGs
[2025-04-06T22:02:03.292+0000] {logging_mixin.py:190} INFO - [2025-04-06T22:02:03.291+0000] {dag.py:4180} INFO - Setting next_dagrun for example_nested_branch_dag to 2025-04-05 00:00:00+00:00, run_after=2025-04-06 00:00:00+00:00
[2025-04-06T22:02:03.310+0000] {processor.py:208} INFO - Processing /home/airflow/.local/lib/python3.12/site-packages/airflow/example_dags/example_nested_branch_dag.py took 0.102 seconds
[2025-04-06T22:02:34.159+0000] {processor.py:186} INFO - Started process (PID=3898) to work on /home/airflow/.local/lib/python3.12/site-packages/airflow/example_dags/example_nested_branch_dag.py
[2025-04-06T22:02:34.160+0000] {processor.py:914} INFO - Processing file /home/airflow/.local/lib/python3.12/site-packages/airflow/example_dags/example_nested_branch_dag.py for tasks to queue
[2025-04-06T22:02:34.163+0000] {logging_mixin.py:190} INFO - [2025-04-06T22:02:34.162+0000] {dagbag.py:588} INFO - Filling up the DagBag from /home/airflow/.local/lib/python3.12/site-packages/airflow/example_dags/example_nested_branch_dag.py
[2025-04-06T22:02:34.177+0000] {processor.py:925} INFO - DAG(s) 'example_nested_branch_dag' retrieved from /home/airflow/.local/lib/python3.12/site-packages/airflow/example_dags/example_nested_branch_dag.py
[2025-04-06T22:02:34.203+0000] {logging_mixin.py:190} INFO - [2025-04-06T22:02:34.203+0000] {dag.py:3239} INFO - Sync 1 DAGs
[2025-04-06T22:02:34.233+0000] {logging_mixin.py:190} INFO - [2025-04-06T22:02:34.233+0000] {dag.py:4180} INFO - Setting next_dagrun for example_nested_branch_dag to 2025-04-05 00:00:00+00:00, run_after=2025-04-06 00:00:00+00:00
[2025-04-06T22:02:34.252+0000] {processor.py:208} INFO - Processing /home/airflow/.local/lib/python3.12/site-packages/airflow/example_dags/example_nested_branch_dag.py took 0.100 seconds
[2025-04-06T22:03:04.571+0000] {processor.py:186} INFO - Started process (PID=3962) to work on /home/airflow/.local/lib/python3.12/site-packages/airflow/example_dags/example_nested_branch_dag.py
[2025-04-06T22:03:04.572+0000] {processor.py:914} INFO - Processing file /home/airflow/.local/lib/python3.12/site-packages/airflow/example_dags/example_nested_branch_dag.py for tasks to queue
[2025-04-06T22:03:04.575+0000] {logging_mixin.py:190} INFO - [2025-04-06T22:03:04.574+0000] {dagbag.py:588} INFO - Filling up the DagBag from /home/airflow/.local/lib/python3.12/site-packages/airflow/example_dags/example_nested_branch_dag.py
[2025-04-06T22:03:04.588+0000] {processor.py:925} INFO - DAG(s) 'example_nested_branch_dag' retrieved from /home/airflow/.local/lib/python3.12/site-packages/airflow/example_dags/example_nested_branch_dag.py
[2025-04-06T22:03:04.614+0000] {logging_mixin.py:190} INFO - [2025-04-06T22:03:04.614+0000] {dag.py:3239} INFO - Sync 1 DAGs
[2025-04-06T22:03:04.646+0000] {logging_mixin.py:190} INFO - [2025-04-06T22:03:04.645+0000] {dag.py:4180} INFO - Setting next_dagrun for example_nested_branch_dag to 2025-04-05 00:00:00+00:00, run_after=2025-04-06 00:00:00+00:00
[2025-04-06T22:03:04.666+0000] {processor.py:208} INFO - Processing /home/airflow/.local/lib/python3.12/site-packages/airflow/example_dags/example_nested_branch_dag.py took 0.101 seconds
[2025-04-06T22:03:35.585+0000] {processor.py:186} INFO - Started process (PID=4025) to work on /home/airflow/.local/lib/python3.12/site-packages/airflow/example_dags/example_nested_branch_dag.py
[2025-04-06T22:03:35.586+0000] {processor.py:914} INFO - Processing file /home/airflow/.local/lib/python3.12/site-packages/airflow/example_dags/example_nested_branch_dag.py for tasks to queue
[2025-04-06T22:03:35.589+0000] {logging_mixin.py:190} INFO - [2025-04-06T22:03:35.588+0000] {dagbag.py:588} INFO - Filling up the DagBag from /home/airflow/.local/lib/python3.12/site-packages/airflow/example_dags/example_nested_branch_dag.py
[2025-04-06T22:03:35.602+0000] {processor.py:925} INFO - DAG(s) 'example_nested_branch_dag' retrieved from /home/airflow/.local/lib/python3.12/site-packages/airflow/example_dags/example_nested_branch_dag.py
[2025-04-06T22:03:35.628+0000] {logging_mixin.py:190} INFO - [2025-04-06T22:03:35.627+0000] {dag.py:3239} INFO - Sync 1 DAGs
[2025-04-06T22:03:35.659+0000] {logging_mixin.py:190} INFO - [2025-04-06T22:03:35.658+0000] {dag.py:4180} INFO - Setting next_dagrun for example_nested_branch_dag to 2025-04-05 00:00:00+00:00, run_after=2025-04-06 00:00:00+00:00
[2025-04-06T22:03:35.677+0000] {processor.py:208} INFO - Processing /home/airflow/.local/lib/python3.12/site-packages/airflow/example_dags/example_nested_branch_dag.py took 0.099 seconds
[2025-04-06T22:04:06.905+0000] {processor.py:186} INFO - Started process (PID=4089) to work on /home/airflow/.local/lib/python3.12/site-packages/airflow/example_dags/example_nested_branch_dag.py
[2025-04-06T22:04:06.908+0000] {processor.py:914} INFO - Processing file /home/airflow/.local/lib/python3.12/site-packages/airflow/example_dags/example_nested_branch_dag.py for tasks to queue
[2025-04-06T22:04:06.914+0000] {logging_mixin.py:190} INFO - [2025-04-06T22:04:06.914+0000] {dagbag.py:588} INFO - Filling up the DagBag from /home/airflow/.local/lib/python3.12/site-packages/airflow/example_dags/example_nested_branch_dag.py
[2025-04-06T22:04:06.935+0000] {processor.py:925} INFO - DAG(s) 'example_nested_branch_dag' retrieved from /home/airflow/.local/lib/python3.12/site-packages/airflow/example_dags/example_nested_branch_dag.py
[2025-04-06T22:04:06.970+0000] {logging_mixin.py:190} INFO - [2025-04-06T22:04:06.969+0000] {dag.py:3239} INFO - Sync 1 DAGs
[2025-04-06T22:04:07.026+0000] {logging_mixin.py:190} INFO - [2025-04-06T22:04:07.026+0000] {dag.py:4180} INFO - Setting next_dagrun for example_nested_branch_dag to 2025-04-05 00:00:00+00:00, run_after=2025-04-06 00:00:00+00:00
[2025-04-06T22:04:07.071+0000] {processor.py:208} INFO - Processing /home/airflow/.local/lib/python3.12/site-packages/airflow/example_dags/example_nested_branch_dag.py took 0.179 seconds
[2025-04-06T22:04:37.219+0000] {processor.py:186} INFO - Started process (PID=4152) to work on /home/airflow/.local/lib/python3.12/site-packages/airflow/example_dags/example_nested_branch_dag.py
[2025-04-06T22:04:37.220+0000] {processor.py:914} INFO - Processing file /home/airflow/.local/lib/python3.12/site-packages/airflow/example_dags/example_nested_branch_dag.py for tasks to queue
[2025-04-06T22:04:37.223+0000] {logging_mixin.py:190} INFO - [2025-04-06T22:04:37.222+0000] {dagbag.py:588} INFO - Filling up the DagBag from /home/airflow/.local/lib/python3.12/site-packages/airflow/example_dags/example_nested_branch_dag.py
[2025-04-06T22:04:37.237+0000] {processor.py:925} INFO - DAG(s) 'example_nested_branch_dag' retrieved from /home/airflow/.local/lib/python3.12/site-packages/airflow/example_dags/example_nested_branch_dag.py
[2025-04-06T22:04:37.264+0000] {logging_mixin.py:190} INFO - [2025-04-06T22:04:37.263+0000] {dag.py:3239} INFO - Sync 1 DAGs
[2025-04-06T22:04:37.296+0000] {logging_mixin.py:190} INFO - [2025-04-06T22:04:37.296+0000] {dag.py:4180} INFO - Setting next_dagrun for example_nested_branch_dag to 2025-04-05 00:00:00+00:00, run_after=2025-04-06 00:00:00+00:00
[2025-04-06T22:04:37.319+0000] {processor.py:208} INFO - Processing /home/airflow/.local/lib/python3.12/site-packages/airflow/example_dags/example_nested_branch_dag.py took 0.106 seconds
[2025-04-06T22:05:07.453+0000] {processor.py:186} INFO - Started process (PID=4215) to work on /home/airflow/.local/lib/python3.12/site-packages/airflow/example_dags/example_nested_branch_dag.py
[2025-04-06T22:05:07.453+0000] {processor.py:914} INFO - Processing file /home/airflow/.local/lib/python3.12/site-packages/airflow/example_dags/example_nested_branch_dag.py for tasks to queue
[2025-04-06T22:05:07.455+0000] {logging_mixin.py:190} INFO - [2025-04-06T22:05:07.455+0000] {dagbag.py:588} INFO - Filling up the DagBag from /home/airflow/.local/lib/python3.12/site-packages/airflow/example_dags/example_nested_branch_dag.py
[2025-04-06T22:05:07.465+0000] {processor.py:925} INFO - DAG(s) 'example_nested_branch_dag' retrieved from /home/airflow/.local/lib/python3.12/site-packages/airflow/example_dags/example_nested_branch_dag.py
[2025-04-06T22:05:07.483+0000] {logging_mixin.py:190} INFO - [2025-04-06T22:05:07.483+0000] {dag.py:3239} INFO - Sync 1 DAGs
[2025-04-06T22:05:07.504+0000] {logging_mixin.py:190} INFO - [2025-04-06T22:05:07.504+0000] {dag.py:4180} INFO - Setting next_dagrun for example_nested_branch_dag to 2025-04-05 00:00:00+00:00, run_after=2025-04-06 00:00:00+00:00
[2025-04-06T22:05:07.517+0000] {processor.py:208} INFO - Processing /home/airflow/.local/lib/python3.12/site-packages/airflow/example_dags/example_nested_branch_dag.py took 0.069 seconds
