[2025-04-06T21:32:11.225+0000] {processor.py:186} INFO - Started process (PID=103) to work on /home/airflow/.local/lib/python3.12/site-packages/airflow/example_dags/example_latest_only_with_trigger.py
[2025-04-06T21:32:11.227+0000] {processor.py:914} INFO - Processing file /home/airflow/.local/lib/python3.12/site-packages/airflow/example_dags/example_latest_only_with_trigger.py for tasks to queue
[2025-04-06T21:32:11.232+0000] {logging_mixin.py:190} INFO - [2025-04-06T21:32:11.231+0000] {dagbag.py:588} INFO - Filling up the DagBag from /home/airflow/.local/lib/python3.12/site-packages/airflow/example_dags/example_latest_only_with_trigger.py
[2025-04-06T21:32:11.254+0000] {processor.py:925} INFO - DAG(s) 'latest_only_with_trigger' retrieved from /home/airflow/.local/lib/python3.12/site-packages/airflow/example_dags/example_latest_only_with_trigger.py
[2025-04-06T21:32:11.314+0000] {logging_mixin.py:190} INFO - [2025-04-06T21:32:11.314+0000] {dag.py:3239} INFO - Sync 1 DAGs
[2025-04-06T21:32:11.356+0000] {logging_mixin.py:190} INFO - [2025-04-06T21:32:11.355+0000] {dag.py:4180} INFO - Setting next_dagrun for latest_only_with_trigger to 2025-04-06 16:00:00+00:00, run_after=2025-04-06 20:00:00+00:00
[2025-04-06T21:32:11.399+0000] {processor.py:208} INFO - Processing /home/airflow/.local/lib/python3.12/site-packages/airflow/example_dags/example_latest_only_with_trigger.py took 0.195 seconds
[2025-04-06T21:32:42.015+0000] {processor.py:186} INFO - Started process (PID=167) to work on /home/airflow/.local/lib/python3.12/site-packages/airflow/example_dags/example_latest_only_with_trigger.py
[2025-04-06T21:32:42.018+0000] {processor.py:914} INFO - Processing file /home/airflow/.local/lib/python3.12/site-packages/airflow/example_dags/example_latest_only_with_trigger.py for tasks to queue
[2025-04-06T21:32:42.022+0000] {logging_mixin.py:190} INFO - [2025-04-06T21:32:42.022+0000] {dagbag.py:588} INFO - Filling up the DagBag from /home/airflow/.local/lib/python3.12/site-packages/airflow/example_dags/example_latest_only_with_trigger.py
[2025-04-06T21:32:42.036+0000] {processor.py:925} INFO - DAG(s) 'latest_only_with_trigger' retrieved from /home/airflow/.local/lib/python3.12/site-packages/airflow/example_dags/example_latest_only_with_trigger.py
[2025-04-06T21:32:42.069+0000] {logging_mixin.py:190} INFO - [2025-04-06T21:32:42.068+0000] {dag.py:3239} INFO - Sync 1 DAGs
[2025-04-06T21:32:42.136+0000] {logging_mixin.py:190} INFO - [2025-04-06T21:32:42.136+0000] {dag.py:4180} INFO - Setting next_dagrun for latest_only_with_trigger to 2025-04-06 16:00:00+00:00, run_after=2025-04-06 20:00:00+00:00
[2025-04-06T21:32:42.174+0000] {processor.py:208} INFO - Processing /home/airflow/.local/lib/python3.12/site-packages/airflow/example_dags/example_latest_only_with_trigger.py took 0.169 seconds
[2025-04-06T21:33:14.186+0000] {processor.py:186} INFO - Started process (PID=231) to work on /home/airflow/.local/lib/python3.12/site-packages/airflow/example_dags/example_latest_only_with_trigger.py
[2025-04-06T21:33:14.189+0000] {processor.py:914} INFO - Processing file /home/airflow/.local/lib/python3.12/site-packages/airflow/example_dags/example_latest_only_with_trigger.py for tasks to queue
[2025-04-06T21:33:14.206+0000] {logging_mixin.py:190} INFO - [2025-04-06T21:33:14.206+0000] {dagbag.py:588} INFO - Filling up the DagBag from /home/airflow/.local/lib/python3.12/site-packages/airflow/example_dags/example_latest_only_with_trigger.py
[2025-04-06T21:33:14.242+0000] {processor.py:925} INFO - DAG(s) 'latest_only_with_trigger' retrieved from /home/airflow/.local/lib/python3.12/site-packages/airflow/example_dags/example_latest_only_with_trigger.py
[2025-04-06T21:33:14.350+0000] {logging_mixin.py:190} INFO - [2025-04-06T21:33:14.349+0000] {dag.py:3239} INFO - Sync 1 DAGs
[2025-04-06T21:33:14.419+0000] {logging_mixin.py:190} INFO - [2025-04-06T21:33:14.419+0000] {dag.py:4180} INFO - Setting next_dagrun for latest_only_with_trigger to 2025-04-06 16:00:00+00:00, run_after=2025-04-06 20:00:00+00:00
[2025-04-06T21:33:14.464+0000] {processor.py:208} INFO - Processing /home/airflow/.local/lib/python3.12/site-packages/airflow/example_dags/example_latest_only_with_trigger.py took 0.307 seconds
[2025-04-06T21:33:45.245+0000] {processor.py:186} INFO - Started process (PID=295) to work on /home/airflow/.local/lib/python3.12/site-packages/airflow/example_dags/example_latest_only_with_trigger.py
[2025-04-06T21:33:45.246+0000] {processor.py:914} INFO - Processing file /home/airflow/.local/lib/python3.12/site-packages/airflow/example_dags/example_latest_only_with_trigger.py for tasks to queue
[2025-04-06T21:33:45.248+0000] {logging_mixin.py:190} INFO - [2025-04-06T21:33:45.248+0000] {dagbag.py:588} INFO - Filling up the DagBag from /home/airflow/.local/lib/python3.12/site-packages/airflow/example_dags/example_latest_only_with_trigger.py
[2025-04-06T21:33:45.260+0000] {processor.py:925} INFO - DAG(s) 'latest_only_with_trigger' retrieved from /home/airflow/.local/lib/python3.12/site-packages/airflow/example_dags/example_latest_only_with_trigger.py
[2025-04-06T21:33:45.330+0000] {logging_mixin.py:190} INFO - [2025-04-06T21:33:45.328+0000] {dag.py:3239} INFO - Sync 1 DAGs
[2025-04-06T21:33:45.413+0000] {logging_mixin.py:190} INFO - [2025-04-06T21:33:45.410+0000] {dag.py:4180} INFO - Setting next_dagrun for latest_only_with_trigger to 2025-04-06 16:00:00+00:00, run_after=2025-04-06 20:00:00+00:00
[2025-04-06T21:33:45.453+0000] {processor.py:208} INFO - Processing /home/airflow/.local/lib/python3.12/site-packages/airflow/example_dags/example_latest_only_with_trigger.py took 0.215 seconds
[2025-04-06T21:34:15.850+0000] {processor.py:186} INFO - Started process (PID=359) to work on /home/airflow/.local/lib/python3.12/site-packages/airflow/example_dags/example_latest_only_with_trigger.py
[2025-04-06T21:34:15.857+0000] {processor.py:914} INFO - Processing file /home/airflow/.local/lib/python3.12/site-packages/airflow/example_dags/example_latest_only_with_trigger.py for tasks to queue
[2025-04-06T21:34:15.862+0000] {logging_mixin.py:190} INFO - [2025-04-06T21:34:15.862+0000] {dagbag.py:588} INFO - Filling up the DagBag from /home/airflow/.local/lib/python3.12/site-packages/airflow/example_dags/example_latest_only_with_trigger.py
[2025-04-06T21:34:15.899+0000] {processor.py:925} INFO - DAG(s) 'latest_only_with_trigger' retrieved from /home/airflow/.local/lib/python3.12/site-packages/airflow/example_dags/example_latest_only_with_trigger.py
[2025-04-06T21:34:16.081+0000] {logging_mixin.py:190} INFO - [2025-04-06T21:34:16.081+0000] {dag.py:3239} INFO - Sync 1 DAGs
[2025-04-06T21:34:16.173+0000] {logging_mixin.py:190} INFO - [2025-04-06T21:34:16.173+0000] {dag.py:4180} INFO - Setting next_dagrun for latest_only_with_trigger to 2025-04-06 16:00:00+00:00, run_after=2025-04-06 20:00:00+00:00
[2025-04-06T21:34:16.338+0000] {processor.py:208} INFO - Processing /home/airflow/.local/lib/python3.12/site-packages/airflow/example_dags/example_latest_only_with_trigger.py took 0.544 seconds
[2025-04-06T21:34:47.108+0000] {processor.py:186} INFO - Started process (PID=423) to work on /home/airflow/.local/lib/python3.12/site-packages/airflow/example_dags/example_latest_only_with_trigger.py
[2025-04-06T21:34:47.110+0000] {processor.py:914} INFO - Processing file /home/airflow/.local/lib/python3.12/site-packages/airflow/example_dags/example_latest_only_with_trigger.py for tasks to queue
[2025-04-06T21:34:47.114+0000] {logging_mixin.py:190} INFO - [2025-04-06T21:34:47.113+0000] {dagbag.py:588} INFO - Filling up the DagBag from /home/airflow/.local/lib/python3.12/site-packages/airflow/example_dags/example_latest_only_with_trigger.py
[2025-04-06T21:34:47.123+0000] {processor.py:925} INFO - DAG(s) 'latest_only_with_trigger' retrieved from /home/airflow/.local/lib/python3.12/site-packages/airflow/example_dags/example_latest_only_with_trigger.py
[2025-04-06T21:34:47.149+0000] {logging_mixin.py:190} INFO - [2025-04-06T21:34:47.148+0000] {dag.py:3239} INFO - Sync 1 DAGs
[2025-04-06T21:34:47.192+0000] {logging_mixin.py:190} INFO - [2025-04-06T21:34:47.191+0000] {dag.py:4180} INFO - Setting next_dagrun for latest_only_with_trigger to 2025-04-06 16:00:00+00:00, run_after=2025-04-06 20:00:00+00:00
[2025-04-06T21:34:47.213+0000] {processor.py:208} INFO - Processing /home/airflow/.local/lib/python3.12/site-packages/airflow/example_dags/example_latest_only_with_trigger.py took 0.114 seconds
[2025-04-06T21:35:18.195+0000] {processor.py:186} INFO - Started process (PID=486) to work on /home/airflow/.local/lib/python3.12/site-packages/airflow/example_dags/example_latest_only_with_trigger.py
[2025-04-06T21:35:18.196+0000] {processor.py:914} INFO - Processing file /home/airflow/.local/lib/python3.12/site-packages/airflow/example_dags/example_latest_only_with_trigger.py for tasks to queue
[2025-04-06T21:35:18.198+0000] {logging_mixin.py:190} INFO - [2025-04-06T21:35:18.198+0000] {dagbag.py:588} INFO - Filling up the DagBag from /home/airflow/.local/lib/python3.12/site-packages/airflow/example_dags/example_latest_only_with_trigger.py
[2025-04-06T21:35:18.207+0000] {processor.py:925} INFO - DAG(s) 'latest_only_with_trigger' retrieved from /home/airflow/.local/lib/python3.12/site-packages/airflow/example_dags/example_latest_only_with_trigger.py
[2025-04-06T21:35:18.235+0000] {logging_mixin.py:190} INFO - [2025-04-06T21:35:18.235+0000] {dag.py:3239} INFO - Sync 1 DAGs
[2025-04-06T21:35:18.272+0000] {logging_mixin.py:190} INFO - [2025-04-06T21:35:18.272+0000] {dag.py:4180} INFO - Setting next_dagrun for latest_only_with_trigger to 2025-04-06 16:00:00+00:00, run_after=2025-04-06 20:00:00+00:00
[2025-04-06T21:35:18.296+0000] {processor.py:208} INFO - Processing /home/airflow/.local/lib/python3.12/site-packages/airflow/example_dags/example_latest_only_with_trigger.py took 0.107 seconds
[2025-04-06T21:35:48.501+0000] {processor.py:186} INFO - Started process (PID=550) to work on /home/airflow/.local/lib/python3.12/site-packages/airflow/example_dags/example_latest_only_with_trigger.py
[2025-04-06T21:35:48.503+0000] {processor.py:914} INFO - Processing file /home/airflow/.local/lib/python3.12/site-packages/airflow/example_dags/example_latest_only_with_trigger.py for tasks to queue
[2025-04-06T21:35:48.508+0000] {logging_mixin.py:190} INFO - [2025-04-06T21:35:48.508+0000] {dagbag.py:588} INFO - Filling up the DagBag from /home/airflow/.local/lib/python3.12/site-packages/airflow/example_dags/example_latest_only_with_trigger.py
[2025-04-06T21:35:48.526+0000] {processor.py:925} INFO - DAG(s) 'latest_only_with_trigger' retrieved from /home/airflow/.local/lib/python3.12/site-packages/airflow/example_dags/example_latest_only_with_trigger.py
[2025-04-06T21:35:48.556+0000] {logging_mixin.py:190} INFO - [2025-04-06T21:35:48.555+0000] {dag.py:3239} INFO - Sync 1 DAGs
[2025-04-06T21:35:48.584+0000] {logging_mixin.py:190} INFO - [2025-04-06T21:35:48.584+0000] {dag.py:4180} INFO - Setting next_dagrun for latest_only_with_trigger to 2025-04-06 16:00:00+00:00, run_after=2025-04-06 20:00:00+00:00
[2025-04-06T21:35:48.641+0000] {processor.py:208} INFO - Processing /home/airflow/.local/lib/python3.12/site-packages/airflow/example_dags/example_latest_only_with_trigger.py took 0.162 seconds
[2025-04-06T21:36:19.044+0000] {processor.py:186} INFO - Started process (PID=614) to work on /home/airflow/.local/lib/python3.12/site-packages/airflow/example_dags/example_latest_only_with_trigger.py
[2025-04-06T21:36:19.050+0000] {processor.py:914} INFO - Processing file /home/airflow/.local/lib/python3.12/site-packages/airflow/example_dags/example_latest_only_with_trigger.py for tasks to queue
[2025-04-06T21:36:19.058+0000] {logging_mixin.py:190} INFO - [2025-04-06T21:36:19.057+0000] {dagbag.py:588} INFO - Filling up the DagBag from /home/airflow/.local/lib/python3.12/site-packages/airflow/example_dags/example_latest_only_with_trigger.py
[2025-04-06T21:36:19.082+0000] {processor.py:925} INFO - DAG(s) 'latest_only_with_trigger' retrieved from /home/airflow/.local/lib/python3.12/site-packages/airflow/example_dags/example_latest_only_with_trigger.py
[2025-04-06T21:36:19.168+0000] {logging_mixin.py:190} INFO - [2025-04-06T21:36:19.167+0000] {dag.py:3239} INFO - Sync 1 DAGs
[2025-04-06T21:36:19.313+0000] {logging_mixin.py:190} INFO - [2025-04-06T21:36:19.313+0000] {dag.py:4180} INFO - Setting next_dagrun for latest_only_with_trigger to 2025-04-06 16:00:00+00:00, run_after=2025-04-06 20:00:00+00:00
[2025-04-06T21:36:19.450+0000] {processor.py:208} INFO - Processing /home/airflow/.local/lib/python3.12/site-packages/airflow/example_dags/example_latest_only_with_trigger.py took 0.426 seconds
[2025-04-06T21:36:49.932+0000] {processor.py:186} INFO - Started process (PID=678) to work on /home/airflow/.local/lib/python3.12/site-packages/airflow/example_dags/example_latest_only_with_trigger.py
[2025-04-06T21:36:49.935+0000] {processor.py:914} INFO - Processing file /home/airflow/.local/lib/python3.12/site-packages/airflow/example_dags/example_latest_only_with_trigger.py for tasks to queue
[2025-04-06T21:36:49.939+0000] {logging_mixin.py:190} INFO - [2025-04-06T21:36:49.938+0000] {dagbag.py:588} INFO - Filling up the DagBag from /home/airflow/.local/lib/python3.12/site-packages/airflow/example_dags/example_latest_only_with_trigger.py
[2025-04-06T21:36:49.955+0000] {processor.py:925} INFO - DAG(s) 'latest_only_with_trigger' retrieved from /home/airflow/.local/lib/python3.12/site-packages/airflow/example_dags/example_latest_only_with_trigger.py
[2025-04-06T21:36:50.056+0000] {logging_mixin.py:190} INFO - [2025-04-06T21:36:50.055+0000] {dag.py:3239} INFO - Sync 1 DAGs
[2025-04-06T21:36:50.176+0000] {logging_mixin.py:190} INFO - [2025-04-06T21:36:50.176+0000] {dag.py:4180} INFO - Setting next_dagrun for latest_only_with_trigger to 2025-04-06 16:00:00+00:00, run_after=2025-04-06 20:00:00+00:00
[2025-04-06T21:36:50.265+0000] {processor.py:208} INFO - Processing /home/airflow/.local/lib/python3.12/site-packages/airflow/example_dags/example_latest_only_with_trigger.py took 0.367 seconds
[2025-04-06T21:37:21.083+0000] {processor.py:186} INFO - Started process (PID=741) to work on /home/airflow/.local/lib/python3.12/site-packages/airflow/example_dags/example_latest_only_with_trigger.py
[2025-04-06T21:37:21.085+0000] {processor.py:914} INFO - Processing file /home/airflow/.local/lib/python3.12/site-packages/airflow/example_dags/example_latest_only_with_trigger.py for tasks to queue
[2025-04-06T21:37:21.088+0000] {logging_mixin.py:190} INFO - [2025-04-06T21:37:21.087+0000] {dagbag.py:588} INFO - Filling up the DagBag from /home/airflow/.local/lib/python3.12/site-packages/airflow/example_dags/example_latest_only_with_trigger.py
[2025-04-06T21:37:21.097+0000] {processor.py:925} INFO - DAG(s) 'latest_only_with_trigger' retrieved from /home/airflow/.local/lib/python3.12/site-packages/airflow/example_dags/example_latest_only_with_trigger.py
[2025-04-06T21:37:21.123+0000] {logging_mixin.py:190} INFO - [2025-04-06T21:37:21.122+0000] {dag.py:3239} INFO - Sync 1 DAGs
[2025-04-06T21:37:21.157+0000] {logging_mixin.py:190} INFO - [2025-04-06T21:37:21.157+0000] {dag.py:4180} INFO - Setting next_dagrun for latest_only_with_trigger to 2025-04-06 16:00:00+00:00, run_after=2025-04-06 20:00:00+00:00
[2025-04-06T21:37:21.192+0000] {processor.py:208} INFO - Processing /home/airflow/.local/lib/python3.12/site-packages/airflow/example_dags/example_latest_only_with_trigger.py took 0.124 seconds
[2025-04-06T21:37:51.422+0000] {processor.py:186} INFO - Started process (PID=805) to work on /home/airflow/.local/lib/python3.12/site-packages/airflow/example_dags/example_latest_only_with_trigger.py
[2025-04-06T21:37:51.422+0000] {processor.py:914} INFO - Processing file /home/airflow/.local/lib/python3.12/site-packages/airflow/example_dags/example_latest_only_with_trigger.py for tasks to queue
[2025-04-06T21:37:51.424+0000] {logging_mixin.py:190} INFO - [2025-04-06T21:37:51.424+0000] {dagbag.py:588} INFO - Filling up the DagBag from /home/airflow/.local/lib/python3.12/site-packages/airflow/example_dags/example_latest_only_with_trigger.py
[2025-04-06T21:37:51.433+0000] {processor.py:925} INFO - DAG(s) 'latest_only_with_trigger' retrieved from /home/airflow/.local/lib/python3.12/site-packages/airflow/example_dags/example_latest_only_with_trigger.py
[2025-04-06T21:37:51.458+0000] {logging_mixin.py:190} INFO - [2025-04-06T21:37:51.458+0000] {dag.py:3239} INFO - Sync 1 DAGs
[2025-04-06T21:37:51.488+0000] {logging_mixin.py:190} INFO - [2025-04-06T21:37:51.487+0000] {dag.py:4180} INFO - Setting next_dagrun for latest_only_with_trigger to 2025-04-06 16:00:00+00:00, run_after=2025-04-06 20:00:00+00:00
[2025-04-06T21:37:51.507+0000] {processor.py:208} INFO - Processing /home/airflow/.local/lib/python3.12/site-packages/airflow/example_dags/example_latest_only_with_trigger.py took 0.091 seconds
[2025-04-06T21:38:21.885+0000] {processor.py:186} INFO - Started process (PID=869) to work on /home/airflow/.local/lib/python3.12/site-packages/airflow/example_dags/example_latest_only_with_trigger.py
[2025-04-06T21:38:21.887+0000] {processor.py:914} INFO - Processing file /home/airflow/.local/lib/python3.12/site-packages/airflow/example_dags/example_latest_only_with_trigger.py for tasks to queue
[2025-04-06T21:38:21.889+0000] {logging_mixin.py:190} INFO - [2025-04-06T21:38:21.889+0000] {dagbag.py:588} INFO - Filling up the DagBag from /home/airflow/.local/lib/python3.12/site-packages/airflow/example_dags/example_latest_only_with_trigger.py
[2025-04-06T21:38:21.898+0000] {processor.py:925} INFO - DAG(s) 'latest_only_with_trigger' retrieved from /home/airflow/.local/lib/python3.12/site-packages/airflow/example_dags/example_latest_only_with_trigger.py
[2025-04-06T21:38:21.924+0000] {logging_mixin.py:190} INFO - [2025-04-06T21:38:21.924+0000] {dag.py:3239} INFO - Sync 1 DAGs
[2025-04-06T21:38:21.955+0000] {logging_mixin.py:190} INFO - [2025-04-06T21:38:21.955+0000] {dag.py:4180} INFO - Setting next_dagrun for latest_only_with_trigger to 2025-04-06 16:00:00+00:00, run_after=2025-04-06 20:00:00+00:00
[2025-04-06T21:38:21.973+0000] {processor.py:208} INFO - Processing /home/airflow/.local/lib/python3.12/site-packages/airflow/example_dags/example_latest_only_with_trigger.py took 0.094 seconds
[2025-04-06T21:38:52.659+0000] {processor.py:186} INFO - Started process (PID=933) to work on /home/airflow/.local/lib/python3.12/site-packages/airflow/example_dags/example_latest_only_with_trigger.py
[2025-04-06T21:38:52.660+0000] {processor.py:914} INFO - Processing file /home/airflow/.local/lib/python3.12/site-packages/airflow/example_dags/example_latest_only_with_trigger.py for tasks to queue
[2025-04-06T21:38:52.662+0000] {logging_mixin.py:190} INFO - [2025-04-06T21:38:52.662+0000] {dagbag.py:588} INFO - Filling up the DagBag from /home/airflow/.local/lib/python3.12/site-packages/airflow/example_dags/example_latest_only_with_trigger.py
[2025-04-06T21:38:52.671+0000] {processor.py:925} INFO - DAG(s) 'latest_only_with_trigger' retrieved from /home/airflow/.local/lib/python3.12/site-packages/airflow/example_dags/example_latest_only_with_trigger.py
[2025-04-06T21:38:52.696+0000] {logging_mixin.py:190} INFO - [2025-04-06T21:38:52.696+0000] {dag.py:3239} INFO - Sync 1 DAGs
[2025-04-06T21:38:52.734+0000] {logging_mixin.py:190} INFO - [2025-04-06T21:38:52.734+0000] {dag.py:4180} INFO - Setting next_dagrun for latest_only_with_trigger to 2025-04-06 16:00:00+00:00, run_after=2025-04-06 20:00:00+00:00
[2025-04-06T21:38:52.752+0000] {processor.py:208} INFO - Processing /home/airflow/.local/lib/python3.12/site-packages/airflow/example_dags/example_latest_only_with_trigger.py took 0.099 seconds
[2025-04-06T21:39:23.208+0000] {processor.py:186} INFO - Started process (PID=997) to work on /home/airflow/.local/lib/python3.12/site-packages/airflow/example_dags/example_latest_only_with_trigger.py
[2025-04-06T21:39:23.208+0000] {processor.py:914} INFO - Processing file /home/airflow/.local/lib/python3.12/site-packages/airflow/example_dags/example_latest_only_with_trigger.py for tasks to queue
[2025-04-06T21:39:23.211+0000] {logging_mixin.py:190} INFO - [2025-04-06T21:39:23.210+0000] {dagbag.py:588} INFO - Filling up the DagBag from /home/airflow/.local/lib/python3.12/site-packages/airflow/example_dags/example_latest_only_with_trigger.py
[2025-04-06T21:39:23.220+0000] {processor.py:925} INFO - DAG(s) 'latest_only_with_trigger' retrieved from /home/airflow/.local/lib/python3.12/site-packages/airflow/example_dags/example_latest_only_with_trigger.py
[2025-04-06T21:39:23.261+0000] {logging_mixin.py:190} INFO - [2025-04-06T21:39:23.260+0000] {dag.py:3239} INFO - Sync 1 DAGs
[2025-04-06T21:39:23.290+0000] {logging_mixin.py:190} INFO - [2025-04-06T21:39:23.290+0000] {dag.py:4180} INFO - Setting next_dagrun for latest_only_with_trigger to 2025-04-06 16:00:00+00:00, run_after=2025-04-06 20:00:00+00:00
[2025-04-06T21:39:23.313+0000] {processor.py:208} INFO - Processing /home/airflow/.local/lib/python3.12/site-packages/airflow/example_dags/example_latest_only_with_trigger.py took 0.112 seconds
[2025-04-06T21:39:53.655+0000] {processor.py:186} INFO - Started process (PID=1061) to work on /home/airflow/.local/lib/python3.12/site-packages/airflow/example_dags/example_latest_only_with_trigger.py
[2025-04-06T21:39:53.656+0000] {processor.py:914} INFO - Processing file /home/airflow/.local/lib/python3.12/site-packages/airflow/example_dags/example_latest_only_with_trigger.py for tasks to queue
[2025-04-06T21:39:53.658+0000] {logging_mixin.py:190} INFO - [2025-04-06T21:39:53.658+0000] {dagbag.py:588} INFO - Filling up the DagBag from /home/airflow/.local/lib/python3.12/site-packages/airflow/example_dags/example_latest_only_with_trigger.py
[2025-04-06T21:39:53.666+0000] {processor.py:925} INFO - DAG(s) 'latest_only_with_trigger' retrieved from /home/airflow/.local/lib/python3.12/site-packages/airflow/example_dags/example_latest_only_with_trigger.py
[2025-04-06T21:39:53.691+0000] {logging_mixin.py:190} INFO - [2025-04-06T21:39:53.691+0000] {dag.py:3239} INFO - Sync 1 DAGs
[2025-04-06T21:39:53.720+0000] {logging_mixin.py:190} INFO - [2025-04-06T21:39:53.720+0000] {dag.py:4180} INFO - Setting next_dagrun for latest_only_with_trigger to 2025-04-06 16:00:00+00:00, run_after=2025-04-06 20:00:00+00:00
[2025-04-06T21:39:53.746+0000] {processor.py:208} INFO - Processing /home/airflow/.local/lib/python3.12/site-packages/airflow/example_dags/example_latest_only_with_trigger.py took 0.097 seconds
[2025-04-06T21:40:24.225+0000] {processor.py:186} INFO - Started process (PID=1125) to work on /home/airflow/.local/lib/python3.12/site-packages/airflow/example_dags/example_latest_only_with_trigger.py
[2025-04-06T21:40:24.227+0000] {processor.py:914} INFO - Processing file /home/airflow/.local/lib/python3.12/site-packages/airflow/example_dags/example_latest_only_with_trigger.py for tasks to queue
[2025-04-06T21:40:24.231+0000] {logging_mixin.py:190} INFO - [2025-04-06T21:40:24.229+0000] {dagbag.py:588} INFO - Filling up the DagBag from /home/airflow/.local/lib/python3.12/site-packages/airflow/example_dags/example_latest_only_with_trigger.py
[2025-04-06T21:40:24.250+0000] {processor.py:925} INFO - DAG(s) 'latest_only_with_trigger' retrieved from /home/airflow/.local/lib/python3.12/site-packages/airflow/example_dags/example_latest_only_with_trigger.py
[2025-04-06T21:40:24.281+0000] {logging_mixin.py:190} INFO - [2025-04-06T21:40:24.280+0000] {dag.py:3239} INFO - Sync 1 DAGs
[2025-04-06T21:40:24.332+0000] {logging_mixin.py:190} INFO - [2025-04-06T21:40:24.331+0000] {dag.py:4180} INFO - Setting next_dagrun for latest_only_with_trigger to 2025-04-06 16:00:00+00:00, run_after=2025-04-06 20:00:00+00:00
[2025-04-06T21:40:24.351+0000] {processor.py:208} INFO - Processing /home/airflow/.local/lib/python3.12/site-packages/airflow/example_dags/example_latest_only_with_trigger.py took 0.139 seconds
[2025-04-06T21:40:54.766+0000] {processor.py:186} INFO - Started process (PID=1189) to work on /home/airflow/.local/lib/python3.12/site-packages/airflow/example_dags/example_latest_only_with_trigger.py
[2025-04-06T21:40:54.767+0000] {processor.py:914} INFO - Processing file /home/airflow/.local/lib/python3.12/site-packages/airflow/example_dags/example_latest_only_with_trigger.py for tasks to queue
[2025-04-06T21:40:54.770+0000] {logging_mixin.py:190} INFO - [2025-04-06T21:40:54.769+0000] {dagbag.py:588} INFO - Filling up the DagBag from /home/airflow/.local/lib/python3.12/site-packages/airflow/example_dags/example_latest_only_with_trigger.py
[2025-04-06T21:40:54.778+0000] {processor.py:925} INFO - DAG(s) 'latest_only_with_trigger' retrieved from /home/airflow/.local/lib/python3.12/site-packages/airflow/example_dags/example_latest_only_with_trigger.py
[2025-04-06T21:40:54.804+0000] {logging_mixin.py:190} INFO - [2025-04-06T21:40:54.803+0000] {dag.py:3239} INFO - Sync 1 DAGs
[2025-04-06T21:40:54.833+0000] {logging_mixin.py:190} INFO - [2025-04-06T21:40:54.833+0000] {dag.py:4180} INFO - Setting next_dagrun for latest_only_with_trigger to 2025-04-06 16:00:00+00:00, run_after=2025-04-06 20:00:00+00:00
[2025-04-06T21:40:54.851+0000] {processor.py:208} INFO - Processing /home/airflow/.local/lib/python3.12/site-packages/airflow/example_dags/example_latest_only_with_trigger.py took 0.091 seconds
[2025-04-06T21:41:25.436+0000] {processor.py:186} INFO - Started process (PID=1254) to work on /home/airflow/.local/lib/python3.12/site-packages/airflow/example_dags/example_latest_only_with_trigger.py
[2025-04-06T21:41:25.436+0000] {processor.py:914} INFO - Processing file /home/airflow/.local/lib/python3.12/site-packages/airflow/example_dags/example_latest_only_with_trigger.py for tasks to queue
[2025-04-06T21:41:25.439+0000] {logging_mixin.py:190} INFO - [2025-04-06T21:41:25.438+0000] {dagbag.py:588} INFO - Filling up the DagBag from /home/airflow/.local/lib/python3.12/site-packages/airflow/example_dags/example_latest_only_with_trigger.py
[2025-04-06T21:41:25.447+0000] {processor.py:925} INFO - DAG(s) 'latest_only_with_trigger' retrieved from /home/airflow/.local/lib/python3.12/site-packages/airflow/example_dags/example_latest_only_with_trigger.py
[2025-04-06T21:41:25.474+0000] {logging_mixin.py:190} INFO - [2025-04-06T21:41:25.473+0000] {dag.py:3239} INFO - Sync 1 DAGs
[2025-04-06T21:41:25.506+0000] {logging_mixin.py:190} INFO - [2025-04-06T21:41:25.506+0000] {dag.py:4180} INFO - Setting next_dagrun for latest_only_with_trigger to 2025-04-06 16:00:00+00:00, run_after=2025-04-06 20:00:00+00:00
[2025-04-06T21:41:25.525+0000] {processor.py:208} INFO - Processing /home/airflow/.local/lib/python3.12/site-packages/airflow/example_dags/example_latest_only_with_trigger.py took 0.095 seconds
[2025-04-06T21:41:56.325+0000] {processor.py:186} INFO - Started process (PID=1318) to work on /home/airflow/.local/lib/python3.12/site-packages/airflow/example_dags/example_latest_only_with_trigger.py
[2025-04-06T21:41:56.326+0000] {processor.py:914} INFO - Processing file /home/airflow/.local/lib/python3.12/site-packages/airflow/example_dags/example_latest_only_with_trigger.py for tasks to queue
[2025-04-06T21:41:56.328+0000] {logging_mixin.py:190} INFO - [2025-04-06T21:41:56.328+0000] {dagbag.py:588} INFO - Filling up the DagBag from /home/airflow/.local/lib/python3.12/site-packages/airflow/example_dags/example_latest_only_with_trigger.py
[2025-04-06T21:41:56.337+0000] {processor.py:925} INFO - DAG(s) 'latest_only_with_trigger' retrieved from /home/airflow/.local/lib/python3.12/site-packages/airflow/example_dags/example_latest_only_with_trigger.py
[2025-04-06T21:41:56.361+0000] {logging_mixin.py:190} INFO - [2025-04-06T21:41:56.361+0000] {dag.py:3239} INFO - Sync 1 DAGs
[2025-04-06T21:41:56.390+0000] {logging_mixin.py:190} INFO - [2025-04-06T21:41:56.389+0000] {dag.py:4180} INFO - Setting next_dagrun for latest_only_with_trigger to 2025-04-06 16:00:00+00:00, run_after=2025-04-06 20:00:00+00:00
[2025-04-06T21:41:56.407+0000] {processor.py:208} INFO - Processing /home/airflow/.local/lib/python3.12/site-packages/airflow/example_dags/example_latest_only_with_trigger.py took 0.088 seconds
[2025-04-06T21:42:26.628+0000] {processor.py:186} INFO - Started process (PID=1381) to work on /home/airflow/.local/lib/python3.12/site-packages/airflow/example_dags/example_latest_only_with_trigger.py
[2025-04-06T21:42:26.630+0000] {processor.py:914} INFO - Processing file /home/airflow/.local/lib/python3.12/site-packages/airflow/example_dags/example_latest_only_with_trigger.py for tasks to queue
[2025-04-06T21:42:26.642+0000] {logging_mixin.py:190} INFO - [2025-04-06T21:42:26.637+0000] {dagbag.py:588} INFO - Filling up the DagBag from /home/airflow/.local/lib/python3.12/site-packages/airflow/example_dags/example_latest_only_with_trigger.py
[2025-04-06T21:42:26.671+0000] {processor.py:925} INFO - DAG(s) 'latest_only_with_trigger' retrieved from /home/airflow/.local/lib/python3.12/site-packages/airflow/example_dags/example_latest_only_with_trigger.py
[2025-04-06T21:42:26.775+0000] {logging_mixin.py:190} INFO - [2025-04-06T21:42:26.774+0000] {dag.py:3239} INFO - Sync 1 DAGs
[2025-04-06T21:42:26.903+0000] {logging_mixin.py:190} INFO - [2025-04-06T21:42:26.902+0000] {dag.py:4180} INFO - Setting next_dagrun for latest_only_with_trigger to 2025-04-06 16:00:00+00:00, run_after=2025-04-06 20:00:00+00:00
[2025-04-06T21:42:26.943+0000] {processor.py:208} INFO - Processing /home/airflow/.local/lib/python3.12/site-packages/airflow/example_dags/example_latest_only_with_trigger.py took 0.352 seconds
[2025-04-06T21:42:57.239+0000] {processor.py:186} INFO - Started process (PID=1445) to work on /home/airflow/.local/lib/python3.12/site-packages/airflow/example_dags/example_latest_only_with_trigger.py
[2025-04-06T21:42:57.240+0000] {processor.py:914} INFO - Processing file /home/airflow/.local/lib/python3.12/site-packages/airflow/example_dags/example_latest_only_with_trigger.py for tasks to queue
[2025-04-06T21:42:57.242+0000] {logging_mixin.py:190} INFO - [2025-04-06T21:42:57.242+0000] {dagbag.py:588} INFO - Filling up the DagBag from /home/airflow/.local/lib/python3.12/site-packages/airflow/example_dags/example_latest_only_with_trigger.py
[2025-04-06T21:42:57.251+0000] {processor.py:925} INFO - DAG(s) 'latest_only_with_trigger' retrieved from /home/airflow/.local/lib/python3.12/site-packages/airflow/example_dags/example_latest_only_with_trigger.py
[2025-04-06T21:42:57.275+0000] {logging_mixin.py:190} INFO - [2025-04-06T21:42:57.275+0000] {dag.py:3239} INFO - Sync 1 DAGs
[2025-04-06T21:42:57.313+0000] {logging_mixin.py:190} INFO - [2025-04-06T21:42:57.313+0000] {dag.py:4180} INFO - Setting next_dagrun for latest_only_with_trigger to 2025-04-06 16:00:00+00:00, run_after=2025-04-06 20:00:00+00:00
[2025-04-06T21:42:57.332+0000] {processor.py:208} INFO - Processing /home/airflow/.local/lib/python3.12/site-packages/airflow/example_dags/example_latest_only_with_trigger.py took 0.099 seconds
[2025-04-06T21:43:27.373+0000] {processor.py:186} INFO - Started process (PID=1508) to work on /home/airflow/.local/lib/python3.12/site-packages/airflow/example_dags/example_latest_only_with_trigger.py
[2025-04-06T21:43:27.374+0000] {processor.py:914} INFO - Processing file /home/airflow/.local/lib/python3.12/site-packages/airflow/example_dags/example_latest_only_with_trigger.py for tasks to queue
[2025-04-06T21:43:27.376+0000] {logging_mixin.py:190} INFO - [2025-04-06T21:43:27.375+0000] {dagbag.py:588} INFO - Filling up the DagBag from /home/airflow/.local/lib/python3.12/site-packages/airflow/example_dags/example_latest_only_with_trigger.py
[2025-04-06T21:43:27.382+0000] {processor.py:925} INFO - DAG(s) 'latest_only_with_trigger' retrieved from /home/airflow/.local/lib/python3.12/site-packages/airflow/example_dags/example_latest_only_with_trigger.py
[2025-04-06T21:43:27.399+0000] {logging_mixin.py:190} INFO - [2025-04-06T21:43:27.398+0000] {dag.py:3239} INFO - Sync 1 DAGs
[2025-04-06T21:43:27.418+0000] {logging_mixin.py:190} INFO - [2025-04-06T21:43:27.418+0000] {dag.py:4180} INFO - Setting next_dagrun for latest_only_with_trigger to 2025-04-06 16:00:00+00:00, run_after=2025-04-06 20:00:00+00:00
[2025-04-06T21:43:27.442+0000] {processor.py:208} INFO - Processing /home/airflow/.local/lib/python3.12/site-packages/airflow/example_dags/example_latest_only_with_trigger.py took 0.073 seconds
[2025-04-06T21:43:58.243+0000] {processor.py:186} INFO - Started process (PID=1573) to work on /home/airflow/.local/lib/python3.12/site-packages/airflow/example_dags/example_latest_only_with_trigger.py
[2025-04-06T21:43:58.244+0000] {processor.py:914} INFO - Processing file /home/airflow/.local/lib/python3.12/site-packages/airflow/example_dags/example_latest_only_with_trigger.py for tasks to queue
[2025-04-06T21:43:58.246+0000] {logging_mixin.py:190} INFO - [2025-04-06T21:43:58.246+0000] {dagbag.py:588} INFO - Filling up the DagBag from /home/airflow/.local/lib/python3.12/site-packages/airflow/example_dags/example_latest_only_with_trigger.py
[2025-04-06T21:43:58.255+0000] {processor.py:925} INFO - DAG(s) 'latest_only_with_trigger' retrieved from /home/airflow/.local/lib/python3.12/site-packages/airflow/example_dags/example_latest_only_with_trigger.py
[2025-04-06T21:43:58.281+0000] {logging_mixin.py:190} INFO - [2025-04-06T21:43:58.280+0000] {dag.py:3239} INFO - Sync 1 DAGs
[2025-04-06T21:43:58.310+0000] {logging_mixin.py:190} INFO - [2025-04-06T21:43:58.310+0000] {dag.py:4180} INFO - Setting next_dagrun for latest_only_with_trigger to 2025-04-06 16:00:00+00:00, run_after=2025-04-06 20:00:00+00:00
[2025-04-06T21:43:58.328+0000] {processor.py:208} INFO - Processing /home/airflow/.local/lib/python3.12/site-packages/airflow/example_dags/example_latest_only_with_trigger.py took 0.093 seconds
[2025-04-06T21:44:28.509+0000] {processor.py:186} INFO - Started process (PID=1637) to work on /home/airflow/.local/lib/python3.12/site-packages/airflow/example_dags/example_latest_only_with_trigger.py
[2025-04-06T21:44:28.510+0000] {processor.py:914} INFO - Processing file /home/airflow/.local/lib/python3.12/site-packages/airflow/example_dags/example_latest_only_with_trigger.py for tasks to queue
[2025-04-06T21:44:28.512+0000] {logging_mixin.py:190} INFO - [2025-04-06T21:44:28.512+0000] {dagbag.py:588} INFO - Filling up the DagBag from /home/airflow/.local/lib/python3.12/site-packages/airflow/example_dags/example_latest_only_with_trigger.py
[2025-04-06T21:44:28.521+0000] {processor.py:925} INFO - DAG(s) 'latest_only_with_trigger' retrieved from /home/airflow/.local/lib/python3.12/site-packages/airflow/example_dags/example_latest_only_with_trigger.py
[2025-04-06T21:44:28.545+0000] {logging_mixin.py:190} INFO - [2025-04-06T21:44:28.544+0000] {dag.py:3239} INFO - Sync 1 DAGs
[2025-04-06T21:44:28.574+0000] {logging_mixin.py:190} INFO - [2025-04-06T21:44:28.573+0000] {dag.py:4180} INFO - Setting next_dagrun for latest_only_with_trigger to 2025-04-06 16:00:00+00:00, run_after=2025-04-06 20:00:00+00:00
[2025-04-06T21:44:28.591+0000] {processor.py:208} INFO - Processing /home/airflow/.local/lib/python3.12/site-packages/airflow/example_dags/example_latest_only_with_trigger.py took 0.089 seconds
[2025-04-06T21:44:59.122+0000] {processor.py:186} INFO - Started process (PID=1701) to work on /home/airflow/.local/lib/python3.12/site-packages/airflow/example_dags/example_latest_only_with_trigger.py
[2025-04-06T21:44:59.123+0000] {processor.py:914} INFO - Processing file /home/airflow/.local/lib/python3.12/site-packages/airflow/example_dags/example_latest_only_with_trigger.py for tasks to queue
[2025-04-06T21:44:59.125+0000] {logging_mixin.py:190} INFO - [2025-04-06T21:44:59.125+0000] {dagbag.py:588} INFO - Filling up the DagBag from /home/airflow/.local/lib/python3.12/site-packages/airflow/example_dags/example_latest_only_with_trigger.py
[2025-04-06T21:44:59.134+0000] {processor.py:925} INFO - DAG(s) 'latest_only_with_trigger' retrieved from /home/airflow/.local/lib/python3.12/site-packages/airflow/example_dags/example_latest_only_with_trigger.py
[2025-04-06T21:44:59.159+0000] {logging_mixin.py:190} INFO - [2025-04-06T21:44:59.158+0000] {dag.py:3239} INFO - Sync 1 DAGs
[2025-04-06T21:44:59.186+0000] {logging_mixin.py:190} INFO - [2025-04-06T21:44:59.186+0000] {dag.py:4180} INFO - Setting next_dagrun for latest_only_with_trigger to 2025-04-06 16:00:00+00:00, run_after=2025-04-06 20:00:00+00:00
[2025-04-06T21:44:59.204+0000] {processor.py:208} INFO - Processing /home/airflow/.local/lib/python3.12/site-packages/airflow/example_dags/example_latest_only_with_trigger.py took 0.090 seconds
[2025-04-06T21:45:29.309+0000] {processor.py:186} INFO - Started process (PID=1765) to work on /home/airflow/.local/lib/python3.12/site-packages/airflow/example_dags/example_latest_only_with_trigger.py
[2025-04-06T21:45:29.309+0000] {processor.py:914} INFO - Processing file /home/airflow/.local/lib/python3.12/site-packages/airflow/example_dags/example_latest_only_with_trigger.py for tasks to queue
[2025-04-06T21:45:29.312+0000] {logging_mixin.py:190} INFO - [2025-04-06T21:45:29.311+0000] {dagbag.py:588} INFO - Filling up the DagBag from /home/airflow/.local/lib/python3.12/site-packages/airflow/example_dags/example_latest_only_with_trigger.py
[2025-04-06T21:45:29.320+0000] {processor.py:925} INFO - DAG(s) 'latest_only_with_trigger' retrieved from /home/airflow/.local/lib/python3.12/site-packages/airflow/example_dags/example_latest_only_with_trigger.py
[2025-04-06T21:45:29.344+0000] {logging_mixin.py:190} INFO - [2025-04-06T21:45:29.344+0000] {dag.py:3239} INFO - Sync 1 DAGs
[2025-04-06T21:45:29.374+0000] {logging_mixin.py:190} INFO - [2025-04-06T21:45:29.374+0000] {dag.py:4180} INFO - Setting next_dagrun for latest_only_with_trigger to 2025-04-06 16:00:00+00:00, run_after=2025-04-06 20:00:00+00:00
[2025-04-06T21:45:29.391+0000] {processor.py:208} INFO - Processing /home/airflow/.local/lib/python3.12/site-packages/airflow/example_dags/example_latest_only_with_trigger.py took 0.090 seconds
[2025-04-06T21:46:00.304+0000] {processor.py:186} INFO - Started process (PID=1829) to work on /home/airflow/.local/lib/python3.12/site-packages/airflow/example_dags/example_latest_only_with_trigger.py
[2025-04-06T21:46:00.304+0000] {processor.py:914} INFO - Processing file /home/airflow/.local/lib/python3.12/site-packages/airflow/example_dags/example_latest_only_with_trigger.py for tasks to queue
[2025-04-06T21:46:00.307+0000] {logging_mixin.py:190} INFO - [2025-04-06T21:46:00.306+0000] {dagbag.py:588} INFO - Filling up the DagBag from /home/airflow/.local/lib/python3.12/site-packages/airflow/example_dags/example_latest_only_with_trigger.py
[2025-04-06T21:46:00.315+0000] {processor.py:925} INFO - DAG(s) 'latest_only_with_trigger' retrieved from /home/airflow/.local/lib/python3.12/site-packages/airflow/example_dags/example_latest_only_with_trigger.py
[2025-04-06T21:46:00.340+0000] {logging_mixin.py:190} INFO - [2025-04-06T21:46:00.339+0000] {dag.py:3239} INFO - Sync 1 DAGs
[2025-04-06T21:46:00.384+0000] {logging_mixin.py:190} INFO - [2025-04-06T21:46:00.384+0000] {dag.py:4180} INFO - Setting next_dagrun for latest_only_with_trigger to 2025-04-06 16:00:00+00:00, run_after=2025-04-06 20:00:00+00:00
[2025-04-06T21:46:00.414+0000] {processor.py:208} INFO - Processing /home/airflow/.local/lib/python3.12/site-packages/airflow/example_dags/example_latest_only_with_trigger.py took 0.118 seconds
[2025-04-06T21:46:30.802+0000] {processor.py:186} INFO - Started process (PID=1893) to work on /home/airflow/.local/lib/python3.12/site-packages/airflow/example_dags/example_latest_only_with_trigger.py
[2025-04-06T21:46:30.802+0000] {processor.py:914} INFO - Processing file /home/airflow/.local/lib/python3.12/site-packages/airflow/example_dags/example_latest_only_with_trigger.py for tasks to queue
[2025-04-06T21:46:30.805+0000] {logging_mixin.py:190} INFO - [2025-04-06T21:46:30.804+0000] {dagbag.py:588} INFO - Filling up the DagBag from /home/airflow/.local/lib/python3.12/site-packages/airflow/example_dags/example_latest_only_with_trigger.py
[2025-04-06T21:46:30.813+0000] {processor.py:925} INFO - DAG(s) 'latest_only_with_trigger' retrieved from /home/airflow/.local/lib/python3.12/site-packages/airflow/example_dags/example_latest_only_with_trigger.py
[2025-04-06T21:46:30.843+0000] {logging_mixin.py:190} INFO - [2025-04-06T21:46:30.842+0000] {dag.py:3239} INFO - Sync 1 DAGs
[2025-04-06T21:46:30.872+0000] {logging_mixin.py:190} INFO - [2025-04-06T21:46:30.871+0000] {dag.py:4180} INFO - Setting next_dagrun for latest_only_with_trigger to 2025-04-06 16:00:00+00:00, run_after=2025-04-06 20:00:00+00:00
[2025-04-06T21:46:30.889+0000] {processor.py:208} INFO - Processing /home/airflow/.local/lib/python3.12/site-packages/airflow/example_dags/example_latest_only_with_trigger.py took 0.094 seconds
[2025-04-06T21:47:00.994+0000] {processor.py:186} INFO - Started process (PID=1956) to work on /home/airflow/.local/lib/python3.12/site-packages/airflow/example_dags/example_latest_only_with_trigger.py
[2025-04-06T21:47:00.995+0000] {processor.py:914} INFO - Processing file /home/airflow/.local/lib/python3.12/site-packages/airflow/example_dags/example_latest_only_with_trigger.py for tasks to queue
[2025-04-06T21:47:00.997+0000] {logging_mixin.py:190} INFO - [2025-04-06T21:47:00.997+0000] {dagbag.py:588} INFO - Filling up the DagBag from /home/airflow/.local/lib/python3.12/site-packages/airflow/example_dags/example_latest_only_with_trigger.py
[2025-04-06T21:47:01.006+0000] {processor.py:925} INFO - DAG(s) 'latest_only_with_trigger' retrieved from /home/airflow/.local/lib/python3.12/site-packages/airflow/example_dags/example_latest_only_with_trigger.py
[2025-04-06T21:47:01.033+0000] {logging_mixin.py:190} INFO - [2025-04-06T21:47:01.032+0000] {dag.py:3239} INFO - Sync 1 DAGs
[2025-04-06T21:47:01.075+0000] {logging_mixin.py:190} INFO - [2025-04-06T21:47:01.075+0000] {dag.py:4180} INFO - Setting next_dagrun for latest_only_with_trigger to 2025-04-06 16:00:00+00:00, run_after=2025-04-06 20:00:00+00:00
[2025-04-06T21:47:01.096+0000] {processor.py:208} INFO - Processing /home/airflow/.local/lib/python3.12/site-packages/airflow/example_dags/example_latest_only_with_trigger.py took 0.109 seconds
[2025-04-06T21:47:31.211+0000] {processor.py:186} INFO - Started process (PID=2020) to work on /home/airflow/.local/lib/python3.12/site-packages/airflow/example_dags/example_latest_only_with_trigger.py
[2025-04-06T21:47:31.212+0000] {processor.py:914} INFO - Processing file /home/airflow/.local/lib/python3.12/site-packages/airflow/example_dags/example_latest_only_with_trigger.py for tasks to queue
[2025-04-06T21:47:31.214+0000] {logging_mixin.py:190} INFO - [2025-04-06T21:47:31.214+0000] {dagbag.py:588} INFO - Filling up the DagBag from /home/airflow/.local/lib/python3.12/site-packages/airflow/example_dags/example_latest_only_with_trigger.py
[2025-04-06T21:47:31.223+0000] {processor.py:925} INFO - DAG(s) 'latest_only_with_trigger' retrieved from /home/airflow/.local/lib/python3.12/site-packages/airflow/example_dags/example_latest_only_with_trigger.py
[2025-04-06T21:47:31.248+0000] {logging_mixin.py:190} INFO - [2025-04-06T21:47:31.247+0000] {dag.py:3239} INFO - Sync 1 DAGs
[2025-04-06T21:47:31.276+0000] {logging_mixin.py:190} INFO - [2025-04-06T21:47:31.275+0000] {dag.py:4180} INFO - Setting next_dagrun for latest_only_with_trigger to 2025-04-06 16:00:00+00:00, run_after=2025-04-06 20:00:00+00:00
[2025-04-06T21:47:31.293+0000] {processor.py:208} INFO - Processing /home/airflow/.local/lib/python3.12/site-packages/airflow/example_dags/example_latest_only_with_trigger.py took 0.089 seconds
[2025-04-06T21:48:02.102+0000] {processor.py:186} INFO - Started process (PID=2084) to work on /home/airflow/.local/lib/python3.12/site-packages/airflow/example_dags/example_latest_only_with_trigger.py
[2025-04-06T21:48:02.103+0000] {processor.py:914} INFO - Processing file /home/airflow/.local/lib/python3.12/site-packages/airflow/example_dags/example_latest_only_with_trigger.py for tasks to queue
[2025-04-06T21:48:02.105+0000] {logging_mixin.py:190} INFO - [2025-04-06T21:48:02.105+0000] {dagbag.py:588} INFO - Filling up the DagBag from /home/airflow/.local/lib/python3.12/site-packages/airflow/example_dags/example_latest_only_with_trigger.py
[2025-04-06T21:48:02.113+0000] {processor.py:925} INFO - DAG(s) 'latest_only_with_trigger' retrieved from /home/airflow/.local/lib/python3.12/site-packages/airflow/example_dags/example_latest_only_with_trigger.py
[2025-04-06T21:48:02.139+0000] {logging_mixin.py:190} INFO - [2025-04-06T21:48:02.138+0000] {dag.py:3239} INFO - Sync 1 DAGs
[2025-04-06T21:48:02.168+0000] {logging_mixin.py:190} INFO - [2025-04-06T21:48:02.167+0000] {dag.py:4180} INFO - Setting next_dagrun for latest_only_with_trigger to 2025-04-06 16:00:00+00:00, run_after=2025-04-06 20:00:00+00:00
[2025-04-06T21:48:02.186+0000] {processor.py:208} INFO - Processing /home/airflow/.local/lib/python3.12/site-packages/airflow/example_dags/example_latest_only_with_trigger.py took 0.091 seconds
[2025-04-06T21:48:32.749+0000] {processor.py:186} INFO - Started process (PID=2148) to work on /home/airflow/.local/lib/python3.12/site-packages/airflow/example_dags/example_latest_only_with_trigger.py
[2025-04-06T21:48:32.752+0000] {processor.py:914} INFO - Processing file /home/airflow/.local/lib/python3.12/site-packages/airflow/example_dags/example_latest_only_with_trigger.py for tasks to queue
[2025-04-06T21:48:32.757+0000] {logging_mixin.py:190} INFO - [2025-04-06T21:48:32.756+0000] {dagbag.py:588} INFO - Filling up the DagBag from /home/airflow/.local/lib/python3.12/site-packages/airflow/example_dags/example_latest_only_with_trigger.py
[2025-04-06T21:48:32.774+0000] {processor.py:925} INFO - DAG(s) 'latest_only_with_trigger' retrieved from /home/airflow/.local/lib/python3.12/site-packages/airflow/example_dags/example_latest_only_with_trigger.py
[2025-04-06T21:48:32.823+0000] {logging_mixin.py:190} INFO - [2025-04-06T21:48:32.822+0000] {dag.py:3239} INFO - Sync 1 DAGs
[2025-04-06T21:48:32.878+0000] {logging_mixin.py:190} INFO - [2025-04-06T21:48:32.877+0000] {dag.py:4180} INFO - Setting next_dagrun for latest_only_with_trigger to 2025-04-06 16:00:00+00:00, run_after=2025-04-06 20:00:00+00:00
[2025-04-06T21:48:32.916+0000] {processor.py:208} INFO - Processing /home/airflow/.local/lib/python3.12/site-packages/airflow/example_dags/example_latest_only_with_trigger.py took 0.179 seconds
[2025-04-06T21:49:03.474+0000] {processor.py:186} INFO - Started process (PID=2212) to work on /home/airflow/.local/lib/python3.12/site-packages/airflow/example_dags/example_latest_only_with_trigger.py
[2025-04-06T21:49:03.475+0000] {processor.py:914} INFO - Processing file /home/airflow/.local/lib/python3.12/site-packages/airflow/example_dags/example_latest_only_with_trigger.py for tasks to queue
[2025-04-06T21:49:03.479+0000] {logging_mixin.py:190} INFO - [2025-04-06T21:49:03.479+0000] {dagbag.py:588} INFO - Filling up the DagBag from /home/airflow/.local/lib/python3.12/site-packages/airflow/example_dags/example_latest_only_with_trigger.py
[2025-04-06T21:49:03.497+0000] {processor.py:925} INFO - DAG(s) 'latest_only_with_trigger' retrieved from /home/airflow/.local/lib/python3.12/site-packages/airflow/example_dags/example_latest_only_with_trigger.py
[2025-04-06T21:49:03.579+0000] {logging_mixin.py:190} INFO - [2025-04-06T21:49:03.578+0000] {dag.py:3239} INFO - Sync 1 DAGs
[2025-04-06T21:49:03.622+0000] {logging_mixin.py:190} INFO - [2025-04-06T21:49:03.622+0000] {dag.py:4180} INFO - Setting next_dagrun for latest_only_with_trigger to 2025-04-06 16:00:00+00:00, run_after=2025-04-06 20:00:00+00:00
[2025-04-06T21:49:03.640+0000] {processor.py:208} INFO - Processing /home/airflow/.local/lib/python3.12/site-packages/airflow/example_dags/example_latest_only_with_trigger.py took 0.182 seconds
[2025-04-06T21:49:34.612+0000] {processor.py:186} INFO - Started process (PID=2275) to work on /home/airflow/.local/lib/python3.12/site-packages/airflow/example_dags/example_latest_only_with_trigger.py
[2025-04-06T21:49:34.613+0000] {processor.py:914} INFO - Processing file /home/airflow/.local/lib/python3.12/site-packages/airflow/example_dags/example_latest_only_with_trigger.py for tasks to queue
[2025-04-06T21:49:34.615+0000] {logging_mixin.py:190} INFO - [2025-04-06T21:49:34.615+0000] {dagbag.py:588} INFO - Filling up the DagBag from /home/airflow/.local/lib/python3.12/site-packages/airflow/example_dags/example_latest_only_with_trigger.py
[2025-04-06T21:49:34.624+0000] {processor.py:925} INFO - DAG(s) 'latest_only_with_trigger' retrieved from /home/airflow/.local/lib/python3.12/site-packages/airflow/example_dags/example_latest_only_with_trigger.py
[2025-04-06T21:49:34.649+0000] {logging_mixin.py:190} INFO - [2025-04-06T21:49:34.648+0000] {dag.py:3239} INFO - Sync 1 DAGs
[2025-04-06T21:49:34.681+0000] {logging_mixin.py:190} INFO - [2025-04-06T21:49:34.681+0000] {dag.py:4180} INFO - Setting next_dagrun for latest_only_with_trigger to 2025-04-06 16:00:00+00:00, run_after=2025-04-06 20:00:00+00:00
[2025-04-06T21:49:34.698+0000] {processor.py:208} INFO - Processing /home/airflow/.local/lib/python3.12/site-packages/airflow/example_dags/example_latest_only_with_trigger.py took 0.093 seconds
[2025-04-06T21:50:05.299+0000] {processor.py:186} INFO - Started process (PID=2339) to work on /home/airflow/.local/lib/python3.12/site-packages/airflow/example_dags/example_latest_only_with_trigger.py
[2025-04-06T21:50:05.301+0000] {processor.py:914} INFO - Processing file /home/airflow/.local/lib/python3.12/site-packages/airflow/example_dags/example_latest_only_with_trigger.py for tasks to queue
[2025-04-06T21:50:05.305+0000] {logging_mixin.py:190} INFO - [2025-04-06T21:50:05.305+0000] {dagbag.py:588} INFO - Filling up the DagBag from /home/airflow/.local/lib/python3.12/site-packages/airflow/example_dags/example_latest_only_with_trigger.py
[2025-04-06T21:50:05.334+0000] {processor.py:925} INFO - DAG(s) 'latest_only_with_trigger' retrieved from /home/airflow/.local/lib/python3.12/site-packages/airflow/example_dags/example_latest_only_with_trigger.py
[2025-04-06T21:50:05.382+0000] {logging_mixin.py:190} INFO - [2025-04-06T21:50:05.379+0000] {dag.py:3239} INFO - Sync 1 DAGs
[2025-04-06T21:50:05.466+0000] {logging_mixin.py:190} INFO - [2025-04-06T21:50:05.466+0000] {dag.py:4180} INFO - Setting next_dagrun for latest_only_with_trigger to 2025-04-06 16:00:00+00:00, run_after=2025-04-06 20:00:00+00:00
[2025-04-06T21:50:05.527+0000] {processor.py:208} INFO - Processing /home/airflow/.local/lib/python3.12/site-packages/airflow/example_dags/example_latest_only_with_trigger.py took 0.247 seconds
[2025-04-06T21:50:36.303+0000] {processor.py:186} INFO - Started process (PID=2403) to work on /home/airflow/.local/lib/python3.12/site-packages/airflow/example_dags/example_latest_only_with_trigger.py
[2025-04-06T21:50:36.303+0000] {processor.py:914} INFO - Processing file /home/airflow/.local/lib/python3.12/site-packages/airflow/example_dags/example_latest_only_with_trigger.py for tasks to queue
[2025-04-06T21:50:36.305+0000] {logging_mixin.py:190} INFO - [2025-04-06T21:50:36.305+0000] {dagbag.py:588} INFO - Filling up the DagBag from /home/airflow/.local/lib/python3.12/site-packages/airflow/example_dags/example_latest_only_with_trigger.py
[2025-04-06T21:50:36.314+0000] {processor.py:925} INFO - DAG(s) 'latest_only_with_trigger' retrieved from /home/airflow/.local/lib/python3.12/site-packages/airflow/example_dags/example_latest_only_with_trigger.py
[2025-04-06T21:50:36.360+0000] {logging_mixin.py:190} INFO - [2025-04-06T21:50:36.359+0000] {dag.py:3239} INFO - Sync 1 DAGs
[2025-04-06T21:50:36.401+0000] {logging_mixin.py:190} INFO - [2025-04-06T21:50:36.399+0000] {dag.py:4180} INFO - Setting next_dagrun for latest_only_with_trigger to 2025-04-06 16:00:00+00:00, run_after=2025-04-06 20:00:00+00:00
[2025-04-06T21:50:36.424+0000] {processor.py:208} INFO - Processing /home/airflow/.local/lib/python3.12/site-packages/airflow/example_dags/example_latest_only_with_trigger.py took 0.127 seconds
[2025-04-06T21:51:06.508+0000] {processor.py:186} INFO - Started process (PID=2467) to work on /home/airflow/.local/lib/python3.12/site-packages/airflow/example_dags/example_latest_only_with_trigger.py
[2025-04-06T21:51:06.509+0000] {processor.py:914} INFO - Processing file /home/airflow/.local/lib/python3.12/site-packages/airflow/example_dags/example_latest_only_with_trigger.py for tasks to queue
[2025-04-06T21:51:06.511+0000] {logging_mixin.py:190} INFO - [2025-04-06T21:51:06.511+0000] {dagbag.py:588} INFO - Filling up the DagBag from /home/airflow/.local/lib/python3.12/site-packages/airflow/example_dags/example_latest_only_with_trigger.py
[2025-04-06T21:51:06.520+0000] {processor.py:925} INFO - DAG(s) 'latest_only_with_trigger' retrieved from /home/airflow/.local/lib/python3.12/site-packages/airflow/example_dags/example_latest_only_with_trigger.py
[2025-04-06T21:51:06.553+0000] {logging_mixin.py:190} INFO - [2025-04-06T21:51:06.553+0000] {dag.py:3239} INFO - Sync 1 DAGs
[2025-04-06T21:51:06.591+0000] {logging_mixin.py:190} INFO - [2025-04-06T21:51:06.590+0000] {dag.py:4180} INFO - Setting next_dagrun for latest_only_with_trigger to 2025-04-06 16:00:00+00:00, run_after=2025-04-06 20:00:00+00:00
[2025-04-06T21:51:06.623+0000] {processor.py:208} INFO - Processing /home/airflow/.local/lib/python3.12/site-packages/airflow/example_dags/example_latest_only_with_trigger.py took 0.121 seconds
[2025-04-06T21:51:37.151+0000] {processor.py:186} INFO - Started process (PID=2532) to work on /home/airflow/.local/lib/python3.12/site-packages/airflow/example_dags/example_latest_only_with_trigger.py
[2025-04-06T21:51:37.154+0000] {processor.py:914} INFO - Processing file /home/airflow/.local/lib/python3.12/site-packages/airflow/example_dags/example_latest_only_with_trigger.py for tasks to queue
[2025-04-06T21:51:37.156+0000] {logging_mixin.py:190} INFO - [2025-04-06T21:51:37.156+0000] {dagbag.py:588} INFO - Filling up the DagBag from /home/airflow/.local/lib/python3.12/site-packages/airflow/example_dags/example_latest_only_with_trigger.py
[2025-04-06T21:51:37.169+0000] {processor.py:925} INFO - DAG(s) 'latest_only_with_trigger' retrieved from /home/airflow/.local/lib/python3.12/site-packages/airflow/example_dags/example_latest_only_with_trigger.py
[2025-04-06T21:51:37.193+0000] {logging_mixin.py:190} INFO - [2025-04-06T21:51:37.193+0000] {dag.py:3239} INFO - Sync 1 DAGs
[2025-04-06T21:51:37.222+0000] {logging_mixin.py:190} INFO - [2025-04-06T21:51:37.222+0000] {dag.py:4180} INFO - Setting next_dagrun for latest_only_with_trigger to 2025-04-06 16:00:00+00:00, run_after=2025-04-06 20:00:00+00:00
[2025-04-06T21:51:37.242+0000] {processor.py:208} INFO - Processing /home/airflow/.local/lib/python3.12/site-packages/airflow/example_dags/example_latest_only_with_trigger.py took 0.097 seconds
[2025-04-06T21:52:07.689+0000] {processor.py:186} INFO - Started process (PID=2596) to work on /home/airflow/.local/lib/python3.12/site-packages/airflow/example_dags/example_latest_only_with_trigger.py
[2025-04-06T21:52:07.690+0000] {processor.py:914} INFO - Processing file /home/airflow/.local/lib/python3.12/site-packages/airflow/example_dags/example_latest_only_with_trigger.py for tasks to queue
[2025-04-06T21:52:07.692+0000] {logging_mixin.py:190} INFO - [2025-04-06T21:52:07.692+0000] {dagbag.py:588} INFO - Filling up the DagBag from /home/airflow/.local/lib/python3.12/site-packages/airflow/example_dags/example_latest_only_with_trigger.py
[2025-04-06T21:52:07.701+0000] {processor.py:925} INFO - DAG(s) 'latest_only_with_trigger' retrieved from /home/airflow/.local/lib/python3.12/site-packages/airflow/example_dags/example_latest_only_with_trigger.py
[2025-04-06T21:52:07.726+0000] {logging_mixin.py:190} INFO - [2025-04-06T21:52:07.725+0000] {dag.py:3239} INFO - Sync 1 DAGs
[2025-04-06T21:52:07.757+0000] {logging_mixin.py:190} INFO - [2025-04-06T21:52:07.757+0000] {dag.py:4180} INFO - Setting next_dagrun for latest_only_with_trigger to 2025-04-06 16:00:00+00:00, run_after=2025-04-06 20:00:00+00:00
[2025-04-06T21:52:07.777+0000] {processor.py:208} INFO - Processing /home/airflow/.local/lib/python3.12/site-packages/airflow/example_dags/example_latest_only_with_trigger.py took 0.094 seconds
[2025-04-06T21:52:37.832+0000] {processor.py:186} INFO - Started process (PID=2660) to work on /home/airflow/.local/lib/python3.12/site-packages/airflow/example_dags/example_latest_only_with_trigger.py
[2025-04-06T21:52:37.835+0000] {processor.py:914} INFO - Processing file /home/airflow/.local/lib/python3.12/site-packages/airflow/example_dags/example_latest_only_with_trigger.py for tasks to queue
[2025-04-06T21:52:37.838+0000] {logging_mixin.py:190} INFO - [2025-04-06T21:52:37.838+0000] {dagbag.py:588} INFO - Filling up the DagBag from /home/airflow/.local/lib/python3.12/site-packages/airflow/example_dags/example_latest_only_with_trigger.py
[2025-04-06T21:52:37.858+0000] {processor.py:925} INFO - DAG(s) 'latest_only_with_trigger' retrieved from /home/airflow/.local/lib/python3.12/site-packages/airflow/example_dags/example_latest_only_with_trigger.py
[2025-04-06T21:52:37.919+0000] {logging_mixin.py:190} INFO - [2025-04-06T21:52:37.918+0000] {dag.py:3239} INFO - Sync 1 DAGs
[2025-04-06T21:52:37.956+0000] {logging_mixin.py:190} INFO - [2025-04-06T21:52:37.956+0000] {dag.py:4180} INFO - Setting next_dagrun for latest_only_with_trigger to 2025-04-06 16:00:00+00:00, run_after=2025-04-06 20:00:00+00:00
[2025-04-06T21:52:37.974+0000] {processor.py:208} INFO - Processing /home/airflow/.local/lib/python3.12/site-packages/airflow/example_dags/example_latest_only_with_trigger.py took 0.148 seconds
[2025-04-06T21:53:08.452+0000] {processor.py:186} INFO - Started process (PID=2724) to work on /home/airflow/.local/lib/python3.12/site-packages/airflow/example_dags/example_latest_only_with_trigger.py
[2025-04-06T21:53:08.453+0000] {processor.py:914} INFO - Processing file /home/airflow/.local/lib/python3.12/site-packages/airflow/example_dags/example_latest_only_with_trigger.py for tasks to queue
[2025-04-06T21:53:08.455+0000] {logging_mixin.py:190} INFO - [2025-04-06T21:53:08.455+0000] {dagbag.py:588} INFO - Filling up the DagBag from /home/airflow/.local/lib/python3.12/site-packages/airflow/example_dags/example_latest_only_with_trigger.py
[2025-04-06T21:53:08.465+0000] {processor.py:925} INFO - DAG(s) 'latest_only_with_trigger' retrieved from /home/airflow/.local/lib/python3.12/site-packages/airflow/example_dags/example_latest_only_with_trigger.py
[2025-04-06T21:53:08.489+0000] {logging_mixin.py:190} INFO - [2025-04-06T21:53:08.489+0000] {dag.py:3239} INFO - Sync 1 DAGs
[2025-04-06T21:53:08.518+0000] {logging_mixin.py:190} INFO - [2025-04-06T21:53:08.518+0000] {dag.py:4180} INFO - Setting next_dagrun for latest_only_with_trigger to 2025-04-06 16:00:00+00:00, run_after=2025-04-06 20:00:00+00:00
[2025-04-06T21:53:08.537+0000] {processor.py:208} INFO - Processing /home/airflow/.local/lib/python3.12/site-packages/airflow/example_dags/example_latest_only_with_trigger.py took 0.091 seconds
[2025-04-06T21:53:38.786+0000] {processor.py:186} INFO - Started process (PID=2788) to work on /home/airflow/.local/lib/python3.12/site-packages/airflow/example_dags/example_latest_only_with_trigger.py
[2025-04-06T21:53:38.787+0000] {processor.py:914} INFO - Processing file /home/airflow/.local/lib/python3.12/site-packages/airflow/example_dags/example_latest_only_with_trigger.py for tasks to queue
[2025-04-06T21:53:38.789+0000] {logging_mixin.py:190} INFO - [2025-04-06T21:53:38.789+0000] {dagbag.py:588} INFO - Filling up the DagBag from /home/airflow/.local/lib/python3.12/site-packages/airflow/example_dags/example_latest_only_with_trigger.py
[2025-04-06T21:53:38.798+0000] {processor.py:925} INFO - DAG(s) 'latest_only_with_trigger' retrieved from /home/airflow/.local/lib/python3.12/site-packages/airflow/example_dags/example_latest_only_with_trigger.py
[2025-04-06T21:53:38.822+0000] {logging_mixin.py:190} INFO - [2025-04-06T21:53:38.822+0000] {dag.py:3239} INFO - Sync 1 DAGs
[2025-04-06T21:53:38.851+0000] {logging_mixin.py:190} INFO - [2025-04-06T21:53:38.851+0000] {dag.py:4180} INFO - Setting next_dagrun for latest_only_with_trigger to 2025-04-06 16:00:00+00:00, run_after=2025-04-06 20:00:00+00:00
[2025-04-06T21:53:38.870+0000] {processor.py:208} INFO - Processing /home/airflow/.local/lib/python3.12/site-packages/airflow/example_dags/example_latest_only_with_trigger.py took 0.090 seconds
[2025-04-06T21:54:09.657+0000] {processor.py:186} INFO - Started process (PID=2852) to work on /home/airflow/.local/lib/python3.12/site-packages/airflow/example_dags/example_latest_only_with_trigger.py
[2025-04-06T21:54:09.659+0000] {processor.py:914} INFO - Processing file /home/airflow/.local/lib/python3.12/site-packages/airflow/example_dags/example_latest_only_with_trigger.py for tasks to queue
[2025-04-06T21:54:09.661+0000] {logging_mixin.py:190} INFO - [2025-04-06T21:54:09.661+0000] {dagbag.py:588} INFO - Filling up the DagBag from /home/airflow/.local/lib/python3.12/site-packages/airflow/example_dags/example_latest_only_with_trigger.py
[2025-04-06T21:54:09.670+0000] {processor.py:925} INFO - DAG(s) 'latest_only_with_trigger' retrieved from /home/airflow/.local/lib/python3.12/site-packages/airflow/example_dags/example_latest_only_with_trigger.py
[2025-04-06T21:54:09.696+0000] {logging_mixin.py:190} INFO - [2025-04-06T21:54:09.695+0000] {dag.py:3239} INFO - Sync 1 DAGs
[2025-04-06T21:54:09.725+0000] {logging_mixin.py:190} INFO - [2025-04-06T21:54:09.725+0000] {dag.py:4180} INFO - Setting next_dagrun for latest_only_with_trigger to 2025-04-06 16:00:00+00:00, run_after=2025-04-06 20:00:00+00:00
[2025-04-06T21:54:09.743+0000] {processor.py:208} INFO - Processing /home/airflow/.local/lib/python3.12/site-packages/airflow/example_dags/example_latest_only_with_trigger.py took 0.092 seconds
[2025-04-06T21:54:40.320+0000] {processor.py:186} INFO - Started process (PID=2916) to work on /home/airflow/.local/lib/python3.12/site-packages/airflow/example_dags/example_latest_only_with_trigger.py
[2025-04-06T21:54:40.321+0000] {processor.py:914} INFO - Processing file /home/airflow/.local/lib/python3.12/site-packages/airflow/example_dags/example_latest_only_with_trigger.py for tasks to queue
[2025-04-06T21:54:40.324+0000] {logging_mixin.py:190} INFO - [2025-04-06T21:54:40.323+0000] {dagbag.py:588} INFO - Filling up the DagBag from /home/airflow/.local/lib/python3.12/site-packages/airflow/example_dags/example_latest_only_with_trigger.py
[2025-04-06T21:54:40.332+0000] {processor.py:925} INFO - DAG(s) 'latest_only_with_trigger' retrieved from /home/airflow/.local/lib/python3.12/site-packages/airflow/example_dags/example_latest_only_with_trigger.py
[2025-04-06T21:54:40.364+0000] {logging_mixin.py:190} INFO - [2025-04-06T21:54:40.363+0000] {dag.py:3239} INFO - Sync 1 DAGs
[2025-04-06T21:54:40.395+0000] {logging_mixin.py:190} INFO - [2025-04-06T21:54:40.395+0000] {dag.py:4180} INFO - Setting next_dagrun for latest_only_with_trigger to 2025-04-06 16:00:00+00:00, run_after=2025-04-06 20:00:00+00:00
[2025-04-06T21:54:40.417+0000] {processor.py:208} INFO - Processing /home/airflow/.local/lib/python3.12/site-packages/airflow/example_dags/example_latest_only_with_trigger.py took 0.112 seconds
[2025-04-06T21:55:10.517+0000] {processor.py:186} INFO - Started process (PID=2980) to work on /home/airflow/.local/lib/python3.12/site-packages/airflow/example_dags/example_latest_only_with_trigger.py
[2025-04-06T21:55:10.518+0000] {processor.py:914} INFO - Processing file /home/airflow/.local/lib/python3.12/site-packages/airflow/example_dags/example_latest_only_with_trigger.py for tasks to queue
[2025-04-06T21:55:10.519+0000] {logging_mixin.py:190} INFO - [2025-04-06T21:55:10.519+0000] {dagbag.py:588} INFO - Filling up the DagBag from /home/airflow/.local/lib/python3.12/site-packages/airflow/example_dags/example_latest_only_with_trigger.py
[2025-04-06T21:55:10.525+0000] {processor.py:925} INFO - DAG(s) 'latest_only_with_trigger' retrieved from /home/airflow/.local/lib/python3.12/site-packages/airflow/example_dags/example_latest_only_with_trigger.py
[2025-04-06T21:55:10.542+0000] {logging_mixin.py:190} INFO - [2025-04-06T21:55:10.542+0000] {dag.py:3239} INFO - Sync 1 DAGs
[2025-04-06T21:55:10.561+0000] {logging_mixin.py:190} INFO - [2025-04-06T21:55:10.561+0000] {dag.py:4180} INFO - Setting next_dagrun for latest_only_with_trigger to 2025-04-06 16:00:00+00:00, run_after=2025-04-06 20:00:00+00:00
[2025-04-06T21:55:10.574+0000] {processor.py:208} INFO - Processing /home/airflow/.local/lib/python3.12/site-packages/airflow/example_dags/example_latest_only_with_trigger.py took 0.062 seconds
[2025-04-06T21:55:41.309+0000] {processor.py:186} INFO - Started process (PID=3044) to work on /home/airflow/.local/lib/python3.12/site-packages/airflow/example_dags/example_latest_only_with_trigger.py
[2025-04-06T21:55:41.310+0000] {processor.py:914} INFO - Processing file /home/airflow/.local/lib/python3.12/site-packages/airflow/example_dags/example_latest_only_with_trigger.py for tasks to queue
[2025-04-06T21:55:41.312+0000] {logging_mixin.py:190} INFO - [2025-04-06T21:55:41.312+0000] {dagbag.py:588} INFO - Filling up the DagBag from /home/airflow/.local/lib/python3.12/site-packages/airflow/example_dags/example_latest_only_with_trigger.py
[2025-04-06T21:55:41.321+0000] {processor.py:925} INFO - DAG(s) 'latest_only_with_trigger' retrieved from /home/airflow/.local/lib/python3.12/site-packages/airflow/example_dags/example_latest_only_with_trigger.py
[2025-04-06T21:55:41.346+0000] {logging_mixin.py:190} INFO - [2025-04-06T21:55:41.345+0000] {dag.py:3239} INFO - Sync 1 DAGs
[2025-04-06T21:55:41.375+0000] {logging_mixin.py:190} INFO - [2025-04-06T21:55:41.375+0000] {dag.py:4180} INFO - Setting next_dagrun for latest_only_with_trigger to 2025-04-06 16:00:00+00:00, run_after=2025-04-06 20:00:00+00:00
[2025-04-06T21:55:41.393+0000] {processor.py:208} INFO - Processing /home/airflow/.local/lib/python3.12/site-packages/airflow/example_dags/example_latest_only_with_trigger.py took 0.090 seconds
[2025-04-06T21:56:11.460+0000] {processor.py:186} INFO - Started process (PID=3108) to work on /home/airflow/.local/lib/python3.12/site-packages/airflow/example_dags/example_latest_only_with_trigger.py
[2025-04-06T21:56:11.461+0000] {processor.py:914} INFO - Processing file /home/airflow/.local/lib/python3.12/site-packages/airflow/example_dags/example_latest_only_with_trigger.py for tasks to queue
[2025-04-06T21:56:11.463+0000] {logging_mixin.py:190} INFO - [2025-04-06T21:56:11.463+0000] {dagbag.py:588} INFO - Filling up the DagBag from /home/airflow/.local/lib/python3.12/site-packages/airflow/example_dags/example_latest_only_with_trigger.py
[2025-04-06T21:56:11.475+0000] {processor.py:925} INFO - DAG(s) 'latest_only_with_trigger' retrieved from /home/airflow/.local/lib/python3.12/site-packages/airflow/example_dags/example_latest_only_with_trigger.py
[2025-04-06T21:56:11.556+0000] {logging_mixin.py:190} INFO - [2025-04-06T21:56:11.555+0000] {dag.py:3239} INFO - Sync 1 DAGs
[2025-04-06T21:56:11.598+0000] {logging_mixin.py:190} INFO - [2025-04-06T21:56:11.598+0000] {dag.py:4180} INFO - Setting next_dagrun for latest_only_with_trigger to 2025-04-06 16:00:00+00:00, run_after=2025-04-06 20:00:00+00:00
[2025-04-06T21:56:11.619+0000] {processor.py:208} INFO - Processing /home/airflow/.local/lib/python3.12/site-packages/airflow/example_dags/example_latest_only_with_trigger.py took 0.166 seconds
[2025-04-06T21:56:42.031+0000] {processor.py:186} INFO - Started process (PID=3172) to work on /home/airflow/.local/lib/python3.12/site-packages/airflow/example_dags/example_latest_only_with_trigger.py
[2025-04-06T21:56:42.031+0000] {processor.py:914} INFO - Processing file /home/airflow/.local/lib/python3.12/site-packages/airflow/example_dags/example_latest_only_with_trigger.py for tasks to queue
[2025-04-06T21:56:42.035+0000] {logging_mixin.py:190} INFO - [2025-04-06T21:56:42.035+0000] {dagbag.py:588} INFO - Filling up the DagBag from /home/airflow/.local/lib/python3.12/site-packages/airflow/example_dags/example_latest_only_with_trigger.py
[2025-04-06T21:56:42.056+0000] {processor.py:925} INFO - DAG(s) 'latest_only_with_trigger' retrieved from /home/airflow/.local/lib/python3.12/site-packages/airflow/example_dags/example_latest_only_with_trigger.py
[2025-04-06T21:56:42.123+0000] {logging_mixin.py:190} INFO - [2025-04-06T21:56:42.123+0000] {dag.py:3239} INFO - Sync 1 DAGs
[2025-04-06T21:56:42.188+0000] {logging_mixin.py:190} INFO - [2025-04-06T21:56:42.188+0000] {dag.py:4180} INFO - Setting next_dagrun for latest_only_with_trigger to 2025-04-06 16:00:00+00:00, run_after=2025-04-06 20:00:00+00:00
[2025-04-06T21:56:42.216+0000] {processor.py:208} INFO - Processing /home/airflow/.local/lib/python3.12/site-packages/airflow/example_dags/example_latest_only_with_trigger.py took 0.192 seconds
[2025-04-06T21:57:12.340+0000] {processor.py:186} INFO - Started process (PID=3236) to work on /home/airflow/.local/lib/python3.12/site-packages/airflow/example_dags/example_latest_only_with_trigger.py
[2025-04-06T21:57:12.340+0000] {processor.py:914} INFO - Processing file /home/airflow/.local/lib/python3.12/site-packages/airflow/example_dags/example_latest_only_with_trigger.py for tasks to queue
[2025-04-06T21:57:12.342+0000] {logging_mixin.py:190} INFO - [2025-04-06T21:57:12.342+0000] {dagbag.py:588} INFO - Filling up the DagBag from /home/airflow/.local/lib/python3.12/site-packages/airflow/example_dags/example_latest_only_with_trigger.py
[2025-04-06T21:57:12.348+0000] {processor.py:925} INFO - DAG(s) 'latest_only_with_trigger' retrieved from /home/airflow/.local/lib/python3.12/site-packages/airflow/example_dags/example_latest_only_with_trigger.py
[2025-04-06T21:57:12.365+0000] {logging_mixin.py:190} INFO - [2025-04-06T21:57:12.364+0000] {dag.py:3239} INFO - Sync 1 DAGs
[2025-04-06T21:57:12.383+0000] {logging_mixin.py:190} INFO - [2025-04-06T21:57:12.383+0000] {dag.py:4180} INFO - Setting next_dagrun for latest_only_with_trigger to 2025-04-06 16:00:00+00:00, run_after=2025-04-06 20:00:00+00:00
[2025-04-06T21:57:12.397+0000] {processor.py:208} INFO - Processing /home/airflow/.local/lib/python3.12/site-packages/airflow/example_dags/example_latest_only_with_trigger.py took 0.062 seconds
[2025-04-06T21:57:42.525+0000] {processor.py:186} INFO - Started process (PID=3301) to work on /home/airflow/.local/lib/python3.12/site-packages/airflow/example_dags/example_latest_only_with_trigger.py
[2025-04-06T21:57:42.526+0000] {processor.py:914} INFO - Processing file /home/airflow/.local/lib/python3.12/site-packages/airflow/example_dags/example_latest_only_with_trigger.py for tasks to queue
[2025-04-06T21:57:42.528+0000] {logging_mixin.py:190} INFO - [2025-04-06T21:57:42.528+0000] {dagbag.py:588} INFO - Filling up the DagBag from /home/airflow/.local/lib/python3.12/site-packages/airflow/example_dags/example_latest_only_with_trigger.py
[2025-04-06T21:57:42.537+0000] {processor.py:925} INFO - DAG(s) 'latest_only_with_trigger' retrieved from /home/airflow/.local/lib/python3.12/site-packages/airflow/example_dags/example_latest_only_with_trigger.py
[2025-04-06T21:57:42.562+0000] {logging_mixin.py:190} INFO - [2025-04-06T21:57:42.562+0000] {dag.py:3239} INFO - Sync 1 DAGs
[2025-04-06T21:57:42.589+0000] {logging_mixin.py:190} INFO - [2025-04-06T21:57:42.588+0000] {dag.py:4180} INFO - Setting next_dagrun for latest_only_with_trigger to 2025-04-06 16:00:00+00:00, run_after=2025-04-06 20:00:00+00:00
[2025-04-06T21:57:42.603+0000] {processor.py:208} INFO - Processing /home/airflow/.local/lib/python3.12/site-packages/airflow/example_dags/example_latest_only_with_trigger.py took 0.085 seconds
[2025-04-06T21:58:12.913+0000] {processor.py:186} INFO - Started process (PID=3365) to work on /home/airflow/.local/lib/python3.12/site-packages/airflow/example_dags/example_latest_only_with_trigger.py
[2025-04-06T21:58:12.914+0000] {processor.py:914} INFO - Processing file /home/airflow/.local/lib/python3.12/site-packages/airflow/example_dags/example_latest_only_with_trigger.py for tasks to queue
[2025-04-06T21:58:12.917+0000] {logging_mixin.py:190} INFO - [2025-04-06T21:58:12.916+0000] {dagbag.py:588} INFO - Filling up the DagBag from /home/airflow/.local/lib/python3.12/site-packages/airflow/example_dags/example_latest_only_with_trigger.py
[2025-04-06T21:58:12.926+0000] {processor.py:925} INFO - DAG(s) 'latest_only_with_trigger' retrieved from /home/airflow/.local/lib/python3.12/site-packages/airflow/example_dags/example_latest_only_with_trigger.py
[2025-04-06T21:58:12.951+0000] {logging_mixin.py:190} INFO - [2025-04-06T21:58:12.951+0000] {dag.py:3239} INFO - Sync 1 DAGs
[2025-04-06T21:58:12.981+0000] {logging_mixin.py:190} INFO - [2025-04-06T21:58:12.980+0000] {dag.py:4180} INFO - Setting next_dagrun for latest_only_with_trigger to 2025-04-06 16:00:00+00:00, run_after=2025-04-06 20:00:00+00:00
[2025-04-06T21:58:12.994+0000] {processor.py:208} INFO - Processing /home/airflow/.local/lib/python3.12/site-packages/airflow/example_dags/example_latest_only_with_trigger.py took 0.088 seconds
[2025-04-06T21:58:43.787+0000] {processor.py:186} INFO - Started process (PID=3429) to work on /home/airflow/.local/lib/python3.12/site-packages/airflow/example_dags/example_latest_only_with_trigger.py
[2025-04-06T21:58:43.788+0000] {processor.py:914} INFO - Processing file /home/airflow/.local/lib/python3.12/site-packages/airflow/example_dags/example_latest_only_with_trigger.py for tasks to queue
[2025-04-06T21:58:43.790+0000] {logging_mixin.py:190} INFO - [2025-04-06T21:58:43.790+0000] {dagbag.py:588} INFO - Filling up the DagBag from /home/airflow/.local/lib/python3.12/site-packages/airflow/example_dags/example_latest_only_with_trigger.py
[2025-04-06T21:58:43.799+0000] {processor.py:925} INFO - DAG(s) 'latest_only_with_trigger' retrieved from /home/airflow/.local/lib/python3.12/site-packages/airflow/example_dags/example_latest_only_with_trigger.py
[2025-04-06T21:58:43.825+0000] {logging_mixin.py:190} INFO - [2025-04-06T21:58:43.824+0000] {dag.py:3239} INFO - Sync 1 DAGs
[2025-04-06T21:58:43.852+0000] {logging_mixin.py:190} INFO - [2025-04-06T21:58:43.852+0000] {dag.py:4180} INFO - Setting next_dagrun for latest_only_with_trigger to 2025-04-06 16:00:00+00:00, run_after=2025-04-06 20:00:00+00:00
[2025-04-06T21:58:43.867+0000] {processor.py:208} INFO - Processing /home/airflow/.local/lib/python3.12/site-packages/airflow/example_dags/example_latest_only_with_trigger.py took 0.087 seconds
[2025-04-06T21:59:13.968+0000] {processor.py:186} INFO - Started process (PID=3493) to work on /home/airflow/.local/lib/python3.12/site-packages/airflow/example_dags/example_latest_only_with_trigger.py
[2025-04-06T21:59:13.969+0000] {processor.py:914} INFO - Processing file /home/airflow/.local/lib/python3.12/site-packages/airflow/example_dags/example_latest_only_with_trigger.py for tasks to queue
[2025-04-06T21:59:13.971+0000] {logging_mixin.py:190} INFO - [2025-04-06T21:59:13.970+0000] {dagbag.py:588} INFO - Filling up the DagBag from /home/airflow/.local/lib/python3.12/site-packages/airflow/example_dags/example_latest_only_with_trigger.py
[2025-04-06T21:59:13.980+0000] {processor.py:925} INFO - DAG(s) 'latest_only_with_trigger' retrieved from /home/airflow/.local/lib/python3.12/site-packages/airflow/example_dags/example_latest_only_with_trigger.py
[2025-04-06T21:59:14.005+0000] {logging_mixin.py:190} INFO - [2025-04-06T21:59:14.004+0000] {dag.py:3239} INFO - Sync 1 DAGs
[2025-04-06T21:59:14.033+0000] {logging_mixin.py:190} INFO - [2025-04-06T21:59:14.033+0000] {dag.py:4180} INFO - Setting next_dagrun for latest_only_with_trigger to 2025-04-06 16:00:00+00:00, run_after=2025-04-06 20:00:00+00:00
[2025-04-06T21:59:14.051+0000] {processor.py:208} INFO - Processing /home/airflow/.local/lib/python3.12/site-packages/airflow/example_dags/example_latest_only_with_trigger.py took 0.090 seconds
[2025-04-06T21:59:45.020+0000] {processor.py:186} INFO - Started process (PID=3557) to work on /home/airflow/.local/lib/python3.12/site-packages/airflow/example_dags/example_latest_only_with_trigger.py
[2025-04-06T21:59:45.020+0000] {processor.py:914} INFO - Processing file /home/airflow/.local/lib/python3.12/site-packages/airflow/example_dags/example_latest_only_with_trigger.py for tasks to queue
[2025-04-06T21:59:45.023+0000] {logging_mixin.py:190} INFO - [2025-04-06T21:59:45.022+0000] {dagbag.py:588} INFO - Filling up the DagBag from /home/airflow/.local/lib/python3.12/site-packages/airflow/example_dags/example_latest_only_with_trigger.py
[2025-04-06T21:59:45.032+0000] {processor.py:925} INFO - DAG(s) 'latest_only_with_trigger' retrieved from /home/airflow/.local/lib/python3.12/site-packages/airflow/example_dags/example_latest_only_with_trigger.py
[2025-04-06T21:59:45.056+0000] {logging_mixin.py:190} INFO - [2025-04-06T21:59:45.055+0000] {dag.py:3239} INFO - Sync 1 DAGs
[2025-04-06T21:59:45.086+0000] {logging_mixin.py:190} INFO - [2025-04-06T21:59:45.086+0000] {dag.py:4180} INFO - Setting next_dagrun for latest_only_with_trigger to 2025-04-06 16:00:00+00:00, run_after=2025-04-06 20:00:00+00:00
[2025-04-06T21:59:45.114+0000] {processor.py:208} INFO - Processing /home/airflow/.local/lib/python3.12/site-packages/airflow/example_dags/example_latest_only_with_trigger.py took 0.102 seconds
[2025-04-06T22:00:15.670+0000] {processor.py:186} INFO - Started process (PID=3621) to work on /home/airflow/.local/lib/python3.12/site-packages/airflow/example_dags/example_latest_only_with_trigger.py
[2025-04-06T22:00:15.670+0000] {processor.py:914} INFO - Processing file /home/airflow/.local/lib/python3.12/site-packages/airflow/example_dags/example_latest_only_with_trigger.py for tasks to queue
[2025-04-06T22:00:15.673+0000] {logging_mixin.py:190} INFO - [2025-04-06T22:00:15.672+0000] {dagbag.py:588} INFO - Filling up the DagBag from /home/airflow/.local/lib/python3.12/site-packages/airflow/example_dags/example_latest_only_with_trigger.py
[2025-04-06T22:00:15.682+0000] {processor.py:925} INFO - DAG(s) 'latest_only_with_trigger' retrieved from /home/airflow/.local/lib/python3.12/site-packages/airflow/example_dags/example_latest_only_with_trigger.py
[2025-04-06T22:00:15.726+0000] {logging_mixin.py:190} INFO - [2025-04-06T22:00:15.725+0000] {dag.py:3239} INFO - Sync 1 DAGs
[2025-04-06T22:00:15.791+0000] {logging_mixin.py:190} INFO - [2025-04-06T22:00:15.790+0000] {dag.py:4180} INFO - Setting next_dagrun for latest_only_with_trigger to 2025-04-06 16:00:00+00:00, run_after=2025-04-06 20:00:00+00:00
[2025-04-06T22:00:15.833+0000] {processor.py:208} INFO - Processing /home/airflow/.local/lib/python3.12/site-packages/airflow/example_dags/example_latest_only_with_trigger.py took 0.170 seconds
[2025-04-06T22:00:47.176+0000] {processor.py:186} INFO - Started process (PID=3691) to work on /home/airflow/.local/lib/python3.12/site-packages/airflow/example_dags/example_latest_only_with_trigger.py
[2025-04-06T22:00:47.177+0000] {processor.py:914} INFO - Processing file /home/airflow/.local/lib/python3.12/site-packages/airflow/example_dags/example_latest_only_with_trigger.py for tasks to queue
[2025-04-06T22:00:47.180+0000] {logging_mixin.py:190} INFO - [2025-04-06T22:00:47.179+0000] {dagbag.py:588} INFO - Filling up the DagBag from /home/airflow/.local/lib/python3.12/site-packages/airflow/example_dags/example_latest_only_with_trigger.py
[2025-04-06T22:00:47.188+0000] {processor.py:925} INFO - DAG(s) 'latest_only_with_trigger' retrieved from /home/airflow/.local/lib/python3.12/site-packages/airflow/example_dags/example_latest_only_with_trigger.py
[2025-04-06T22:00:47.225+0000] {logging_mixin.py:190} INFO - [2025-04-06T22:00:47.224+0000] {dag.py:3239} INFO - Sync 1 DAGs
[2025-04-06T22:00:47.282+0000] {logging_mixin.py:190} INFO - [2025-04-06T22:00:47.281+0000] {dag.py:4180} INFO - Setting next_dagrun for latest_only_with_trigger to 2025-04-06 16:00:00+00:00, run_after=2025-04-06 20:00:00+00:00
[2025-04-06T22:00:47.302+0000] {processor.py:208} INFO - Processing /home/airflow/.local/lib/python3.12/site-packages/airflow/example_dags/example_latest_only_with_trigger.py took 0.133 seconds
[2025-04-06T22:01:18.051+0000] {processor.py:186} INFO - Started process (PID=3755) to work on /home/airflow/.local/lib/python3.12/site-packages/airflow/example_dags/example_latest_only_with_trigger.py
[2025-04-06T22:01:18.053+0000] {processor.py:914} INFO - Processing file /home/airflow/.local/lib/python3.12/site-packages/airflow/example_dags/example_latest_only_with_trigger.py for tasks to queue
[2025-04-06T22:01:18.055+0000] {logging_mixin.py:190} INFO - [2025-04-06T22:01:18.055+0000] {dagbag.py:588} INFO - Filling up the DagBag from /home/airflow/.local/lib/python3.12/site-packages/airflow/example_dags/example_latest_only_with_trigger.py
[2025-04-06T22:01:18.064+0000] {processor.py:925} INFO - DAG(s) 'latest_only_with_trigger' retrieved from /home/airflow/.local/lib/python3.12/site-packages/airflow/example_dags/example_latest_only_with_trigger.py
[2025-04-06T22:01:18.089+0000] {logging_mixin.py:190} INFO - [2025-04-06T22:01:18.088+0000] {dag.py:3239} INFO - Sync 1 DAGs
[2025-04-06T22:01:18.118+0000] {logging_mixin.py:190} INFO - [2025-04-06T22:01:18.118+0000] {dag.py:4180} INFO - Setting next_dagrun for latest_only_with_trigger to 2025-04-06 16:00:00+00:00, run_after=2025-04-06 20:00:00+00:00
[2025-04-06T22:01:18.143+0000] {processor.py:208} INFO - Processing /home/airflow/.local/lib/python3.12/site-packages/airflow/example_dags/example_latest_only_with_trigger.py took 0.099 seconds
[2025-04-06T22:01:49.022+0000] {processor.py:186} INFO - Started process (PID=3818) to work on /home/airflow/.local/lib/python3.12/site-packages/airflow/example_dags/example_latest_only_with_trigger.py
[2025-04-06T22:01:49.023+0000] {processor.py:914} INFO - Processing file /home/airflow/.local/lib/python3.12/site-packages/airflow/example_dags/example_latest_only_with_trigger.py for tasks to queue
[2025-04-06T22:01:49.025+0000] {logging_mixin.py:190} INFO - [2025-04-06T22:01:49.025+0000] {dagbag.py:588} INFO - Filling up the DagBag from /home/airflow/.local/lib/python3.12/site-packages/airflow/example_dags/example_latest_only_with_trigger.py
[2025-04-06T22:01:49.034+0000] {processor.py:925} INFO - DAG(s) 'latest_only_with_trigger' retrieved from /home/airflow/.local/lib/python3.12/site-packages/airflow/example_dags/example_latest_only_with_trigger.py
[2025-04-06T22:01:49.092+0000] {logging_mixin.py:190} INFO - [2025-04-06T22:01:49.091+0000] {dag.py:3239} INFO - Sync 1 DAGs
[2025-04-06T22:01:49.152+0000] {logging_mixin.py:190} INFO - [2025-04-06T22:01:49.152+0000] {dag.py:4180} INFO - Setting next_dagrun for latest_only_with_trigger to 2025-04-06 16:00:00+00:00, run_after=2025-04-06 20:00:00+00:00
[2025-04-06T22:01:49.187+0000] {processor.py:208} INFO - Processing /home/airflow/.local/lib/python3.12/site-packages/airflow/example_dags/example_latest_only_with_trigger.py took 0.173 seconds
[2025-04-06T22:02:19.702+0000] {processor.py:186} INFO - Started process (PID=3881) to work on /home/airflow/.local/lib/python3.12/site-packages/airflow/example_dags/example_latest_only_with_trigger.py
[2025-04-06T22:02:19.703+0000] {processor.py:914} INFO - Processing file /home/airflow/.local/lib/python3.12/site-packages/airflow/example_dags/example_latest_only_with_trigger.py for tasks to queue
[2025-04-06T22:02:19.705+0000] {logging_mixin.py:190} INFO - [2025-04-06T22:02:19.705+0000] {dagbag.py:588} INFO - Filling up the DagBag from /home/airflow/.local/lib/python3.12/site-packages/airflow/example_dags/example_latest_only_with_trigger.py
[2025-04-06T22:02:19.714+0000] {processor.py:925} INFO - DAG(s) 'latest_only_with_trigger' retrieved from /home/airflow/.local/lib/python3.12/site-packages/airflow/example_dags/example_latest_only_with_trigger.py
[2025-04-06T22:02:19.759+0000] {logging_mixin.py:190} INFO - [2025-04-06T22:02:19.758+0000] {dag.py:3239} INFO - Sync 1 DAGs
[2025-04-06T22:02:19.831+0000] {logging_mixin.py:190} INFO - [2025-04-06T22:02:19.831+0000] {dag.py:4180} INFO - Setting next_dagrun for latest_only_with_trigger to 2025-04-06 16:00:00+00:00, run_after=2025-04-06 20:00:00+00:00
[2025-04-06T22:02:19.874+0000] {processor.py:208} INFO - Processing /home/airflow/.local/lib/python3.12/site-packages/airflow/example_dags/example_latest_only_with_trigger.py took 0.183 seconds
[2025-04-06T22:02:50.252+0000] {processor.py:186} INFO - Started process (PID=3945) to work on /home/airflow/.local/lib/python3.12/site-packages/airflow/example_dags/example_latest_only_with_trigger.py
[2025-04-06T22:02:50.253+0000] {processor.py:914} INFO - Processing file /home/airflow/.local/lib/python3.12/site-packages/airflow/example_dags/example_latest_only_with_trigger.py for tasks to queue
[2025-04-06T22:02:50.256+0000] {logging_mixin.py:190} INFO - [2025-04-06T22:02:50.255+0000] {dagbag.py:588} INFO - Filling up the DagBag from /home/airflow/.local/lib/python3.12/site-packages/airflow/example_dags/example_latest_only_with_trigger.py
[2025-04-06T22:02:50.264+0000] {processor.py:925} INFO - DAG(s) 'latest_only_with_trigger' retrieved from /home/airflow/.local/lib/python3.12/site-packages/airflow/example_dags/example_latest_only_with_trigger.py
[2025-04-06T22:02:50.290+0000] {logging_mixin.py:190} INFO - [2025-04-06T22:02:50.290+0000] {dag.py:3239} INFO - Sync 1 DAGs
[2025-04-06T22:02:50.320+0000] {logging_mixin.py:190} INFO - [2025-04-06T22:02:50.319+0000] {dag.py:4180} INFO - Setting next_dagrun for latest_only_with_trigger to 2025-04-06 16:00:00+00:00, run_after=2025-04-06 20:00:00+00:00
[2025-04-06T22:02:50.338+0000] {processor.py:208} INFO - Processing /home/airflow/.local/lib/python3.12/site-packages/airflow/example_dags/example_latest_only_with_trigger.py took 0.092 seconds
[2025-04-06T22:03:20.769+0000] {processor.py:186} INFO - Started process (PID=4008) to work on /home/airflow/.local/lib/python3.12/site-packages/airflow/example_dags/example_latest_only_with_trigger.py
[2025-04-06T22:03:20.770+0000] {processor.py:914} INFO - Processing file /home/airflow/.local/lib/python3.12/site-packages/airflow/example_dags/example_latest_only_with_trigger.py for tasks to queue
[2025-04-06T22:03:20.773+0000] {logging_mixin.py:190} INFO - [2025-04-06T22:03:20.772+0000] {dagbag.py:588} INFO - Filling up the DagBag from /home/airflow/.local/lib/python3.12/site-packages/airflow/example_dags/example_latest_only_with_trigger.py
[2025-04-06T22:03:20.782+0000] {processor.py:925} INFO - DAG(s) 'latest_only_with_trigger' retrieved from /home/airflow/.local/lib/python3.12/site-packages/airflow/example_dags/example_latest_only_with_trigger.py
[2025-04-06T22:03:20.811+0000] {logging_mixin.py:190} INFO - [2025-04-06T22:03:20.810+0000] {dag.py:3239} INFO - Sync 1 DAGs
[2025-04-06T22:03:20.838+0000] {logging_mixin.py:190} INFO - [2025-04-06T22:03:20.838+0000] {dag.py:4180} INFO - Setting next_dagrun for latest_only_with_trigger to 2025-04-06 16:00:00+00:00, run_after=2025-04-06 20:00:00+00:00
[2025-04-06T22:03:20.871+0000] {processor.py:208} INFO - Processing /home/airflow/.local/lib/python3.12/site-packages/airflow/example_dags/example_latest_only_with_trigger.py took 0.109 seconds
[2025-04-06T22:03:51.669+0000] {processor.py:186} INFO - Started process (PID=4072) to work on /home/airflow/.local/lib/python3.12/site-packages/airflow/example_dags/example_latest_only_with_trigger.py
[2025-04-06T22:03:51.670+0000] {processor.py:914} INFO - Processing file /home/airflow/.local/lib/python3.12/site-packages/airflow/example_dags/example_latest_only_with_trigger.py for tasks to queue
[2025-04-06T22:03:51.672+0000] {logging_mixin.py:190} INFO - [2025-04-06T22:03:51.672+0000] {dagbag.py:588} INFO - Filling up the DagBag from /home/airflow/.local/lib/python3.12/site-packages/airflow/example_dags/example_latest_only_with_trigger.py
[2025-04-06T22:03:51.681+0000] {processor.py:925} INFO - DAG(s) 'latest_only_with_trigger' retrieved from /home/airflow/.local/lib/python3.12/site-packages/airflow/example_dags/example_latest_only_with_trigger.py
[2025-04-06T22:03:51.709+0000] {logging_mixin.py:190} INFO - [2025-04-06T22:03:51.708+0000] {dag.py:3239} INFO - Sync 1 DAGs
[2025-04-06T22:03:51.740+0000] {logging_mixin.py:190} INFO - [2025-04-06T22:03:51.740+0000] {dag.py:4180} INFO - Setting next_dagrun for latest_only_with_trigger to 2025-04-06 16:00:00+00:00, run_after=2025-04-06 20:00:00+00:00
[2025-04-06T22:03:51.760+0000] {processor.py:208} INFO - Processing /home/airflow/.local/lib/python3.12/site-packages/airflow/example_dags/example_latest_only_with_trigger.py took 0.098 seconds
[2025-04-06T22:04:22.672+0000] {processor.py:186} INFO - Started process (PID=4135) to work on /home/airflow/.local/lib/python3.12/site-packages/airflow/example_dags/example_latest_only_with_trigger.py
[2025-04-06T22:04:22.673+0000] {processor.py:914} INFO - Processing file /home/airflow/.local/lib/python3.12/site-packages/airflow/example_dags/example_latest_only_with_trigger.py for tasks to queue
[2025-04-06T22:04:22.676+0000] {logging_mixin.py:190} INFO - [2025-04-06T22:04:22.675+0000] {dagbag.py:588} INFO - Filling up the DagBag from /home/airflow/.local/lib/python3.12/site-packages/airflow/example_dags/example_latest_only_with_trigger.py
[2025-04-06T22:04:22.684+0000] {processor.py:925} INFO - DAG(s) 'latest_only_with_trigger' retrieved from /home/airflow/.local/lib/python3.12/site-packages/airflow/example_dags/example_latest_only_with_trigger.py
[2025-04-06T22:04:22.710+0000] {logging_mixin.py:190} INFO - [2025-04-06T22:04:22.709+0000] {dag.py:3239} INFO - Sync 1 DAGs
[2025-04-06T22:04:22.739+0000] {logging_mixin.py:190} INFO - [2025-04-06T22:04:22.739+0000] {dag.py:4180} INFO - Setting next_dagrun for latest_only_with_trigger to 2025-04-06 16:00:00+00:00, run_after=2025-04-06 20:00:00+00:00
[2025-04-06T22:04:22.757+0000] {processor.py:208} INFO - Processing /home/airflow/.local/lib/python3.12/site-packages/airflow/example_dags/example_latest_only_with_trigger.py took 0.092 seconds
[2025-04-06T22:04:53.143+0000] {processor.py:186} INFO - Started process (PID=4199) to work on /home/airflow/.local/lib/python3.12/site-packages/airflow/example_dags/example_latest_only_with_trigger.py
[2025-04-06T22:04:53.143+0000] {processor.py:914} INFO - Processing file /home/airflow/.local/lib/python3.12/site-packages/airflow/example_dags/example_latest_only_with_trigger.py for tasks to queue
[2025-04-06T22:04:53.146+0000] {logging_mixin.py:190} INFO - [2025-04-06T22:04:53.145+0000] {dagbag.py:588} INFO - Filling up the DagBag from /home/airflow/.local/lib/python3.12/site-packages/airflow/example_dags/example_latest_only_with_trigger.py
[2025-04-06T22:04:53.154+0000] {processor.py:925} INFO - DAG(s) 'latest_only_with_trigger' retrieved from /home/airflow/.local/lib/python3.12/site-packages/airflow/example_dags/example_latest_only_with_trigger.py
[2025-04-06T22:04:53.183+0000] {logging_mixin.py:190} INFO - [2025-04-06T22:04:53.182+0000] {dag.py:3239} INFO - Sync 1 DAGs
[2025-04-06T22:04:53.223+0000] {logging_mixin.py:190} INFO - [2025-04-06T22:04:53.222+0000] {dag.py:4180} INFO - Setting next_dagrun for latest_only_with_trigger to 2025-04-06 16:00:00+00:00, run_after=2025-04-06 20:00:00+00:00
[2025-04-06T22:04:53.260+0000] {processor.py:208} INFO - Processing /home/airflow/.local/lib/python3.12/site-packages/airflow/example_dags/example_latest_only_with_trigger.py took 0.124 seconds
[2025-04-06T22:05:23.951+0000] {processor.py:186} INFO - Started process (PID=4262) to work on /home/airflow/.local/lib/python3.12/site-packages/airflow/example_dags/example_latest_only_with_trigger.py
[2025-04-06T22:05:23.952+0000] {processor.py:914} INFO - Processing file /home/airflow/.local/lib/python3.12/site-packages/airflow/example_dags/example_latest_only_with_trigger.py for tasks to queue
[2025-04-06T22:05:23.955+0000] {logging_mixin.py:190} INFO - [2025-04-06T22:05:23.954+0000] {dagbag.py:588} INFO - Filling up the DagBag from /home/airflow/.local/lib/python3.12/site-packages/airflow/example_dags/example_latest_only_with_trigger.py
[2025-04-06T22:05:23.963+0000] {processor.py:925} INFO - DAG(s) 'latest_only_with_trigger' retrieved from /home/airflow/.local/lib/python3.12/site-packages/airflow/example_dags/example_latest_only_with_trigger.py
[2025-04-06T22:05:23.988+0000] {logging_mixin.py:190} INFO - [2025-04-06T22:05:23.988+0000] {dag.py:3239} INFO - Sync 1 DAGs
[2025-04-06T22:05:24.017+0000] {logging_mixin.py:190} INFO - [2025-04-06T22:05:24.017+0000] {dag.py:4180} INFO - Setting next_dagrun for latest_only_with_trigger to 2025-04-06 16:00:00+00:00, run_after=2025-04-06 20:00:00+00:00
[2025-04-06T22:05:24.036+0000] {processor.py:208} INFO - Processing /home/airflow/.local/lib/python3.12/site-packages/airflow/example_dags/example_latest_only_with_trigger.py took 0.092 seconds
