[2025-04-06T21:31:55.517+0000] {processor.py:186} INFO - Started process (PID=78) to work on /home/airflow/.local/lib/python3.12/site-packages/airflow/example_dags/example_short_circuit_decorator.py
[2025-04-06T21:31:55.518+0000] {processor.py:914} INFO - Processing file /home/airflow/.local/lib/python3.12/site-packages/airflow/example_dags/example_short_circuit_decorator.py for tasks to queue
[2025-04-06T21:31:55.525+0000] {logging_mixin.py:190} INFO - [2025-04-06T21:31:55.522+0000] {dagbag.py:588} INFO - Filling up the DagBag from /home/airflow/.local/lib/python3.12/site-packages/airflow/example_dags/example_short_circuit_decorator.py
[2025-04-06T21:31:56.572+0000] {processor.py:925} INFO - DAG(s) 'example_short_circuit_decorator' retrieved from /home/airflow/.local/lib/python3.12/site-packages/airflow/example_dags/example_short_circuit_decorator.py
[2025-04-06T21:31:56.982+0000] {logging_mixin.py:190} INFO - [2025-04-06T21:31:56.982+0000] {dag.py:3239} INFO - Sync 1 DAGs
[2025-04-06T21:31:57.067+0000] {logging_mixin.py:190} INFO - [2025-04-06T21:31:57.067+0000] {dag.py:4180} INFO - Setting next_dagrun for example_short_circuit_decorator to None, run_after=None
[2025-04-06T21:31:57.184+0000] {processor.py:208} INFO - Processing /home/airflow/.local/lib/python3.12/site-packages/airflow/example_dags/example_short_circuit_decorator.py took 1.709 seconds
[2025-04-06T21:32:27.829+0000] {processor.py:186} INFO - Started process (PID=142) to work on /home/airflow/.local/lib/python3.12/site-packages/airflow/example_dags/example_short_circuit_decorator.py
[2025-04-06T21:32:27.829+0000] {processor.py:914} INFO - Processing file /home/airflow/.local/lib/python3.12/site-packages/airflow/example_dags/example_short_circuit_decorator.py for tasks to queue
[2025-04-06T21:32:27.831+0000] {logging_mixin.py:190} INFO - [2025-04-06T21:32:27.831+0000] {dagbag.py:588} INFO - Filling up the DagBag from /home/airflow/.local/lib/python3.12/site-packages/airflow/example_dags/example_short_circuit_decorator.py
[2025-04-06T21:32:27.841+0000] {processor.py:925} INFO - DAG(s) 'example_short_circuit_decorator' retrieved from /home/airflow/.local/lib/python3.12/site-packages/airflow/example_dags/example_short_circuit_decorator.py
[2025-04-06T21:32:27.869+0000] {logging_mixin.py:190} INFO - [2025-04-06T21:32:27.869+0000] {dag.py:3239} INFO - Sync 1 DAGs
[2025-04-06T21:32:27.881+0000] {logging_mixin.py:190} INFO - [2025-04-06T21:32:27.881+0000] {dag.py:4180} INFO - Setting next_dagrun for example_short_circuit_decorator to None, run_after=None
[2025-04-06T21:32:27.895+0000] {processor.py:208} INFO - Processing /home/airflow/.local/lib/python3.12/site-packages/airflow/example_dags/example_short_circuit_decorator.py took 0.071 seconds
[2025-04-06T21:32:58.385+0000] {processor.py:186} INFO - Started process (PID=206) to work on /home/airflow/.local/lib/python3.12/site-packages/airflow/example_dags/example_short_circuit_decorator.py
[2025-04-06T21:32:58.386+0000] {processor.py:914} INFO - Processing file /home/airflow/.local/lib/python3.12/site-packages/airflow/example_dags/example_short_circuit_decorator.py for tasks to queue
[2025-04-06T21:32:58.388+0000] {logging_mixin.py:190} INFO - [2025-04-06T21:32:58.388+0000] {dagbag.py:588} INFO - Filling up the DagBag from /home/airflow/.local/lib/python3.12/site-packages/airflow/example_dags/example_short_circuit_decorator.py
[2025-04-06T21:32:58.398+0000] {processor.py:925} INFO - DAG(s) 'example_short_circuit_decorator' retrieved from /home/airflow/.local/lib/python3.12/site-packages/airflow/example_dags/example_short_circuit_decorator.py
[2025-04-06T21:32:58.433+0000] {logging_mixin.py:190} INFO - [2025-04-06T21:32:58.432+0000] {dag.py:3239} INFO - Sync 1 DAGs
[2025-04-06T21:32:58.456+0000] {logging_mixin.py:190} INFO - [2025-04-06T21:32:58.456+0000] {dag.py:4180} INFO - Setting next_dagrun for example_short_circuit_decorator to None, run_after=None
[2025-04-06T21:32:58.490+0000] {processor.py:208} INFO - Processing /home/airflow/.local/lib/python3.12/site-packages/airflow/example_dags/example_short_circuit_decorator.py took 0.111 seconds
[2025-04-06T21:33:29.210+0000] {processor.py:186} INFO - Started process (PID=270) to work on /home/airflow/.local/lib/python3.12/site-packages/airflow/example_dags/example_short_circuit_decorator.py
[2025-04-06T21:33:29.211+0000] {processor.py:914} INFO - Processing file /home/airflow/.local/lib/python3.12/site-packages/airflow/example_dags/example_short_circuit_decorator.py for tasks to queue
[2025-04-06T21:33:29.214+0000] {logging_mixin.py:190} INFO - [2025-04-06T21:33:29.213+0000] {dagbag.py:588} INFO - Filling up the DagBag from /home/airflow/.local/lib/python3.12/site-packages/airflow/example_dags/example_short_circuit_decorator.py
[2025-04-06T21:33:29.223+0000] {processor.py:925} INFO - DAG(s) 'example_short_circuit_decorator' retrieved from /home/airflow/.local/lib/python3.12/site-packages/airflow/example_dags/example_short_circuit_decorator.py
[2025-04-06T21:33:29.254+0000] {logging_mixin.py:190} INFO - [2025-04-06T21:33:29.253+0000] {dag.py:3239} INFO - Sync 1 DAGs
[2025-04-06T21:33:29.273+0000] {logging_mixin.py:190} INFO - [2025-04-06T21:33:29.273+0000] {dag.py:4180} INFO - Setting next_dagrun for example_short_circuit_decorator to None, run_after=None
[2025-04-06T21:33:29.291+0000] {processor.py:208} INFO - Processing /home/airflow/.local/lib/python3.12/site-packages/airflow/example_dags/example_short_circuit_decorator.py took 0.086 seconds
[2025-04-06T21:33:59.479+0000] {processor.py:186} INFO - Started process (PID=334) to work on /home/airflow/.local/lib/python3.12/site-packages/airflow/example_dags/example_short_circuit_decorator.py
[2025-04-06T21:33:59.481+0000] {processor.py:914} INFO - Processing file /home/airflow/.local/lib/python3.12/site-packages/airflow/example_dags/example_short_circuit_decorator.py for tasks to queue
[2025-04-06T21:33:59.485+0000] {logging_mixin.py:190} INFO - [2025-04-06T21:33:59.484+0000] {dagbag.py:588} INFO - Filling up the DagBag from /home/airflow/.local/lib/python3.12/site-packages/airflow/example_dags/example_short_circuit_decorator.py
[2025-04-06T21:33:59.502+0000] {processor.py:925} INFO - DAG(s) 'example_short_circuit_decorator' retrieved from /home/airflow/.local/lib/python3.12/site-packages/airflow/example_dags/example_short_circuit_decorator.py
[2025-04-06T21:33:59.527+0000] {logging_mixin.py:190} INFO - [2025-04-06T21:33:59.527+0000] {dag.py:3239} INFO - Sync 1 DAGs
[2025-04-06T21:33:59.550+0000] {logging_mixin.py:190} INFO - [2025-04-06T21:33:59.550+0000] {dag.py:4180} INFO - Setting next_dagrun for example_short_circuit_decorator to None, run_after=None
[2025-04-06T21:33:59.569+0000] {processor.py:208} INFO - Processing /home/airflow/.local/lib/python3.12/site-packages/airflow/example_dags/example_short_circuit_decorator.py took 0.096 seconds
[2025-04-06T21:34:31.185+0000] {processor.py:186} INFO - Started process (PID=391) to work on /home/airflow/.local/lib/python3.12/site-packages/airflow/example_dags/example_short_circuit_decorator.py
[2025-04-06T21:34:31.189+0000] {processor.py:914} INFO - Processing file /home/airflow/.local/lib/python3.12/site-packages/airflow/example_dags/example_short_circuit_decorator.py for tasks to queue
[2025-04-06T21:34:31.201+0000] {logging_mixin.py:190} INFO - [2025-04-06T21:34:31.200+0000] {dagbag.py:588} INFO - Filling up the DagBag from /home/airflow/.local/lib/python3.12/site-packages/airflow/example_dags/example_short_circuit_decorator.py
[2025-04-06T21:34:31.294+0000] {processor.py:925} INFO - DAG(s) 'example_short_circuit_decorator' retrieved from /home/airflow/.local/lib/python3.12/site-packages/airflow/example_dags/example_short_circuit_decorator.py
[2025-04-06T21:34:31.476+0000] {logging_mixin.py:190} INFO - [2025-04-06T21:34:31.476+0000] {dag.py:3239} INFO - Sync 1 DAGs
[2025-04-06T21:34:31.608+0000] {logging_mixin.py:190} INFO - [2025-04-06T21:34:31.608+0000] {dag.py:4180} INFO - Setting next_dagrun for example_short_circuit_decorator to None, run_after=None
[2025-04-06T21:34:31.751+0000] {processor.py:208} INFO - Processing /home/airflow/.local/lib/python3.12/site-packages/airflow/example_dags/example_short_circuit_decorator.py took 0.582 seconds
[2025-04-06T21:35:02.108+0000] {processor.py:186} INFO - Started process (PID=455) to work on /home/airflow/.local/lib/python3.12/site-packages/airflow/example_dags/example_short_circuit_decorator.py
[2025-04-06T21:35:02.114+0000] {processor.py:914} INFO - Processing file /home/airflow/.local/lib/python3.12/site-packages/airflow/example_dags/example_short_circuit_decorator.py for tasks to queue
[2025-04-06T21:35:02.117+0000] {logging_mixin.py:190} INFO - [2025-04-06T21:35:02.116+0000] {dagbag.py:588} INFO - Filling up the DagBag from /home/airflow/.local/lib/python3.12/site-packages/airflow/example_dags/example_short_circuit_decorator.py
[2025-04-06T21:35:02.143+0000] {processor.py:925} INFO - DAG(s) 'example_short_circuit_decorator' retrieved from /home/airflow/.local/lib/python3.12/site-packages/airflow/example_dags/example_short_circuit_decorator.py
[2025-04-06T21:35:02.178+0000] {logging_mixin.py:190} INFO - [2025-04-06T21:35:02.178+0000] {dag.py:3239} INFO - Sync 1 DAGs
[2025-04-06T21:35:02.198+0000] {logging_mixin.py:190} INFO - [2025-04-06T21:35:02.197+0000] {dag.py:4180} INFO - Setting next_dagrun for example_short_circuit_decorator to None, run_after=None
[2025-04-06T21:35:02.218+0000] {processor.py:208} INFO - Processing /home/airflow/.local/lib/python3.12/site-packages/airflow/example_dags/example_short_circuit_decorator.py took 0.123 seconds
[2025-04-06T21:35:32.893+0000] {processor.py:186} INFO - Started process (PID=518) to work on /home/airflow/.local/lib/python3.12/site-packages/airflow/example_dags/example_short_circuit_decorator.py
[2025-04-06T21:35:32.894+0000] {processor.py:914} INFO - Processing file /home/airflow/.local/lib/python3.12/site-packages/airflow/example_dags/example_short_circuit_decorator.py for tasks to queue
[2025-04-06T21:35:32.896+0000] {logging_mixin.py:190} INFO - [2025-04-06T21:35:32.896+0000] {dagbag.py:588} INFO - Filling up the DagBag from /home/airflow/.local/lib/python3.12/site-packages/airflow/example_dags/example_short_circuit_decorator.py
[2025-04-06T21:35:32.908+0000] {processor.py:925} INFO - DAG(s) 'example_short_circuit_decorator' retrieved from /home/airflow/.local/lib/python3.12/site-packages/airflow/example_dags/example_short_circuit_decorator.py
[2025-04-06T21:35:32.927+0000] {logging_mixin.py:190} INFO - [2025-04-06T21:35:32.926+0000] {dag.py:3239} INFO - Sync 1 DAGs
[2025-04-06T21:35:32.938+0000] {logging_mixin.py:190} INFO - [2025-04-06T21:35:32.938+0000] {dag.py:4180} INFO - Setting next_dagrun for example_short_circuit_decorator to None, run_after=None
[2025-04-06T21:35:32.952+0000] {processor.py:208} INFO - Processing /home/airflow/.local/lib/python3.12/site-packages/airflow/example_dags/example_short_circuit_decorator.py took 0.066 seconds
[2025-04-06T21:36:03.626+0000] {processor.py:186} INFO - Started process (PID=582) to work on /home/airflow/.local/lib/python3.12/site-packages/airflow/example_dags/example_short_circuit_decorator.py
[2025-04-06T21:36:03.627+0000] {processor.py:914} INFO - Processing file /home/airflow/.local/lib/python3.12/site-packages/airflow/example_dags/example_short_circuit_decorator.py for tasks to queue
[2025-04-06T21:36:03.629+0000] {logging_mixin.py:190} INFO - [2025-04-06T21:36:03.629+0000] {dagbag.py:588} INFO - Filling up the DagBag from /home/airflow/.local/lib/python3.12/site-packages/airflow/example_dags/example_short_circuit_decorator.py
[2025-04-06T21:36:03.641+0000] {processor.py:925} INFO - DAG(s) 'example_short_circuit_decorator' retrieved from /home/airflow/.local/lib/python3.12/site-packages/airflow/example_dags/example_short_circuit_decorator.py
[2025-04-06T21:36:03.660+0000] {logging_mixin.py:190} INFO - [2025-04-06T21:36:03.660+0000] {dag.py:3239} INFO - Sync 1 DAGs
[2025-04-06T21:36:03.672+0000] {logging_mixin.py:190} INFO - [2025-04-06T21:36:03.672+0000] {dag.py:4180} INFO - Setting next_dagrun for example_short_circuit_decorator to None, run_after=None
[2025-04-06T21:36:03.688+0000] {processor.py:208} INFO - Processing /home/airflow/.local/lib/python3.12/site-packages/airflow/example_dags/example_short_circuit_decorator.py took 0.069 seconds
[2025-04-06T21:36:33.935+0000] {processor.py:186} INFO - Started process (PID=646) to work on /home/airflow/.local/lib/python3.12/site-packages/airflow/example_dags/example_short_circuit_decorator.py
[2025-04-06T21:36:33.936+0000] {processor.py:914} INFO - Processing file /home/airflow/.local/lib/python3.12/site-packages/airflow/example_dags/example_short_circuit_decorator.py for tasks to queue
[2025-04-06T21:36:33.938+0000] {logging_mixin.py:190} INFO - [2025-04-06T21:36:33.938+0000] {dagbag.py:588} INFO - Filling up the DagBag from /home/airflow/.local/lib/python3.12/site-packages/airflow/example_dags/example_short_circuit_decorator.py
[2025-04-06T21:36:33.951+0000] {processor.py:925} INFO - DAG(s) 'example_short_circuit_decorator' retrieved from /home/airflow/.local/lib/python3.12/site-packages/airflow/example_dags/example_short_circuit_decorator.py
[2025-04-06T21:36:33.981+0000] {logging_mixin.py:190} INFO - [2025-04-06T21:36:33.980+0000] {dag.py:3239} INFO - Sync 1 DAGs
[2025-04-06T21:36:33.996+0000] {logging_mixin.py:190} INFO - [2025-04-06T21:36:33.996+0000] {dag.py:4180} INFO - Setting next_dagrun for example_short_circuit_decorator to None, run_after=None
[2025-04-06T21:36:34.010+0000] {processor.py:208} INFO - Processing /home/airflow/.local/lib/python3.12/site-packages/airflow/example_dags/example_short_circuit_decorator.py took 0.082 seconds
[2025-04-06T21:37:04.413+0000] {processor.py:186} INFO - Started process (PID=709) to work on /home/airflow/.local/lib/python3.12/site-packages/airflow/example_dags/example_short_circuit_decorator.py
[2025-04-06T21:37:04.413+0000] {processor.py:914} INFO - Processing file /home/airflow/.local/lib/python3.12/site-packages/airflow/example_dags/example_short_circuit_decorator.py for tasks to queue
[2025-04-06T21:37:04.416+0000] {logging_mixin.py:190} INFO - [2025-04-06T21:37:04.415+0000] {dagbag.py:588} INFO - Filling up the DagBag from /home/airflow/.local/lib/python3.12/site-packages/airflow/example_dags/example_short_circuit_decorator.py
[2025-04-06T21:37:04.428+0000] {processor.py:925} INFO - DAG(s) 'example_short_circuit_decorator' retrieved from /home/airflow/.local/lib/python3.12/site-packages/airflow/example_dags/example_short_circuit_decorator.py
[2025-04-06T21:37:04.456+0000] {logging_mixin.py:190} INFO - [2025-04-06T21:37:04.455+0000] {dag.py:3239} INFO - Sync 1 DAGs
[2025-04-06T21:37:04.475+0000] {logging_mixin.py:190} INFO - [2025-04-06T21:37:04.475+0000] {dag.py:4180} INFO - Setting next_dagrun for example_short_circuit_decorator to None, run_after=None
[2025-04-06T21:37:04.493+0000] {processor.py:208} INFO - Processing /home/airflow/.local/lib/python3.12/site-packages/airflow/example_dags/example_short_circuit_decorator.py took 0.087 seconds
[2025-04-06T21:37:34.593+0000] {processor.py:186} INFO - Started process (PID=772) to work on /home/airflow/.local/lib/python3.12/site-packages/airflow/example_dags/example_short_circuit_decorator.py
[2025-04-06T21:37:34.594+0000] {processor.py:914} INFO - Processing file /home/airflow/.local/lib/python3.12/site-packages/airflow/example_dags/example_short_circuit_decorator.py for tasks to queue
[2025-04-06T21:37:34.595+0000] {logging_mixin.py:190} INFO - [2025-04-06T21:37:34.595+0000] {dagbag.py:588} INFO - Filling up the DagBag from /home/airflow/.local/lib/python3.12/site-packages/airflow/example_dags/example_short_circuit_decorator.py
[2025-04-06T21:37:34.604+0000] {processor.py:925} INFO - DAG(s) 'example_short_circuit_decorator' retrieved from /home/airflow/.local/lib/python3.12/site-packages/airflow/example_dags/example_short_circuit_decorator.py
[2025-04-06T21:37:34.624+0000] {logging_mixin.py:190} INFO - [2025-04-06T21:37:34.624+0000] {dag.py:3239} INFO - Sync 1 DAGs
[2025-04-06T21:37:34.637+0000] {logging_mixin.py:190} INFO - [2025-04-06T21:37:34.637+0000] {dag.py:4180} INFO - Setting next_dagrun for example_short_circuit_decorator to None, run_after=None
[2025-04-06T21:37:34.652+0000] {processor.py:208} INFO - Processing /home/airflow/.local/lib/python3.12/site-packages/airflow/example_dags/example_short_circuit_decorator.py took 0.063 seconds
[2025-04-06T21:38:05.086+0000] {processor.py:186} INFO - Started process (PID=836) to work on /home/airflow/.local/lib/python3.12/site-packages/airflow/example_dags/example_short_circuit_decorator.py
[2025-04-06T21:38:05.088+0000] {processor.py:914} INFO - Processing file /home/airflow/.local/lib/python3.12/site-packages/airflow/example_dags/example_short_circuit_decorator.py for tasks to queue
[2025-04-06T21:38:05.091+0000] {logging_mixin.py:190} INFO - [2025-04-06T21:38:05.091+0000] {dagbag.py:588} INFO - Filling up the DagBag from /home/airflow/.local/lib/python3.12/site-packages/airflow/example_dags/example_short_circuit_decorator.py
[2025-04-06T21:38:05.116+0000] {processor.py:925} INFO - DAG(s) 'example_short_circuit_decorator' retrieved from /home/airflow/.local/lib/python3.12/site-packages/airflow/example_dags/example_short_circuit_decorator.py
[2025-04-06T21:38:05.166+0000] {logging_mixin.py:190} INFO - [2025-04-06T21:38:05.165+0000] {dag.py:3239} INFO - Sync 1 DAGs
[2025-04-06T21:38:05.184+0000] {logging_mixin.py:190} INFO - [2025-04-06T21:38:05.184+0000] {dag.py:4180} INFO - Setting next_dagrun for example_short_circuit_decorator to None, run_after=None
[2025-04-06T21:38:05.198+0000] {processor.py:208} INFO - Processing /home/airflow/.local/lib/python3.12/site-packages/airflow/example_dags/example_short_circuit_decorator.py took 0.122 seconds
[2025-04-06T21:38:35.988+0000] {processor.py:186} INFO - Started process (PID=900) to work on /home/airflow/.local/lib/python3.12/site-packages/airflow/example_dags/example_short_circuit_decorator.py
[2025-04-06T21:38:35.989+0000] {processor.py:914} INFO - Processing file /home/airflow/.local/lib/python3.12/site-packages/airflow/example_dags/example_short_circuit_decorator.py for tasks to queue
[2025-04-06T21:38:35.992+0000] {logging_mixin.py:190} INFO - [2025-04-06T21:38:35.991+0000] {dagbag.py:588} INFO - Filling up the DagBag from /home/airflow/.local/lib/python3.12/site-packages/airflow/example_dags/example_short_circuit_decorator.py
[2025-04-06T21:38:36.002+0000] {processor.py:925} INFO - DAG(s) 'example_short_circuit_decorator' retrieved from /home/airflow/.local/lib/python3.12/site-packages/airflow/example_dags/example_short_circuit_decorator.py
[2025-04-06T21:38:36.021+0000] {logging_mixin.py:190} INFO - [2025-04-06T21:38:36.021+0000] {dag.py:3239} INFO - Sync 1 DAGs
[2025-04-06T21:38:36.033+0000] {logging_mixin.py:190} INFO - [2025-04-06T21:38:36.033+0000] {dag.py:4180} INFO - Setting next_dagrun for example_short_circuit_decorator to None, run_after=None
[2025-04-06T21:38:36.046+0000] {processor.py:208} INFO - Processing /home/airflow/.local/lib/python3.12/site-packages/airflow/example_dags/example_short_circuit_decorator.py took 0.065 seconds
[2025-04-06T21:39:07.076+0000] {processor.py:186} INFO - Started process (PID=964) to work on /home/airflow/.local/lib/python3.12/site-packages/airflow/example_dags/example_short_circuit_decorator.py
[2025-04-06T21:39:07.078+0000] {processor.py:914} INFO - Processing file /home/airflow/.local/lib/python3.12/site-packages/airflow/example_dags/example_short_circuit_decorator.py for tasks to queue
[2025-04-06T21:39:07.085+0000] {logging_mixin.py:190} INFO - [2025-04-06T21:39:07.084+0000] {dagbag.py:588} INFO - Filling up the DagBag from /home/airflow/.local/lib/python3.12/site-packages/airflow/example_dags/example_short_circuit_decorator.py
[2025-04-06T21:39:07.114+0000] {processor.py:925} INFO - DAG(s) 'example_short_circuit_decorator' retrieved from /home/airflow/.local/lib/python3.12/site-packages/airflow/example_dags/example_short_circuit_decorator.py
[2025-04-06T21:39:07.149+0000] {logging_mixin.py:190} INFO - [2025-04-06T21:39:07.148+0000] {dag.py:3239} INFO - Sync 1 DAGs
[2025-04-06T21:39:07.170+0000] {logging_mixin.py:190} INFO - [2025-04-06T21:39:07.169+0000] {dag.py:4180} INFO - Setting next_dagrun for example_short_circuit_decorator to None, run_after=None
[2025-04-06T21:39:07.191+0000] {processor.py:208} INFO - Processing /home/airflow/.local/lib/python3.12/site-packages/airflow/example_dags/example_short_circuit_decorator.py took 0.131 seconds
[2025-04-06T21:39:37.795+0000] {processor.py:186} INFO - Started process (PID=1028) to work on /home/airflow/.local/lib/python3.12/site-packages/airflow/example_dags/example_short_circuit_decorator.py
[2025-04-06T21:39:37.796+0000] {processor.py:914} INFO - Processing file /home/airflow/.local/lib/python3.12/site-packages/airflow/example_dags/example_short_circuit_decorator.py for tasks to queue
[2025-04-06T21:39:37.800+0000] {logging_mixin.py:190} INFO - [2025-04-06T21:39:37.799+0000] {dagbag.py:588} INFO - Filling up the DagBag from /home/airflow/.local/lib/python3.12/site-packages/airflow/example_dags/example_short_circuit_decorator.py
[2025-04-06T21:39:37.831+0000] {processor.py:925} INFO - DAG(s) 'example_short_circuit_decorator' retrieved from /home/airflow/.local/lib/python3.12/site-packages/airflow/example_dags/example_short_circuit_decorator.py
[2025-04-06T21:39:37.869+0000] {logging_mixin.py:190} INFO - [2025-04-06T21:39:37.868+0000] {dag.py:3239} INFO - Sync 1 DAGs
[2025-04-06T21:39:37.889+0000] {logging_mixin.py:190} INFO - [2025-04-06T21:39:37.888+0000] {dag.py:4180} INFO - Setting next_dagrun for example_short_circuit_decorator to None, run_after=None
[2025-04-06T21:39:37.922+0000] {processor.py:208} INFO - Processing /home/airflow/.local/lib/python3.12/site-packages/airflow/example_dags/example_short_circuit_decorator.py took 0.135 seconds
[2025-04-06T21:40:08.922+0000] {processor.py:186} INFO - Started process (PID=1092) to work on /home/airflow/.local/lib/python3.12/site-packages/airflow/example_dags/example_short_circuit_decorator.py
[2025-04-06T21:40:08.925+0000] {processor.py:914} INFO - Processing file /home/airflow/.local/lib/python3.12/site-packages/airflow/example_dags/example_short_circuit_decorator.py for tasks to queue
[2025-04-06T21:40:08.928+0000] {logging_mixin.py:190} INFO - [2025-04-06T21:40:08.927+0000] {dagbag.py:588} INFO - Filling up the DagBag from /home/airflow/.local/lib/python3.12/site-packages/airflow/example_dags/example_short_circuit_decorator.py
[2025-04-06T21:40:08.940+0000] {processor.py:925} INFO - DAG(s) 'example_short_circuit_decorator' retrieved from /home/airflow/.local/lib/python3.12/site-packages/airflow/example_dags/example_short_circuit_decorator.py
[2025-04-06T21:40:09.052+0000] {logging_mixin.py:190} INFO - [2025-04-06T21:40:09.050+0000] {dag.py:3239} INFO - Sync 1 DAGs
[2025-04-06T21:40:09.113+0000] {logging_mixin.py:190} INFO - [2025-04-06T21:40:09.112+0000] {dag.py:4180} INFO - Setting next_dagrun for example_short_circuit_decorator to None, run_after=None
[2025-04-06T21:40:09.176+0000] {processor.py:208} INFO - Processing /home/airflow/.local/lib/python3.12/site-packages/airflow/example_dags/example_short_circuit_decorator.py took 0.268 seconds
[2025-04-06T21:40:39.511+0000] {processor.py:186} INFO - Started process (PID=1156) to work on /home/airflow/.local/lib/python3.12/site-packages/airflow/example_dags/example_short_circuit_decorator.py
[2025-04-06T21:40:39.512+0000] {processor.py:914} INFO - Processing file /home/airflow/.local/lib/python3.12/site-packages/airflow/example_dags/example_short_circuit_decorator.py for tasks to queue
[2025-04-06T21:40:39.514+0000] {logging_mixin.py:190} INFO - [2025-04-06T21:40:39.513+0000] {dagbag.py:588} INFO - Filling up the DagBag from /home/airflow/.local/lib/python3.12/site-packages/airflow/example_dags/example_short_circuit_decorator.py
[2025-04-06T21:40:39.524+0000] {processor.py:925} INFO - DAG(s) 'example_short_circuit_decorator' retrieved from /home/airflow/.local/lib/python3.12/site-packages/airflow/example_dags/example_short_circuit_decorator.py
[2025-04-06T21:40:39.544+0000] {logging_mixin.py:190} INFO - [2025-04-06T21:40:39.543+0000] {dag.py:3239} INFO - Sync 1 DAGs
[2025-04-06T21:40:39.555+0000] {logging_mixin.py:190} INFO - [2025-04-06T21:40:39.555+0000] {dag.py:4180} INFO - Setting next_dagrun for example_short_circuit_decorator to None, run_after=None
[2025-04-06T21:40:39.569+0000] {processor.py:208} INFO - Processing /home/airflow/.local/lib/python3.12/site-packages/airflow/example_dags/example_short_circuit_decorator.py took 0.063 seconds
[2025-04-06T21:41:09.962+0000] {processor.py:186} INFO - Started process (PID=1220) to work on /home/airflow/.local/lib/python3.12/site-packages/airflow/example_dags/example_short_circuit_decorator.py
[2025-04-06T21:41:09.963+0000] {processor.py:914} INFO - Processing file /home/airflow/.local/lib/python3.12/site-packages/airflow/example_dags/example_short_circuit_decorator.py for tasks to queue
[2025-04-06T21:41:09.966+0000] {logging_mixin.py:190} INFO - [2025-04-06T21:41:09.965+0000] {dagbag.py:588} INFO - Filling up the DagBag from /home/airflow/.local/lib/python3.12/site-packages/airflow/example_dags/example_short_circuit_decorator.py
[2025-04-06T21:41:09.974+0000] {processor.py:925} INFO - DAG(s) 'example_short_circuit_decorator' retrieved from /home/airflow/.local/lib/python3.12/site-packages/airflow/example_dags/example_short_circuit_decorator.py
[2025-04-06T21:41:09.993+0000] {logging_mixin.py:190} INFO - [2025-04-06T21:41:09.993+0000] {dag.py:3239} INFO - Sync 1 DAGs
[2025-04-06T21:41:10.005+0000] {logging_mixin.py:190} INFO - [2025-04-06T21:41:10.005+0000] {dag.py:4180} INFO - Setting next_dagrun for example_short_circuit_decorator to None, run_after=None
[2025-04-06T21:41:10.019+0000] {processor.py:208} INFO - Processing /home/airflow/.local/lib/python3.12/site-packages/airflow/example_dags/example_short_circuit_decorator.py took 0.062 seconds
[2025-04-06T21:41:40.944+0000] {processor.py:186} INFO - Started process (PID=1285) to work on /home/airflow/.local/lib/python3.12/site-packages/airflow/example_dags/example_short_circuit_decorator.py
[2025-04-06T21:41:40.945+0000] {processor.py:914} INFO - Processing file /home/airflow/.local/lib/python3.12/site-packages/airflow/example_dags/example_short_circuit_decorator.py for tasks to queue
[2025-04-06T21:41:40.947+0000] {logging_mixin.py:190} INFO - [2025-04-06T21:41:40.947+0000] {dagbag.py:588} INFO - Filling up the DagBag from /home/airflow/.local/lib/python3.12/site-packages/airflow/example_dags/example_short_circuit_decorator.py
[2025-04-06T21:41:40.961+0000] {processor.py:925} INFO - DAG(s) 'example_short_circuit_decorator' retrieved from /home/airflow/.local/lib/python3.12/site-packages/airflow/example_dags/example_short_circuit_decorator.py
[2025-04-06T21:41:40.982+0000] {logging_mixin.py:190} INFO - [2025-04-06T21:41:40.982+0000] {dag.py:3239} INFO - Sync 1 DAGs
[2025-04-06T21:41:40.994+0000] {logging_mixin.py:190} INFO - [2025-04-06T21:41:40.994+0000] {dag.py:4180} INFO - Setting next_dagrun for example_short_circuit_decorator to None, run_after=None
[2025-04-06T21:41:41.008+0000] {processor.py:208} INFO - Processing /home/airflow/.local/lib/python3.12/site-packages/airflow/example_dags/example_short_circuit_decorator.py took 0.068 seconds
[2025-04-06T21:42:11.690+0000] {processor.py:186} INFO - Started process (PID=1349) to work on /home/airflow/.local/lib/python3.12/site-packages/airflow/example_dags/example_short_circuit_decorator.py
[2025-04-06T21:42:11.691+0000] {processor.py:914} INFO - Processing file /home/airflow/.local/lib/python3.12/site-packages/airflow/example_dags/example_short_circuit_decorator.py for tasks to queue
[2025-04-06T21:42:11.693+0000] {logging_mixin.py:190} INFO - [2025-04-06T21:42:11.692+0000] {dagbag.py:588} INFO - Filling up the DagBag from /home/airflow/.local/lib/python3.12/site-packages/airflow/example_dags/example_short_circuit_decorator.py
[2025-04-06T21:42:11.701+0000] {processor.py:925} INFO - DAG(s) 'example_short_circuit_decorator' retrieved from /home/airflow/.local/lib/python3.12/site-packages/airflow/example_dags/example_short_circuit_decorator.py
[2025-04-06T21:42:11.721+0000] {logging_mixin.py:190} INFO - [2025-04-06T21:42:11.720+0000] {dag.py:3239} INFO - Sync 1 DAGs
[2025-04-06T21:42:11.735+0000] {logging_mixin.py:190} INFO - [2025-04-06T21:42:11.734+0000] {dag.py:4180} INFO - Setting next_dagrun for example_short_circuit_decorator to None, run_after=None
[2025-04-06T21:42:11.748+0000] {processor.py:208} INFO - Processing /home/airflow/.local/lib/python3.12/site-packages/airflow/example_dags/example_short_circuit_decorator.py took 0.063 seconds
[2025-04-06T21:42:42.328+0000] {processor.py:186} INFO - Started process (PID=1412) to work on /home/airflow/.local/lib/python3.12/site-packages/airflow/example_dags/example_short_circuit_decorator.py
[2025-04-06T21:42:42.328+0000] {processor.py:914} INFO - Processing file /home/airflow/.local/lib/python3.12/site-packages/airflow/example_dags/example_short_circuit_decorator.py for tasks to queue
[2025-04-06T21:42:42.330+0000] {logging_mixin.py:190} INFO - [2025-04-06T21:42:42.330+0000] {dagbag.py:588} INFO - Filling up the DagBag from /home/airflow/.local/lib/python3.12/site-packages/airflow/example_dags/example_short_circuit_decorator.py
[2025-04-06T21:42:42.341+0000] {processor.py:925} INFO - DAG(s) 'example_short_circuit_decorator' retrieved from /home/airflow/.local/lib/python3.12/site-packages/airflow/example_dags/example_short_circuit_decorator.py
[2025-04-06T21:42:42.360+0000] {logging_mixin.py:190} INFO - [2025-04-06T21:42:42.360+0000] {dag.py:3239} INFO - Sync 1 DAGs
[2025-04-06T21:42:42.372+0000] {logging_mixin.py:190} INFO - [2025-04-06T21:42:42.372+0000] {dag.py:4180} INFO - Setting next_dagrun for example_short_circuit_decorator to None, run_after=None
[2025-04-06T21:42:42.386+0000] {processor.py:208} INFO - Processing /home/airflow/.local/lib/python3.12/site-packages/airflow/example_dags/example_short_circuit_decorator.py took 0.063 seconds
[2025-04-06T21:43:12.421+0000] {processor.py:186} INFO - Started process (PID=1476) to work on /home/airflow/.local/lib/python3.12/site-packages/airflow/example_dags/example_short_circuit_decorator.py
[2025-04-06T21:43:12.422+0000] {processor.py:914} INFO - Processing file /home/airflow/.local/lib/python3.12/site-packages/airflow/example_dags/example_short_circuit_decorator.py for tasks to queue
[2025-04-06T21:43:12.424+0000] {logging_mixin.py:190} INFO - [2025-04-06T21:43:12.424+0000] {dagbag.py:588} INFO - Filling up the DagBag from /home/airflow/.local/lib/python3.12/site-packages/airflow/example_dags/example_short_circuit_decorator.py
[2025-04-06T21:43:12.438+0000] {processor.py:925} INFO - DAG(s) 'example_short_circuit_decorator' retrieved from /home/airflow/.local/lib/python3.12/site-packages/airflow/example_dags/example_short_circuit_decorator.py
[2025-04-06T21:43:12.468+0000] {logging_mixin.py:190} INFO - [2025-04-06T21:43:12.468+0000] {dag.py:3239} INFO - Sync 1 DAGs
[2025-04-06T21:43:12.493+0000] {logging_mixin.py:190} INFO - [2025-04-06T21:43:12.493+0000] {dag.py:4180} INFO - Setting next_dagrun for example_short_circuit_decorator to None, run_after=None
[2025-04-06T21:43:12.516+0000] {processor.py:208} INFO - Processing /home/airflow/.local/lib/python3.12/site-packages/airflow/example_dags/example_short_circuit_decorator.py took 0.102 seconds
[2025-04-06T21:43:42.566+0000] {processor.py:186} INFO - Started process (PID=1540) to work on /home/airflow/.local/lib/python3.12/site-packages/airflow/example_dags/example_short_circuit_decorator.py
[2025-04-06T21:43:42.566+0000] {processor.py:914} INFO - Processing file /home/airflow/.local/lib/python3.12/site-packages/airflow/example_dags/example_short_circuit_decorator.py for tasks to queue
[2025-04-06T21:43:42.568+0000] {logging_mixin.py:190} INFO - [2025-04-06T21:43:42.568+0000] {dagbag.py:588} INFO - Filling up the DagBag from /home/airflow/.local/lib/python3.12/site-packages/airflow/example_dags/example_short_circuit_decorator.py
[2025-04-06T21:43:42.576+0000] {processor.py:925} INFO - DAG(s) 'example_short_circuit_decorator' retrieved from /home/airflow/.local/lib/python3.12/site-packages/airflow/example_dags/example_short_circuit_decorator.py
[2025-04-06T21:43:42.596+0000] {logging_mixin.py:190} INFO - [2025-04-06T21:43:42.595+0000] {dag.py:3239} INFO - Sync 1 DAGs
[2025-04-06T21:43:42.608+0000] {logging_mixin.py:190} INFO - [2025-04-06T21:43:42.607+0000] {dag.py:4180} INFO - Setting next_dagrun for example_short_circuit_decorator to None, run_after=None
[2025-04-06T21:43:42.621+0000] {processor.py:208} INFO - Processing /home/airflow/.local/lib/python3.12/site-packages/airflow/example_dags/example_short_circuit_decorator.py took 0.060 seconds
[2025-04-06T21:44:13.356+0000] {processor.py:186} INFO - Started process (PID=1607) to work on /home/airflow/.local/lib/python3.12/site-packages/airflow/example_dags/example_short_circuit_decorator.py
[2025-04-06T21:44:13.357+0000] {processor.py:914} INFO - Processing file /home/airflow/.local/lib/python3.12/site-packages/airflow/example_dags/example_short_circuit_decorator.py for tasks to queue
[2025-04-06T21:44:13.360+0000] {logging_mixin.py:190} INFO - [2025-04-06T21:44:13.359+0000] {dagbag.py:588} INFO - Filling up the DagBag from /home/airflow/.local/lib/python3.12/site-packages/airflow/example_dags/example_short_circuit_decorator.py
[2025-04-06T21:44:13.372+0000] {processor.py:925} INFO - DAG(s) 'example_short_circuit_decorator' retrieved from /home/airflow/.local/lib/python3.12/site-packages/airflow/example_dags/example_short_circuit_decorator.py
[2025-04-06T21:44:13.401+0000] {logging_mixin.py:190} INFO - [2025-04-06T21:44:13.401+0000] {dag.py:3239} INFO - Sync 1 DAGs
[2025-04-06T21:44:13.420+0000] {logging_mixin.py:190} INFO - [2025-04-06T21:44:13.420+0000] {dag.py:4180} INFO - Setting next_dagrun for example_short_circuit_decorator to None, run_after=None
[2025-04-06T21:44:13.444+0000] {processor.py:208} INFO - Processing /home/airflow/.local/lib/python3.12/site-packages/airflow/example_dags/example_short_circuit_decorator.py took 0.094 seconds
[2025-04-06T21:44:44.079+0000] {processor.py:186} INFO - Started process (PID=1671) to work on /home/airflow/.local/lib/python3.12/site-packages/airflow/example_dags/example_short_circuit_decorator.py
[2025-04-06T21:44:44.080+0000] {processor.py:914} INFO - Processing file /home/airflow/.local/lib/python3.12/site-packages/airflow/example_dags/example_short_circuit_decorator.py for tasks to queue
[2025-04-06T21:44:44.082+0000] {logging_mixin.py:190} INFO - [2025-04-06T21:44:44.082+0000] {dagbag.py:588} INFO - Filling up the DagBag from /home/airflow/.local/lib/python3.12/site-packages/airflow/example_dags/example_short_circuit_decorator.py
[2025-04-06T21:44:44.094+0000] {processor.py:925} INFO - DAG(s) 'example_short_circuit_decorator' retrieved from /home/airflow/.local/lib/python3.12/site-packages/airflow/example_dags/example_short_circuit_decorator.py
[2025-04-06T21:44:44.135+0000] {logging_mixin.py:190} INFO - [2025-04-06T21:44:44.133+0000] {dag.py:3239} INFO - Sync 1 DAGs
[2025-04-06T21:44:44.170+0000] {logging_mixin.py:190} INFO - [2025-04-06T21:44:44.169+0000] {dag.py:4180} INFO - Setting next_dagrun for example_short_circuit_decorator to None, run_after=None
[2025-04-06T21:44:44.190+0000] {processor.py:208} INFO - Processing /home/airflow/.local/lib/python3.12/site-packages/airflow/example_dags/example_short_circuit_decorator.py took 0.117 seconds
[2025-04-06T21:45:14.793+0000] {processor.py:186} INFO - Started process (PID=1735) to work on /home/airflow/.local/lib/python3.12/site-packages/airflow/example_dags/example_short_circuit_decorator.py
[2025-04-06T21:45:14.796+0000] {processor.py:914} INFO - Processing file /home/airflow/.local/lib/python3.12/site-packages/airflow/example_dags/example_short_circuit_decorator.py for tasks to queue
[2025-04-06T21:45:14.799+0000] {logging_mixin.py:190} INFO - [2025-04-06T21:45:14.798+0000] {dagbag.py:588} INFO - Filling up the DagBag from /home/airflow/.local/lib/python3.12/site-packages/airflow/example_dags/example_short_circuit_decorator.py
[2025-04-06T21:45:14.817+0000] {processor.py:925} INFO - DAG(s) 'example_short_circuit_decorator' retrieved from /home/airflow/.local/lib/python3.12/site-packages/airflow/example_dags/example_short_circuit_decorator.py
[2025-04-06T21:45:14.940+0000] {logging_mixin.py:190} INFO - [2025-04-06T21:45:14.937+0000] {dag.py:3239} INFO - Sync 1 DAGs
[2025-04-06T21:45:14.991+0000] {logging_mixin.py:190} INFO - [2025-04-06T21:45:14.989+0000] {dag.py:4180} INFO - Setting next_dagrun for example_short_circuit_decorator to None, run_after=None
[2025-04-06T21:45:15.042+0000] {processor.py:208} INFO - Processing /home/airflow/.local/lib/python3.12/site-packages/airflow/example_dags/example_short_circuit_decorator.py took 0.264 seconds
[2025-04-06T21:45:45.256+0000] {processor.py:186} INFO - Started process (PID=1799) to work on /home/airflow/.local/lib/python3.12/site-packages/airflow/example_dags/example_short_circuit_decorator.py
[2025-04-06T21:45:45.257+0000] {processor.py:914} INFO - Processing file /home/airflow/.local/lib/python3.12/site-packages/airflow/example_dags/example_short_circuit_decorator.py for tasks to queue
[2025-04-06T21:45:45.259+0000] {logging_mixin.py:190} INFO - [2025-04-06T21:45:45.259+0000] {dagbag.py:588} INFO - Filling up the DagBag from /home/airflow/.local/lib/python3.12/site-packages/airflow/example_dags/example_short_circuit_decorator.py
[2025-04-06T21:45:45.272+0000] {processor.py:925} INFO - DAG(s) 'example_short_circuit_decorator' retrieved from /home/airflow/.local/lib/python3.12/site-packages/airflow/example_dags/example_short_circuit_decorator.py
[2025-04-06T21:45:45.304+0000] {logging_mixin.py:190} INFO - [2025-04-06T21:45:45.304+0000] {dag.py:3239} INFO - Sync 1 DAGs
[2025-04-06T21:45:45.319+0000] {logging_mixin.py:190} INFO - [2025-04-06T21:45:45.319+0000] {dag.py:4180} INFO - Setting next_dagrun for example_short_circuit_decorator to None, run_after=None
[2025-04-06T21:45:45.333+0000] {processor.py:208} INFO - Processing /home/airflow/.local/lib/python3.12/site-packages/airflow/example_dags/example_short_circuit_decorator.py took 0.087 seconds
[2025-04-06T21:46:15.472+0000] {processor.py:186} INFO - Started process (PID=1863) to work on /home/airflow/.local/lib/python3.12/site-packages/airflow/example_dags/example_short_circuit_decorator.py
[2025-04-06T21:46:15.473+0000] {processor.py:914} INFO - Processing file /home/airflow/.local/lib/python3.12/site-packages/airflow/example_dags/example_short_circuit_decorator.py for tasks to queue
[2025-04-06T21:46:15.477+0000] {logging_mixin.py:190} INFO - [2025-04-06T21:46:15.476+0000] {dagbag.py:588} INFO - Filling up the DagBag from /home/airflow/.local/lib/python3.12/site-packages/airflow/example_dags/example_short_circuit_decorator.py
[2025-04-06T21:46:15.490+0000] {processor.py:925} INFO - DAG(s) 'example_short_circuit_decorator' retrieved from /home/airflow/.local/lib/python3.12/site-packages/airflow/example_dags/example_short_circuit_decorator.py
[2025-04-06T21:46:15.557+0000] {logging_mixin.py:190} INFO - [2025-04-06T21:46:15.556+0000] {dag.py:3239} INFO - Sync 1 DAGs
[2025-04-06T21:46:15.605+0000] {logging_mixin.py:190} INFO - [2025-04-06T21:46:15.605+0000] {dag.py:4180} INFO - Setting next_dagrun for example_short_circuit_decorator to None, run_after=None
[2025-04-06T21:46:15.656+0000] {processor.py:208} INFO - Processing /home/airflow/.local/lib/python3.12/site-packages/airflow/example_dags/example_short_circuit_decorator.py took 0.199 seconds
[2025-04-06T21:46:45.828+0000] {processor.py:186} INFO - Started process (PID=1926) to work on /home/airflow/.local/lib/python3.12/site-packages/airflow/example_dags/example_short_circuit_decorator.py
[2025-04-06T21:46:45.829+0000] {processor.py:914} INFO - Processing file /home/airflow/.local/lib/python3.12/site-packages/airflow/example_dags/example_short_circuit_decorator.py for tasks to queue
[2025-04-06T21:46:45.833+0000] {logging_mixin.py:190} INFO - [2025-04-06T21:46:45.833+0000] {dagbag.py:588} INFO - Filling up the DagBag from /home/airflow/.local/lib/python3.12/site-packages/airflow/example_dags/example_short_circuit_decorator.py
[2025-04-06T21:46:45.859+0000] {processor.py:925} INFO - DAG(s) 'example_short_circuit_decorator' retrieved from /home/airflow/.local/lib/python3.12/site-packages/airflow/example_dags/example_short_circuit_decorator.py
[2025-04-06T21:46:45.894+0000] {logging_mixin.py:190} INFO - [2025-04-06T21:46:45.893+0000] {dag.py:3239} INFO - Sync 1 DAGs
[2025-04-06T21:46:45.914+0000] {logging_mixin.py:190} INFO - [2025-04-06T21:46:45.913+0000] {dag.py:4180} INFO - Setting next_dagrun for example_short_circuit_decorator to None, run_after=None
[2025-04-06T21:46:45.935+0000] {processor.py:208} INFO - Processing /home/airflow/.local/lib/python3.12/site-packages/airflow/example_dags/example_short_circuit_decorator.py took 0.113 seconds
[2025-04-06T21:47:16.152+0000] {processor.py:186} INFO - Started process (PID=1990) to work on /home/airflow/.local/lib/python3.12/site-packages/airflow/example_dags/example_short_circuit_decorator.py
[2025-04-06T21:47:16.153+0000] {processor.py:914} INFO - Processing file /home/airflow/.local/lib/python3.12/site-packages/airflow/example_dags/example_short_circuit_decorator.py for tasks to queue
[2025-04-06T21:47:16.155+0000] {logging_mixin.py:190} INFO - [2025-04-06T21:47:16.155+0000] {dagbag.py:588} INFO - Filling up the DagBag from /home/airflow/.local/lib/python3.12/site-packages/airflow/example_dags/example_short_circuit_decorator.py
[2025-04-06T21:47:16.170+0000] {processor.py:925} INFO - DAG(s) 'example_short_circuit_decorator' retrieved from /home/airflow/.local/lib/python3.12/site-packages/airflow/example_dags/example_short_circuit_decorator.py
[2025-04-06T21:47:16.212+0000] {logging_mixin.py:190} INFO - [2025-04-06T21:47:16.211+0000] {dag.py:3239} INFO - Sync 1 DAGs
[2025-04-06T21:47:16.230+0000] {logging_mixin.py:190} INFO - [2025-04-06T21:47:16.230+0000] {dag.py:4180} INFO - Setting next_dagrun for example_short_circuit_decorator to None, run_after=None
[2025-04-06T21:47:16.250+0000] {processor.py:208} INFO - Processing /home/airflow/.local/lib/python3.12/site-packages/airflow/example_dags/example_short_circuit_decorator.py took 0.104 seconds
[2025-04-06T21:47:46.412+0000] {processor.py:186} INFO - Started process (PID=2054) to work on /home/airflow/.local/lib/python3.12/site-packages/airflow/example_dags/example_short_circuit_decorator.py
[2025-04-06T21:47:46.413+0000] {processor.py:914} INFO - Processing file /home/airflow/.local/lib/python3.12/site-packages/airflow/example_dags/example_short_circuit_decorator.py for tasks to queue
[2025-04-06T21:47:46.415+0000] {logging_mixin.py:190} INFO - [2025-04-06T21:47:46.415+0000] {dagbag.py:588} INFO - Filling up the DagBag from /home/airflow/.local/lib/python3.12/site-packages/airflow/example_dags/example_short_circuit_decorator.py
[2025-04-06T21:47:46.427+0000] {processor.py:925} INFO - DAG(s) 'example_short_circuit_decorator' retrieved from /home/airflow/.local/lib/python3.12/site-packages/airflow/example_dags/example_short_circuit_decorator.py
[2025-04-06T21:47:46.459+0000] {logging_mixin.py:190} INFO - [2025-04-06T21:47:46.458+0000] {dag.py:3239} INFO - Sync 1 DAGs
[2025-04-06T21:47:46.478+0000] {logging_mixin.py:190} INFO - [2025-04-06T21:47:46.478+0000] {dag.py:4180} INFO - Setting next_dagrun for example_short_circuit_decorator to None, run_after=None
[2025-04-06T21:47:46.499+0000] {processor.py:208} INFO - Processing /home/airflow/.local/lib/python3.12/site-packages/airflow/example_dags/example_short_circuit_decorator.py took 0.092 seconds
[2025-04-06T21:48:17.321+0000] {processor.py:186} INFO - Started process (PID=2118) to work on /home/airflow/.local/lib/python3.12/site-packages/airflow/example_dags/example_short_circuit_decorator.py
[2025-04-06T21:48:17.321+0000] {processor.py:914} INFO - Processing file /home/airflow/.local/lib/python3.12/site-packages/airflow/example_dags/example_short_circuit_decorator.py for tasks to queue
[2025-04-06T21:48:17.324+0000] {logging_mixin.py:190} INFO - [2025-04-06T21:48:17.324+0000] {dagbag.py:588} INFO - Filling up the DagBag from /home/airflow/.local/lib/python3.12/site-packages/airflow/example_dags/example_short_circuit_decorator.py
[2025-04-06T21:48:17.337+0000] {processor.py:925} INFO - DAG(s) 'example_short_circuit_decorator' retrieved from /home/airflow/.local/lib/python3.12/site-packages/airflow/example_dags/example_short_circuit_decorator.py
[2025-04-06T21:48:17.368+0000] {logging_mixin.py:190} INFO - [2025-04-06T21:48:17.367+0000] {dag.py:3239} INFO - Sync 1 DAGs
[2025-04-06T21:48:17.386+0000] {logging_mixin.py:190} INFO - [2025-04-06T21:48:17.386+0000] {dag.py:4180} INFO - Setting next_dagrun for example_short_circuit_decorator to None, run_after=None
[2025-04-06T21:48:17.405+0000] {processor.py:208} INFO - Processing /home/airflow/.local/lib/python3.12/site-packages/airflow/example_dags/example_short_circuit_decorator.py took 0.091 seconds
[2025-04-06T21:48:47.848+0000] {processor.py:186} INFO - Started process (PID=2182) to work on /home/airflow/.local/lib/python3.12/site-packages/airflow/example_dags/example_short_circuit_decorator.py
[2025-04-06T21:48:47.849+0000] {processor.py:914} INFO - Processing file /home/airflow/.local/lib/python3.12/site-packages/airflow/example_dags/example_short_circuit_decorator.py for tasks to queue
[2025-04-06T21:48:47.851+0000] {logging_mixin.py:190} INFO - [2025-04-06T21:48:47.851+0000] {dagbag.py:588} INFO - Filling up the DagBag from /home/airflow/.local/lib/python3.12/site-packages/airflow/example_dags/example_short_circuit_decorator.py
[2025-04-06T21:48:47.865+0000] {processor.py:925} INFO - DAG(s) 'example_short_circuit_decorator' retrieved from /home/airflow/.local/lib/python3.12/site-packages/airflow/example_dags/example_short_circuit_decorator.py
[2025-04-06T21:48:47.895+0000] {logging_mixin.py:190} INFO - [2025-04-06T21:48:47.894+0000] {dag.py:3239} INFO - Sync 1 DAGs
[2025-04-06T21:48:47.913+0000] {logging_mixin.py:190} INFO - [2025-04-06T21:48:47.913+0000] {dag.py:4180} INFO - Setting next_dagrun for example_short_circuit_decorator to None, run_after=None
[2025-04-06T21:48:47.932+0000] {processor.py:208} INFO - Processing /home/airflow/.local/lib/python3.12/site-packages/airflow/example_dags/example_short_circuit_decorator.py took 0.090 seconds
[2025-04-06T21:49:18.640+0000] {processor.py:186} INFO - Started process (PID=2245) to work on /home/airflow/.local/lib/python3.12/site-packages/airflow/example_dags/example_short_circuit_decorator.py
[2025-04-06T21:49:18.641+0000] {processor.py:914} INFO - Processing file /home/airflow/.local/lib/python3.12/site-packages/airflow/example_dags/example_short_circuit_decorator.py for tasks to queue
[2025-04-06T21:49:18.644+0000] {logging_mixin.py:190} INFO - [2025-04-06T21:49:18.643+0000] {dagbag.py:588} INFO - Filling up the DagBag from /home/airflow/.local/lib/python3.12/site-packages/airflow/example_dags/example_short_circuit_decorator.py
[2025-04-06T21:49:18.656+0000] {processor.py:925} INFO - DAG(s) 'example_short_circuit_decorator' retrieved from /home/airflow/.local/lib/python3.12/site-packages/airflow/example_dags/example_short_circuit_decorator.py
[2025-04-06T21:49:18.687+0000] {logging_mixin.py:190} INFO - [2025-04-06T21:49:18.686+0000] {dag.py:3239} INFO - Sync 1 DAGs
[2025-04-06T21:49:18.705+0000] {logging_mixin.py:190} INFO - [2025-04-06T21:49:18.705+0000] {dag.py:4180} INFO - Setting next_dagrun for example_short_circuit_decorator to None, run_after=None
[2025-04-06T21:49:18.724+0000] {processor.py:208} INFO - Processing /home/airflow/.local/lib/python3.12/site-packages/airflow/example_dags/example_short_circuit_decorator.py took 0.090 seconds
[2025-04-06T21:49:48.836+0000] {processor.py:186} INFO - Started process (PID=2309) to work on /home/airflow/.local/lib/python3.12/site-packages/airflow/example_dags/example_short_circuit_decorator.py
[2025-04-06T21:49:48.839+0000] {processor.py:914} INFO - Processing file /home/airflow/.local/lib/python3.12/site-packages/airflow/example_dags/example_short_circuit_decorator.py for tasks to queue
[2025-04-06T21:49:48.844+0000] {logging_mixin.py:190} INFO - [2025-04-06T21:49:48.843+0000] {dagbag.py:588} INFO - Filling up the DagBag from /home/airflow/.local/lib/python3.12/site-packages/airflow/example_dags/example_short_circuit_decorator.py
[2025-04-06T21:49:48.863+0000] {processor.py:925} INFO - DAG(s) 'example_short_circuit_decorator' retrieved from /home/airflow/.local/lib/python3.12/site-packages/airflow/example_dags/example_short_circuit_decorator.py
[2025-04-06T21:49:48.899+0000] {logging_mixin.py:190} INFO - [2025-04-06T21:49:48.899+0000] {dag.py:3239} INFO - Sync 1 DAGs
[2025-04-06T21:49:48.931+0000] {logging_mixin.py:190} INFO - [2025-04-06T21:49:48.931+0000] {dag.py:4180} INFO - Setting next_dagrun for example_short_circuit_decorator to None, run_after=None
[2025-04-06T21:49:48.952+0000] {processor.py:208} INFO - Processing /home/airflow/.local/lib/python3.12/site-packages/airflow/example_dags/example_short_circuit_decorator.py took 0.131 seconds
[2025-04-06T21:50:19.315+0000] {processor.py:186} INFO - Started process (PID=2373) to work on /home/airflow/.local/lib/python3.12/site-packages/airflow/example_dags/example_short_circuit_decorator.py
[2025-04-06T21:50:19.315+0000] {processor.py:914} INFO - Processing file /home/airflow/.local/lib/python3.12/site-packages/airflow/example_dags/example_short_circuit_decorator.py for tasks to queue
[2025-04-06T21:50:19.318+0000] {logging_mixin.py:190} INFO - [2025-04-06T21:50:19.317+0000] {dagbag.py:588} INFO - Filling up the DagBag from /home/airflow/.local/lib/python3.12/site-packages/airflow/example_dags/example_short_circuit_decorator.py
[2025-04-06T21:50:19.332+0000] {processor.py:925} INFO - DAG(s) 'example_short_circuit_decorator' retrieved from /home/airflow/.local/lib/python3.12/site-packages/airflow/example_dags/example_short_circuit_decorator.py
[2025-04-06T21:50:19.362+0000] {logging_mixin.py:190} INFO - [2025-04-06T21:50:19.361+0000] {dag.py:3239} INFO - Sync 1 DAGs
[2025-04-06T21:50:19.381+0000] {logging_mixin.py:190} INFO - [2025-04-06T21:50:19.381+0000] {dag.py:4180} INFO - Setting next_dagrun for example_short_circuit_decorator to None, run_after=None
[2025-04-06T21:50:19.400+0000] {processor.py:208} INFO - Processing /home/airflow/.local/lib/python3.12/site-packages/airflow/example_dags/example_short_circuit_decorator.py took 0.091 seconds
[2025-04-06T21:50:49.698+0000] {processor.py:186} INFO - Started process (PID=2437) to work on /home/airflow/.local/lib/python3.12/site-packages/airflow/example_dags/example_short_circuit_decorator.py
[2025-04-06T21:50:49.698+0000] {processor.py:914} INFO - Processing file /home/airflow/.local/lib/python3.12/site-packages/airflow/example_dags/example_short_circuit_decorator.py for tasks to queue
[2025-04-06T21:50:49.701+0000] {logging_mixin.py:190} INFO - [2025-04-06T21:50:49.700+0000] {dagbag.py:588} INFO - Filling up the DagBag from /home/airflow/.local/lib/python3.12/site-packages/airflow/example_dags/example_short_circuit_decorator.py
[2025-04-06T21:50:49.714+0000] {processor.py:925} INFO - DAG(s) 'example_short_circuit_decorator' retrieved from /home/airflow/.local/lib/python3.12/site-packages/airflow/example_dags/example_short_circuit_decorator.py
[2025-04-06T21:50:49.756+0000] {logging_mixin.py:190} INFO - [2025-04-06T21:50:49.755+0000] {dag.py:3239} INFO - Sync 1 DAGs
[2025-04-06T21:50:49.772+0000] {logging_mixin.py:190} INFO - [2025-04-06T21:50:49.772+0000] {dag.py:4180} INFO - Setting next_dagrun for example_short_circuit_decorator to None, run_after=None
[2025-04-06T21:50:49.790+0000] {processor.py:208} INFO - Processing /home/airflow/.local/lib/python3.12/site-packages/airflow/example_dags/example_short_circuit_decorator.py took 0.099 seconds
[2025-04-06T21:51:20.287+0000] {processor.py:186} INFO - Started process (PID=2502) to work on /home/airflow/.local/lib/python3.12/site-packages/airflow/example_dags/example_short_circuit_decorator.py
[2025-04-06T21:51:20.288+0000] {processor.py:914} INFO - Processing file /home/airflow/.local/lib/python3.12/site-packages/airflow/example_dags/example_short_circuit_decorator.py for tasks to queue
[2025-04-06T21:51:20.290+0000] {logging_mixin.py:190} INFO - [2025-04-06T21:51:20.290+0000] {dagbag.py:588} INFO - Filling up the DagBag from /home/airflow/.local/lib/python3.12/site-packages/airflow/example_dags/example_short_circuit_decorator.py
[2025-04-06T21:51:20.303+0000] {processor.py:925} INFO - DAG(s) 'example_short_circuit_decorator' retrieved from /home/airflow/.local/lib/python3.12/site-packages/airflow/example_dags/example_short_circuit_decorator.py
[2025-04-06T21:51:20.334+0000] {logging_mixin.py:190} INFO - [2025-04-06T21:51:20.333+0000] {dag.py:3239} INFO - Sync 1 DAGs
[2025-04-06T21:51:20.352+0000] {logging_mixin.py:190} INFO - [2025-04-06T21:51:20.352+0000] {dag.py:4180} INFO - Setting next_dagrun for example_short_circuit_decorator to None, run_after=None
[2025-04-06T21:51:20.370+0000] {processor.py:208} INFO - Processing /home/airflow/.local/lib/python3.12/site-packages/airflow/example_dags/example_short_circuit_decorator.py took 0.090 seconds
[2025-04-06T21:51:50.658+0000] {processor.py:186} INFO - Started process (PID=2566) to work on /home/airflow/.local/lib/python3.12/site-packages/airflow/example_dags/example_short_circuit_decorator.py
[2025-04-06T21:51:50.661+0000] {processor.py:914} INFO - Processing file /home/airflow/.local/lib/python3.12/site-packages/airflow/example_dags/example_short_circuit_decorator.py for tasks to queue
[2025-04-06T21:51:50.663+0000] {logging_mixin.py:190} INFO - [2025-04-06T21:51:50.663+0000] {dagbag.py:588} INFO - Filling up the DagBag from /home/airflow/.local/lib/python3.12/site-packages/airflow/example_dags/example_short_circuit_decorator.py
[2025-04-06T21:51:50.680+0000] {processor.py:925} INFO - DAG(s) 'example_short_circuit_decorator' retrieved from /home/airflow/.local/lib/python3.12/site-packages/airflow/example_dags/example_short_circuit_decorator.py
[2025-04-06T21:51:50.712+0000] {logging_mixin.py:190} INFO - [2025-04-06T21:51:50.711+0000] {dag.py:3239} INFO - Sync 1 DAGs
[2025-04-06T21:51:50.731+0000] {logging_mixin.py:190} INFO - [2025-04-06T21:51:50.731+0000] {dag.py:4180} INFO - Setting next_dagrun for example_short_circuit_decorator to None, run_after=None
[2025-04-06T21:51:50.750+0000] {processor.py:208} INFO - Processing /home/airflow/.local/lib/python3.12/site-packages/airflow/example_dags/example_short_circuit_decorator.py took 0.107 seconds
[2025-04-06T21:52:21.350+0000] {processor.py:186} INFO - Started process (PID=2630) to work on /home/airflow/.local/lib/python3.12/site-packages/airflow/example_dags/example_short_circuit_decorator.py
[2025-04-06T21:52:21.351+0000] {processor.py:914} INFO - Processing file /home/airflow/.local/lib/python3.12/site-packages/airflow/example_dags/example_short_circuit_decorator.py for tasks to queue
[2025-04-06T21:52:21.353+0000] {logging_mixin.py:190} INFO - [2025-04-06T21:52:21.353+0000] {dagbag.py:588} INFO - Filling up the DagBag from /home/airflow/.local/lib/python3.12/site-packages/airflow/example_dags/example_short_circuit_decorator.py
[2025-04-06T21:52:21.366+0000] {processor.py:925} INFO - DAG(s) 'example_short_circuit_decorator' retrieved from /home/airflow/.local/lib/python3.12/site-packages/airflow/example_dags/example_short_circuit_decorator.py
[2025-04-06T21:52:21.417+0000] {logging_mixin.py:190} INFO - [2025-04-06T21:52:21.416+0000] {dag.py:3239} INFO - Sync 1 DAGs
[2025-04-06T21:52:21.440+0000] {logging_mixin.py:190} INFO - [2025-04-06T21:52:21.440+0000] {dag.py:4180} INFO - Setting next_dagrun for example_short_circuit_decorator to None, run_after=None
[2025-04-06T21:52:21.469+0000] {processor.py:208} INFO - Processing /home/airflow/.local/lib/python3.12/site-packages/airflow/example_dags/example_short_circuit_decorator.py took 0.125 seconds
[2025-04-06T21:52:51.843+0000] {processor.py:186} INFO - Started process (PID=2694) to work on /home/airflow/.local/lib/python3.12/site-packages/airflow/example_dags/example_short_circuit_decorator.py
[2025-04-06T21:52:51.848+0000] {processor.py:914} INFO - Processing file /home/airflow/.local/lib/python3.12/site-packages/airflow/example_dags/example_short_circuit_decorator.py for tasks to queue
[2025-04-06T21:52:51.874+0000] {logging_mixin.py:190} INFO - [2025-04-06T21:52:51.863+0000] {dagbag.py:588} INFO - Filling up the DagBag from /home/airflow/.local/lib/python3.12/site-packages/airflow/example_dags/example_short_circuit_decorator.py
[2025-04-06T21:52:51.921+0000] {processor.py:925} INFO - DAG(s) 'example_short_circuit_decorator' retrieved from /home/airflow/.local/lib/python3.12/site-packages/airflow/example_dags/example_short_circuit_decorator.py
[2025-04-06T21:52:51.968+0000] {logging_mixin.py:190} INFO - [2025-04-06T21:52:51.967+0000] {dag.py:3239} INFO - Sync 1 DAGs
[2025-04-06T21:52:51.989+0000] {logging_mixin.py:190} INFO - [2025-04-06T21:52:51.989+0000] {dag.py:4180} INFO - Setting next_dagrun for example_short_circuit_decorator to None, run_after=None
[2025-04-06T21:52:52.018+0000] {processor.py:208} INFO - Processing /home/airflow/.local/lib/python3.12/site-packages/airflow/example_dags/example_short_circuit_decorator.py took 0.200 seconds
[2025-04-06T21:53:22.618+0000] {processor.py:186} INFO - Started process (PID=2758) to work on /home/airflow/.local/lib/python3.12/site-packages/airflow/example_dags/example_short_circuit_decorator.py
[2025-04-06T21:53:22.621+0000] {processor.py:914} INFO - Processing file /home/airflow/.local/lib/python3.12/site-packages/airflow/example_dags/example_short_circuit_decorator.py for tasks to queue
[2025-04-06T21:53:22.623+0000] {logging_mixin.py:190} INFO - [2025-04-06T21:53:22.623+0000] {dagbag.py:588} INFO - Filling up the DagBag from /home/airflow/.local/lib/python3.12/site-packages/airflow/example_dags/example_short_circuit_decorator.py
[2025-04-06T21:53:22.644+0000] {processor.py:925} INFO - DAG(s) 'example_short_circuit_decorator' retrieved from /home/airflow/.local/lib/python3.12/site-packages/airflow/example_dags/example_short_circuit_decorator.py
[2025-04-06T21:53:22.700+0000] {logging_mixin.py:190} INFO - [2025-04-06T21:53:22.699+0000] {dag.py:3239} INFO - Sync 1 DAGs
[2025-04-06T21:53:22.738+0000] {logging_mixin.py:190} INFO - [2025-04-06T21:53:22.737+0000] {dag.py:4180} INFO - Setting next_dagrun for example_short_circuit_decorator to None, run_after=None
[2025-04-06T21:53:22.777+0000] {processor.py:208} INFO - Processing /home/airflow/.local/lib/python3.12/site-packages/airflow/example_dags/example_short_circuit_decorator.py took 0.172 seconds
[2025-04-06T21:53:53.004+0000] {processor.py:186} INFO - Started process (PID=2822) to work on /home/airflow/.local/lib/python3.12/site-packages/airflow/example_dags/example_short_circuit_decorator.py
[2025-04-06T21:53:53.005+0000] {processor.py:914} INFO - Processing file /home/airflow/.local/lib/python3.12/site-packages/airflow/example_dags/example_short_circuit_decorator.py for tasks to queue
[2025-04-06T21:53:53.008+0000] {logging_mixin.py:190} INFO - [2025-04-06T21:53:53.007+0000] {dagbag.py:588} INFO - Filling up the DagBag from /home/airflow/.local/lib/python3.12/site-packages/airflow/example_dags/example_short_circuit_decorator.py
[2025-04-06T21:53:53.020+0000] {processor.py:925} INFO - DAG(s) 'example_short_circuit_decorator' retrieved from /home/airflow/.local/lib/python3.12/site-packages/airflow/example_dags/example_short_circuit_decorator.py
[2025-04-06T21:53:53.050+0000] {logging_mixin.py:190} INFO - [2025-04-06T21:53:53.050+0000] {dag.py:3239} INFO - Sync 1 DAGs
[2025-04-06T21:53:53.069+0000] {logging_mixin.py:190} INFO - [2025-04-06T21:53:53.069+0000] {dag.py:4180} INFO - Setting next_dagrun for example_short_circuit_decorator to None, run_after=None
[2025-04-06T21:53:53.088+0000] {processor.py:208} INFO - Processing /home/airflow/.local/lib/python3.12/site-packages/airflow/example_dags/example_short_circuit_decorator.py took 0.090 seconds
[2025-04-06T21:54:23.785+0000] {processor.py:186} INFO - Started process (PID=2886) to work on /home/airflow/.local/lib/python3.12/site-packages/airflow/example_dags/example_short_circuit_decorator.py
[2025-04-06T21:54:23.787+0000] {processor.py:914} INFO - Processing file /home/airflow/.local/lib/python3.12/site-packages/airflow/example_dags/example_short_circuit_decorator.py for tasks to queue
[2025-04-06T21:54:23.789+0000] {logging_mixin.py:190} INFO - [2025-04-06T21:54:23.789+0000] {dagbag.py:588} INFO - Filling up the DagBag from /home/airflow/.local/lib/python3.12/site-packages/airflow/example_dags/example_short_circuit_decorator.py
[2025-04-06T21:54:23.805+0000] {processor.py:925} INFO - DAG(s) 'example_short_circuit_decorator' retrieved from /home/airflow/.local/lib/python3.12/site-packages/airflow/example_dags/example_short_circuit_decorator.py
[2025-04-06T21:54:23.845+0000] {logging_mixin.py:190} INFO - [2025-04-06T21:54:23.844+0000] {dag.py:3239} INFO - Sync 1 DAGs
[2025-04-06T21:54:23.864+0000] {logging_mixin.py:190} INFO - [2025-04-06T21:54:23.863+0000] {dag.py:4180} INFO - Setting next_dagrun for example_short_circuit_decorator to None, run_after=None
[2025-04-06T21:54:23.882+0000] {processor.py:208} INFO - Processing /home/airflow/.local/lib/python3.12/site-packages/airflow/example_dags/example_short_circuit_decorator.py took 0.111 seconds
[2025-04-06T21:54:54.666+0000] {processor.py:186} INFO - Started process (PID=2950) to work on /home/airflow/.local/lib/python3.12/site-packages/airflow/example_dags/example_short_circuit_decorator.py
[2025-04-06T21:54:54.667+0000] {processor.py:914} INFO - Processing file /home/airflow/.local/lib/python3.12/site-packages/airflow/example_dags/example_short_circuit_decorator.py for tasks to queue
[2025-04-06T21:54:54.678+0000] {logging_mixin.py:190} INFO - [2025-04-06T21:54:54.673+0000] {dagbag.py:588} INFO - Filling up the DagBag from /home/airflow/.local/lib/python3.12/site-packages/airflow/example_dags/example_short_circuit_decorator.py
[2025-04-06T21:54:54.692+0000] {processor.py:925} INFO - DAG(s) 'example_short_circuit_decorator' retrieved from /home/airflow/.local/lib/python3.12/site-packages/airflow/example_dags/example_short_circuit_decorator.py
[2025-04-06T21:54:54.723+0000] {logging_mixin.py:190} INFO - [2025-04-06T21:54:54.722+0000] {dag.py:3239} INFO - Sync 1 DAGs
[2025-04-06T21:54:54.755+0000] {logging_mixin.py:190} INFO - [2025-04-06T21:54:54.750+0000] {dag.py:4180} INFO - Setting next_dagrun for example_short_circuit_decorator to None, run_after=None
[2025-04-06T21:54:54.790+0000] {processor.py:208} INFO - Processing /home/airflow/.local/lib/python3.12/site-packages/airflow/example_dags/example_short_circuit_decorator.py took 0.139 seconds
[2025-04-06T21:55:25.301+0000] {processor.py:186} INFO - Started process (PID=3014) to work on /home/airflow/.local/lib/python3.12/site-packages/airflow/example_dags/example_short_circuit_decorator.py
[2025-04-06T21:55:25.302+0000] {processor.py:914} INFO - Processing file /home/airflow/.local/lib/python3.12/site-packages/airflow/example_dags/example_short_circuit_decorator.py for tasks to queue
[2025-04-06T21:55:25.305+0000] {logging_mixin.py:190} INFO - [2025-04-06T21:55:25.304+0000] {dagbag.py:588} INFO - Filling up the DagBag from /home/airflow/.local/lib/python3.12/site-packages/airflow/example_dags/example_short_circuit_decorator.py
[2025-04-06T21:55:25.317+0000] {processor.py:925} INFO - DAG(s) 'example_short_circuit_decorator' retrieved from /home/airflow/.local/lib/python3.12/site-packages/airflow/example_dags/example_short_circuit_decorator.py
[2025-04-06T21:55:25.347+0000] {logging_mixin.py:190} INFO - [2025-04-06T21:55:25.346+0000] {dag.py:3239} INFO - Sync 1 DAGs
[2025-04-06T21:55:25.366+0000] {logging_mixin.py:190} INFO - [2025-04-06T21:55:25.366+0000] {dag.py:4180} INFO - Setting next_dagrun for example_short_circuit_decorator to None, run_after=None
[2025-04-06T21:55:25.385+0000] {processor.py:208} INFO - Processing /home/airflow/.local/lib/python3.12/site-packages/airflow/example_dags/example_short_circuit_decorator.py took 0.090 seconds
[2025-04-06T21:55:55.900+0000] {processor.py:186} INFO - Started process (PID=3078) to work on /home/airflow/.local/lib/python3.12/site-packages/airflow/example_dags/example_short_circuit_decorator.py
[2025-04-06T21:55:55.901+0000] {processor.py:914} INFO - Processing file /home/airflow/.local/lib/python3.12/site-packages/airflow/example_dags/example_short_circuit_decorator.py for tasks to queue
[2025-04-06T21:55:55.903+0000] {logging_mixin.py:190} INFO - [2025-04-06T21:55:55.903+0000] {dagbag.py:588} INFO - Filling up the DagBag from /home/airflow/.local/lib/python3.12/site-packages/airflow/example_dags/example_short_circuit_decorator.py
[2025-04-06T21:55:55.916+0000] {processor.py:925} INFO - DAG(s) 'example_short_circuit_decorator' retrieved from /home/airflow/.local/lib/python3.12/site-packages/airflow/example_dags/example_short_circuit_decorator.py
[2025-04-06T21:55:55.957+0000] {logging_mixin.py:190} INFO - [2025-04-06T21:55:55.956+0000] {dag.py:3239} INFO - Sync 1 DAGs
[2025-04-06T21:55:55.976+0000] {logging_mixin.py:190} INFO - [2025-04-06T21:55:55.975+0000] {dag.py:4180} INFO - Setting next_dagrun for example_short_circuit_decorator to None, run_after=None
[2025-04-06T21:55:55.995+0000] {processor.py:208} INFO - Processing /home/airflow/.local/lib/python3.12/site-packages/airflow/example_dags/example_short_circuit_decorator.py took 0.101 seconds
[2025-04-06T21:56:26.798+0000] {processor.py:186} INFO - Started process (PID=3142) to work on /home/airflow/.local/lib/python3.12/site-packages/airflow/example_dags/example_short_circuit_decorator.py
[2025-04-06T21:56:26.799+0000] {processor.py:914} INFO - Processing file /home/airflow/.local/lib/python3.12/site-packages/airflow/example_dags/example_short_circuit_decorator.py for tasks to queue
[2025-04-06T21:56:26.801+0000] {logging_mixin.py:190} INFO - [2025-04-06T21:56:26.801+0000] {dagbag.py:588} INFO - Filling up the DagBag from /home/airflow/.local/lib/python3.12/site-packages/airflow/example_dags/example_short_circuit_decorator.py
[2025-04-06T21:56:26.815+0000] {processor.py:925} INFO - DAG(s) 'example_short_circuit_decorator' retrieved from /home/airflow/.local/lib/python3.12/site-packages/airflow/example_dags/example_short_circuit_decorator.py
[2025-04-06T21:56:26.844+0000] {logging_mixin.py:190} INFO - [2025-04-06T21:56:26.844+0000] {dag.py:3239} INFO - Sync 1 DAGs
[2025-04-06T21:56:26.862+0000] {logging_mixin.py:190} INFO - [2025-04-06T21:56:26.862+0000] {dag.py:4180} INFO - Setting next_dagrun for example_short_circuit_decorator to None, run_after=None
[2025-04-06T21:56:26.881+0000] {processor.py:208} INFO - Processing /home/airflow/.local/lib/python3.12/site-packages/airflow/example_dags/example_short_circuit_decorator.py took 0.089 seconds
[2025-04-06T21:56:57.847+0000] {processor.py:186} INFO - Started process (PID=3206) to work on /home/airflow/.local/lib/python3.12/site-packages/airflow/example_dags/example_short_circuit_decorator.py
[2025-04-06T21:56:57.848+0000] {processor.py:914} INFO - Processing file /home/airflow/.local/lib/python3.12/site-packages/airflow/example_dags/example_short_circuit_decorator.py for tasks to queue
[2025-04-06T21:56:57.850+0000] {logging_mixin.py:190} INFO - [2025-04-06T21:56:57.849+0000] {dagbag.py:588} INFO - Filling up the DagBag from /home/airflow/.local/lib/python3.12/site-packages/airflow/example_dags/example_short_circuit_decorator.py
[2025-04-06T21:56:57.863+0000] {processor.py:925} INFO - DAG(s) 'example_short_circuit_decorator' retrieved from /home/airflow/.local/lib/python3.12/site-packages/airflow/example_dags/example_short_circuit_decorator.py
[2025-04-06T21:56:57.896+0000] {logging_mixin.py:190} INFO - [2025-04-06T21:56:57.896+0000] {dag.py:3239} INFO - Sync 1 DAGs
[2025-04-06T21:56:57.915+0000] {logging_mixin.py:190} INFO - [2025-04-06T21:56:57.914+0000] {dag.py:4180} INFO - Setting next_dagrun for example_short_circuit_decorator to None, run_after=None
[2025-04-06T21:56:57.934+0000] {processor.py:208} INFO - Processing /home/airflow/.local/lib/python3.12/site-packages/airflow/example_dags/example_short_circuit_decorator.py took 0.093 seconds
[2025-04-06T21:57:28.210+0000] {processor.py:186} INFO - Started process (PID=3269) to work on /home/airflow/.local/lib/python3.12/site-packages/airflow/example_dags/example_short_circuit_decorator.py
[2025-04-06T21:57:28.219+0000] {processor.py:914} INFO - Processing file /home/airflow/.local/lib/python3.12/site-packages/airflow/example_dags/example_short_circuit_decorator.py for tasks to queue
[2025-04-06T21:57:28.228+0000] {logging_mixin.py:190} INFO - [2025-04-06T21:57:28.227+0000] {dagbag.py:588} INFO - Filling up the DagBag from /home/airflow/.local/lib/python3.12/site-packages/airflow/example_dags/example_short_circuit_decorator.py
[2025-04-06T21:57:28.289+0000] {processor.py:925} INFO - DAG(s) 'example_short_circuit_decorator' retrieved from /home/airflow/.local/lib/python3.12/site-packages/airflow/example_dags/example_short_circuit_decorator.py
[2025-04-06T21:57:28.411+0000] {logging_mixin.py:190} INFO - [2025-04-06T21:57:28.408+0000] {dag.py:3239} INFO - Sync 1 DAGs
[2025-04-06T21:57:28.512+0000] {logging_mixin.py:190} INFO - [2025-04-06T21:57:28.503+0000] {dag.py:4180} INFO - Setting next_dagrun for example_short_circuit_decorator to None, run_after=None
[2025-04-06T21:57:28.572+0000] {processor.py:208} INFO - Processing /home/airflow/.local/lib/python3.12/site-packages/airflow/example_dags/example_short_circuit_decorator.py took 0.390 seconds
[2025-04-06T21:57:59.580+0000] {processor.py:186} INFO - Started process (PID=3333) to work on /home/airflow/.local/lib/python3.12/site-packages/airflow/example_dags/example_short_circuit_decorator.py
[2025-04-06T21:57:59.581+0000] {processor.py:914} INFO - Processing file /home/airflow/.local/lib/python3.12/site-packages/airflow/example_dags/example_short_circuit_decorator.py for tasks to queue
[2025-04-06T21:57:59.595+0000] {logging_mixin.py:190} INFO - [2025-04-06T21:57:59.592+0000] {dagbag.py:588} INFO - Filling up the DagBag from /home/airflow/.local/lib/python3.12/site-packages/airflow/example_dags/example_short_circuit_decorator.py
[2025-04-06T21:57:59.610+0000] {processor.py:925} INFO - DAG(s) 'example_short_circuit_decorator' retrieved from /home/airflow/.local/lib/python3.12/site-packages/airflow/example_dags/example_short_circuit_decorator.py
[2025-04-06T21:57:59.689+0000] {logging_mixin.py:190} INFO - [2025-04-06T21:57:59.688+0000] {dag.py:3239} INFO - Sync 1 DAGs
[2025-04-06T21:57:59.741+0000] {logging_mixin.py:190} INFO - [2025-04-06T21:57:59.741+0000] {dag.py:4180} INFO - Setting next_dagrun for example_short_circuit_decorator to None, run_after=None
[2025-04-06T21:57:59.783+0000] {processor.py:208} INFO - Processing /home/airflow/.local/lib/python3.12/site-packages/airflow/example_dags/example_short_circuit_decorator.py took 0.234 seconds
[2025-04-06T21:58:30.082+0000] {processor.py:186} INFO - Started process (PID=3397) to work on /home/airflow/.local/lib/python3.12/site-packages/airflow/example_dags/example_short_circuit_decorator.py
[2025-04-06T21:58:30.086+0000] {processor.py:914} INFO - Processing file /home/airflow/.local/lib/python3.12/site-packages/airflow/example_dags/example_short_circuit_decorator.py for tasks to queue
[2025-04-06T21:58:30.092+0000] {logging_mixin.py:190} INFO - [2025-04-06T21:58:30.092+0000] {dagbag.py:588} INFO - Filling up the DagBag from /home/airflow/.local/lib/python3.12/site-packages/airflow/example_dags/example_short_circuit_decorator.py
[2025-04-06T21:58:30.118+0000] {processor.py:925} INFO - DAG(s) 'example_short_circuit_decorator' retrieved from /home/airflow/.local/lib/python3.12/site-packages/airflow/example_dags/example_short_circuit_decorator.py
[2025-04-06T21:58:30.157+0000] {logging_mixin.py:190} INFO - [2025-04-06T21:58:30.156+0000] {dag.py:3239} INFO - Sync 1 DAGs
[2025-04-06T21:58:30.175+0000] {logging_mixin.py:190} INFO - [2025-04-06T21:58:30.175+0000] {dag.py:4180} INFO - Setting next_dagrun for example_short_circuit_decorator to None, run_after=None
[2025-04-06T21:58:30.202+0000] {processor.py:208} INFO - Processing /home/airflow/.local/lib/python3.12/site-packages/airflow/example_dags/example_short_circuit_decorator.py took 0.132 seconds
[2025-04-06T21:59:01.148+0000] {processor.py:186} INFO - Started process (PID=3461) to work on /home/airflow/.local/lib/python3.12/site-packages/airflow/example_dags/example_short_circuit_decorator.py
[2025-04-06T21:59:01.148+0000] {processor.py:914} INFO - Processing file /home/airflow/.local/lib/python3.12/site-packages/airflow/example_dags/example_short_circuit_decorator.py for tasks to queue
[2025-04-06T21:59:01.153+0000] {logging_mixin.py:190} INFO - [2025-04-06T21:59:01.152+0000] {dagbag.py:588} INFO - Filling up the DagBag from /home/airflow/.local/lib/python3.12/site-packages/airflow/example_dags/example_short_circuit_decorator.py
[2025-04-06T21:59:01.181+0000] {processor.py:925} INFO - DAG(s) 'example_short_circuit_decorator' retrieved from /home/airflow/.local/lib/python3.12/site-packages/airflow/example_dags/example_short_circuit_decorator.py
[2025-04-06T21:59:01.226+0000] {logging_mixin.py:190} INFO - [2025-04-06T21:59:01.225+0000] {dag.py:3239} INFO - Sync 1 DAGs
[2025-04-06T21:59:01.271+0000] {logging_mixin.py:190} INFO - [2025-04-06T21:59:01.270+0000] {dag.py:4180} INFO - Setting next_dagrun for example_short_circuit_decorator to None, run_after=None
[2025-04-06T21:59:01.333+0000] {processor.py:208} INFO - Processing /home/airflow/.local/lib/python3.12/site-packages/airflow/example_dags/example_short_circuit_decorator.py took 0.201 seconds
[2025-04-06T21:59:31.396+0000] {processor.py:186} INFO - Started process (PID=3525) to work on /home/airflow/.local/lib/python3.12/site-packages/airflow/example_dags/example_short_circuit_decorator.py
[2025-04-06T21:59:31.397+0000] {processor.py:914} INFO - Processing file /home/airflow/.local/lib/python3.12/site-packages/airflow/example_dags/example_short_circuit_decorator.py for tasks to queue
[2025-04-06T21:59:31.399+0000] {logging_mixin.py:190} INFO - [2025-04-06T21:59:31.398+0000] {dagbag.py:588} INFO - Filling up the DagBag from /home/airflow/.local/lib/python3.12/site-packages/airflow/example_dags/example_short_circuit_decorator.py
[2025-04-06T21:59:31.407+0000] {processor.py:925} INFO - DAG(s) 'example_short_circuit_decorator' retrieved from /home/airflow/.local/lib/python3.12/site-packages/airflow/example_dags/example_short_circuit_decorator.py
[2025-04-06T21:59:31.427+0000] {logging_mixin.py:190} INFO - [2025-04-06T21:59:31.426+0000] {dag.py:3239} INFO - Sync 1 DAGs
[2025-04-06T21:59:31.440+0000] {logging_mixin.py:190} INFO - [2025-04-06T21:59:31.440+0000] {dag.py:4180} INFO - Setting next_dagrun for example_short_circuit_decorator to None, run_after=None
[2025-04-06T21:59:31.458+0000] {processor.py:208} INFO - Processing /home/airflow/.local/lib/python3.12/site-packages/airflow/example_dags/example_short_circuit_decorator.py took 0.067 seconds
[2025-04-06T22:00:02.606+0000] {processor.py:186} INFO - Started process (PID=3589) to work on /home/airflow/.local/lib/python3.12/site-packages/airflow/example_dags/example_short_circuit_decorator.py
[2025-04-06T22:00:02.608+0000] {processor.py:914} INFO - Processing file /home/airflow/.local/lib/python3.12/site-packages/airflow/example_dags/example_short_circuit_decorator.py for tasks to queue
[2025-04-06T22:00:02.612+0000] {logging_mixin.py:190} INFO - [2025-04-06T22:00:02.610+0000] {dagbag.py:588} INFO - Filling up the DagBag from /home/airflow/.local/lib/python3.12/site-packages/airflow/example_dags/example_short_circuit_decorator.py
[2025-04-06T22:00:02.629+0000] {processor.py:925} INFO - DAG(s) 'example_short_circuit_decorator' retrieved from /home/airflow/.local/lib/python3.12/site-packages/airflow/example_dags/example_short_circuit_decorator.py
[2025-04-06T22:00:02.675+0000] {logging_mixin.py:190} INFO - [2025-04-06T22:00:02.674+0000] {dag.py:3239} INFO - Sync 1 DAGs
[2025-04-06T22:00:02.734+0000] {logging_mixin.py:190} INFO - [2025-04-06T22:00:02.734+0000] {dag.py:4180} INFO - Setting next_dagrun for example_short_circuit_decorator to None, run_after=None
[2025-04-06T22:00:02.795+0000] {processor.py:208} INFO - Processing /home/airflow/.local/lib/python3.12/site-packages/airflow/example_dags/example_short_circuit_decorator.py took 0.208 seconds
[2025-04-06T22:00:33.800+0000] {processor.py:186} INFO - Started process (PID=3653) to work on /home/airflow/.local/lib/python3.12/site-packages/airflow/example_dags/example_short_circuit_decorator.py
[2025-04-06T22:00:33.805+0000] {processor.py:914} INFO - Processing file /home/airflow/.local/lib/python3.12/site-packages/airflow/example_dags/example_short_circuit_decorator.py for tasks to queue
[2025-04-06T22:00:33.818+0000] {logging_mixin.py:190} INFO - [2025-04-06T22:00:33.818+0000] {dagbag.py:588} INFO - Filling up the DagBag from /home/airflow/.local/lib/python3.12/site-packages/airflow/example_dags/example_short_circuit_decorator.py
[2025-04-06T22:00:33.883+0000] {processor.py:925} INFO - DAG(s) 'example_short_circuit_decorator' retrieved from /home/airflow/.local/lib/python3.12/site-packages/airflow/example_dags/example_short_circuit_decorator.py
[2025-04-06T22:00:33.994+0000] {logging_mixin.py:190} INFO - [2025-04-06T22:00:33.993+0000] {dag.py:3239} INFO - Sync 1 DAGs
[2025-04-06T22:00:34.057+0000] {logging_mixin.py:190} INFO - [2025-04-06T22:00:34.057+0000] {dag.py:4180} INFO - Setting next_dagrun for example_short_circuit_decorator to None, run_after=None
[2025-04-06T22:00:34.108+0000] {processor.py:208} INFO - Processing /home/airflow/.local/lib/python3.12/site-packages/airflow/example_dags/example_short_circuit_decorator.py took 0.359 seconds
[2025-04-06T22:01:04.422+0000] {processor.py:186} INFO - Started process (PID=3717) to work on /home/airflow/.local/lib/python3.12/site-packages/airflow/example_dags/example_short_circuit_decorator.py
[2025-04-06T22:01:04.424+0000] {processor.py:914} INFO - Processing file /home/airflow/.local/lib/python3.12/site-packages/airflow/example_dags/example_short_circuit_decorator.py for tasks to queue
[2025-04-06T22:01:04.426+0000] {logging_mixin.py:190} INFO - [2025-04-06T22:01:04.426+0000] {dagbag.py:588} INFO - Filling up the DagBag from /home/airflow/.local/lib/python3.12/site-packages/airflow/example_dags/example_short_circuit_decorator.py
[2025-04-06T22:01:04.439+0000] {processor.py:925} INFO - DAG(s) 'example_short_circuit_decorator' retrieved from /home/airflow/.local/lib/python3.12/site-packages/airflow/example_dags/example_short_circuit_decorator.py
[2025-04-06T22:01:04.482+0000] {logging_mixin.py:190} INFO - [2025-04-06T22:01:04.481+0000] {dag.py:3239} INFO - Sync 1 DAGs
[2025-04-06T22:01:04.517+0000] {logging_mixin.py:190} INFO - [2025-04-06T22:01:04.517+0000] {dag.py:4180} INFO - Setting next_dagrun for example_short_circuit_decorator to None, run_after=None
[2025-04-06T22:01:04.560+0000] {processor.py:208} INFO - Processing /home/airflow/.local/lib/python3.12/site-packages/airflow/example_dags/example_short_circuit_decorator.py took 0.144 seconds
[2025-04-06T22:01:34.763+0000] {processor.py:186} INFO - Started process (PID=3781) to work on /home/airflow/.local/lib/python3.12/site-packages/airflow/example_dags/example_short_circuit_decorator.py
[2025-04-06T22:01:34.764+0000] {processor.py:914} INFO - Processing file /home/airflow/.local/lib/python3.12/site-packages/airflow/example_dags/example_short_circuit_decorator.py for tasks to queue
[2025-04-06T22:01:34.766+0000] {logging_mixin.py:190} INFO - [2025-04-06T22:01:34.766+0000] {dagbag.py:588} INFO - Filling up the DagBag from /home/airflow/.local/lib/python3.12/site-packages/airflow/example_dags/example_short_circuit_decorator.py
[2025-04-06T22:01:34.778+0000] {processor.py:925} INFO - DAG(s) 'example_short_circuit_decorator' retrieved from /home/airflow/.local/lib/python3.12/site-packages/airflow/example_dags/example_short_circuit_decorator.py
[2025-04-06T22:01:34.809+0000] {logging_mixin.py:190} INFO - [2025-04-06T22:01:34.809+0000] {dag.py:3239} INFO - Sync 1 DAGs
[2025-04-06T22:01:34.828+0000] {logging_mixin.py:190} INFO - [2025-04-06T22:01:34.827+0000] {dag.py:4180} INFO - Setting next_dagrun for example_short_circuit_decorator to None, run_after=None
[2025-04-06T22:01:34.847+0000] {processor.py:208} INFO - Processing /home/airflow/.local/lib/python3.12/site-packages/airflow/example_dags/example_short_circuit_decorator.py took 0.090 seconds
[2025-04-06T22:02:05.185+0000] {processor.py:186} INFO - Started process (PID=3844) to work on /home/airflow/.local/lib/python3.12/site-packages/airflow/example_dags/example_short_circuit_decorator.py
[2025-04-06T22:02:05.186+0000] {processor.py:914} INFO - Processing file /home/airflow/.local/lib/python3.12/site-packages/airflow/example_dags/example_short_circuit_decorator.py for tasks to queue
[2025-04-06T22:02:05.188+0000] {logging_mixin.py:190} INFO - [2025-04-06T22:02:05.188+0000] {dagbag.py:588} INFO - Filling up the DagBag from /home/airflow/.local/lib/python3.12/site-packages/airflow/example_dags/example_short_circuit_decorator.py
[2025-04-06T22:02:05.202+0000] {processor.py:925} INFO - DAG(s) 'example_short_circuit_decorator' retrieved from /home/airflow/.local/lib/python3.12/site-packages/airflow/example_dags/example_short_circuit_decorator.py
[2025-04-06T22:02:05.233+0000] {logging_mixin.py:190} INFO - [2025-04-06T22:02:05.232+0000] {dag.py:3239} INFO - Sync 1 DAGs
[2025-04-06T22:02:05.251+0000] {logging_mixin.py:190} INFO - [2025-04-06T22:02:05.251+0000] {dag.py:4180} INFO - Setting next_dagrun for example_short_circuit_decorator to None, run_after=None
[2025-04-06T22:02:05.271+0000] {processor.py:208} INFO - Processing /home/airflow/.local/lib/python3.12/site-packages/airflow/example_dags/example_short_circuit_decorator.py took 0.091 seconds
[2025-04-06T22:02:35.868+0000] {processor.py:186} INFO - Started process (PID=3907) to work on /home/airflow/.local/lib/python3.12/site-packages/airflow/example_dags/example_short_circuit_decorator.py
[2025-04-06T22:02:35.868+0000] {processor.py:914} INFO - Processing file /home/airflow/.local/lib/python3.12/site-packages/airflow/example_dags/example_short_circuit_decorator.py for tasks to queue
[2025-04-06T22:02:35.871+0000] {logging_mixin.py:190} INFO - [2025-04-06T22:02:35.870+0000] {dagbag.py:588} INFO - Filling up the DagBag from /home/airflow/.local/lib/python3.12/site-packages/airflow/example_dags/example_short_circuit_decorator.py
[2025-04-06T22:02:35.883+0000] {processor.py:925} INFO - DAG(s) 'example_short_circuit_decorator' retrieved from /home/airflow/.local/lib/python3.12/site-packages/airflow/example_dags/example_short_circuit_decorator.py
[2025-04-06T22:02:35.914+0000] {logging_mixin.py:190} INFO - [2025-04-06T22:02:35.913+0000] {dag.py:3239} INFO - Sync 1 DAGs
[2025-04-06T22:02:35.933+0000] {logging_mixin.py:190} INFO - [2025-04-06T22:02:35.933+0000] {dag.py:4180} INFO - Setting next_dagrun for example_short_circuit_decorator to None, run_after=None
[2025-04-06T22:02:35.952+0000] {processor.py:208} INFO - Processing /home/airflow/.local/lib/python3.12/site-packages/airflow/example_dags/example_short_circuit_decorator.py took 0.091 seconds
[2025-04-06T22:03:06.211+0000] {processor.py:186} INFO - Started process (PID=3971) to work on /home/airflow/.local/lib/python3.12/site-packages/airflow/example_dags/example_short_circuit_decorator.py
[2025-04-06T22:03:06.212+0000] {processor.py:914} INFO - Processing file /home/airflow/.local/lib/python3.12/site-packages/airflow/example_dags/example_short_circuit_decorator.py for tasks to queue
[2025-04-06T22:03:06.214+0000] {logging_mixin.py:190} INFO - [2025-04-06T22:03:06.213+0000] {dagbag.py:588} INFO - Filling up the DagBag from /home/airflow/.local/lib/python3.12/site-packages/airflow/example_dags/example_short_circuit_decorator.py
[2025-04-06T22:03:06.226+0000] {processor.py:925} INFO - DAG(s) 'example_short_circuit_decorator' retrieved from /home/airflow/.local/lib/python3.12/site-packages/airflow/example_dags/example_short_circuit_decorator.py
[2025-04-06T22:03:06.258+0000] {logging_mixin.py:190} INFO - [2025-04-06T22:03:06.257+0000] {dag.py:3239} INFO - Sync 1 DAGs
[2025-04-06T22:03:06.277+0000] {logging_mixin.py:190} INFO - [2025-04-06T22:03:06.277+0000] {dag.py:4180} INFO - Setting next_dagrun for example_short_circuit_decorator to None, run_after=None
[2025-04-06T22:03:06.297+0000] {processor.py:208} INFO - Processing /home/airflow/.local/lib/python3.12/site-packages/airflow/example_dags/example_short_circuit_decorator.py took 0.092 seconds
[2025-04-06T22:03:36.342+0000] {processor.py:186} INFO - Started process (PID=4034) to work on /home/airflow/.local/lib/python3.12/site-packages/airflow/example_dags/example_short_circuit_decorator.py
[2025-04-06T22:03:36.343+0000] {processor.py:914} INFO - Processing file /home/airflow/.local/lib/python3.12/site-packages/airflow/example_dags/example_short_circuit_decorator.py for tasks to queue
[2025-04-06T22:03:36.345+0000] {logging_mixin.py:190} INFO - [2025-04-06T22:03:36.345+0000] {dagbag.py:588} INFO - Filling up the DagBag from /home/airflow/.local/lib/python3.12/site-packages/airflow/example_dags/example_short_circuit_decorator.py
[2025-04-06T22:03:36.358+0000] {processor.py:925} INFO - DAG(s) 'example_short_circuit_decorator' retrieved from /home/airflow/.local/lib/python3.12/site-packages/airflow/example_dags/example_short_circuit_decorator.py
[2025-04-06T22:03:36.388+0000] {logging_mixin.py:190} INFO - [2025-04-06T22:03:36.387+0000] {dag.py:3239} INFO - Sync 1 DAGs
[2025-04-06T22:03:36.406+0000] {logging_mixin.py:190} INFO - [2025-04-06T22:03:36.406+0000] {dag.py:4180} INFO - Setting next_dagrun for example_short_circuit_decorator to None, run_after=None
[2025-04-06T22:03:36.424+0000] {processor.py:208} INFO - Processing /home/airflow/.local/lib/python3.12/site-packages/airflow/example_dags/example_short_circuit_decorator.py took 0.089 seconds
[2025-04-06T22:04:08.122+0000] {processor.py:186} INFO - Started process (PID=4095) to work on /home/airflow/.local/lib/python3.12/site-packages/airflow/example_dags/example_short_circuit_decorator.py
[2025-04-06T22:04:08.125+0000] {processor.py:914} INFO - Processing file /home/airflow/.local/lib/python3.12/site-packages/airflow/example_dags/example_short_circuit_decorator.py for tasks to queue
[2025-04-06T22:04:08.135+0000] {logging_mixin.py:190} INFO - [2025-04-06T22:04:08.135+0000] {dagbag.py:588} INFO - Filling up the DagBag from /home/airflow/.local/lib/python3.12/site-packages/airflow/example_dags/example_short_circuit_decorator.py
[2025-04-06T22:04:08.160+0000] {processor.py:925} INFO - DAG(s) 'example_short_circuit_decorator' retrieved from /home/airflow/.local/lib/python3.12/site-packages/airflow/example_dags/example_short_circuit_decorator.py
[2025-04-06T22:04:08.189+0000] {logging_mixin.py:190} INFO - [2025-04-06T22:04:08.188+0000] {dag.py:3239} INFO - Sync 1 DAGs
[2025-04-06T22:04:08.211+0000] {logging_mixin.py:190} INFO - [2025-04-06T22:04:08.211+0000] {dag.py:4180} INFO - Setting next_dagrun for example_short_circuit_decorator to None, run_after=None
[2025-04-06T22:04:08.258+0000] {processor.py:208} INFO - Processing /home/airflow/.local/lib/python3.12/site-packages/airflow/example_dags/example_short_circuit_decorator.py took 0.157 seconds
[2025-04-06T22:04:38.621+0000] {processor.py:186} INFO - Started process (PID=4155) to work on /home/airflow/.local/lib/python3.12/site-packages/airflow/example_dags/example_short_circuit_decorator.py
[2025-04-06T22:04:38.622+0000] {processor.py:914} INFO - Processing file /home/airflow/.local/lib/python3.12/site-packages/airflow/example_dags/example_short_circuit_decorator.py for tasks to queue
[2025-04-06T22:04:38.625+0000] {logging_mixin.py:190} INFO - [2025-04-06T22:04:38.625+0000] {dagbag.py:588} INFO - Filling up the DagBag from /home/airflow/.local/lib/python3.12/site-packages/airflow/example_dags/example_short_circuit_decorator.py
[2025-04-06T22:04:38.638+0000] {processor.py:925} INFO - DAG(s) 'example_short_circuit_decorator' retrieved from /home/airflow/.local/lib/python3.12/site-packages/airflow/example_dags/example_short_circuit_decorator.py
[2025-04-06T22:04:38.668+0000] {logging_mixin.py:190} INFO - [2025-04-06T22:04:38.668+0000] {dag.py:3239} INFO - Sync 1 DAGs
[2025-04-06T22:04:38.686+0000] {logging_mixin.py:190} INFO - [2025-04-06T22:04:38.686+0000] {dag.py:4180} INFO - Setting next_dagrun for example_short_circuit_decorator to None, run_after=None
[2025-04-06T22:04:38.709+0000] {processor.py:208} INFO - Processing /home/airflow/.local/lib/python3.12/site-packages/airflow/example_dags/example_short_circuit_decorator.py took 0.094 seconds
[2025-04-06T22:05:08.963+0000] {processor.py:186} INFO - Started process (PID=4219) to work on /home/airflow/.local/lib/python3.12/site-packages/airflow/example_dags/example_short_circuit_decorator.py
[2025-04-06T22:05:08.963+0000] {processor.py:914} INFO - Processing file /home/airflow/.local/lib/python3.12/site-packages/airflow/example_dags/example_short_circuit_decorator.py for tasks to queue
[2025-04-06T22:05:08.966+0000] {logging_mixin.py:190} INFO - [2025-04-06T22:05:08.966+0000] {dagbag.py:588} INFO - Filling up the DagBag from /home/airflow/.local/lib/python3.12/site-packages/airflow/example_dags/example_short_circuit_decorator.py
[2025-04-06T22:05:08.979+0000] {processor.py:925} INFO - DAG(s) 'example_short_circuit_decorator' retrieved from /home/airflow/.local/lib/python3.12/site-packages/airflow/example_dags/example_short_circuit_decorator.py
[2025-04-06T22:05:09.010+0000] {logging_mixin.py:190} INFO - [2025-04-06T22:05:09.009+0000] {dag.py:3239} INFO - Sync 1 DAGs
[2025-04-06T22:05:09.028+0000] {logging_mixin.py:190} INFO - [2025-04-06T22:05:09.028+0000] {dag.py:4180} INFO - Setting next_dagrun for example_short_circuit_decorator to None, run_after=None
[2025-04-06T22:05:09.047+0000] {processor.py:208} INFO - Processing /home/airflow/.local/lib/python3.12/site-packages/airflow/example_dags/example_short_circuit_decorator.py took 0.091 seconds
