[2025-04-06T21:32:17.955+0000] {processor.py:186} INFO - Started process (PID=122) to work on /home/airflow/.local/lib/python3.12/site-packages/airflow/example_dags/example_python_operator.py
[2025-04-06T21:32:17.956+0000] {processor.py:914} INFO - Processing file /home/airflow/.local/lib/python3.12/site-packages/airflow/example_dags/example_python_operator.py for tasks to queue
[2025-04-06T21:32:17.958+0000] {logging_mixin.py:190} INFO - [2025-04-06T21:32:17.958+0000] {dagbag.py:588} INFO - Filling up the DagBag from /home/airflow/.local/lib/python3.12/site-packages/airflow/example_dags/example_python_operator.py
[2025-04-06T21:32:17.973+0000] {processor.py:925} INFO - DAG(s) 'example_python_operator' retrieved from /home/airflow/.local/lib/python3.12/site-packages/airflow/example_dags/example_python_operator.py
[2025-04-06T21:32:18.190+0000] {logging_mixin.py:190} INFO - [2025-04-06T21:32:18.189+0000] {dag.py:3239} INFO - Sync 1 DAGs
[2025-04-06T21:32:18.211+0000] {logging_mixin.py:190} INFO - [2025-04-06T21:32:18.211+0000] {dag.py:4180} INFO - Setting next_dagrun for example_python_operator to None, run_after=None
[2025-04-06T21:32:18.230+0000] {processor.py:208} INFO - Processing /home/airflow/.local/lib/python3.12/site-packages/airflow/example_dags/example_python_operator.py took 0.283 seconds
[2025-04-06T21:32:48.781+0000] {processor.py:186} INFO - Started process (PID=187) to work on /home/airflow/.local/lib/python3.12/site-packages/airflow/example_dags/example_python_operator.py
[2025-04-06T21:32:48.783+0000] {processor.py:914} INFO - Processing file /home/airflow/.local/lib/python3.12/site-packages/airflow/example_dags/example_python_operator.py for tasks to queue
[2025-04-06T21:32:48.785+0000] {logging_mixin.py:190} INFO - [2025-04-06T21:32:48.785+0000] {dagbag.py:588} INFO - Filling up the DagBag from /home/airflow/.local/lib/python3.12/site-packages/airflow/example_dags/example_python_operator.py
[2025-04-06T21:32:48.802+0000] {processor.py:925} INFO - DAG(s) 'example_python_operator' retrieved from /home/airflow/.local/lib/python3.12/site-packages/airflow/example_dags/example_python_operator.py
[2025-04-06T21:32:48.839+0000] {logging_mixin.py:190} INFO - [2025-04-06T21:32:48.838+0000] {dag.py:3239} INFO - Sync 1 DAGs
[2025-04-06T21:32:48.866+0000] {logging_mixin.py:190} INFO - [2025-04-06T21:32:48.866+0000] {dag.py:4180} INFO - Setting next_dagrun for example_python_operator to None, run_after=None
[2025-04-06T21:32:48.886+0000] {processor.py:208} INFO - Processing /home/airflow/.local/lib/python3.12/site-packages/airflow/example_dags/example_python_operator.py took 0.115 seconds
[2025-04-06T21:33:19.432+0000] {processor.py:186} INFO - Started process (PID=250) to work on /home/airflow/.local/lib/python3.12/site-packages/airflow/example_dags/example_python_operator.py
[2025-04-06T21:33:19.433+0000] {processor.py:914} INFO - Processing file /home/airflow/.local/lib/python3.12/site-packages/airflow/example_dags/example_python_operator.py for tasks to queue
[2025-04-06T21:33:19.435+0000] {logging_mixin.py:190} INFO - [2025-04-06T21:33:19.434+0000] {dagbag.py:588} INFO - Filling up the DagBag from /home/airflow/.local/lib/python3.12/site-packages/airflow/example_dags/example_python_operator.py
[2025-04-06T21:33:19.452+0000] {processor.py:925} INFO - DAG(s) 'example_python_operator' retrieved from /home/airflow/.local/lib/python3.12/site-packages/airflow/example_dags/example_python_operator.py
[2025-04-06T21:33:19.483+0000] {logging_mixin.py:190} INFO - [2025-04-06T21:33:19.482+0000] {dag.py:3239} INFO - Sync 1 DAGs
[2025-04-06T21:33:19.513+0000] {logging_mixin.py:190} INFO - [2025-04-06T21:33:19.512+0000] {dag.py:4180} INFO - Setting next_dagrun for example_python_operator to None, run_after=None
[2025-04-06T21:33:19.537+0000] {processor.py:208} INFO - Processing /home/airflow/.local/lib/python3.12/site-packages/airflow/example_dags/example_python_operator.py took 0.112 seconds
[2025-04-06T21:33:55.116+0000] {processor.py:186} INFO - Started process (PID=314) to work on /home/airflow/.local/lib/python3.12/site-packages/airflow/example_dags/example_python_operator.py
[2025-04-06T21:33:55.119+0000] {processor.py:914} INFO - Processing file /home/airflow/.local/lib/python3.12/site-packages/airflow/example_dags/example_python_operator.py for tasks to queue
[2025-04-06T21:33:55.125+0000] {logging_mixin.py:190} INFO - [2025-04-06T21:33:55.123+0000] {dagbag.py:588} INFO - Filling up the DagBag from /home/airflow/.local/lib/python3.12/site-packages/airflow/example_dags/example_python_operator.py
[2025-04-06T21:33:55.167+0000] {processor.py:925} INFO - DAG(s) 'example_python_operator' retrieved from /home/airflow/.local/lib/python3.12/site-packages/airflow/example_dags/example_python_operator.py
[2025-04-06T21:33:55.280+0000] {logging_mixin.py:190} INFO - [2025-04-06T21:33:55.276+0000] {dag.py:3239} INFO - Sync 1 DAGs
[2025-04-06T21:33:55.363+0000] {logging_mixin.py:190} INFO - [2025-04-06T21:33:55.362+0000] {dag.py:4180} INFO - Setting next_dagrun for example_python_operator to None, run_after=None
[2025-04-06T21:33:55.429+0000] {processor.py:208} INFO - Processing /home/airflow/.local/lib/python3.12/site-packages/airflow/example_dags/example_python_operator.py took 0.320 seconds
[2025-04-06T21:34:25.727+0000] {processor.py:186} INFO - Started process (PID=378) to work on /home/airflow/.local/lib/python3.12/site-packages/airflow/example_dags/example_python_operator.py
[2025-04-06T21:34:25.750+0000] {processor.py:914} INFO - Processing file /home/airflow/.local/lib/python3.12/site-packages/airflow/example_dags/example_python_operator.py for tasks to queue
[2025-04-06T21:34:25.757+0000] {logging_mixin.py:190} INFO - [2025-04-06T21:34:25.757+0000] {dagbag.py:588} INFO - Filling up the DagBag from /home/airflow/.local/lib/python3.12/site-packages/airflow/example_dags/example_python_operator.py
[2025-04-06T21:34:25.788+0000] {processor.py:925} INFO - DAG(s) 'example_python_operator' retrieved from /home/airflow/.local/lib/python3.12/site-packages/airflow/example_dags/example_python_operator.py
[2025-04-06T21:34:25.832+0000] {logging_mixin.py:190} INFO - [2025-04-06T21:34:25.831+0000] {dag.py:3239} INFO - Sync 1 DAGs
[2025-04-06T21:34:25.857+0000] {logging_mixin.py:190} INFO - [2025-04-06T21:34:25.857+0000] {dag.py:4180} INFO - Setting next_dagrun for example_python_operator to None, run_after=None
[2025-04-06T21:34:25.883+0000] {processor.py:208} INFO - Processing /home/airflow/.local/lib/python3.12/site-packages/airflow/example_dags/example_python_operator.py took 0.165 seconds
[2025-04-06T21:34:57.027+0000] {processor.py:186} INFO - Started process (PID=442) to work on /home/airflow/.local/lib/python3.12/site-packages/airflow/example_dags/example_python_operator.py
[2025-04-06T21:34:57.028+0000] {processor.py:914} INFO - Processing file /home/airflow/.local/lib/python3.12/site-packages/airflow/example_dags/example_python_operator.py for tasks to queue
[2025-04-06T21:34:57.033+0000] {logging_mixin.py:190} INFO - [2025-04-06T21:34:57.033+0000] {dagbag.py:588} INFO - Filling up the DagBag from /home/airflow/.local/lib/python3.12/site-packages/airflow/example_dags/example_python_operator.py
[2025-04-06T21:34:57.057+0000] {processor.py:925} INFO - DAG(s) 'example_python_operator' retrieved from /home/airflow/.local/lib/python3.12/site-packages/airflow/example_dags/example_python_operator.py
[2025-04-06T21:34:57.098+0000] {logging_mixin.py:190} INFO - [2025-04-06T21:34:57.097+0000] {dag.py:3239} INFO - Sync 1 DAGs
[2025-04-06T21:34:57.126+0000] {logging_mixin.py:190} INFO - [2025-04-06T21:34:57.126+0000] {dag.py:4180} INFO - Setting next_dagrun for example_python_operator to None, run_after=None
[2025-04-06T21:34:57.157+0000] {processor.py:208} INFO - Processing /home/airflow/.local/lib/python3.12/site-packages/airflow/example_dags/example_python_operator.py took 0.140 seconds
[2025-04-06T21:35:27.972+0000] {processor.py:186} INFO - Started process (PID=507) to work on /home/airflow/.local/lib/python3.12/site-packages/airflow/example_dags/example_python_operator.py
[2025-04-06T21:35:27.973+0000] {processor.py:914} INFO - Processing file /home/airflow/.local/lib/python3.12/site-packages/airflow/example_dags/example_python_operator.py for tasks to queue
[2025-04-06T21:35:27.975+0000] {logging_mixin.py:190} INFO - [2025-04-06T21:35:27.975+0000] {dagbag.py:588} INFO - Filling up the DagBag from /home/airflow/.local/lib/python3.12/site-packages/airflow/example_dags/example_python_operator.py
[2025-04-06T21:35:27.992+0000] {processor.py:925} INFO - DAG(s) 'example_python_operator' retrieved from /home/airflow/.local/lib/python3.12/site-packages/airflow/example_dags/example_python_operator.py
[2025-04-06T21:35:28.021+0000] {logging_mixin.py:190} INFO - [2025-04-06T21:35:28.020+0000] {dag.py:3239} INFO - Sync 1 DAGs
[2025-04-06T21:35:28.065+0000] {logging_mixin.py:190} INFO - [2025-04-06T21:35:28.064+0000] {dag.py:4180} INFO - Setting next_dagrun for example_python_operator to None, run_after=None
[2025-04-06T21:35:28.098+0000] {processor.py:208} INFO - Processing /home/airflow/.local/lib/python3.12/site-packages/airflow/example_dags/example_python_operator.py took 0.136 seconds
[2025-04-06T21:35:58.533+0000] {processor.py:186} INFO - Started process (PID=571) to work on /home/airflow/.local/lib/python3.12/site-packages/airflow/example_dags/example_python_operator.py
[2025-04-06T21:35:58.533+0000] {processor.py:914} INFO - Processing file /home/airflow/.local/lib/python3.12/site-packages/airflow/example_dags/example_python_operator.py for tasks to queue
[2025-04-06T21:35:58.536+0000] {logging_mixin.py:190} INFO - [2025-04-06T21:35:58.535+0000] {dagbag.py:588} INFO - Filling up the DagBag from /home/airflow/.local/lib/python3.12/site-packages/airflow/example_dags/example_python_operator.py
[2025-04-06T21:35:58.552+0000] {processor.py:925} INFO - DAG(s) 'example_python_operator' retrieved from /home/airflow/.local/lib/python3.12/site-packages/airflow/example_dags/example_python_operator.py
[2025-04-06T21:35:58.580+0000] {logging_mixin.py:190} INFO - [2025-04-06T21:35:58.580+0000] {dag.py:3239} INFO - Sync 1 DAGs
[2025-04-06T21:35:58.599+0000] {logging_mixin.py:190} INFO - [2025-04-06T21:35:58.598+0000] {dag.py:4180} INFO - Setting next_dagrun for example_python_operator to None, run_after=None
[2025-04-06T21:35:58.638+0000] {processor.py:208} INFO - Processing /home/airflow/.local/lib/python3.12/site-packages/airflow/example_dags/example_python_operator.py took 0.111 seconds
[2025-04-06T21:36:29.458+0000] {processor.py:186} INFO - Started process (PID=635) to work on /home/airflow/.local/lib/python3.12/site-packages/airflow/example_dags/example_python_operator.py
[2025-04-06T21:36:29.458+0000] {processor.py:914} INFO - Processing file /home/airflow/.local/lib/python3.12/site-packages/airflow/example_dags/example_python_operator.py for tasks to queue
[2025-04-06T21:36:29.461+0000] {logging_mixin.py:190} INFO - [2025-04-06T21:36:29.460+0000] {dagbag.py:588} INFO - Filling up the DagBag from /home/airflow/.local/lib/python3.12/site-packages/airflow/example_dags/example_python_operator.py
[2025-04-06T21:36:29.477+0000] {processor.py:925} INFO - DAG(s) 'example_python_operator' retrieved from /home/airflow/.local/lib/python3.12/site-packages/airflow/example_dags/example_python_operator.py
[2025-04-06T21:36:29.504+0000] {logging_mixin.py:190} INFO - [2025-04-06T21:36:29.504+0000] {dag.py:3239} INFO - Sync 1 DAGs
[2025-04-06T21:36:29.522+0000] {logging_mixin.py:190} INFO - [2025-04-06T21:36:29.522+0000] {dag.py:4180} INFO - Setting next_dagrun for example_python_operator to None, run_after=None
[2025-04-06T21:36:29.541+0000] {processor.py:208} INFO - Processing /home/airflow/.local/lib/python3.12/site-packages/airflow/example_dags/example_python_operator.py took 0.090 seconds
[2025-04-06T21:37:00.001+0000] {processor.py:186} INFO - Started process (PID=699) to work on /home/airflow/.local/lib/python3.12/site-packages/airflow/example_dags/example_python_operator.py
[2025-04-06T21:37:00.001+0000] {processor.py:914} INFO - Processing file /home/airflow/.local/lib/python3.12/site-packages/airflow/example_dags/example_python_operator.py for tasks to queue
[2025-04-06T21:37:00.004+0000] {logging_mixin.py:190} INFO - [2025-04-06T21:37:00.003+0000] {dagbag.py:588} INFO - Filling up the DagBag from /home/airflow/.local/lib/python3.12/site-packages/airflow/example_dags/example_python_operator.py
[2025-04-06T21:37:00.020+0000] {processor.py:925} INFO - DAG(s) 'example_python_operator' retrieved from /home/airflow/.local/lib/python3.12/site-packages/airflow/example_dags/example_python_operator.py
[2025-04-06T21:37:00.048+0000] {logging_mixin.py:190} INFO - [2025-04-06T21:37:00.048+0000] {dag.py:3239} INFO - Sync 1 DAGs
[2025-04-06T21:37:00.067+0000] {logging_mixin.py:190} INFO - [2025-04-06T21:37:00.067+0000] {dag.py:4180} INFO - Setting next_dagrun for example_python_operator to None, run_after=None
[2025-04-06T21:37:00.085+0000] {processor.py:208} INFO - Processing /home/airflow/.local/lib/python3.12/site-packages/airflow/example_dags/example_python_operator.py took 0.091 seconds
[2025-04-06T21:37:30.562+0000] {processor.py:186} INFO - Started process (PID=762) to work on /home/airflow/.local/lib/python3.12/site-packages/airflow/example_dags/example_python_operator.py
[2025-04-06T21:37:30.563+0000] {processor.py:914} INFO - Processing file /home/airflow/.local/lib/python3.12/site-packages/airflow/example_dags/example_python_operator.py for tasks to queue
[2025-04-06T21:37:30.565+0000] {logging_mixin.py:190} INFO - [2025-04-06T21:37:30.565+0000] {dagbag.py:588} INFO - Filling up the DagBag from /home/airflow/.local/lib/python3.12/site-packages/airflow/example_dags/example_python_operator.py
[2025-04-06T21:37:30.581+0000] {processor.py:925} INFO - DAG(s) 'example_python_operator' retrieved from /home/airflow/.local/lib/python3.12/site-packages/airflow/example_dags/example_python_operator.py
[2025-04-06T21:37:30.609+0000] {logging_mixin.py:190} INFO - [2025-04-06T21:37:30.608+0000] {dag.py:3239} INFO - Sync 1 DAGs
[2025-04-06T21:37:30.628+0000] {logging_mixin.py:190} INFO - [2025-04-06T21:37:30.628+0000] {dag.py:4180} INFO - Setting next_dagrun for example_python_operator to None, run_after=None
[2025-04-06T21:37:30.647+0000] {processor.py:208} INFO - Processing /home/airflow/.local/lib/python3.12/site-packages/airflow/example_dags/example_python_operator.py took 0.092 seconds
[2025-04-06T21:38:01.280+0000] {processor.py:186} INFO - Started process (PID=826) to work on /home/airflow/.local/lib/python3.12/site-packages/airflow/example_dags/example_python_operator.py
[2025-04-06T21:38:01.281+0000] {processor.py:914} INFO - Processing file /home/airflow/.local/lib/python3.12/site-packages/airflow/example_dags/example_python_operator.py for tasks to queue
[2025-04-06T21:38:01.287+0000] {logging_mixin.py:190} INFO - [2025-04-06T21:38:01.285+0000] {dagbag.py:588} INFO - Filling up the DagBag from /home/airflow/.local/lib/python3.12/site-packages/airflow/example_dags/example_python_operator.py
[2025-04-06T21:38:01.327+0000] {processor.py:925} INFO - DAG(s) 'example_python_operator' retrieved from /home/airflow/.local/lib/python3.12/site-packages/airflow/example_dags/example_python_operator.py
[2025-04-06T21:38:01.356+0000] {logging_mixin.py:190} INFO - [2025-04-06T21:38:01.355+0000] {dag.py:3239} INFO - Sync 1 DAGs
[2025-04-06T21:38:01.376+0000] {logging_mixin.py:190} INFO - [2025-04-06T21:38:01.375+0000] {dag.py:4180} INFO - Setting next_dagrun for example_python_operator to None, run_after=None
[2025-04-06T21:38:01.404+0000] {processor.py:208} INFO - Processing /home/airflow/.local/lib/python3.12/site-packages/airflow/example_dags/example_python_operator.py took 0.131 seconds
[2025-04-06T21:38:32.545+0000] {processor.py:186} INFO - Started process (PID=890) to work on /home/airflow/.local/lib/python3.12/site-packages/airflow/example_dags/example_python_operator.py
[2025-04-06T21:38:32.546+0000] {processor.py:914} INFO - Processing file /home/airflow/.local/lib/python3.12/site-packages/airflow/example_dags/example_python_operator.py for tasks to queue
[2025-04-06T21:38:32.549+0000] {logging_mixin.py:190} INFO - [2025-04-06T21:38:32.548+0000] {dagbag.py:588} INFO - Filling up the DagBag from /home/airflow/.local/lib/python3.12/site-packages/airflow/example_dags/example_python_operator.py
[2025-04-06T21:38:32.592+0000] {processor.py:925} INFO - DAG(s) 'example_python_operator' retrieved from /home/airflow/.local/lib/python3.12/site-packages/airflow/example_dags/example_python_operator.py
[2025-04-06T21:38:32.678+0000] {logging_mixin.py:190} INFO - [2025-04-06T21:38:32.672+0000] {dag.py:3239} INFO - Sync 1 DAGs
[2025-04-06T21:38:32.746+0000] {logging_mixin.py:190} INFO - [2025-04-06T21:38:32.746+0000] {dag.py:4180} INFO - Setting next_dagrun for example_python_operator to None, run_after=None
[2025-04-06T21:38:32.790+0000] {processor.py:208} INFO - Processing /home/airflow/.local/lib/python3.12/site-packages/airflow/example_dags/example_python_operator.py took 0.252 seconds
[2025-04-06T21:39:03.949+0000] {processor.py:186} INFO - Started process (PID=956) to work on /home/airflow/.local/lib/python3.12/site-packages/airflow/example_dags/example_python_operator.py
[2025-04-06T21:39:03.956+0000] {processor.py:914} INFO - Processing file /home/airflow/.local/lib/python3.12/site-packages/airflow/example_dags/example_python_operator.py for tasks to queue
[2025-04-06T21:39:03.965+0000] {logging_mixin.py:190} INFO - [2025-04-06T21:39:03.964+0000] {dagbag.py:588} INFO - Filling up the DagBag from /home/airflow/.local/lib/python3.12/site-packages/airflow/example_dags/example_python_operator.py
[2025-04-06T21:39:04.038+0000] {processor.py:925} INFO - DAG(s) 'example_python_operator' retrieved from /home/airflow/.local/lib/python3.12/site-packages/airflow/example_dags/example_python_operator.py
[2025-04-06T21:39:04.210+0000] {logging_mixin.py:190} INFO - [2025-04-06T21:39:04.209+0000] {dag.py:3239} INFO - Sync 1 DAGs
[2025-04-06T21:39:04.280+0000] {logging_mixin.py:190} INFO - [2025-04-06T21:39:04.280+0000] {dag.py:4180} INFO - Setting next_dagrun for example_python_operator to None, run_after=None
[2025-04-06T21:39:04.342+0000] {processor.py:208} INFO - Processing /home/airflow/.local/lib/python3.12/site-packages/airflow/example_dags/example_python_operator.py took 0.430 seconds
[2025-04-06T21:39:35.249+0000] {processor.py:186} INFO - Started process (PID=1021) to work on /home/airflow/.local/lib/python3.12/site-packages/airflow/example_dags/example_python_operator.py
[2025-04-06T21:39:35.250+0000] {processor.py:914} INFO - Processing file /home/airflow/.local/lib/python3.12/site-packages/airflow/example_dags/example_python_operator.py for tasks to queue
[2025-04-06T21:39:35.254+0000] {logging_mixin.py:190} INFO - [2025-04-06T21:39:35.254+0000] {dagbag.py:588} INFO - Filling up the DagBag from /home/airflow/.local/lib/python3.12/site-packages/airflow/example_dags/example_python_operator.py
[2025-04-06T21:39:35.288+0000] {processor.py:925} INFO - DAG(s) 'example_python_operator' retrieved from /home/airflow/.local/lib/python3.12/site-packages/airflow/example_dags/example_python_operator.py
[2025-04-06T21:39:35.357+0000] {logging_mixin.py:190} INFO - [2025-04-06T21:39:35.354+0000] {dag.py:3239} INFO - Sync 1 DAGs
[2025-04-06T21:39:35.429+0000] {logging_mixin.py:190} INFO - [2025-04-06T21:39:35.429+0000] {dag.py:4180} INFO - Setting next_dagrun for example_python_operator to None, run_after=None
[2025-04-06T21:39:35.481+0000] {processor.py:208} INFO - Processing /home/airflow/.local/lib/python3.12/site-packages/airflow/example_dags/example_python_operator.py took 0.250 seconds
[2025-04-06T21:40:06.294+0000] {processor.py:186} INFO - Started process (PID=1085) to work on /home/airflow/.local/lib/python3.12/site-packages/airflow/example_dags/example_python_operator.py
[2025-04-06T21:40:06.294+0000] {processor.py:914} INFO - Processing file /home/airflow/.local/lib/python3.12/site-packages/airflow/example_dags/example_python_operator.py for tasks to queue
[2025-04-06T21:40:06.297+0000] {logging_mixin.py:190} INFO - [2025-04-06T21:40:06.297+0000] {dagbag.py:588} INFO - Filling up the DagBag from /home/airflow/.local/lib/python3.12/site-packages/airflow/example_dags/example_python_operator.py
[2025-04-06T21:40:06.330+0000] {processor.py:925} INFO - DAG(s) 'example_python_operator' retrieved from /home/airflow/.local/lib/python3.12/site-packages/airflow/example_dags/example_python_operator.py
[2025-04-06T21:40:06.372+0000] {logging_mixin.py:190} INFO - [2025-04-06T21:40:06.370+0000] {dag.py:3239} INFO - Sync 1 DAGs
[2025-04-06T21:40:06.405+0000] {logging_mixin.py:190} INFO - [2025-04-06T21:40:06.405+0000] {dag.py:4180} INFO - Setting next_dagrun for example_python_operator to None, run_after=None
[2025-04-06T21:40:06.432+0000] {processor.py:208} INFO - Processing /home/airflow/.local/lib/python3.12/site-packages/airflow/example_dags/example_python_operator.py took 0.149 seconds
[2025-04-06T21:40:36.915+0000] {processor.py:186} INFO - Started process (PID=1149) to work on /home/airflow/.local/lib/python3.12/site-packages/airflow/example_dags/example_python_operator.py
[2025-04-06T21:40:36.915+0000] {processor.py:914} INFO - Processing file /home/airflow/.local/lib/python3.12/site-packages/airflow/example_dags/example_python_operator.py for tasks to queue
[2025-04-06T21:40:36.918+0000] {logging_mixin.py:190} INFO - [2025-04-06T21:40:36.918+0000] {dagbag.py:588} INFO - Filling up the DagBag from /home/airflow/.local/lib/python3.12/site-packages/airflow/example_dags/example_python_operator.py
[2025-04-06T21:40:36.957+0000] {processor.py:925} INFO - DAG(s) 'example_python_operator' retrieved from /home/airflow/.local/lib/python3.12/site-packages/airflow/example_dags/example_python_operator.py
[2025-04-06T21:40:37.033+0000] {logging_mixin.py:190} INFO - [2025-04-06T21:40:37.032+0000] {dag.py:3239} INFO - Sync 1 DAGs
[2025-04-06T21:40:37.052+0000] {logging_mixin.py:190} INFO - [2025-04-06T21:40:37.051+0000] {dag.py:4180} INFO - Setting next_dagrun for example_python_operator to None, run_after=None
[2025-04-06T21:40:37.071+0000] {processor.py:208} INFO - Processing /home/airflow/.local/lib/python3.12/site-packages/airflow/example_dags/example_python_operator.py took 0.163 seconds
[2025-04-06T21:41:07.228+0000] {processor.py:186} INFO - Started process (PID=1212) to work on /home/airflow/.local/lib/python3.12/site-packages/airflow/example_dags/example_python_operator.py
[2025-04-06T21:41:07.229+0000] {processor.py:914} INFO - Processing file /home/airflow/.local/lib/python3.12/site-packages/airflow/example_dags/example_python_operator.py for tasks to queue
[2025-04-06T21:41:07.231+0000] {logging_mixin.py:190} INFO - [2025-04-06T21:41:07.230+0000] {dagbag.py:588} INFO - Filling up the DagBag from /home/airflow/.local/lib/python3.12/site-packages/airflow/example_dags/example_python_operator.py
[2025-04-06T21:41:07.241+0000] {processor.py:925} INFO - DAG(s) 'example_python_operator' retrieved from /home/airflow/.local/lib/python3.12/site-packages/airflow/example_dags/example_python_operator.py
[2025-04-06T21:41:07.260+0000] {logging_mixin.py:190} INFO - [2025-04-06T21:41:07.259+0000] {dag.py:3239} INFO - Sync 1 DAGs
[2025-04-06T21:41:07.271+0000] {logging_mixin.py:190} INFO - [2025-04-06T21:41:07.271+0000] {dag.py:4180} INFO - Setting next_dagrun for example_python_operator to None, run_after=None
[2025-04-06T21:41:07.285+0000] {processor.py:208} INFO - Processing /home/airflow/.local/lib/python3.12/site-packages/airflow/example_dags/example_python_operator.py took 0.061 seconds
[2025-04-06T21:41:37.357+0000] {processor.py:186} INFO - Started process (PID=1277) to work on /home/airflow/.local/lib/python3.12/site-packages/airflow/example_dags/example_python_operator.py
[2025-04-06T21:41:37.358+0000] {processor.py:914} INFO - Processing file /home/airflow/.local/lib/python3.12/site-packages/airflow/example_dags/example_python_operator.py for tasks to queue
[2025-04-06T21:41:37.360+0000] {logging_mixin.py:190} INFO - [2025-04-06T21:41:37.360+0000] {dagbag.py:588} INFO - Filling up the DagBag from /home/airflow/.local/lib/python3.12/site-packages/airflow/example_dags/example_python_operator.py
[2025-04-06T21:41:37.378+0000] {processor.py:925} INFO - DAG(s) 'example_python_operator' retrieved from /home/airflow/.local/lib/python3.12/site-packages/airflow/example_dags/example_python_operator.py
[2025-04-06T21:41:37.400+0000] {logging_mixin.py:190} INFO - [2025-04-06T21:41:37.399+0000] {dag.py:3239} INFO - Sync 1 DAGs
[2025-04-06T21:41:37.412+0000] {logging_mixin.py:190} INFO - [2025-04-06T21:41:37.412+0000] {dag.py:4180} INFO - Setting next_dagrun for example_python_operator to None, run_after=None
[2025-04-06T21:41:37.426+0000] {processor.py:208} INFO - Processing /home/airflow/.local/lib/python3.12/site-packages/airflow/example_dags/example_python_operator.py took 0.078 seconds
[2025-04-06T21:42:08.006+0000] {processor.py:186} INFO - Started process (PID=1341) to work on /home/airflow/.local/lib/python3.12/site-packages/airflow/example_dags/example_python_operator.py
[2025-04-06T21:42:08.007+0000] {processor.py:914} INFO - Processing file /home/airflow/.local/lib/python3.12/site-packages/airflow/example_dags/example_python_operator.py for tasks to queue
[2025-04-06T21:42:08.009+0000] {logging_mixin.py:190} INFO - [2025-04-06T21:42:08.009+0000] {dagbag.py:588} INFO - Filling up the DagBag from /home/airflow/.local/lib/python3.12/site-packages/airflow/example_dags/example_python_operator.py
[2025-04-06T21:42:08.024+0000] {processor.py:925} INFO - DAG(s) 'example_python_operator' retrieved from /home/airflow/.local/lib/python3.12/site-packages/airflow/example_dags/example_python_operator.py
[2025-04-06T21:42:08.051+0000] {logging_mixin.py:190} INFO - [2025-04-06T21:42:08.050+0000] {dag.py:3239} INFO - Sync 1 DAGs
[2025-04-06T21:42:08.071+0000] {logging_mixin.py:190} INFO - [2025-04-06T21:42:08.071+0000] {dag.py:4180} INFO - Setting next_dagrun for example_python_operator to None, run_after=None
[2025-04-06T21:42:08.091+0000] {processor.py:208} INFO - Processing /home/airflow/.local/lib/python3.12/site-packages/airflow/example_dags/example_python_operator.py took 0.092 seconds
[2025-04-06T21:42:38.694+0000] {processor.py:186} INFO - Started process (PID=1404) to work on /home/airflow/.local/lib/python3.12/site-packages/airflow/example_dags/example_python_operator.py
[2025-04-06T21:42:38.695+0000] {processor.py:914} INFO - Processing file /home/airflow/.local/lib/python3.12/site-packages/airflow/example_dags/example_python_operator.py for tasks to queue
[2025-04-06T21:42:38.697+0000] {logging_mixin.py:190} INFO - [2025-04-06T21:42:38.697+0000] {dagbag.py:588} INFO - Filling up the DagBag from /home/airflow/.local/lib/python3.12/site-packages/airflow/example_dags/example_python_operator.py
[2025-04-06T21:42:38.712+0000] {processor.py:925} INFO - DAG(s) 'example_python_operator' retrieved from /home/airflow/.local/lib/python3.12/site-packages/airflow/example_dags/example_python_operator.py
[2025-04-06T21:42:38.739+0000] {logging_mixin.py:190} INFO - [2025-04-06T21:42:38.738+0000] {dag.py:3239} INFO - Sync 1 DAGs
[2025-04-06T21:42:38.757+0000] {logging_mixin.py:190} INFO - [2025-04-06T21:42:38.757+0000] {dag.py:4180} INFO - Setting next_dagrun for example_python_operator to None, run_after=None
[2025-04-06T21:42:38.776+0000] {processor.py:208} INFO - Processing /home/airflow/.local/lib/python3.12/site-packages/airflow/example_dags/example_python_operator.py took 0.089 seconds
[2025-04-06T21:43:09.791+0000] {processor.py:186} INFO - Started process (PID=1468) to work on /home/airflow/.local/lib/python3.12/site-packages/airflow/example_dags/example_python_operator.py
[2025-04-06T21:43:09.792+0000] {processor.py:914} INFO - Processing file /home/airflow/.local/lib/python3.12/site-packages/airflow/example_dags/example_python_operator.py for tasks to queue
[2025-04-06T21:43:09.794+0000] {logging_mixin.py:190} INFO - [2025-04-06T21:43:09.794+0000] {dagbag.py:588} INFO - Filling up the DagBag from /home/airflow/.local/lib/python3.12/site-packages/airflow/example_dags/example_python_operator.py
[2025-04-06T21:43:09.811+0000] {processor.py:925} INFO - DAG(s) 'example_python_operator' retrieved from /home/airflow/.local/lib/python3.12/site-packages/airflow/example_dags/example_python_operator.py
[2025-04-06T21:43:09.843+0000] {logging_mixin.py:190} INFO - [2025-04-06T21:43:09.842+0000] {dag.py:3239} INFO - Sync 1 DAGs
[2025-04-06T21:43:09.873+0000] {logging_mixin.py:190} INFO - [2025-04-06T21:43:09.872+0000] {dag.py:4180} INFO - Setting next_dagrun for example_python_operator to None, run_after=None
[2025-04-06T21:43:09.890+0000] {processor.py:208} INFO - Processing /home/airflow/.local/lib/python3.12/site-packages/airflow/example_dags/example_python_operator.py took 0.110 seconds
[2025-04-06T21:43:39.992+0000] {processor.py:186} INFO - Started process (PID=1532) to work on /home/airflow/.local/lib/python3.12/site-packages/airflow/example_dags/example_python_operator.py
[2025-04-06T21:43:39.993+0000] {processor.py:914} INFO - Processing file /home/airflow/.local/lib/python3.12/site-packages/airflow/example_dags/example_python_operator.py for tasks to queue
[2025-04-06T21:43:39.995+0000] {logging_mixin.py:190} INFO - [2025-04-06T21:43:39.995+0000] {dagbag.py:588} INFO - Filling up the DagBag from /home/airflow/.local/lib/python3.12/site-packages/airflow/example_dags/example_python_operator.py
[2025-04-06T21:43:40.014+0000] {processor.py:925} INFO - DAG(s) 'example_python_operator' retrieved from /home/airflow/.local/lib/python3.12/site-packages/airflow/example_dags/example_python_operator.py
[2025-04-06T21:43:40.049+0000] {logging_mixin.py:190} INFO - [2025-04-06T21:43:40.048+0000] {dag.py:3239} INFO - Sync 1 DAGs
[2025-04-06T21:43:40.067+0000] {logging_mixin.py:190} INFO - [2025-04-06T21:43:40.067+0000] {dag.py:4180} INFO - Setting next_dagrun for example_python_operator to None, run_after=None
[2025-04-06T21:43:40.081+0000] {processor.py:208} INFO - Processing /home/airflow/.local/lib/python3.12/site-packages/airflow/example_dags/example_python_operator.py took 0.097 seconds
[2025-04-06T21:44:10.128+0000] {processor.py:186} INFO - Started process (PID=1596) to work on /home/airflow/.local/lib/python3.12/site-packages/airflow/example_dags/example_python_operator.py
[2025-04-06T21:44:10.129+0000] {processor.py:914} INFO - Processing file /home/airflow/.local/lib/python3.12/site-packages/airflow/example_dags/example_python_operator.py for tasks to queue
[2025-04-06T21:44:10.131+0000] {logging_mixin.py:190} INFO - [2025-04-06T21:44:10.131+0000] {dagbag.py:588} INFO - Filling up the DagBag from /home/airflow/.local/lib/python3.12/site-packages/airflow/example_dags/example_python_operator.py
[2025-04-06T21:44:10.147+0000] {processor.py:925} INFO - DAG(s) 'example_python_operator' retrieved from /home/airflow/.local/lib/python3.12/site-packages/airflow/example_dags/example_python_operator.py
[2025-04-06T21:44:10.173+0000] {logging_mixin.py:190} INFO - [2025-04-06T21:44:10.173+0000] {dag.py:3239} INFO - Sync 1 DAGs
[2025-04-06T21:44:10.192+0000] {logging_mixin.py:190} INFO - [2025-04-06T21:44:10.192+0000] {dag.py:4180} INFO - Setting next_dagrun for example_python_operator to None, run_after=None
[2025-04-06T21:44:10.211+0000] {processor.py:208} INFO - Processing /home/airflow/.local/lib/python3.12/site-packages/airflow/example_dags/example_python_operator.py took 0.090 seconds
[2025-04-06T21:44:40.697+0000] {processor.py:186} INFO - Started process (PID=1660) to work on /home/airflow/.local/lib/python3.12/site-packages/airflow/example_dags/example_python_operator.py
[2025-04-06T21:44:40.698+0000] {processor.py:914} INFO - Processing file /home/airflow/.local/lib/python3.12/site-packages/airflow/example_dags/example_python_operator.py for tasks to queue
[2025-04-06T21:44:40.701+0000] {logging_mixin.py:190} INFO - [2025-04-06T21:44:40.701+0000] {dagbag.py:588} INFO - Filling up the DagBag from /home/airflow/.local/lib/python3.12/site-packages/airflow/example_dags/example_python_operator.py
[2025-04-06T21:44:40.729+0000] {processor.py:925} INFO - DAG(s) 'example_python_operator' retrieved from /home/airflow/.local/lib/python3.12/site-packages/airflow/example_dags/example_python_operator.py
[2025-04-06T21:44:40.797+0000] {logging_mixin.py:190} INFO - [2025-04-06T21:44:40.796+0000] {dag.py:3239} INFO - Sync 1 DAGs
[2025-04-06T21:44:40.829+0000] {logging_mixin.py:190} INFO - [2025-04-06T21:44:40.829+0000] {dag.py:4180} INFO - Setting next_dagrun for example_python_operator to None, run_after=None
[2025-04-06T21:44:40.868+0000] {processor.py:208} INFO - Processing /home/airflow/.local/lib/python3.12/site-packages/airflow/example_dags/example_python_operator.py took 0.187 seconds
[2025-04-06T21:45:11.305+0000] {processor.py:186} INFO - Started process (PID=1724) to work on /home/airflow/.local/lib/python3.12/site-packages/airflow/example_dags/example_python_operator.py
[2025-04-06T21:45:11.306+0000] {processor.py:914} INFO - Processing file /home/airflow/.local/lib/python3.12/site-packages/airflow/example_dags/example_python_operator.py for tasks to queue
[2025-04-06T21:45:11.308+0000] {logging_mixin.py:190} INFO - [2025-04-06T21:45:11.308+0000] {dagbag.py:588} INFO - Filling up the DagBag from /home/airflow/.local/lib/python3.12/site-packages/airflow/example_dags/example_python_operator.py
[2025-04-06T21:45:11.339+0000] {processor.py:925} INFO - DAG(s) 'example_python_operator' retrieved from /home/airflow/.local/lib/python3.12/site-packages/airflow/example_dags/example_python_operator.py
[2025-04-06T21:45:11.410+0000] {logging_mixin.py:190} INFO - [2025-04-06T21:45:11.409+0000] {dag.py:3239} INFO - Sync 1 DAGs
[2025-04-06T21:45:11.429+0000] {logging_mixin.py:190} INFO - [2025-04-06T21:45:11.428+0000] {dag.py:4180} INFO - Setting next_dagrun for example_python_operator to None, run_after=None
[2025-04-06T21:45:11.447+0000] {processor.py:208} INFO - Processing /home/airflow/.local/lib/python3.12/site-packages/airflow/example_dags/example_python_operator.py took 0.148 seconds
[2025-04-06T21:45:41.771+0000] {processor.py:186} INFO - Started process (PID=1788) to work on /home/airflow/.local/lib/python3.12/site-packages/airflow/example_dags/example_python_operator.py
[2025-04-06T21:45:41.773+0000] {processor.py:914} INFO - Processing file /home/airflow/.local/lib/python3.12/site-packages/airflow/example_dags/example_python_operator.py for tasks to queue
[2025-04-06T21:45:41.778+0000] {logging_mixin.py:190} INFO - [2025-04-06T21:45:41.777+0000] {dagbag.py:588} INFO - Filling up the DagBag from /home/airflow/.local/lib/python3.12/site-packages/airflow/example_dags/example_python_operator.py
[2025-04-06T21:45:41.809+0000] {processor.py:925} INFO - DAG(s) 'example_python_operator' retrieved from /home/airflow/.local/lib/python3.12/site-packages/airflow/example_dags/example_python_operator.py
[2025-04-06T21:45:41.894+0000] {logging_mixin.py:190} INFO - [2025-04-06T21:45:41.893+0000] {dag.py:3239} INFO - Sync 1 DAGs
[2025-04-06T21:45:41.944+0000] {logging_mixin.py:190} INFO - [2025-04-06T21:45:41.939+0000] {dag.py:4180} INFO - Setting next_dagrun for example_python_operator to None, run_after=None
[2025-04-06T21:45:42.000+0000] {processor.py:208} INFO - Processing /home/airflow/.local/lib/python3.12/site-packages/airflow/example_dags/example_python_operator.py took 0.249 seconds
[2025-04-06T21:46:12.120+0000] {processor.py:186} INFO - Started process (PID=1852) to work on /home/airflow/.local/lib/python3.12/site-packages/airflow/example_dags/example_python_operator.py
[2025-04-06T21:46:12.120+0000] {processor.py:914} INFO - Processing file /home/airflow/.local/lib/python3.12/site-packages/airflow/example_dags/example_python_operator.py for tasks to queue
[2025-04-06T21:46:12.123+0000] {logging_mixin.py:190} INFO - [2025-04-06T21:46:12.122+0000] {dagbag.py:588} INFO - Filling up the DagBag from /home/airflow/.local/lib/python3.12/site-packages/airflow/example_dags/example_python_operator.py
[2025-04-06T21:46:12.138+0000] {processor.py:925} INFO - DAG(s) 'example_python_operator' retrieved from /home/airflow/.local/lib/python3.12/site-packages/airflow/example_dags/example_python_operator.py
[2025-04-06T21:46:12.166+0000] {logging_mixin.py:190} INFO - [2025-04-06T21:46:12.165+0000] {dag.py:3239} INFO - Sync 1 DAGs
[2025-04-06T21:46:12.183+0000] {logging_mixin.py:190} INFO - [2025-04-06T21:46:12.183+0000] {dag.py:4180} INFO - Setting next_dagrun for example_python_operator to None, run_after=None
[2025-04-06T21:46:12.202+0000] {processor.py:208} INFO - Processing /home/airflow/.local/lib/python3.12/site-packages/airflow/example_dags/example_python_operator.py took 0.088 seconds
[2025-04-06T21:46:42.483+0000] {processor.py:186} INFO - Started process (PID=1916) to work on /home/airflow/.local/lib/python3.12/site-packages/airflow/example_dags/example_python_operator.py
[2025-04-06T21:46:42.483+0000] {processor.py:914} INFO - Processing file /home/airflow/.local/lib/python3.12/site-packages/airflow/example_dags/example_python_operator.py for tasks to queue
[2025-04-06T21:46:42.486+0000] {logging_mixin.py:190} INFO - [2025-04-06T21:46:42.485+0000] {dagbag.py:588} INFO - Filling up the DagBag from /home/airflow/.local/lib/python3.12/site-packages/airflow/example_dags/example_python_operator.py
[2025-04-06T21:46:42.500+0000] {processor.py:925} INFO - DAG(s) 'example_python_operator' retrieved from /home/airflow/.local/lib/python3.12/site-packages/airflow/example_dags/example_python_operator.py
[2025-04-06T21:46:42.527+0000] {logging_mixin.py:190} INFO - [2025-04-06T21:46:42.527+0000] {dag.py:3239} INFO - Sync 1 DAGs
[2025-04-06T21:46:42.546+0000] {logging_mixin.py:190} INFO - [2025-04-06T21:46:42.546+0000] {dag.py:4180} INFO - Setting next_dagrun for example_python_operator to None, run_after=None
[2025-04-06T21:46:42.565+0000] {processor.py:208} INFO - Processing /home/airflow/.local/lib/python3.12/site-packages/airflow/example_dags/example_python_operator.py took 0.089 seconds
[2025-04-06T21:47:12.894+0000] {processor.py:186} INFO - Started process (PID=1979) to work on /home/airflow/.local/lib/python3.12/site-packages/airflow/example_dags/example_python_operator.py
[2025-04-06T21:47:12.895+0000] {processor.py:914} INFO - Processing file /home/airflow/.local/lib/python3.12/site-packages/airflow/example_dags/example_python_operator.py for tasks to queue
[2025-04-06T21:47:12.897+0000] {logging_mixin.py:190} INFO - [2025-04-06T21:47:12.897+0000] {dagbag.py:588} INFO - Filling up the DagBag from /home/airflow/.local/lib/python3.12/site-packages/airflow/example_dags/example_python_operator.py
[2025-04-06T21:47:12.912+0000] {processor.py:925} INFO - DAG(s) 'example_python_operator' retrieved from /home/airflow/.local/lib/python3.12/site-packages/airflow/example_dags/example_python_operator.py
[2025-04-06T21:47:12.939+0000] {logging_mixin.py:190} INFO - [2025-04-06T21:47:12.938+0000] {dag.py:3239} INFO - Sync 1 DAGs
[2025-04-06T21:47:12.961+0000] {logging_mixin.py:190} INFO - [2025-04-06T21:47:12.960+0000] {dag.py:4180} INFO - Setting next_dagrun for example_python_operator to None, run_after=None
[2025-04-06T21:47:12.980+0000] {processor.py:208} INFO - Processing /home/airflow/.local/lib/python3.12/site-packages/airflow/example_dags/example_python_operator.py took 0.095 seconds
[2025-04-06T21:47:43.134+0000] {processor.py:186} INFO - Started process (PID=2043) to work on /home/airflow/.local/lib/python3.12/site-packages/airflow/example_dags/example_python_operator.py
[2025-04-06T21:47:43.135+0000] {processor.py:914} INFO - Processing file /home/airflow/.local/lib/python3.12/site-packages/airflow/example_dags/example_python_operator.py for tasks to queue
[2025-04-06T21:47:43.138+0000] {logging_mixin.py:190} INFO - [2025-04-06T21:47:43.137+0000] {dagbag.py:588} INFO - Filling up the DagBag from /home/airflow/.local/lib/python3.12/site-packages/airflow/example_dags/example_python_operator.py
[2025-04-06T21:47:43.153+0000] {processor.py:925} INFO - DAG(s) 'example_python_operator' retrieved from /home/airflow/.local/lib/python3.12/site-packages/airflow/example_dags/example_python_operator.py
[2025-04-06T21:47:43.178+0000] {logging_mixin.py:190} INFO - [2025-04-06T21:47:43.177+0000] {dag.py:3239} INFO - Sync 1 DAGs
[2025-04-06T21:47:43.219+0000] {logging_mixin.py:190} INFO - [2025-04-06T21:47:43.218+0000] {dag.py:4180} INFO - Setting next_dagrun for example_python_operator to None, run_after=None
[2025-04-06T21:47:43.240+0000] {processor.py:208} INFO - Processing /home/airflow/.local/lib/python3.12/site-packages/airflow/example_dags/example_python_operator.py took 0.112 seconds
[2025-04-06T21:48:13.954+0000] {processor.py:186} INFO - Started process (PID=2107) to work on /home/airflow/.local/lib/python3.12/site-packages/airflow/example_dags/example_python_operator.py
[2025-04-06T21:48:13.956+0000] {processor.py:914} INFO - Processing file /home/airflow/.local/lib/python3.12/site-packages/airflow/example_dags/example_python_operator.py for tasks to queue
[2025-04-06T21:48:13.962+0000] {logging_mixin.py:190} INFO - [2025-04-06T21:48:13.961+0000] {dagbag.py:588} INFO - Filling up the DagBag from /home/airflow/.local/lib/python3.12/site-packages/airflow/example_dags/example_python_operator.py
[2025-04-06T21:48:13.997+0000] {processor.py:925} INFO - DAG(s) 'example_python_operator' retrieved from /home/airflow/.local/lib/python3.12/site-packages/airflow/example_dags/example_python_operator.py
[2025-04-06T21:48:14.030+0000] {logging_mixin.py:190} INFO - [2025-04-06T21:48:14.029+0000] {dag.py:3239} INFO - Sync 1 DAGs
[2025-04-06T21:48:14.048+0000] {logging_mixin.py:190} INFO - [2025-04-06T21:48:14.047+0000] {dag.py:4180} INFO - Setting next_dagrun for example_python_operator to None, run_after=None
[2025-04-06T21:48:14.066+0000] {processor.py:208} INFO - Processing /home/airflow/.local/lib/python3.12/site-packages/airflow/example_dags/example_python_operator.py took 0.120 seconds
[2025-04-06T21:48:44.574+0000] {processor.py:186} INFO - Started process (PID=2177) to work on /home/airflow/.local/lib/python3.12/site-packages/airflow/example_dags/example_python_operator.py
[2025-04-06T21:48:44.577+0000] {processor.py:914} INFO - Processing file /home/airflow/.local/lib/python3.12/site-packages/airflow/example_dags/example_python_operator.py for tasks to queue
[2025-04-06T21:48:44.579+0000] {logging_mixin.py:190} INFO - [2025-04-06T21:48:44.579+0000] {dagbag.py:588} INFO - Filling up the DagBag from /home/airflow/.local/lib/python3.12/site-packages/airflow/example_dags/example_python_operator.py
[2025-04-06T21:48:44.602+0000] {processor.py:925} INFO - DAG(s) 'example_python_operator' retrieved from /home/airflow/.local/lib/python3.12/site-packages/airflow/example_dags/example_python_operator.py
[2025-04-06T21:48:44.637+0000] {logging_mixin.py:190} INFO - [2025-04-06T21:48:44.637+0000] {dag.py:3239} INFO - Sync 1 DAGs
[2025-04-06T21:48:44.654+0000] {logging_mixin.py:190} INFO - [2025-04-06T21:48:44.654+0000] {dag.py:4180} INFO - Setting next_dagrun for example_python_operator to None, run_after=None
[2025-04-06T21:48:44.672+0000] {processor.py:208} INFO - Processing /home/airflow/.local/lib/python3.12/site-packages/airflow/example_dags/example_python_operator.py took 0.113 seconds
[2025-04-06T21:49:15.293+0000] {processor.py:186} INFO - Started process (PID=2240) to work on /home/airflow/.local/lib/python3.12/site-packages/airflow/example_dags/example_python_operator.py
[2025-04-06T21:49:15.294+0000] {processor.py:914} INFO - Processing file /home/airflow/.local/lib/python3.12/site-packages/airflow/example_dags/example_python_operator.py for tasks to queue
[2025-04-06T21:49:15.296+0000] {logging_mixin.py:190} INFO - [2025-04-06T21:49:15.296+0000] {dagbag.py:588} INFO - Filling up the DagBag from /home/airflow/.local/lib/python3.12/site-packages/airflow/example_dags/example_python_operator.py
[2025-04-06T21:49:15.318+0000] {processor.py:925} INFO - DAG(s) 'example_python_operator' retrieved from /home/airflow/.local/lib/python3.12/site-packages/airflow/example_dags/example_python_operator.py
[2025-04-06T21:49:15.347+0000] {logging_mixin.py:190} INFO - [2025-04-06T21:49:15.346+0000] {dag.py:3239} INFO - Sync 1 DAGs
[2025-04-06T21:49:15.366+0000] {logging_mixin.py:190} INFO - [2025-04-06T21:49:15.366+0000] {dag.py:4180} INFO - Setting next_dagrun for example_python_operator to None, run_after=None
[2025-04-06T21:49:15.386+0000] {processor.py:208} INFO - Processing /home/airflow/.local/lib/python3.12/site-packages/airflow/example_dags/example_python_operator.py took 0.100 seconds
[2025-04-06T21:49:45.467+0000] {processor.py:186} INFO - Started process (PID=2304) to work on /home/airflow/.local/lib/python3.12/site-packages/airflow/example_dags/example_python_operator.py
[2025-04-06T21:49:45.468+0000] {processor.py:914} INFO - Processing file /home/airflow/.local/lib/python3.12/site-packages/airflow/example_dags/example_python_operator.py for tasks to queue
[2025-04-06T21:49:45.471+0000] {logging_mixin.py:190} INFO - [2025-04-06T21:49:45.471+0000] {dagbag.py:588} INFO - Filling up the DagBag from /home/airflow/.local/lib/python3.12/site-packages/airflow/example_dags/example_python_operator.py
[2025-04-06T21:49:45.487+0000] {processor.py:925} INFO - DAG(s) 'example_python_operator' retrieved from /home/airflow/.local/lib/python3.12/site-packages/airflow/example_dags/example_python_operator.py
[2025-04-06T21:49:45.514+0000] {logging_mixin.py:190} INFO - [2025-04-06T21:49:45.514+0000] {dag.py:3239} INFO - Sync 1 DAGs
[2025-04-06T21:49:45.532+0000] {logging_mixin.py:190} INFO - [2025-04-06T21:49:45.532+0000] {dag.py:4180} INFO - Setting next_dagrun for example_python_operator to None, run_after=None
[2025-04-06T21:49:45.551+0000] {processor.py:208} INFO - Processing /home/airflow/.local/lib/python3.12/site-packages/airflow/example_dags/example_python_operator.py took 0.091 seconds
[2025-04-06T21:50:16.089+0000] {processor.py:186} INFO - Started process (PID=2368) to work on /home/airflow/.local/lib/python3.12/site-packages/airflow/example_dags/example_python_operator.py
[2025-04-06T21:50:16.090+0000] {processor.py:914} INFO - Processing file /home/airflow/.local/lib/python3.12/site-packages/airflow/example_dags/example_python_operator.py for tasks to queue
[2025-04-06T21:50:16.091+0000] {logging_mixin.py:190} INFO - [2025-04-06T21:50:16.091+0000] {dagbag.py:588} INFO - Filling up the DagBag from /home/airflow/.local/lib/python3.12/site-packages/airflow/example_dags/example_python_operator.py
[2025-04-06T21:50:16.102+0000] {processor.py:925} INFO - DAG(s) 'example_python_operator' retrieved from /home/airflow/.local/lib/python3.12/site-packages/airflow/example_dags/example_python_operator.py
[2025-04-06T21:50:16.120+0000] {logging_mixin.py:190} INFO - [2025-04-06T21:50:16.120+0000] {dag.py:3239} INFO - Sync 1 DAGs
[2025-04-06T21:50:16.132+0000] {logging_mixin.py:190} INFO - [2025-04-06T21:50:16.132+0000] {dag.py:4180} INFO - Setting next_dagrun for example_python_operator to None, run_after=None
[2025-04-06T21:50:16.146+0000] {processor.py:208} INFO - Processing /home/airflow/.local/lib/python3.12/site-packages/airflow/example_dags/example_python_operator.py took 0.063 seconds
[2025-04-06T21:50:47.175+0000] {processor.py:186} INFO - Started process (PID=2432) to work on /home/airflow/.local/lib/python3.12/site-packages/airflow/example_dags/example_python_operator.py
[2025-04-06T21:50:47.176+0000] {processor.py:914} INFO - Processing file /home/airflow/.local/lib/python3.12/site-packages/airflow/example_dags/example_python_operator.py for tasks to queue
[2025-04-06T21:50:47.179+0000] {logging_mixin.py:190} INFO - [2025-04-06T21:50:47.178+0000] {dagbag.py:588} INFO - Filling up the DagBag from /home/airflow/.local/lib/python3.12/site-packages/airflow/example_dags/example_python_operator.py
[2025-04-06T21:50:47.194+0000] {processor.py:925} INFO - DAG(s) 'example_python_operator' retrieved from /home/airflow/.local/lib/python3.12/site-packages/airflow/example_dags/example_python_operator.py
[2025-04-06T21:50:47.224+0000] {logging_mixin.py:190} INFO - [2025-04-06T21:50:47.223+0000] {dag.py:3239} INFO - Sync 1 DAGs
[2025-04-06T21:50:47.241+0000] {logging_mixin.py:190} INFO - [2025-04-06T21:50:47.241+0000] {dag.py:4180} INFO - Setting next_dagrun for example_python_operator to None, run_after=None
[2025-04-06T21:50:47.264+0000] {processor.py:208} INFO - Processing /home/airflow/.local/lib/python3.12/site-packages/airflow/example_dags/example_python_operator.py took 0.105 seconds
[2025-04-06T21:51:17.851+0000] {processor.py:186} INFO - Started process (PID=2497) to work on /home/airflow/.local/lib/python3.12/site-packages/airflow/example_dags/example_python_operator.py
[2025-04-06T21:51:17.852+0000] {processor.py:914} INFO - Processing file /home/airflow/.local/lib/python3.12/site-packages/airflow/example_dags/example_python_operator.py for tasks to queue
[2025-04-06T21:51:17.855+0000] {logging_mixin.py:190} INFO - [2025-04-06T21:51:17.854+0000] {dagbag.py:588} INFO - Filling up the DagBag from /home/airflow/.local/lib/python3.12/site-packages/airflow/example_dags/example_python_operator.py
[2025-04-06T21:51:17.870+0000] {processor.py:925} INFO - DAG(s) 'example_python_operator' retrieved from /home/airflow/.local/lib/python3.12/site-packages/airflow/example_dags/example_python_operator.py
[2025-04-06T21:51:17.898+0000] {logging_mixin.py:190} INFO - [2025-04-06T21:51:17.897+0000] {dag.py:3239} INFO - Sync 1 DAGs
[2025-04-06T21:51:17.916+0000] {logging_mixin.py:190} INFO - [2025-04-06T21:51:17.916+0000] {dag.py:4180} INFO - Setting next_dagrun for example_python_operator to None, run_after=None
[2025-04-06T21:51:17.934+0000] {processor.py:208} INFO - Processing /home/airflow/.local/lib/python3.12/site-packages/airflow/example_dags/example_python_operator.py took 0.089 seconds
[2025-04-06T21:51:48.261+0000] {processor.py:186} INFO - Started process (PID=2561) to work on /home/airflow/.local/lib/python3.12/site-packages/airflow/example_dags/example_python_operator.py
[2025-04-06T21:51:48.262+0000] {processor.py:914} INFO - Processing file /home/airflow/.local/lib/python3.12/site-packages/airflow/example_dags/example_python_operator.py for tasks to queue
[2025-04-06T21:51:48.264+0000] {logging_mixin.py:190} INFO - [2025-04-06T21:51:48.264+0000] {dagbag.py:588} INFO - Filling up the DagBag from /home/airflow/.local/lib/python3.12/site-packages/airflow/example_dags/example_python_operator.py
[2025-04-06T21:51:48.279+0000] {processor.py:925} INFO - DAG(s) 'example_python_operator' retrieved from /home/airflow/.local/lib/python3.12/site-packages/airflow/example_dags/example_python_operator.py
[2025-04-06T21:51:48.305+0000] {logging_mixin.py:190} INFO - [2025-04-06T21:51:48.304+0000] {dag.py:3239} INFO - Sync 1 DAGs
[2025-04-06T21:51:48.324+0000] {logging_mixin.py:190} INFO - [2025-04-06T21:51:48.324+0000] {dag.py:4180} INFO - Setting next_dagrun for example_python_operator to None, run_after=None
[2025-04-06T21:51:48.343+0000] {processor.py:208} INFO - Processing /home/airflow/.local/lib/python3.12/site-packages/airflow/example_dags/example_python_operator.py took 0.088 seconds
[2025-04-06T21:52:18.976+0000] {processor.py:186} INFO - Started process (PID=2625) to work on /home/airflow/.local/lib/python3.12/site-packages/airflow/example_dags/example_python_operator.py
[2025-04-06T21:52:18.978+0000] {processor.py:914} INFO - Processing file /home/airflow/.local/lib/python3.12/site-packages/airflow/example_dags/example_python_operator.py for tasks to queue
[2025-04-06T21:52:18.981+0000] {logging_mixin.py:190} INFO - [2025-04-06T21:52:18.981+0000] {dagbag.py:588} INFO - Filling up the DagBag from /home/airflow/.local/lib/python3.12/site-packages/airflow/example_dags/example_python_operator.py
[2025-04-06T21:52:18.998+0000] {processor.py:925} INFO - DAG(s) 'example_python_operator' retrieved from /home/airflow/.local/lib/python3.12/site-packages/airflow/example_dags/example_python_operator.py
[2025-04-06T21:52:19.026+0000] {logging_mixin.py:190} INFO - [2025-04-06T21:52:19.025+0000] {dag.py:3239} INFO - Sync 1 DAGs
[2025-04-06T21:52:19.044+0000] {logging_mixin.py:190} INFO - [2025-04-06T21:52:19.044+0000] {dag.py:4180} INFO - Setting next_dagrun for example_python_operator to None, run_after=None
[2025-04-06T21:52:19.062+0000] {processor.py:208} INFO - Processing /home/airflow/.local/lib/python3.12/site-packages/airflow/example_dags/example_python_operator.py took 0.095 seconds
[2025-04-06T21:52:50.000+0000] {processor.py:186} INFO - Started process (PID=2689) to work on /home/airflow/.local/lib/python3.12/site-packages/airflow/example_dags/example_python_operator.py
[2025-04-06T21:52:50.003+0000] {processor.py:914} INFO - Processing file /home/airflow/.local/lib/python3.12/site-packages/airflow/example_dags/example_python_operator.py for tasks to queue
[2025-04-06T21:52:50.009+0000] {logging_mixin.py:190} INFO - [2025-04-06T21:52:50.009+0000] {dagbag.py:588} INFO - Filling up the DagBag from /home/airflow/.local/lib/python3.12/site-packages/airflow/example_dags/example_python_operator.py
[2025-04-06T21:52:50.059+0000] {processor.py:925} INFO - DAG(s) 'example_python_operator' retrieved from /home/airflow/.local/lib/python3.12/site-packages/airflow/example_dags/example_python_operator.py
[2025-04-06T21:52:50.134+0000] {logging_mixin.py:190} INFO - [2025-04-06T21:52:50.133+0000] {dag.py:3239} INFO - Sync 1 DAGs
[2025-04-06T21:52:50.185+0000] {logging_mixin.py:190} INFO - [2025-04-06T21:52:50.184+0000] {dag.py:4180} INFO - Setting next_dagrun for example_python_operator to None, run_after=None
[2025-04-06T21:52:50.232+0000] {processor.py:208} INFO - Processing /home/airflow/.local/lib/python3.12/site-packages/airflow/example_dags/example_python_operator.py took 0.259 seconds
[2025-04-06T21:53:20.321+0000] {processor.py:186} INFO - Started process (PID=2753) to work on /home/airflow/.local/lib/python3.12/site-packages/airflow/example_dags/example_python_operator.py
[2025-04-06T21:53:20.321+0000] {processor.py:914} INFO - Processing file /home/airflow/.local/lib/python3.12/site-packages/airflow/example_dags/example_python_operator.py for tasks to queue
[2025-04-06T21:53:20.324+0000] {logging_mixin.py:190} INFO - [2025-04-06T21:53:20.323+0000] {dagbag.py:588} INFO - Filling up the DagBag from /home/airflow/.local/lib/python3.12/site-packages/airflow/example_dags/example_python_operator.py
[2025-04-06T21:53:20.339+0000] {processor.py:925} INFO - DAG(s) 'example_python_operator' retrieved from /home/airflow/.local/lib/python3.12/site-packages/airflow/example_dags/example_python_operator.py
[2025-04-06T21:53:20.367+0000] {logging_mixin.py:190} INFO - [2025-04-06T21:53:20.367+0000] {dag.py:3239} INFO - Sync 1 DAGs
[2025-04-06T21:53:20.385+0000] {logging_mixin.py:190} INFO - [2025-04-06T21:53:20.384+0000] {dag.py:4180} INFO - Setting next_dagrun for example_python_operator to None, run_after=None
[2025-04-06T21:53:20.403+0000] {processor.py:208} INFO - Processing /home/airflow/.local/lib/python3.12/site-packages/airflow/example_dags/example_python_operator.py took 0.089 seconds
[2025-04-06T21:53:50.666+0000] {processor.py:186} INFO - Started process (PID=2817) to work on /home/airflow/.local/lib/python3.12/site-packages/airflow/example_dags/example_python_operator.py
[2025-04-06T21:53:50.667+0000] {processor.py:914} INFO - Processing file /home/airflow/.local/lib/python3.12/site-packages/airflow/example_dags/example_python_operator.py for tasks to queue
[2025-04-06T21:53:50.670+0000] {logging_mixin.py:190} INFO - [2025-04-06T21:53:50.669+0000] {dagbag.py:588} INFO - Filling up the DagBag from /home/airflow/.local/lib/python3.12/site-packages/airflow/example_dags/example_python_operator.py
[2025-04-06T21:53:50.685+0000] {processor.py:925} INFO - DAG(s) 'example_python_operator' retrieved from /home/airflow/.local/lib/python3.12/site-packages/airflow/example_dags/example_python_operator.py
[2025-04-06T21:53:50.712+0000] {logging_mixin.py:190} INFO - [2025-04-06T21:53:50.712+0000] {dag.py:3239} INFO - Sync 1 DAGs
[2025-04-06T21:53:50.731+0000] {logging_mixin.py:190} INFO - [2025-04-06T21:53:50.731+0000] {dag.py:4180} INFO - Setting next_dagrun for example_python_operator to None, run_after=None
[2025-04-06T21:53:50.750+0000] {processor.py:208} INFO - Processing /home/airflow/.local/lib/python3.12/site-packages/airflow/example_dags/example_python_operator.py took 0.090 seconds
[2025-04-06T21:54:21.440+0000] {processor.py:186} INFO - Started process (PID=2881) to work on /home/airflow/.local/lib/python3.12/site-packages/airflow/example_dags/example_python_operator.py
[2025-04-06T21:54:21.440+0000] {processor.py:914} INFO - Processing file /home/airflow/.local/lib/python3.12/site-packages/airflow/example_dags/example_python_operator.py for tasks to queue
[2025-04-06T21:54:21.443+0000] {logging_mixin.py:190} INFO - [2025-04-06T21:54:21.443+0000] {dagbag.py:588} INFO - Filling up the DagBag from /home/airflow/.local/lib/python3.12/site-packages/airflow/example_dags/example_python_operator.py
[2025-04-06T21:54:21.458+0000] {processor.py:925} INFO - DAG(s) 'example_python_operator' retrieved from /home/airflow/.local/lib/python3.12/site-packages/airflow/example_dags/example_python_operator.py
[2025-04-06T21:54:21.485+0000] {logging_mixin.py:190} INFO - [2025-04-06T21:54:21.485+0000] {dag.py:3239} INFO - Sync 1 DAGs
[2025-04-06T21:54:21.505+0000] {logging_mixin.py:190} INFO - [2025-04-06T21:54:21.504+0000] {dag.py:4180} INFO - Setting next_dagrun for example_python_operator to None, run_after=None
[2025-04-06T21:54:21.522+0000] {processor.py:208} INFO - Processing /home/airflow/.local/lib/python3.12/site-packages/airflow/example_dags/example_python_operator.py took 0.089 seconds
[2025-04-06T21:54:52.326+0000] {processor.py:186} INFO - Started process (PID=2945) to work on /home/airflow/.local/lib/python3.12/site-packages/airflow/example_dags/example_python_operator.py
[2025-04-06T21:54:52.327+0000] {processor.py:914} INFO - Processing file /home/airflow/.local/lib/python3.12/site-packages/airflow/example_dags/example_python_operator.py for tasks to queue
[2025-04-06T21:54:52.329+0000] {logging_mixin.py:190} INFO - [2025-04-06T21:54:52.329+0000] {dagbag.py:588} INFO - Filling up the DagBag from /home/airflow/.local/lib/python3.12/site-packages/airflow/example_dags/example_python_operator.py
[2025-04-06T21:54:52.345+0000] {processor.py:925} INFO - DAG(s) 'example_python_operator' retrieved from /home/airflow/.local/lib/python3.12/site-packages/airflow/example_dags/example_python_operator.py
[2025-04-06T21:54:52.373+0000] {logging_mixin.py:190} INFO - [2025-04-06T21:54:52.373+0000] {dag.py:3239} INFO - Sync 1 DAGs
[2025-04-06T21:54:52.393+0000] {logging_mixin.py:190} INFO - [2025-04-06T21:54:52.392+0000] {dag.py:4180} INFO - Setting next_dagrun for example_python_operator to None, run_after=None
[2025-04-06T21:54:52.414+0000] {processor.py:208} INFO - Processing /home/airflow/.local/lib/python3.12/site-packages/airflow/example_dags/example_python_operator.py took 0.096 seconds
[2025-04-06T21:55:22.888+0000] {processor.py:186} INFO - Started process (PID=3009) to work on /home/airflow/.local/lib/python3.12/site-packages/airflow/example_dags/example_python_operator.py
[2025-04-06T21:55:22.889+0000] {processor.py:914} INFO - Processing file /home/airflow/.local/lib/python3.12/site-packages/airflow/example_dags/example_python_operator.py for tasks to queue
[2025-04-06T21:55:22.891+0000] {logging_mixin.py:190} INFO - [2025-04-06T21:55:22.891+0000] {dagbag.py:588} INFO - Filling up the DagBag from /home/airflow/.local/lib/python3.12/site-packages/airflow/example_dags/example_python_operator.py
[2025-04-06T21:55:22.907+0000] {processor.py:925} INFO - DAG(s) 'example_python_operator' retrieved from /home/airflow/.local/lib/python3.12/site-packages/airflow/example_dags/example_python_operator.py
[2025-04-06T21:55:22.938+0000] {logging_mixin.py:190} INFO - [2025-04-06T21:55:22.938+0000] {dag.py:3239} INFO - Sync 1 DAGs
[2025-04-06T21:55:22.957+0000] {logging_mixin.py:190} INFO - [2025-04-06T21:55:22.957+0000] {dag.py:4180} INFO - Setting next_dagrun for example_python_operator to None, run_after=None
[2025-04-06T21:55:22.974+0000] {processor.py:208} INFO - Processing /home/airflow/.local/lib/python3.12/site-packages/airflow/example_dags/example_python_operator.py took 0.093 seconds
[2025-04-06T21:55:53.548+0000] {processor.py:186} INFO - Started process (PID=3073) to work on /home/airflow/.local/lib/python3.12/site-packages/airflow/example_dags/example_python_operator.py
[2025-04-06T21:55:53.549+0000] {processor.py:914} INFO - Processing file /home/airflow/.local/lib/python3.12/site-packages/airflow/example_dags/example_python_operator.py for tasks to queue
[2025-04-06T21:55:53.552+0000] {logging_mixin.py:190} INFO - [2025-04-06T21:55:53.551+0000] {dagbag.py:588} INFO - Filling up the DagBag from /home/airflow/.local/lib/python3.12/site-packages/airflow/example_dags/example_python_operator.py
[2025-04-06T21:55:53.569+0000] {processor.py:925} INFO - DAG(s) 'example_python_operator' retrieved from /home/airflow/.local/lib/python3.12/site-packages/airflow/example_dags/example_python_operator.py
[2025-04-06T21:55:53.597+0000] {logging_mixin.py:190} INFO - [2025-04-06T21:55:53.596+0000] {dag.py:3239} INFO - Sync 1 DAGs
[2025-04-06T21:55:53.609+0000] {logging_mixin.py:190} INFO - [2025-04-06T21:55:53.609+0000] {dag.py:4180} INFO - Setting next_dagrun for example_python_operator to None, run_after=None
[2025-04-06T21:55:53.623+0000] {processor.py:208} INFO - Processing /home/airflow/.local/lib/python3.12/site-packages/airflow/example_dags/example_python_operator.py took 0.082 seconds
[2025-04-06T21:56:25.486+0000] {processor.py:186} INFO - Started process (PID=3139) to work on /home/airflow/.local/lib/python3.12/site-packages/airflow/example_dags/example_python_operator.py
[2025-04-06T21:56:25.487+0000] {processor.py:914} INFO - Processing file /home/airflow/.local/lib/python3.12/site-packages/airflow/example_dags/example_python_operator.py for tasks to queue
[2025-04-06T21:56:25.491+0000] {logging_mixin.py:190} INFO - [2025-04-06T21:56:25.491+0000] {dagbag.py:588} INFO - Filling up the DagBag from /home/airflow/.local/lib/python3.12/site-packages/airflow/example_dags/example_python_operator.py
[2025-04-06T21:56:25.522+0000] {processor.py:925} INFO - DAG(s) 'example_python_operator' retrieved from /home/airflow/.local/lib/python3.12/site-packages/airflow/example_dags/example_python_operator.py
[2025-04-06T21:56:25.562+0000] {logging_mixin.py:190} INFO - [2025-04-06T21:56:25.559+0000] {dag.py:3239} INFO - Sync 1 DAGs
[2025-04-06T21:56:25.601+0000] {logging_mixin.py:190} INFO - [2025-04-06T21:56:25.601+0000] {dag.py:4180} INFO - Setting next_dagrun for example_python_operator to None, run_after=None
[2025-04-06T21:56:25.634+0000] {processor.py:208} INFO - Processing /home/airflow/.local/lib/python3.12/site-packages/airflow/example_dags/example_python_operator.py took 0.162 seconds
[2025-04-06T21:56:56.615+0000] {processor.py:186} INFO - Started process (PID=3203) to work on /home/airflow/.local/lib/python3.12/site-packages/airflow/example_dags/example_python_operator.py
[2025-04-06T21:56:56.620+0000] {processor.py:914} INFO - Processing file /home/airflow/.local/lib/python3.12/site-packages/airflow/example_dags/example_python_operator.py for tasks to queue
[2025-04-06T21:56:56.622+0000] {logging_mixin.py:190} INFO - [2025-04-06T21:56:56.622+0000] {dagbag.py:588} INFO - Filling up the DagBag from /home/airflow/.local/lib/python3.12/site-packages/airflow/example_dags/example_python_operator.py
[2025-04-06T21:56:56.647+0000] {processor.py:925} INFO - DAG(s) 'example_python_operator' retrieved from /home/airflow/.local/lib/python3.12/site-packages/airflow/example_dags/example_python_operator.py
[2025-04-06T21:56:56.674+0000] {logging_mixin.py:190} INFO - [2025-04-06T21:56:56.673+0000] {dag.py:3239} INFO - Sync 1 DAGs
[2025-04-06T21:56:56.691+0000] {logging_mixin.py:190} INFO - [2025-04-06T21:56:56.691+0000] {dag.py:4180} INFO - Setting next_dagrun for example_python_operator to None, run_after=None
[2025-04-06T21:56:56.709+0000] {processor.py:208} INFO - Processing /home/airflow/.local/lib/python3.12/site-packages/airflow/example_dags/example_python_operator.py took 0.107 seconds
[2025-04-06T21:57:27.983+0000] {processor.py:186} INFO - Started process (PID=3268) to work on /home/airflow/.local/lib/python3.12/site-packages/airflow/example_dags/example_python_operator.py
[2025-04-06T21:57:27.988+0000] {processor.py:914} INFO - Processing file /home/airflow/.local/lib/python3.12/site-packages/airflow/example_dags/example_python_operator.py for tasks to queue
[2025-04-06T21:57:27.993+0000] {logging_mixin.py:190} INFO - [2025-04-06T21:57:27.992+0000] {dagbag.py:588} INFO - Filling up the DagBag from /home/airflow/.local/lib/python3.12/site-packages/airflow/example_dags/example_python_operator.py
[2025-04-06T21:57:28.028+0000] {processor.py:925} INFO - DAG(s) 'example_python_operator' retrieved from /home/airflow/.local/lib/python3.12/site-packages/airflow/example_dags/example_python_operator.py
[2025-04-06T21:57:28.065+0000] {logging_mixin.py:190} INFO - [2025-04-06T21:57:28.064+0000] {dag.py:3239} INFO - Sync 1 DAGs
[2025-04-06T21:57:28.086+0000] {logging_mixin.py:190} INFO - [2025-04-06T21:57:28.085+0000] {dag.py:4180} INFO - Setting next_dagrun for example_python_operator to None, run_after=None
[2025-04-06T21:57:28.106+0000] {processor.py:208} INFO - Processing /home/airflow/.local/lib/python3.12/site-packages/airflow/example_dags/example_python_operator.py took 0.142 seconds
[2025-04-06T21:57:58.508+0000] {processor.py:186} INFO - Started process (PID=3332) to work on /home/airflow/.local/lib/python3.12/site-packages/airflow/example_dags/example_python_operator.py
[2025-04-06T21:57:58.509+0000] {processor.py:914} INFO - Processing file /home/airflow/.local/lib/python3.12/site-packages/airflow/example_dags/example_python_operator.py for tasks to queue
[2025-04-06T21:57:58.511+0000] {logging_mixin.py:190} INFO - [2025-04-06T21:57:58.510+0000] {dagbag.py:588} INFO - Filling up the DagBag from /home/airflow/.local/lib/python3.12/site-packages/airflow/example_dags/example_python_operator.py
[2025-04-06T21:57:58.521+0000] {processor.py:925} INFO - DAG(s) 'example_python_operator' retrieved from /home/airflow/.local/lib/python3.12/site-packages/airflow/example_dags/example_python_operator.py
[2025-04-06T21:57:58.540+0000] {logging_mixin.py:190} INFO - [2025-04-06T21:57:58.540+0000] {dag.py:3239} INFO - Sync 1 DAGs
[2025-04-06T21:57:58.552+0000] {logging_mixin.py:190} INFO - [2025-04-06T21:57:58.552+0000] {dag.py:4180} INFO - Setting next_dagrun for example_python_operator to None, run_after=None
[2025-04-06T21:57:58.566+0000] {processor.py:208} INFO - Processing /home/airflow/.local/lib/python3.12/site-packages/airflow/example_dags/example_python_operator.py took 0.062 seconds
[2025-04-06T21:58:29.047+0000] {processor.py:186} INFO - Started process (PID=3396) to work on /home/airflow/.local/lib/python3.12/site-packages/airflow/example_dags/example_python_operator.py
[2025-04-06T21:58:29.048+0000] {processor.py:914} INFO - Processing file /home/airflow/.local/lib/python3.12/site-packages/airflow/example_dags/example_python_operator.py for tasks to queue
[2025-04-06T21:58:29.050+0000] {logging_mixin.py:190} INFO - [2025-04-06T21:58:29.049+0000] {dagbag.py:588} INFO - Filling up the DagBag from /home/airflow/.local/lib/python3.12/site-packages/airflow/example_dags/example_python_operator.py
[2025-04-06T21:58:29.060+0000] {processor.py:925} INFO - DAG(s) 'example_python_operator' retrieved from /home/airflow/.local/lib/python3.12/site-packages/airflow/example_dags/example_python_operator.py
[2025-04-06T21:58:29.079+0000] {logging_mixin.py:190} INFO - [2025-04-06T21:58:29.078+0000] {dag.py:3239} INFO - Sync 1 DAGs
[2025-04-06T21:58:29.090+0000] {logging_mixin.py:190} INFO - [2025-04-06T21:58:29.090+0000] {dag.py:4180} INFO - Setting next_dagrun for example_python_operator to None, run_after=None
[2025-04-06T21:58:29.104+0000] {processor.py:208} INFO - Processing /home/airflow/.local/lib/python3.12/site-packages/airflow/example_dags/example_python_operator.py took 0.061 seconds
[2025-04-06T21:59:00.071+0000] {processor.py:186} INFO - Started process (PID=3460) to work on /home/airflow/.local/lib/python3.12/site-packages/airflow/example_dags/example_python_operator.py
[2025-04-06T21:59:00.072+0000] {processor.py:914} INFO - Processing file /home/airflow/.local/lib/python3.12/site-packages/airflow/example_dags/example_python_operator.py for tasks to queue
[2025-04-06T21:59:00.075+0000] {logging_mixin.py:190} INFO - [2025-04-06T21:59:00.074+0000] {dagbag.py:588} INFO - Filling up the DagBag from /home/airflow/.local/lib/python3.12/site-packages/airflow/example_dags/example_python_operator.py
[2025-04-06T21:59:00.090+0000] {processor.py:925} INFO - DAG(s) 'example_python_operator' retrieved from /home/airflow/.local/lib/python3.12/site-packages/airflow/example_dags/example_python_operator.py
[2025-04-06T21:59:00.111+0000] {logging_mixin.py:190} INFO - [2025-04-06T21:59:00.111+0000] {dag.py:3239} INFO - Sync 1 DAGs
[2025-04-06T21:59:00.124+0000] {logging_mixin.py:190} INFO - [2025-04-06T21:59:00.124+0000] {dag.py:4180} INFO - Setting next_dagrun for example_python_operator to None, run_after=None
[2025-04-06T21:59:00.138+0000] {processor.py:208} INFO - Processing /home/airflow/.local/lib/python3.12/site-packages/airflow/example_dags/example_python_operator.py took 0.073 seconds
[2025-04-06T21:59:30.365+0000] {processor.py:186} INFO - Started process (PID=3524) to work on /home/airflow/.local/lib/python3.12/site-packages/airflow/example_dags/example_python_operator.py
[2025-04-06T21:59:30.366+0000] {processor.py:914} INFO - Processing file /home/airflow/.local/lib/python3.12/site-packages/airflow/example_dags/example_python_operator.py for tasks to queue
[2025-04-06T21:59:30.369+0000] {logging_mixin.py:190} INFO - [2025-04-06T21:59:30.369+0000] {dagbag.py:588} INFO - Filling up the DagBag from /home/airflow/.local/lib/python3.12/site-packages/airflow/example_dags/example_python_operator.py
[2025-04-06T21:59:30.380+0000] {processor.py:925} INFO - DAG(s) 'example_python_operator' retrieved from /home/airflow/.local/lib/python3.12/site-packages/airflow/example_dags/example_python_operator.py
[2025-04-06T21:59:30.398+0000] {logging_mixin.py:190} INFO - [2025-04-06T21:59:30.398+0000] {dag.py:3239} INFO - Sync 1 DAGs
[2025-04-06T21:59:30.410+0000] {logging_mixin.py:190} INFO - [2025-04-06T21:59:30.410+0000] {dag.py:4180} INFO - Setting next_dagrun for example_python_operator to None, run_after=None
[2025-04-06T21:59:30.423+0000] {processor.py:208} INFO - Processing /home/airflow/.local/lib/python3.12/site-packages/airflow/example_dags/example_python_operator.py took 0.065 seconds
[2025-04-06T22:00:02.302+0000] {processor.py:186} INFO - Started process (PID=3588) to work on /home/airflow/.local/lib/python3.12/site-packages/airflow/example_dags/example_python_operator.py
[2025-04-06T22:00:02.303+0000] {processor.py:914} INFO - Processing file /home/airflow/.local/lib/python3.12/site-packages/airflow/example_dags/example_python_operator.py for tasks to queue
[2025-04-06T22:00:02.306+0000] {logging_mixin.py:190} INFO - [2025-04-06T22:00:02.305+0000] {dagbag.py:588} INFO - Filling up the DagBag from /home/airflow/.local/lib/python3.12/site-packages/airflow/example_dags/example_python_operator.py
[2025-04-06T22:00:02.338+0000] {processor.py:925} INFO - DAG(s) 'example_python_operator' retrieved from /home/airflow/.local/lib/python3.12/site-packages/airflow/example_dags/example_python_operator.py
[2025-04-06T22:00:02.389+0000] {logging_mixin.py:190} INFO - [2025-04-06T22:00:02.389+0000] {dag.py:3239} INFO - Sync 1 DAGs
[2025-04-06T22:00:02.430+0000] {logging_mixin.py:190} INFO - [2025-04-06T22:00:02.430+0000] {dag.py:4180} INFO - Setting next_dagrun for example_python_operator to None, run_after=None
[2025-04-06T22:00:02.479+0000] {processor.py:208} INFO - Processing /home/airflow/.local/lib/python3.12/site-packages/airflow/example_dags/example_python_operator.py took 0.184 seconds
[2025-04-06T22:00:32.710+0000] {processor.py:186} INFO - Started process (PID=3652) to work on /home/airflow/.local/lib/python3.12/site-packages/airflow/example_dags/example_python_operator.py
[2025-04-06T22:00:32.711+0000] {processor.py:914} INFO - Processing file /home/airflow/.local/lib/python3.12/site-packages/airflow/example_dags/example_python_operator.py for tasks to queue
[2025-04-06T22:00:32.714+0000] {logging_mixin.py:190} INFO - [2025-04-06T22:00:32.713+0000] {dagbag.py:588} INFO - Filling up the DagBag from /home/airflow/.local/lib/python3.12/site-packages/airflow/example_dags/example_python_operator.py
[2025-04-06T22:00:32.728+0000] {processor.py:925} INFO - DAG(s) 'example_python_operator' retrieved from /home/airflow/.local/lib/python3.12/site-packages/airflow/example_dags/example_python_operator.py
[2025-04-06T22:00:32.746+0000] {logging_mixin.py:190} INFO - [2025-04-06T22:00:32.746+0000] {dag.py:3239} INFO - Sync 1 DAGs
[2025-04-06T22:00:32.758+0000] {logging_mixin.py:190} INFO - [2025-04-06T22:00:32.758+0000] {dag.py:4180} INFO - Setting next_dagrun for example_python_operator to None, run_after=None
[2025-04-06T22:00:32.772+0000] {processor.py:208} INFO - Processing /home/airflow/.local/lib/python3.12/site-packages/airflow/example_dags/example_python_operator.py took 0.067 seconds
[2025-04-06T22:01:03.361+0000] {processor.py:186} INFO - Started process (PID=3716) to work on /home/airflow/.local/lib/python3.12/site-packages/airflow/example_dags/example_python_operator.py
[2025-04-06T22:01:03.362+0000] {processor.py:914} INFO - Processing file /home/airflow/.local/lib/python3.12/site-packages/airflow/example_dags/example_python_operator.py for tasks to queue
[2025-04-06T22:01:03.364+0000] {logging_mixin.py:190} INFO - [2025-04-06T22:01:03.364+0000] {dagbag.py:588} INFO - Filling up the DagBag from /home/airflow/.local/lib/python3.12/site-packages/airflow/example_dags/example_python_operator.py
[2025-04-06T22:01:03.380+0000] {processor.py:925} INFO - DAG(s) 'example_python_operator' retrieved from /home/airflow/.local/lib/python3.12/site-packages/airflow/example_dags/example_python_operator.py
[2025-04-06T22:01:03.405+0000] {logging_mixin.py:190} INFO - [2025-04-06T22:01:03.405+0000] {dag.py:3239} INFO - Sync 1 DAGs
[2025-04-06T22:01:03.418+0000] {logging_mixin.py:190} INFO - [2025-04-06T22:01:03.417+0000] {dag.py:4180} INFO - Setting next_dagrun for example_python_operator to None, run_after=None
[2025-04-06T22:01:03.431+0000] {processor.py:208} INFO - Processing /home/airflow/.local/lib/python3.12/site-packages/airflow/example_dags/example_python_operator.py took 0.077 seconds
[2025-04-06T22:01:33.648+0000] {processor.py:186} INFO - Started process (PID=3780) to work on /home/airflow/.local/lib/python3.12/site-packages/airflow/example_dags/example_python_operator.py
[2025-04-06T22:01:33.649+0000] {processor.py:914} INFO - Processing file /home/airflow/.local/lib/python3.12/site-packages/airflow/example_dags/example_python_operator.py for tasks to queue
[2025-04-06T22:01:33.651+0000] {logging_mixin.py:190} INFO - [2025-04-06T22:01:33.651+0000] {dagbag.py:588} INFO - Filling up the DagBag from /home/airflow/.local/lib/python3.12/site-packages/airflow/example_dags/example_python_operator.py
[2025-04-06T22:01:33.680+0000] {processor.py:925} INFO - DAG(s) 'example_python_operator' retrieved from /home/airflow/.local/lib/python3.12/site-packages/airflow/example_dags/example_python_operator.py
[2025-04-06T22:01:33.714+0000] {logging_mixin.py:190} INFO - [2025-04-06T22:01:33.713+0000] {dag.py:3239} INFO - Sync 1 DAGs
[2025-04-06T22:01:33.733+0000] {logging_mixin.py:190} INFO - [2025-04-06T22:01:33.733+0000] {dag.py:4180} INFO - Setting next_dagrun for example_python_operator to None, run_after=None
[2025-04-06T22:01:33.753+0000] {processor.py:208} INFO - Processing /home/airflow/.local/lib/python3.12/site-packages/airflow/example_dags/example_python_operator.py took 0.125 seconds
[2025-04-06T22:02:04.075+0000] {processor.py:186} INFO - Started process (PID=3843) to work on /home/airflow/.local/lib/python3.12/site-packages/airflow/example_dags/example_python_operator.py
[2025-04-06T22:02:04.075+0000] {processor.py:914} INFO - Processing file /home/airflow/.local/lib/python3.12/site-packages/airflow/example_dags/example_python_operator.py for tasks to queue
[2025-04-06T22:02:04.078+0000] {logging_mixin.py:190} INFO - [2025-04-06T22:02:04.077+0000] {dagbag.py:588} INFO - Filling up the DagBag from /home/airflow/.local/lib/python3.12/site-packages/airflow/example_dags/example_python_operator.py
[2025-04-06T22:02:04.093+0000] {processor.py:925} INFO - DAG(s) 'example_python_operator' retrieved from /home/airflow/.local/lib/python3.12/site-packages/airflow/example_dags/example_python_operator.py
[2025-04-06T22:02:04.122+0000] {logging_mixin.py:190} INFO - [2025-04-06T22:02:04.122+0000] {dag.py:3239} INFO - Sync 1 DAGs
[2025-04-06T22:02:04.141+0000] {logging_mixin.py:190} INFO - [2025-04-06T22:02:04.141+0000] {dag.py:4180} INFO - Setting next_dagrun for example_python_operator to None, run_after=None
[2025-04-06T22:02:04.159+0000] {processor.py:208} INFO - Processing /home/airflow/.local/lib/python3.12/site-packages/airflow/example_dags/example_python_operator.py took 0.092 seconds
[2025-04-06T22:02:34.854+0000] {processor.py:186} INFO - Started process (PID=3906) to work on /home/airflow/.local/lib/python3.12/site-packages/airflow/example_dags/example_python_operator.py
[2025-04-06T22:02:34.855+0000] {processor.py:914} INFO - Processing file /home/airflow/.local/lib/python3.12/site-packages/airflow/example_dags/example_python_operator.py for tasks to queue
[2025-04-06T22:02:34.857+0000] {logging_mixin.py:190} INFO - [2025-04-06T22:02:34.856+0000] {dagbag.py:588} INFO - Filling up the DagBag from /home/airflow/.local/lib/python3.12/site-packages/airflow/example_dags/example_python_operator.py
[2025-04-06T22:02:34.867+0000] {processor.py:925} INFO - DAG(s) 'example_python_operator' retrieved from /home/airflow/.local/lib/python3.12/site-packages/airflow/example_dags/example_python_operator.py
[2025-04-06T22:02:34.889+0000] {logging_mixin.py:190} INFO - [2025-04-06T22:02:34.889+0000] {dag.py:3239} INFO - Sync 1 DAGs
[2025-04-06T22:02:34.901+0000] {logging_mixin.py:190} INFO - [2025-04-06T22:02:34.901+0000] {dag.py:4180} INFO - Setting next_dagrun for example_python_operator to None, run_after=None
[2025-04-06T22:02:34.915+0000] {processor.py:208} INFO - Processing /home/airflow/.local/lib/python3.12/site-packages/airflow/example_dags/example_python_operator.py took 0.066 seconds
[2025-04-06T22:03:05.197+0000] {processor.py:186} INFO - Started process (PID=3970) to work on /home/airflow/.local/lib/python3.12/site-packages/airflow/example_dags/example_python_operator.py
[2025-04-06T22:03:05.198+0000] {processor.py:914} INFO - Processing file /home/airflow/.local/lib/python3.12/site-packages/airflow/example_dags/example_python_operator.py for tasks to queue
[2025-04-06T22:03:05.200+0000] {logging_mixin.py:190} INFO - [2025-04-06T22:03:05.200+0000] {dagbag.py:588} INFO - Filling up the DagBag from /home/airflow/.local/lib/python3.12/site-packages/airflow/example_dags/example_python_operator.py
[2025-04-06T22:03:05.210+0000] {processor.py:925} INFO - DAG(s) 'example_python_operator' retrieved from /home/airflow/.local/lib/python3.12/site-packages/airflow/example_dags/example_python_operator.py
[2025-04-06T22:03:05.229+0000] {logging_mixin.py:190} INFO - [2025-04-06T22:03:05.228+0000] {dag.py:3239} INFO - Sync 1 DAGs
[2025-04-06T22:03:05.242+0000] {logging_mixin.py:190} INFO - [2025-04-06T22:03:05.242+0000] {dag.py:4180} INFO - Setting next_dagrun for example_python_operator to None, run_after=None
[2025-04-06T22:03:05.255+0000] {processor.py:208} INFO - Processing /home/airflow/.local/lib/python3.12/site-packages/airflow/example_dags/example_python_operator.py took 0.063 seconds
[2025-04-06T22:03:36.250+0000] {processor.py:186} INFO - Started process (PID=4033) to work on /home/airflow/.local/lib/python3.12/site-packages/airflow/example_dags/example_python_operator.py
[2025-04-06T22:03:36.250+0000] {processor.py:914} INFO - Processing file /home/airflow/.local/lib/python3.12/site-packages/airflow/example_dags/example_python_operator.py for tasks to queue
[2025-04-06T22:03:36.252+0000] {logging_mixin.py:190} INFO - [2025-04-06T22:03:36.252+0000] {dagbag.py:588} INFO - Filling up the DagBag from /home/airflow/.local/lib/python3.12/site-packages/airflow/example_dags/example_python_operator.py
[2025-04-06T22:03:36.263+0000] {processor.py:925} INFO - DAG(s) 'example_python_operator' retrieved from /home/airflow/.local/lib/python3.12/site-packages/airflow/example_dags/example_python_operator.py
[2025-04-06T22:03:36.288+0000] {logging_mixin.py:190} INFO - [2025-04-06T22:03:36.287+0000] {dag.py:3239} INFO - Sync 1 DAGs
[2025-04-06T22:03:36.300+0000] {logging_mixin.py:190} INFO - [2025-04-06T22:03:36.300+0000] {dag.py:4180} INFO - Setting next_dagrun for example_python_operator to None, run_after=None
[2025-04-06T22:03:36.314+0000] {processor.py:208} INFO - Processing /home/airflow/.local/lib/python3.12/site-packages/airflow/example_dags/example_python_operator.py took 0.069 seconds
[2025-04-06T22:04:08.567+0000] {processor.py:186} INFO - Started process (PID=4099) to work on /home/airflow/.local/lib/python3.12/site-packages/airflow/example_dags/example_python_operator.py
[2025-04-06T22:04:08.568+0000] {processor.py:914} INFO - Processing file /home/airflow/.local/lib/python3.12/site-packages/airflow/example_dags/example_python_operator.py for tasks to queue
[2025-04-06T22:04:08.570+0000] {logging_mixin.py:190} INFO - [2025-04-06T22:04:08.570+0000] {dagbag.py:588} INFO - Filling up the DagBag from /home/airflow/.local/lib/python3.12/site-packages/airflow/example_dags/example_python_operator.py
[2025-04-06T22:04:08.585+0000] {processor.py:925} INFO - DAG(s) 'example_python_operator' retrieved from /home/airflow/.local/lib/python3.12/site-packages/airflow/example_dags/example_python_operator.py
[2025-04-06T22:04:08.631+0000] {logging_mixin.py:190} INFO - [2025-04-06T22:04:08.630+0000] {dag.py:3239} INFO - Sync 1 DAGs
[2025-04-06T22:04:08.666+0000] {logging_mixin.py:190} INFO - [2025-04-06T22:04:08.666+0000] {dag.py:4180} INFO - Setting next_dagrun for example_python_operator to None, run_after=None
[2025-04-06T22:04:08.712+0000] {processor.py:208} INFO - Processing /home/airflow/.local/lib/python3.12/site-packages/airflow/example_dags/example_python_operator.py took 0.151 seconds
[2025-04-06T22:04:39.687+0000] {processor.py:186} INFO - Started process (PID=4162) to work on /home/airflow/.local/lib/python3.12/site-packages/airflow/example_dags/example_python_operator.py
[2025-04-06T22:04:39.689+0000] {processor.py:914} INFO - Processing file /home/airflow/.local/lib/python3.12/site-packages/airflow/example_dags/example_python_operator.py for tasks to queue
[2025-04-06T22:04:39.691+0000] {logging_mixin.py:190} INFO - [2025-04-06T22:04:39.691+0000] {dagbag.py:588} INFO - Filling up the DagBag from /home/airflow/.local/lib/python3.12/site-packages/airflow/example_dags/example_python_operator.py
[2025-04-06T22:04:39.710+0000] {processor.py:925} INFO - DAG(s) 'example_python_operator' retrieved from /home/airflow/.local/lib/python3.12/site-packages/airflow/example_dags/example_python_operator.py
[2025-04-06T22:04:39.737+0000] {logging_mixin.py:190} INFO - [2025-04-06T22:04:39.737+0000] {dag.py:3239} INFO - Sync 1 DAGs
[2025-04-06T22:04:39.779+0000] {logging_mixin.py:190} INFO - [2025-04-06T22:04:39.779+0000] {dag.py:4180} INFO - Setting next_dagrun for example_python_operator to None, run_after=None
[2025-04-06T22:04:39.844+0000] {processor.py:208} INFO - Processing /home/airflow/.local/lib/python3.12/site-packages/airflow/example_dags/example_python_operator.py took 0.185 seconds
[2025-04-06T22:05:10.480+0000] {processor.py:186} INFO - Started process (PID=4226) to work on /home/airflow/.local/lib/python3.12/site-packages/airflow/example_dags/example_python_operator.py
[2025-04-06T22:05:10.481+0000] {processor.py:914} INFO - Processing file /home/airflow/.local/lib/python3.12/site-packages/airflow/example_dags/example_python_operator.py for tasks to queue
[2025-04-06T22:05:10.483+0000] {logging_mixin.py:190} INFO - [2025-04-06T22:05:10.483+0000] {dagbag.py:588} INFO - Filling up the DagBag from /home/airflow/.local/lib/python3.12/site-packages/airflow/example_dags/example_python_operator.py
[2025-04-06T22:05:10.499+0000] {processor.py:925} INFO - DAG(s) 'example_python_operator' retrieved from /home/airflow/.local/lib/python3.12/site-packages/airflow/example_dags/example_python_operator.py
[2025-04-06T22:05:10.526+0000] {logging_mixin.py:190} INFO - [2025-04-06T22:05:10.525+0000] {dag.py:3239} INFO - Sync 1 DAGs
[2025-04-06T22:05:10.544+0000] {logging_mixin.py:190} INFO - [2025-04-06T22:05:10.544+0000] {dag.py:4180} INFO - Setting next_dagrun for example_python_operator to None, run_after=None
[2025-04-06T22:05:10.563+0000] {processor.py:208} INFO - Processing /home/airflow/.local/lib/python3.12/site-packages/airflow/example_dags/example_python_operator.py took 0.091 seconds
