[2025-04-06T21:32:08.415+0000] {processor.py:186} INFO - Started process (PID=89) to work on /home/airflow/.local/lib/python3.12/site-packages/airflow/example_dags/example_setup_teardown.py
[2025-04-06T21:32:08.416+0000] {processor.py:914} INFO - Processing file /home/airflow/.local/lib/python3.12/site-packages/airflow/example_dags/example_setup_teardown.py for tasks to queue
[2025-04-06T21:32:08.426+0000] {logging_mixin.py:190} INFO - [2025-04-06T21:32:08.425+0000] {dagbag.py:588} INFO - Filling up the DagBag from /home/airflow/.local/lib/python3.12/site-packages/airflow/example_dags/example_setup_teardown.py
[2025-04-06T21:32:08.453+0000] {processor.py:925} INFO - DAG(s) 'example_setup_teardown' retrieved from /home/airflow/.local/lib/python3.12/site-packages/airflow/example_dags/example_setup_teardown.py
[2025-04-06T21:32:08.511+0000] {logging_mixin.py:190} INFO - [2025-04-06T21:32:08.509+0000] {dag.py:3239} INFO - Sync 1 DAGs
[2025-04-06T21:32:08.557+0000] {logging_mixin.py:190} INFO - [2025-04-06T21:32:08.557+0000] {dag.py:4180} INFO - Setting next_dagrun for example_setup_teardown to None, run_after=None
[2025-04-06T21:32:08.613+0000] {processor.py:208} INFO - Processing /home/airflow/.local/lib/python3.12/site-packages/airflow/example_dags/example_setup_teardown.py took 0.290 seconds
[2025-04-06T21:32:39.307+0000] {processor.py:186} INFO - Started process (PID=153) to work on /home/airflow/.local/lib/python3.12/site-packages/airflow/example_dags/example_setup_teardown.py
[2025-04-06T21:32:39.308+0000] {processor.py:914} INFO - Processing file /home/airflow/.local/lib/python3.12/site-packages/airflow/example_dags/example_setup_teardown.py for tasks to queue
[2025-04-06T21:32:39.309+0000] {logging_mixin.py:190} INFO - [2025-04-06T21:32:39.309+0000] {dagbag.py:588} INFO - Filling up the DagBag from /home/airflow/.local/lib/python3.12/site-packages/airflow/example_dags/example_setup_teardown.py
[2025-04-06T21:32:39.317+0000] {processor.py:925} INFO - DAG(s) 'example_setup_teardown' retrieved from /home/airflow/.local/lib/python3.12/site-packages/airflow/example_dags/example_setup_teardown.py
[2025-04-06T21:32:39.351+0000] {logging_mixin.py:190} INFO - [2025-04-06T21:32:39.351+0000] {dag.py:3239} INFO - Sync 1 DAGs
[2025-04-06T21:32:39.370+0000] {logging_mixin.py:190} INFO - [2025-04-06T21:32:39.370+0000] {dag.py:4180} INFO - Setting next_dagrun for example_setup_teardown to None, run_after=None
[2025-04-06T21:32:39.395+0000] {processor.py:208} INFO - Processing /home/airflow/.local/lib/python3.12/site-packages/airflow/example_dags/example_setup_teardown.py took 0.096 seconds
[2025-04-06T21:33:11.201+0000] {processor.py:186} INFO - Started process (PID=223) to work on /home/airflow/.local/lib/python3.12/site-packages/airflow/example_dags/example_setup_teardown.py
[2025-04-06T21:33:11.208+0000] {processor.py:914} INFO - Processing file /home/airflow/.local/lib/python3.12/site-packages/airflow/example_dags/example_setup_teardown.py for tasks to queue
[2025-04-06T21:33:11.216+0000] {logging_mixin.py:190} INFO - [2025-04-06T21:33:11.216+0000] {dagbag.py:588} INFO - Filling up the DagBag from /home/airflow/.local/lib/python3.12/site-packages/airflow/example_dags/example_setup_teardown.py
[2025-04-06T21:33:11.290+0000] {processor.py:925} INFO - DAG(s) 'example_setup_teardown' retrieved from /home/airflow/.local/lib/python3.12/site-packages/airflow/example_dags/example_setup_teardown.py
[2025-04-06T21:33:11.483+0000] {logging_mixin.py:190} INFO - [2025-04-06T21:33:11.483+0000] {dag.py:3239} INFO - Sync 1 DAGs
[2025-04-06T21:33:11.588+0000] {logging_mixin.py:190} INFO - [2025-04-06T21:33:11.588+0000] {dag.py:4180} INFO - Setting next_dagrun for example_setup_teardown to None, run_after=None
[2025-04-06T21:33:11.703+0000] {processor.py:208} INFO - Processing /home/airflow/.local/lib/python3.12/site-packages/airflow/example_dags/example_setup_teardown.py took 0.540 seconds
[2025-04-06T21:33:42.343+0000] {processor.py:186} INFO - Started process (PID=287) to work on /home/airflow/.local/lib/python3.12/site-packages/airflow/example_dags/example_setup_teardown.py
[2025-04-06T21:33:42.346+0000] {processor.py:914} INFO - Processing file /home/airflow/.local/lib/python3.12/site-packages/airflow/example_dags/example_setup_teardown.py for tasks to queue
[2025-04-06T21:33:42.356+0000] {logging_mixin.py:190} INFO - [2025-04-06T21:33:42.354+0000] {dagbag.py:588} INFO - Filling up the DagBag from /home/airflow/.local/lib/python3.12/site-packages/airflow/example_dags/example_setup_teardown.py
[2025-04-06T21:33:42.380+0000] {processor.py:925} INFO - DAG(s) 'example_setup_teardown' retrieved from /home/airflow/.local/lib/python3.12/site-packages/airflow/example_dags/example_setup_teardown.py
[2025-04-06T21:33:42.433+0000] {logging_mixin.py:190} INFO - [2025-04-06T21:33:42.432+0000] {dag.py:3239} INFO - Sync 1 DAGs
[2025-04-06T21:33:42.468+0000] {logging_mixin.py:190} INFO - [2025-04-06T21:33:42.468+0000] {dag.py:4180} INFO - Setting next_dagrun for example_setup_teardown to None, run_after=None
[2025-04-06T21:33:42.502+0000] {processor.py:208} INFO - Processing /home/airflow/.local/lib/python3.12/site-packages/airflow/example_dags/example_setup_teardown.py took 0.170 seconds
[2025-04-06T21:34:12.804+0000] {processor.py:186} INFO - Started process (PID=351) to work on /home/airflow/.local/lib/python3.12/site-packages/airflow/example_dags/example_setup_teardown.py
[2025-04-06T21:34:12.805+0000] {processor.py:914} INFO - Processing file /home/airflow/.local/lib/python3.12/site-packages/airflow/example_dags/example_setup_teardown.py for tasks to queue
[2025-04-06T21:34:12.807+0000] {logging_mixin.py:190} INFO - [2025-04-06T21:34:12.807+0000] {dagbag.py:588} INFO - Filling up the DagBag from /home/airflow/.local/lib/python3.12/site-packages/airflow/example_dags/example_setup_teardown.py
[2025-04-06T21:34:12.817+0000] {processor.py:925} INFO - DAG(s) 'example_setup_teardown' retrieved from /home/airflow/.local/lib/python3.12/site-packages/airflow/example_dags/example_setup_teardown.py
[2025-04-06T21:34:12.841+0000] {logging_mixin.py:190} INFO - [2025-04-06T21:34:12.841+0000] {dag.py:3239} INFO - Sync 1 DAGs
[2025-04-06T21:34:12.860+0000] {logging_mixin.py:190} INFO - [2025-04-06T21:34:12.859+0000] {dag.py:4180} INFO - Setting next_dagrun for example_setup_teardown to None, run_after=None
[2025-04-06T21:34:12.888+0000] {processor.py:208} INFO - Processing /home/airflow/.local/lib/python3.12/site-packages/airflow/example_dags/example_setup_teardown.py took 0.090 seconds
[2025-04-06T21:34:43.683+0000] {processor.py:186} INFO - Started process (PID=415) to work on /home/airflow/.local/lib/python3.12/site-packages/airflow/example_dags/example_setup_teardown.py
[2025-04-06T21:34:43.704+0000] {processor.py:914} INFO - Processing file /home/airflow/.local/lib/python3.12/site-packages/airflow/example_dags/example_setup_teardown.py for tasks to queue
[2025-04-06T21:34:43.747+0000] {logging_mixin.py:190} INFO - [2025-04-06T21:34:43.747+0000] {dagbag.py:588} INFO - Filling up the DagBag from /home/airflow/.local/lib/python3.12/site-packages/airflow/example_dags/example_setup_teardown.py
[2025-04-06T21:34:43.800+0000] {processor.py:925} INFO - DAG(s) 'example_setup_teardown' retrieved from /home/airflow/.local/lib/python3.12/site-packages/airflow/example_dags/example_setup_teardown.py
[2025-04-06T21:34:43.914+0000] {logging_mixin.py:190} INFO - [2025-04-06T21:34:43.913+0000] {dag.py:3239} INFO - Sync 1 DAGs
[2025-04-06T21:34:43.984+0000] {logging_mixin.py:190} INFO - [2025-04-06T21:34:43.983+0000] {dag.py:4180} INFO - Setting next_dagrun for example_setup_teardown to None, run_after=None
[2025-04-06T21:34:44.023+0000] {processor.py:208} INFO - Processing /home/airflow/.local/lib/python3.12/site-packages/airflow/example_dags/example_setup_teardown.py took 0.357 seconds
[2025-04-06T21:35:14.319+0000] {processor.py:186} INFO - Started process (PID=478) to work on /home/airflow/.local/lib/python3.12/site-packages/airflow/example_dags/example_setup_teardown.py
[2025-04-06T21:35:14.319+0000] {processor.py:914} INFO - Processing file /home/airflow/.local/lib/python3.12/site-packages/airflow/example_dags/example_setup_teardown.py for tasks to queue
[2025-04-06T21:35:14.322+0000] {logging_mixin.py:190} INFO - [2025-04-06T21:35:14.321+0000] {dagbag.py:588} INFO - Filling up the DagBag from /home/airflow/.local/lib/python3.12/site-packages/airflow/example_dags/example_setup_teardown.py
[2025-04-06T21:35:14.333+0000] {processor.py:925} INFO - DAG(s) 'example_setup_teardown' retrieved from /home/airflow/.local/lib/python3.12/site-packages/airflow/example_dags/example_setup_teardown.py
[2025-04-06T21:35:14.358+0000] {logging_mixin.py:190} INFO - [2025-04-06T21:35:14.358+0000] {dag.py:3239} INFO - Sync 1 DAGs
[2025-04-06T21:35:14.381+0000] {logging_mixin.py:190} INFO - [2025-04-06T21:35:14.380+0000] {dag.py:4180} INFO - Setting next_dagrun for example_setup_teardown to None, run_after=None
[2025-04-06T21:35:14.421+0000] {processor.py:208} INFO - Processing /home/airflow/.local/lib/python3.12/site-packages/airflow/example_dags/example_setup_teardown.py took 0.108 seconds
[2025-04-06T21:35:44.533+0000] {processor.py:186} INFO - Started process (PID=542) to work on /home/airflow/.local/lib/python3.12/site-packages/airflow/example_dags/example_setup_teardown.py
[2025-04-06T21:35:44.534+0000] {processor.py:914} INFO - Processing file /home/airflow/.local/lib/python3.12/site-packages/airflow/example_dags/example_setup_teardown.py for tasks to queue
[2025-04-06T21:35:44.538+0000] {logging_mixin.py:190} INFO - [2025-04-06T21:35:44.537+0000] {dagbag.py:588} INFO - Filling up the DagBag from /home/airflow/.local/lib/python3.12/site-packages/airflow/example_dags/example_setup_teardown.py
[2025-04-06T21:35:44.563+0000] {processor.py:925} INFO - DAG(s) 'example_setup_teardown' retrieved from /home/airflow/.local/lib/python3.12/site-packages/airflow/example_dags/example_setup_teardown.py
[2025-04-06T21:35:44.616+0000] {logging_mixin.py:190} INFO - [2025-04-06T21:35:44.615+0000] {dag.py:3239} INFO - Sync 1 DAGs
[2025-04-06T21:35:44.652+0000] {logging_mixin.py:190} INFO - [2025-04-06T21:35:44.652+0000] {dag.py:4180} INFO - Setting next_dagrun for example_setup_teardown to None, run_after=None
[2025-04-06T21:35:44.695+0000] {processor.py:208} INFO - Processing /home/airflow/.local/lib/python3.12/site-packages/airflow/example_dags/example_setup_teardown.py took 0.182 seconds
[2025-04-06T21:36:14.859+0000] {processor.py:186} INFO - Started process (PID=606) to work on /home/airflow/.local/lib/python3.12/site-packages/airflow/example_dags/example_setup_teardown.py
[2025-04-06T21:36:14.861+0000] {processor.py:914} INFO - Processing file /home/airflow/.local/lib/python3.12/site-packages/airflow/example_dags/example_setup_teardown.py for tasks to queue
[2025-04-06T21:36:14.863+0000] {logging_mixin.py:190} INFO - [2025-04-06T21:36:14.863+0000] {dagbag.py:588} INFO - Filling up the DagBag from /home/airflow/.local/lib/python3.12/site-packages/airflow/example_dags/example_setup_teardown.py
[2025-04-06T21:36:14.877+0000] {processor.py:925} INFO - DAG(s) 'example_setup_teardown' retrieved from /home/airflow/.local/lib/python3.12/site-packages/airflow/example_dags/example_setup_teardown.py
[2025-04-06T21:36:14.909+0000] {logging_mixin.py:190} INFO - [2025-04-06T21:36:14.908+0000] {dag.py:3239} INFO - Sync 1 DAGs
[2025-04-06T21:36:14.927+0000] {logging_mixin.py:190} INFO - [2025-04-06T21:36:14.927+0000] {dag.py:4180} INFO - Setting next_dagrun for example_setup_teardown to None, run_after=None
[2025-04-06T21:36:14.957+0000] {processor.py:208} INFO - Processing /home/airflow/.local/lib/python3.12/site-packages/airflow/example_dags/example_setup_teardown.py took 0.114 seconds
[2025-04-06T21:36:45.031+0000] {processor.py:186} INFO - Started process (PID=670) to work on /home/airflow/.local/lib/python3.12/site-packages/airflow/example_dags/example_setup_teardown.py
[2025-04-06T21:36:45.032+0000] {processor.py:914} INFO - Processing file /home/airflow/.local/lib/python3.12/site-packages/airflow/example_dags/example_setup_teardown.py for tasks to queue
[2025-04-06T21:36:45.034+0000] {logging_mixin.py:190} INFO - [2025-04-06T21:36:45.034+0000] {dagbag.py:588} INFO - Filling up the DagBag from /home/airflow/.local/lib/python3.12/site-packages/airflow/example_dags/example_setup_teardown.py
[2025-04-06T21:36:45.044+0000] {processor.py:925} INFO - DAG(s) 'example_setup_teardown' retrieved from /home/airflow/.local/lib/python3.12/site-packages/airflow/example_dags/example_setup_teardown.py
[2025-04-06T21:36:45.067+0000] {logging_mixin.py:190} INFO - [2025-04-06T21:36:45.067+0000] {dag.py:3239} INFO - Sync 1 DAGs
[2025-04-06T21:36:45.086+0000] {logging_mixin.py:190} INFO - [2025-04-06T21:36:45.085+0000] {dag.py:4180} INFO - Setting next_dagrun for example_setup_teardown to None, run_after=None
[2025-04-06T21:36:45.105+0000] {processor.py:208} INFO - Processing /home/airflow/.local/lib/python3.12/site-packages/airflow/example_dags/example_setup_teardown.py took 0.081 seconds
[2025-04-06T21:37:15.446+0000] {processor.py:186} INFO - Started process (PID=733) to work on /home/airflow/.local/lib/python3.12/site-packages/airflow/example_dags/example_setup_teardown.py
[2025-04-06T21:37:15.447+0000] {processor.py:914} INFO - Processing file /home/airflow/.local/lib/python3.12/site-packages/airflow/example_dags/example_setup_teardown.py for tasks to queue
[2025-04-06T21:37:15.449+0000] {logging_mixin.py:190} INFO - [2025-04-06T21:37:15.449+0000] {dagbag.py:588} INFO - Filling up the DagBag from /home/airflow/.local/lib/python3.12/site-packages/airflow/example_dags/example_setup_teardown.py
[2025-04-06T21:37:15.460+0000] {processor.py:925} INFO - DAG(s) 'example_setup_teardown' retrieved from /home/airflow/.local/lib/python3.12/site-packages/airflow/example_dags/example_setup_teardown.py
[2025-04-06T21:37:15.484+0000] {logging_mixin.py:190} INFO - [2025-04-06T21:37:15.483+0000] {dag.py:3239} INFO - Sync 1 DAGs
[2025-04-06T21:37:15.503+0000] {logging_mixin.py:190} INFO - [2025-04-06T21:37:15.503+0000] {dag.py:4180} INFO - Setting next_dagrun for example_setup_teardown to None, run_after=None
[2025-04-06T21:37:15.522+0000] {processor.py:208} INFO - Processing /home/airflow/.local/lib/python3.12/site-packages/airflow/example_dags/example_setup_teardown.py took 0.084 seconds
[2025-04-06T21:37:45.827+0000] {processor.py:186} INFO - Started process (PID=796) to work on /home/airflow/.local/lib/python3.12/site-packages/airflow/example_dags/example_setup_teardown.py
[2025-04-06T21:37:45.828+0000] {processor.py:914} INFO - Processing file /home/airflow/.local/lib/python3.12/site-packages/airflow/example_dags/example_setup_teardown.py for tasks to queue
[2025-04-06T21:37:45.830+0000] {logging_mixin.py:190} INFO - [2025-04-06T21:37:45.829+0000] {dagbag.py:588} INFO - Filling up the DagBag from /home/airflow/.local/lib/python3.12/site-packages/airflow/example_dags/example_setup_teardown.py
[2025-04-06T21:37:45.837+0000] {processor.py:925} INFO - DAG(s) 'example_setup_teardown' retrieved from /home/airflow/.local/lib/python3.12/site-packages/airflow/example_dags/example_setup_teardown.py
[2025-04-06T21:37:45.855+0000] {logging_mixin.py:190} INFO - [2025-04-06T21:37:45.854+0000] {dag.py:3239} INFO - Sync 1 DAGs
[2025-04-06T21:37:45.867+0000] {logging_mixin.py:190} INFO - [2025-04-06T21:37:45.867+0000] {dag.py:4180} INFO - Setting next_dagrun for example_setup_teardown to None, run_after=None
[2025-04-06T21:37:45.882+0000] {processor.py:208} INFO - Processing /home/airflow/.local/lib/python3.12/site-packages/airflow/example_dags/example_setup_teardown.py took 0.060 seconds
[2025-04-06T21:38:16.310+0000] {processor.py:186} INFO - Started process (PID=860) to work on /home/airflow/.local/lib/python3.12/site-packages/airflow/example_dags/example_setup_teardown.py
[2025-04-06T21:38:16.311+0000] {processor.py:914} INFO - Processing file /home/airflow/.local/lib/python3.12/site-packages/airflow/example_dags/example_setup_teardown.py for tasks to queue
[2025-04-06T21:38:16.313+0000] {logging_mixin.py:190} INFO - [2025-04-06T21:38:16.312+0000] {dagbag.py:588} INFO - Filling up the DagBag from /home/airflow/.local/lib/python3.12/site-packages/airflow/example_dags/example_setup_teardown.py
[2025-04-06T21:38:16.324+0000] {processor.py:925} INFO - DAG(s) 'example_setup_teardown' retrieved from /home/airflow/.local/lib/python3.12/site-packages/airflow/example_dags/example_setup_teardown.py
[2025-04-06T21:38:16.348+0000] {logging_mixin.py:190} INFO - [2025-04-06T21:38:16.348+0000] {dag.py:3239} INFO - Sync 1 DAGs
[2025-04-06T21:38:16.364+0000] {logging_mixin.py:190} INFO - [2025-04-06T21:38:16.364+0000] {dag.py:4180} INFO - Setting next_dagrun for example_setup_teardown to None, run_after=None
[2025-04-06T21:38:16.382+0000] {processor.py:208} INFO - Processing /home/airflow/.local/lib/python3.12/site-packages/airflow/example_dags/example_setup_teardown.py took 0.079 seconds
[2025-04-06T21:38:47.144+0000] {processor.py:186} INFO - Started process (PID=925) to work on /home/airflow/.local/lib/python3.12/site-packages/airflow/example_dags/example_setup_teardown.py
[2025-04-06T21:38:47.145+0000] {processor.py:914} INFO - Processing file /home/airflow/.local/lib/python3.12/site-packages/airflow/example_dags/example_setup_teardown.py for tasks to queue
[2025-04-06T21:38:47.147+0000] {logging_mixin.py:190} INFO - [2025-04-06T21:38:47.147+0000] {dagbag.py:588} INFO - Filling up the DagBag from /home/airflow/.local/lib/python3.12/site-packages/airflow/example_dags/example_setup_teardown.py
[2025-04-06T21:38:47.158+0000] {processor.py:925} INFO - DAG(s) 'example_setup_teardown' retrieved from /home/airflow/.local/lib/python3.12/site-packages/airflow/example_dags/example_setup_teardown.py
[2025-04-06T21:38:47.184+0000] {logging_mixin.py:190} INFO - [2025-04-06T21:38:47.183+0000] {dag.py:3239} INFO - Sync 1 DAGs
[2025-04-06T21:38:47.204+0000] {logging_mixin.py:190} INFO - [2025-04-06T21:38:47.204+0000] {dag.py:4180} INFO - Setting next_dagrun for example_setup_teardown to None, run_after=None
[2025-04-06T21:38:47.224+0000] {processor.py:208} INFO - Processing /home/airflow/.local/lib/python3.12/site-packages/airflow/example_dags/example_setup_teardown.py took 0.087 seconds
[2025-04-06T21:39:17.632+0000] {processor.py:186} INFO - Started process (PID=989) to work on /home/airflow/.local/lib/python3.12/site-packages/airflow/example_dags/example_setup_teardown.py
[2025-04-06T21:39:17.633+0000] {processor.py:914} INFO - Processing file /home/airflow/.local/lib/python3.12/site-packages/airflow/example_dags/example_setup_teardown.py for tasks to queue
[2025-04-06T21:39:17.635+0000] {logging_mixin.py:190} INFO - [2025-04-06T21:39:17.635+0000] {dagbag.py:588} INFO - Filling up the DagBag from /home/airflow/.local/lib/python3.12/site-packages/airflow/example_dags/example_setup_teardown.py
[2025-04-06T21:39:17.645+0000] {processor.py:925} INFO - DAG(s) 'example_setup_teardown' retrieved from /home/airflow/.local/lib/python3.12/site-packages/airflow/example_dags/example_setup_teardown.py
[2025-04-06T21:39:17.668+0000] {logging_mixin.py:190} INFO - [2025-04-06T21:39:17.668+0000] {dag.py:3239} INFO - Sync 1 DAGs
[2025-04-06T21:39:17.688+0000] {logging_mixin.py:190} INFO - [2025-04-06T21:39:17.687+0000] {dag.py:4180} INFO - Setting next_dagrun for example_setup_teardown to None, run_after=None
[2025-04-06T21:39:17.707+0000] {processor.py:208} INFO - Processing /home/airflow/.local/lib/python3.12/site-packages/airflow/example_dags/example_setup_teardown.py took 0.081 seconds
[2025-04-06T21:39:47.902+0000] {processor.py:186} INFO - Started process (PID=1052) to work on /home/airflow/.local/lib/python3.12/site-packages/airflow/example_dags/example_setup_teardown.py
[2025-04-06T21:39:47.903+0000] {processor.py:914} INFO - Processing file /home/airflow/.local/lib/python3.12/site-packages/airflow/example_dags/example_setup_teardown.py for tasks to queue
[2025-04-06T21:39:47.905+0000] {logging_mixin.py:190} INFO - [2025-04-06T21:39:47.905+0000] {dagbag.py:588} INFO - Filling up the DagBag from /home/airflow/.local/lib/python3.12/site-packages/airflow/example_dags/example_setup_teardown.py
[2025-04-06T21:39:47.915+0000] {processor.py:925} INFO - DAG(s) 'example_setup_teardown' retrieved from /home/airflow/.local/lib/python3.12/site-packages/airflow/example_dags/example_setup_teardown.py
[2025-04-06T21:39:47.976+0000] {logging_mixin.py:190} INFO - [2025-04-06T21:39:47.976+0000] {dag.py:3239} INFO - Sync 1 DAGs
[2025-04-06T21:39:48.019+0000] {logging_mixin.py:190} INFO - [2025-04-06T21:39:48.018+0000] {dag.py:4180} INFO - Setting next_dagrun for example_setup_teardown to None, run_after=None
[2025-04-06T21:39:48.073+0000] {processor.py:208} INFO - Processing /home/airflow/.local/lib/python3.12/site-packages/airflow/example_dags/example_setup_teardown.py took 0.179 seconds
[2025-04-06T21:40:18.708+0000] {processor.py:186} INFO - Started process (PID=1117) to work on /home/airflow/.local/lib/python3.12/site-packages/airflow/example_dags/example_setup_teardown.py
[2025-04-06T21:40:18.709+0000] {processor.py:914} INFO - Processing file /home/airflow/.local/lib/python3.12/site-packages/airflow/example_dags/example_setup_teardown.py for tasks to queue
[2025-04-06T21:40:18.711+0000] {logging_mixin.py:190} INFO - [2025-04-06T21:40:18.711+0000] {dagbag.py:588} INFO - Filling up the DagBag from /home/airflow/.local/lib/python3.12/site-packages/airflow/example_dags/example_setup_teardown.py
[2025-04-06T21:40:18.722+0000] {processor.py:925} INFO - DAG(s) 'example_setup_teardown' retrieved from /home/airflow/.local/lib/python3.12/site-packages/airflow/example_dags/example_setup_teardown.py
[2025-04-06T21:40:18.745+0000] {logging_mixin.py:190} INFO - [2025-04-06T21:40:18.745+0000] {dag.py:3239} INFO - Sync 1 DAGs
[2025-04-06T21:40:18.777+0000] {logging_mixin.py:190} INFO - [2025-04-06T21:40:18.775+0000] {dag.py:4180} INFO - Setting next_dagrun for example_setup_teardown to None, run_after=None
[2025-04-06T21:40:18.797+0000] {processor.py:208} INFO - Processing /home/airflow/.local/lib/python3.12/site-packages/airflow/example_dags/example_setup_teardown.py took 0.096 seconds
[2025-04-06T21:40:49.193+0000] {processor.py:186} INFO - Started process (PID=1181) to work on /home/airflow/.local/lib/python3.12/site-packages/airflow/example_dags/example_setup_teardown.py
[2025-04-06T21:40:49.194+0000] {processor.py:914} INFO - Processing file /home/airflow/.local/lib/python3.12/site-packages/airflow/example_dags/example_setup_teardown.py for tasks to queue
[2025-04-06T21:40:49.196+0000] {logging_mixin.py:190} INFO - [2025-04-06T21:40:49.196+0000] {dagbag.py:588} INFO - Filling up the DagBag from /home/airflow/.local/lib/python3.12/site-packages/airflow/example_dags/example_setup_teardown.py
[2025-04-06T21:40:49.207+0000] {processor.py:925} INFO - DAG(s) 'example_setup_teardown' retrieved from /home/airflow/.local/lib/python3.12/site-packages/airflow/example_dags/example_setup_teardown.py
[2025-04-06T21:40:49.231+0000] {logging_mixin.py:190} INFO - [2025-04-06T21:40:49.230+0000] {dag.py:3239} INFO - Sync 1 DAGs
[2025-04-06T21:40:49.248+0000] {logging_mixin.py:190} INFO - [2025-04-06T21:40:49.247+0000] {dag.py:4180} INFO - Setting next_dagrun for example_setup_teardown to None, run_after=None
[2025-04-06T21:40:49.267+0000] {processor.py:208} INFO - Processing /home/airflow/.local/lib/python3.12/site-packages/airflow/example_dags/example_setup_teardown.py took 0.080 seconds
[2025-04-06T21:41:19.833+0000] {processor.py:186} INFO - Started process (PID=1246) to work on /home/airflow/.local/lib/python3.12/site-packages/airflow/example_dags/example_setup_teardown.py
[2025-04-06T21:41:19.834+0000] {processor.py:914} INFO - Processing file /home/airflow/.local/lib/python3.12/site-packages/airflow/example_dags/example_setup_teardown.py for tasks to queue
[2025-04-06T21:41:19.840+0000] {logging_mixin.py:190} INFO - [2025-04-06T21:41:19.840+0000] {dagbag.py:588} INFO - Filling up the DagBag from /home/airflow/.local/lib/python3.12/site-packages/airflow/example_dags/example_setup_teardown.py
[2025-04-06T21:41:19.861+0000] {processor.py:925} INFO - DAG(s) 'example_setup_teardown' retrieved from /home/airflow/.local/lib/python3.12/site-packages/airflow/example_dags/example_setup_teardown.py
[2025-04-06T21:41:19.899+0000] {logging_mixin.py:190} INFO - [2025-04-06T21:41:19.899+0000] {dag.py:3239} INFO - Sync 1 DAGs
[2025-04-06T21:41:19.936+0000] {logging_mixin.py:190} INFO - [2025-04-06T21:41:19.935+0000] {dag.py:4180} INFO - Setting next_dagrun for example_setup_teardown to None, run_after=None
[2025-04-06T21:41:19.989+0000] {processor.py:208} INFO - Processing /home/airflow/.local/lib/python3.12/site-packages/airflow/example_dags/example_setup_teardown.py took 0.172 seconds
[2025-04-06T21:41:50.689+0000] {processor.py:186} INFO - Started process (PID=1310) to work on /home/airflow/.local/lib/python3.12/site-packages/airflow/example_dags/example_setup_teardown.py
[2025-04-06T21:41:50.692+0000] {processor.py:914} INFO - Processing file /home/airflow/.local/lib/python3.12/site-packages/airflow/example_dags/example_setup_teardown.py for tasks to queue
[2025-04-06T21:41:50.697+0000] {logging_mixin.py:190} INFO - [2025-04-06T21:41:50.696+0000] {dagbag.py:588} INFO - Filling up the DagBag from /home/airflow/.local/lib/python3.12/site-packages/airflow/example_dags/example_setup_teardown.py
[2025-04-06T21:41:50.722+0000] {processor.py:925} INFO - DAG(s) 'example_setup_teardown' retrieved from /home/airflow/.local/lib/python3.12/site-packages/airflow/example_dags/example_setup_teardown.py
[2025-04-06T21:41:50.776+0000] {logging_mixin.py:190} INFO - [2025-04-06T21:41:50.775+0000] {dag.py:3239} INFO - Sync 1 DAGs
[2025-04-06T21:41:50.815+0000] {logging_mixin.py:190} INFO - [2025-04-06T21:41:50.815+0000] {dag.py:4180} INFO - Setting next_dagrun for example_setup_teardown to None, run_after=None
[2025-04-06T21:41:50.872+0000] {processor.py:208} INFO - Processing /home/airflow/.local/lib/python3.12/site-packages/airflow/example_dags/example_setup_teardown.py took 0.202 seconds
[2025-04-06T21:42:21.257+0000] {processor.py:186} INFO - Started process (PID=1373) to work on /home/airflow/.local/lib/python3.12/site-packages/airflow/example_dags/example_setup_teardown.py
[2025-04-06T21:42:21.258+0000] {processor.py:914} INFO - Processing file /home/airflow/.local/lib/python3.12/site-packages/airflow/example_dags/example_setup_teardown.py for tasks to queue
[2025-04-06T21:42:21.261+0000] {logging_mixin.py:190} INFO - [2025-04-06T21:42:21.261+0000] {dagbag.py:588} INFO - Filling up the DagBag from /home/airflow/.local/lib/python3.12/site-packages/airflow/example_dags/example_setup_teardown.py
[2025-04-06T21:42:21.280+0000] {processor.py:925} INFO - DAG(s) 'example_setup_teardown' retrieved from /home/airflow/.local/lib/python3.12/site-packages/airflow/example_dags/example_setup_teardown.py
[2025-04-06T21:42:21.348+0000] {logging_mixin.py:190} INFO - [2025-04-06T21:42:21.348+0000] {dag.py:3239} INFO - Sync 1 DAGs
[2025-04-06T21:42:21.373+0000] {logging_mixin.py:190} INFO - [2025-04-06T21:42:21.373+0000] {dag.py:4180} INFO - Setting next_dagrun for example_setup_teardown to None, run_after=None
[2025-04-06T21:42:21.447+0000] {processor.py:208} INFO - Processing /home/airflow/.local/lib/python3.12/site-packages/airflow/example_dags/example_setup_teardown.py took 0.199 seconds
[2025-04-06T21:42:51.597+0000] {processor.py:186} INFO - Started process (PID=1437) to work on /home/airflow/.local/lib/python3.12/site-packages/airflow/example_dags/example_setup_teardown.py
[2025-04-06T21:42:51.597+0000] {processor.py:914} INFO - Processing file /home/airflow/.local/lib/python3.12/site-packages/airflow/example_dags/example_setup_teardown.py for tasks to queue
[2025-04-06T21:42:51.600+0000] {logging_mixin.py:190} INFO - [2025-04-06T21:42:51.599+0000] {dagbag.py:588} INFO - Filling up the DagBag from /home/airflow/.local/lib/python3.12/site-packages/airflow/example_dags/example_setup_teardown.py
[2025-04-06T21:42:51.610+0000] {processor.py:925} INFO - DAG(s) 'example_setup_teardown' retrieved from /home/airflow/.local/lib/python3.12/site-packages/airflow/example_dags/example_setup_teardown.py
[2025-04-06T21:42:51.633+0000] {logging_mixin.py:190} INFO - [2025-04-06T21:42:51.633+0000] {dag.py:3239} INFO - Sync 1 DAGs
[2025-04-06T21:42:51.650+0000] {logging_mixin.py:190} INFO - [2025-04-06T21:42:51.650+0000] {dag.py:4180} INFO - Setting next_dagrun for example_setup_teardown to None, run_after=None
[2025-04-06T21:42:51.669+0000] {processor.py:208} INFO - Processing /home/airflow/.local/lib/python3.12/site-packages/airflow/example_dags/example_setup_teardown.py took 0.079 seconds
[2025-04-06T21:43:21.854+0000] {processor.py:186} INFO - Started process (PID=1501) to work on /home/airflow/.local/lib/python3.12/site-packages/airflow/example_dags/example_setup_teardown.py
[2025-04-06T21:43:21.855+0000] {processor.py:914} INFO - Processing file /home/airflow/.local/lib/python3.12/site-packages/airflow/example_dags/example_setup_teardown.py for tasks to queue
[2025-04-06T21:43:21.857+0000] {logging_mixin.py:190} INFO - [2025-04-06T21:43:21.857+0000] {dagbag.py:588} INFO - Filling up the DagBag from /home/airflow/.local/lib/python3.12/site-packages/airflow/example_dags/example_setup_teardown.py
[2025-04-06T21:43:21.868+0000] {processor.py:925} INFO - DAG(s) 'example_setup_teardown' retrieved from /home/airflow/.local/lib/python3.12/site-packages/airflow/example_dags/example_setup_teardown.py
[2025-04-06T21:43:21.892+0000] {logging_mixin.py:190} INFO - [2025-04-06T21:43:21.892+0000] {dag.py:3239} INFO - Sync 1 DAGs
[2025-04-06T21:43:21.910+0000] {logging_mixin.py:190} INFO - [2025-04-06T21:43:21.910+0000] {dag.py:4180} INFO - Setting next_dagrun for example_setup_teardown to None, run_after=None
[2025-04-06T21:43:21.939+0000] {processor.py:208} INFO - Processing /home/airflow/.local/lib/python3.12/site-packages/airflow/example_dags/example_setup_teardown.py took 0.093 seconds
[2025-04-06T21:43:52.889+0000] {processor.py:186} INFO - Started process (PID=1565) to work on /home/airflow/.local/lib/python3.12/site-packages/airflow/example_dags/example_setup_teardown.py
[2025-04-06T21:43:52.890+0000] {processor.py:914} INFO - Processing file /home/airflow/.local/lib/python3.12/site-packages/airflow/example_dags/example_setup_teardown.py for tasks to queue
[2025-04-06T21:43:52.892+0000] {logging_mixin.py:190} INFO - [2025-04-06T21:43:52.892+0000] {dagbag.py:588} INFO - Filling up the DagBag from /home/airflow/.local/lib/python3.12/site-packages/airflow/example_dags/example_setup_teardown.py
[2025-04-06T21:43:52.902+0000] {processor.py:925} INFO - DAG(s) 'example_setup_teardown' retrieved from /home/airflow/.local/lib/python3.12/site-packages/airflow/example_dags/example_setup_teardown.py
[2025-04-06T21:43:52.928+0000] {logging_mixin.py:190} INFO - [2025-04-06T21:43:52.928+0000] {dag.py:3239} INFO - Sync 1 DAGs
[2025-04-06T21:43:52.946+0000] {logging_mixin.py:190} INFO - [2025-04-06T21:43:52.946+0000] {dag.py:4180} INFO - Setting next_dagrun for example_setup_teardown to None, run_after=None
[2025-04-06T21:43:52.965+0000] {processor.py:208} INFO - Processing /home/airflow/.local/lib/python3.12/site-packages/airflow/example_dags/example_setup_teardown.py took 0.083 seconds
[2025-04-06T21:44:23.067+0000] {processor.py:186} INFO - Started process (PID=1629) to work on /home/airflow/.local/lib/python3.12/site-packages/airflow/example_dags/example_setup_teardown.py
[2025-04-06T21:44:23.068+0000] {processor.py:914} INFO - Processing file /home/airflow/.local/lib/python3.12/site-packages/airflow/example_dags/example_setup_teardown.py for tasks to queue
[2025-04-06T21:44:23.071+0000] {logging_mixin.py:190} INFO - [2025-04-06T21:44:23.070+0000] {dagbag.py:588} INFO - Filling up the DagBag from /home/airflow/.local/lib/python3.12/site-packages/airflow/example_dags/example_setup_teardown.py
[2025-04-06T21:44:23.082+0000] {processor.py:925} INFO - DAG(s) 'example_setup_teardown' retrieved from /home/airflow/.local/lib/python3.12/site-packages/airflow/example_dags/example_setup_teardown.py
[2025-04-06T21:44:23.105+0000] {logging_mixin.py:190} INFO - [2025-04-06T21:44:23.105+0000] {dag.py:3239} INFO - Sync 1 DAGs
[2025-04-06T21:44:23.122+0000] {logging_mixin.py:190} INFO - [2025-04-06T21:44:23.122+0000] {dag.py:4180} INFO - Setting next_dagrun for example_setup_teardown to None, run_after=None
[2025-04-06T21:44:23.142+0000] {processor.py:208} INFO - Processing /home/airflow/.local/lib/python3.12/site-packages/airflow/example_dags/example_setup_teardown.py took 0.082 seconds
[2025-04-06T21:44:53.659+0000] {processor.py:186} INFO - Started process (PID=1693) to work on /home/airflow/.local/lib/python3.12/site-packages/airflow/example_dags/example_setup_teardown.py
[2025-04-06T21:44:53.660+0000] {processor.py:914} INFO - Processing file /home/airflow/.local/lib/python3.12/site-packages/airflow/example_dags/example_setup_teardown.py for tasks to queue
[2025-04-06T21:44:53.663+0000] {logging_mixin.py:190} INFO - [2025-04-06T21:44:53.662+0000] {dagbag.py:588} INFO - Filling up the DagBag from /home/airflow/.local/lib/python3.12/site-packages/airflow/example_dags/example_setup_teardown.py
[2025-04-06T21:44:53.673+0000] {processor.py:925} INFO - DAG(s) 'example_setup_teardown' retrieved from /home/airflow/.local/lib/python3.12/site-packages/airflow/example_dags/example_setup_teardown.py
[2025-04-06T21:44:53.696+0000] {logging_mixin.py:190} INFO - [2025-04-06T21:44:53.695+0000] {dag.py:3239} INFO - Sync 1 DAGs
[2025-04-06T21:44:53.714+0000] {logging_mixin.py:190} INFO - [2025-04-06T21:44:53.714+0000] {dag.py:4180} INFO - Setting next_dagrun for example_setup_teardown to None, run_after=None
[2025-04-06T21:44:53.732+0000] {processor.py:208} INFO - Processing /home/airflow/.local/lib/python3.12/site-packages/airflow/example_dags/example_setup_teardown.py took 0.080 seconds
[2025-04-06T21:45:23.866+0000] {processor.py:186} INFO - Started process (PID=1757) to work on /home/airflow/.local/lib/python3.12/site-packages/airflow/example_dags/example_setup_teardown.py
[2025-04-06T21:45:23.867+0000] {processor.py:914} INFO - Processing file /home/airflow/.local/lib/python3.12/site-packages/airflow/example_dags/example_setup_teardown.py for tasks to queue
[2025-04-06T21:45:23.870+0000] {logging_mixin.py:190} INFO - [2025-04-06T21:45:23.869+0000] {dagbag.py:588} INFO - Filling up the DagBag from /home/airflow/.local/lib/python3.12/site-packages/airflow/example_dags/example_setup_teardown.py
[2025-04-06T21:45:23.881+0000] {processor.py:925} INFO - DAG(s) 'example_setup_teardown' retrieved from /home/airflow/.local/lib/python3.12/site-packages/airflow/example_dags/example_setup_teardown.py
[2025-04-06T21:45:23.905+0000] {logging_mixin.py:190} INFO - [2025-04-06T21:45:23.905+0000] {dag.py:3239} INFO - Sync 1 DAGs
[2025-04-06T21:45:23.923+0000] {logging_mixin.py:190} INFO - [2025-04-06T21:45:23.923+0000] {dag.py:4180} INFO - Setting next_dagrun for example_setup_teardown to None, run_after=None
[2025-04-06T21:45:23.943+0000] {processor.py:208} INFO - Processing /home/airflow/.local/lib/python3.12/site-packages/airflow/example_dags/example_setup_teardown.py took 0.084 seconds
[2025-04-06T21:45:54.815+0000] {processor.py:186} INFO - Started process (PID=1821) to work on /home/airflow/.local/lib/python3.12/site-packages/airflow/example_dags/example_setup_teardown.py
[2025-04-06T21:45:54.815+0000] {processor.py:914} INFO - Processing file /home/airflow/.local/lib/python3.12/site-packages/airflow/example_dags/example_setup_teardown.py for tasks to queue
[2025-04-06T21:45:54.818+0000] {logging_mixin.py:190} INFO - [2025-04-06T21:45:54.817+0000] {dagbag.py:588} INFO - Filling up the DagBag from /home/airflow/.local/lib/python3.12/site-packages/airflow/example_dags/example_setup_teardown.py
[2025-04-06T21:45:54.828+0000] {processor.py:925} INFO - DAG(s) 'example_setup_teardown' retrieved from /home/airflow/.local/lib/python3.12/site-packages/airflow/example_dags/example_setup_teardown.py
[2025-04-06T21:45:54.853+0000] {logging_mixin.py:190} INFO - [2025-04-06T21:45:54.853+0000] {dag.py:3239} INFO - Sync 1 DAGs
[2025-04-06T21:45:54.884+0000] {logging_mixin.py:190} INFO - [2025-04-06T21:45:54.884+0000] {dag.py:4180} INFO - Setting next_dagrun for example_setup_teardown to None, run_after=None
[2025-04-06T21:45:54.933+0000] {processor.py:208} INFO - Processing /home/airflow/.local/lib/python3.12/site-packages/airflow/example_dags/example_setup_teardown.py took 0.127 seconds
[2025-04-06T21:46:25.999+0000] {processor.py:186} INFO - Started process (PID=1885) to work on /home/airflow/.local/lib/python3.12/site-packages/airflow/example_dags/example_setup_teardown.py
[2025-04-06T21:46:26.000+0000] {processor.py:914} INFO - Processing file /home/airflow/.local/lib/python3.12/site-packages/airflow/example_dags/example_setup_teardown.py for tasks to queue
[2025-04-06T21:46:26.003+0000] {logging_mixin.py:190} INFO - [2025-04-06T21:46:26.002+0000] {dagbag.py:588} INFO - Filling up the DagBag from /home/airflow/.local/lib/python3.12/site-packages/airflow/example_dags/example_setup_teardown.py
[2025-04-06T21:46:26.014+0000] {processor.py:925} INFO - DAG(s) 'example_setup_teardown' retrieved from /home/airflow/.local/lib/python3.12/site-packages/airflow/example_dags/example_setup_teardown.py
[2025-04-06T21:46:26.040+0000] {logging_mixin.py:190} INFO - [2025-04-06T21:46:26.040+0000] {dag.py:3239} INFO - Sync 1 DAGs
[2025-04-06T21:46:26.063+0000] {logging_mixin.py:190} INFO - [2025-04-06T21:46:26.062+0000] {dag.py:4180} INFO - Setting next_dagrun for example_setup_teardown to None, run_after=None
[2025-04-06T21:46:26.090+0000] {processor.py:208} INFO - Processing /home/airflow/.local/lib/python3.12/site-packages/airflow/example_dags/example_setup_teardown.py took 0.099 seconds
[2025-04-06T21:46:56.557+0000] {processor.py:186} INFO - Started process (PID=1948) to work on /home/airflow/.local/lib/python3.12/site-packages/airflow/example_dags/example_setup_teardown.py
[2025-04-06T21:46:56.558+0000] {processor.py:914} INFO - Processing file /home/airflow/.local/lib/python3.12/site-packages/airflow/example_dags/example_setup_teardown.py for tasks to queue
[2025-04-06T21:46:56.560+0000] {logging_mixin.py:190} INFO - [2025-04-06T21:46:56.560+0000] {dagbag.py:588} INFO - Filling up the DagBag from /home/airflow/.local/lib/python3.12/site-packages/airflow/example_dags/example_setup_teardown.py
[2025-04-06T21:46:56.570+0000] {processor.py:925} INFO - DAG(s) 'example_setup_teardown' retrieved from /home/airflow/.local/lib/python3.12/site-packages/airflow/example_dags/example_setup_teardown.py
[2025-04-06T21:46:56.592+0000] {logging_mixin.py:190} INFO - [2025-04-06T21:46:56.592+0000] {dag.py:3239} INFO - Sync 1 DAGs
[2025-04-06T21:46:56.612+0000] {logging_mixin.py:190} INFO - [2025-04-06T21:46:56.611+0000] {dag.py:4180} INFO - Setting next_dagrun for example_setup_teardown to None, run_after=None
[2025-04-06T21:46:56.631+0000] {processor.py:208} INFO - Processing /home/airflow/.local/lib/python3.12/site-packages/airflow/example_dags/example_setup_teardown.py took 0.081 seconds
[2025-04-06T21:47:27.565+0000] {processor.py:186} INFO - Started process (PID=2012) to work on /home/airflow/.local/lib/python3.12/site-packages/airflow/example_dags/example_setup_teardown.py
[2025-04-06T21:47:27.570+0000] {processor.py:914} INFO - Processing file /home/airflow/.local/lib/python3.12/site-packages/airflow/example_dags/example_setup_teardown.py for tasks to queue
[2025-04-06T21:47:27.574+0000] {logging_mixin.py:190} INFO - [2025-04-06T21:47:27.574+0000] {dagbag.py:588} INFO - Filling up the DagBag from /home/airflow/.local/lib/python3.12/site-packages/airflow/example_dags/example_setup_teardown.py
[2025-04-06T21:47:27.602+0000] {processor.py:925} INFO - DAG(s) 'example_setup_teardown' retrieved from /home/airflow/.local/lib/python3.12/site-packages/airflow/example_dags/example_setup_teardown.py
[2025-04-06T21:47:27.657+0000] {logging_mixin.py:190} INFO - [2025-04-06T21:47:27.657+0000] {dag.py:3239} INFO - Sync 1 DAGs
[2025-04-06T21:47:27.687+0000] {logging_mixin.py:190} INFO - [2025-04-06T21:47:27.687+0000] {dag.py:4180} INFO - Setting next_dagrun for example_setup_teardown to None, run_after=None
[2025-04-06T21:47:27.738+0000] {processor.py:208} INFO - Processing /home/airflow/.local/lib/python3.12/site-packages/airflow/example_dags/example_setup_teardown.py took 0.207 seconds
[2025-04-06T21:47:58.400+0000] {processor.py:186} INFO - Started process (PID=2076) to work on /home/airflow/.local/lib/python3.12/site-packages/airflow/example_dags/example_setup_teardown.py
[2025-04-06T21:47:58.404+0000] {processor.py:914} INFO - Processing file /home/airflow/.local/lib/python3.12/site-packages/airflow/example_dags/example_setup_teardown.py for tasks to queue
[2025-04-06T21:47:58.422+0000] {logging_mixin.py:190} INFO - [2025-04-06T21:47:58.420+0000] {dagbag.py:588} INFO - Filling up the DagBag from /home/airflow/.local/lib/python3.12/site-packages/airflow/example_dags/example_setup_teardown.py
[2025-04-06T21:47:58.438+0000] {processor.py:925} INFO - DAG(s) 'example_setup_teardown' retrieved from /home/airflow/.local/lib/python3.12/site-packages/airflow/example_dags/example_setup_teardown.py
[2025-04-06T21:47:58.495+0000] {logging_mixin.py:190} INFO - [2025-04-06T21:47:58.494+0000] {dag.py:3239} INFO - Sync 1 DAGs
[2025-04-06T21:47:58.521+0000] {logging_mixin.py:190} INFO - [2025-04-06T21:47:58.521+0000] {dag.py:4180} INFO - Setting next_dagrun for example_setup_teardown to None, run_after=None
[2025-04-06T21:47:58.540+0000] {processor.py:208} INFO - Processing /home/airflow/.local/lib/python3.12/site-packages/airflow/example_dags/example_setup_teardown.py took 0.152 seconds
[2025-04-06T21:48:28.879+0000] {processor.py:186} INFO - Started process (PID=2140) to work on /home/airflow/.local/lib/python3.12/site-packages/airflow/example_dags/example_setup_teardown.py
[2025-04-06T21:48:28.880+0000] {processor.py:914} INFO - Processing file /home/airflow/.local/lib/python3.12/site-packages/airflow/example_dags/example_setup_teardown.py for tasks to queue
[2025-04-06T21:48:28.883+0000] {logging_mixin.py:190} INFO - [2025-04-06T21:48:28.882+0000] {dagbag.py:588} INFO - Filling up the DagBag from /home/airflow/.local/lib/python3.12/site-packages/airflow/example_dags/example_setup_teardown.py
[2025-04-06T21:48:28.893+0000] {processor.py:925} INFO - DAG(s) 'example_setup_teardown' retrieved from /home/airflow/.local/lib/python3.12/site-packages/airflow/example_dags/example_setup_teardown.py
[2025-04-06T21:48:28.918+0000] {logging_mixin.py:190} INFO - [2025-04-06T21:48:28.918+0000] {dag.py:3239} INFO - Sync 1 DAGs
[2025-04-06T21:48:28.935+0000] {logging_mixin.py:190} INFO - [2025-04-06T21:48:28.935+0000] {dag.py:4180} INFO - Setting next_dagrun for example_setup_teardown to None, run_after=None
[2025-04-06T21:48:28.954+0000] {processor.py:208} INFO - Processing /home/airflow/.local/lib/python3.12/site-packages/airflow/example_dags/example_setup_teardown.py took 0.082 seconds
[2025-04-06T21:48:59.730+0000] {processor.py:186} INFO - Started process (PID=2204) to work on /home/airflow/.local/lib/python3.12/site-packages/airflow/example_dags/example_setup_teardown.py
[2025-04-06T21:48:59.733+0000] {processor.py:914} INFO - Processing file /home/airflow/.local/lib/python3.12/site-packages/airflow/example_dags/example_setup_teardown.py for tasks to queue
[2025-04-06T21:48:59.737+0000] {logging_mixin.py:190} INFO - [2025-04-06T21:48:59.736+0000] {dagbag.py:588} INFO - Filling up the DagBag from /home/airflow/.local/lib/python3.12/site-packages/airflow/example_dags/example_setup_teardown.py
[2025-04-06T21:48:59.747+0000] {processor.py:925} INFO - DAG(s) 'example_setup_teardown' retrieved from /home/airflow/.local/lib/python3.12/site-packages/airflow/example_dags/example_setup_teardown.py
[2025-04-06T21:48:59.788+0000] {logging_mixin.py:190} INFO - [2025-04-06T21:48:59.788+0000] {dag.py:3239} INFO - Sync 1 DAGs
[2025-04-06T21:48:59.825+0000] {logging_mixin.py:190} INFO - [2025-04-06T21:48:59.823+0000] {dag.py:4180} INFO - Setting next_dagrun for example_setup_teardown to None, run_after=None
[2025-04-06T21:48:59.865+0000] {processor.py:208} INFO - Processing /home/airflow/.local/lib/python3.12/site-packages/airflow/example_dags/example_setup_teardown.py took 0.157 seconds
[2025-04-06T21:49:29.946+0000] {processor.py:186} INFO - Started process (PID=2267) to work on /home/airflow/.local/lib/python3.12/site-packages/airflow/example_dags/example_setup_teardown.py
[2025-04-06T21:49:29.946+0000] {processor.py:914} INFO - Processing file /home/airflow/.local/lib/python3.12/site-packages/airflow/example_dags/example_setup_teardown.py for tasks to queue
[2025-04-06T21:49:29.949+0000] {logging_mixin.py:190} INFO - [2025-04-06T21:49:29.948+0000] {dagbag.py:588} INFO - Filling up the DagBag from /home/airflow/.local/lib/python3.12/site-packages/airflow/example_dags/example_setup_teardown.py
[2025-04-06T21:49:29.959+0000] {processor.py:925} INFO - DAG(s) 'example_setup_teardown' retrieved from /home/airflow/.local/lib/python3.12/site-packages/airflow/example_dags/example_setup_teardown.py
[2025-04-06T21:49:29.983+0000] {logging_mixin.py:190} INFO - [2025-04-06T21:49:29.983+0000] {dag.py:3239} INFO - Sync 1 DAGs
[2025-04-06T21:49:30.002+0000] {logging_mixin.py:190} INFO - [2025-04-06T21:49:30.002+0000] {dag.py:4180} INFO - Setting next_dagrun for example_setup_teardown to None, run_after=None
[2025-04-06T21:49:30.021+0000] {processor.py:208} INFO - Processing /home/airflow/.local/lib/python3.12/site-packages/airflow/example_dags/example_setup_teardown.py took 0.082 seconds
[2025-04-06T21:50:00.604+0000] {processor.py:186} INFO - Started process (PID=2331) to work on /home/airflow/.local/lib/python3.12/site-packages/airflow/example_dags/example_setup_teardown.py
[2025-04-06T21:50:00.605+0000] {processor.py:914} INFO - Processing file /home/airflow/.local/lib/python3.12/site-packages/airflow/example_dags/example_setup_teardown.py for tasks to queue
[2025-04-06T21:50:00.607+0000] {logging_mixin.py:190} INFO - [2025-04-06T21:50:00.607+0000] {dagbag.py:588} INFO - Filling up the DagBag from /home/airflow/.local/lib/python3.12/site-packages/airflow/example_dags/example_setup_teardown.py
[2025-04-06T21:50:00.619+0000] {processor.py:925} INFO - DAG(s) 'example_setup_teardown' retrieved from /home/airflow/.local/lib/python3.12/site-packages/airflow/example_dags/example_setup_teardown.py
[2025-04-06T21:50:00.654+0000] {logging_mixin.py:190} INFO - [2025-04-06T21:50:00.654+0000] {dag.py:3239} INFO - Sync 1 DAGs
[2025-04-06T21:50:00.672+0000] {logging_mixin.py:190} INFO - [2025-04-06T21:50:00.672+0000] {dag.py:4180} INFO - Setting next_dagrun for example_setup_teardown to None, run_after=None
[2025-04-06T21:50:00.690+0000] {processor.py:208} INFO - Processing /home/airflow/.local/lib/python3.12/site-packages/airflow/example_dags/example_setup_teardown.py took 0.093 seconds
[2025-04-06T21:50:30.906+0000] {processor.py:186} INFO - Started process (PID=2395) to work on /home/airflow/.local/lib/python3.12/site-packages/airflow/example_dags/example_setup_teardown.py
[2025-04-06T21:50:30.907+0000] {processor.py:914} INFO - Processing file /home/airflow/.local/lib/python3.12/site-packages/airflow/example_dags/example_setup_teardown.py for tasks to queue
[2025-04-06T21:50:30.909+0000] {logging_mixin.py:190} INFO - [2025-04-06T21:50:30.909+0000] {dagbag.py:588} INFO - Filling up the DagBag from /home/airflow/.local/lib/python3.12/site-packages/airflow/example_dags/example_setup_teardown.py
[2025-04-06T21:50:30.920+0000] {processor.py:925} INFO - DAG(s) 'example_setup_teardown' retrieved from /home/airflow/.local/lib/python3.12/site-packages/airflow/example_dags/example_setup_teardown.py
[2025-04-06T21:50:30.945+0000] {logging_mixin.py:190} INFO - [2025-04-06T21:50:30.944+0000] {dag.py:3239} INFO - Sync 1 DAGs
[2025-04-06T21:50:30.963+0000] {logging_mixin.py:190} INFO - [2025-04-06T21:50:30.963+0000] {dag.py:4180} INFO - Setting next_dagrun for example_setup_teardown to None, run_after=None
[2025-04-06T21:50:30.982+0000] {processor.py:208} INFO - Processing /home/airflow/.local/lib/python3.12/site-packages/airflow/example_dags/example_setup_teardown.py took 0.082 seconds
[2025-04-06T21:51:02.010+0000] {processor.py:186} INFO - Started process (PID=2459) to work on /home/airflow/.local/lib/python3.12/site-packages/airflow/example_dags/example_setup_teardown.py
[2025-04-06T21:51:02.011+0000] {processor.py:914} INFO - Processing file /home/airflow/.local/lib/python3.12/site-packages/airflow/example_dags/example_setup_teardown.py for tasks to queue
[2025-04-06T21:51:02.013+0000] {logging_mixin.py:190} INFO - [2025-04-06T21:51:02.013+0000] {dagbag.py:588} INFO - Filling up the DagBag from /home/airflow/.local/lib/python3.12/site-packages/airflow/example_dags/example_setup_teardown.py
[2025-04-06T21:51:02.022+0000] {processor.py:925} INFO - DAG(s) 'example_setup_teardown' retrieved from /home/airflow/.local/lib/python3.12/site-packages/airflow/example_dags/example_setup_teardown.py
[2025-04-06T21:51:02.038+0000] {logging_mixin.py:190} INFO - [2025-04-06T21:51:02.038+0000] {dag.py:3239} INFO - Sync 1 DAGs
[2025-04-06T21:51:02.051+0000] {logging_mixin.py:190} INFO - [2025-04-06T21:51:02.050+0000] {dag.py:4180} INFO - Setting next_dagrun for example_setup_teardown to None, run_after=None
[2025-04-06T21:51:02.064+0000] {processor.py:208} INFO - Processing /home/airflow/.local/lib/python3.12/site-packages/airflow/example_dags/example_setup_teardown.py took 0.061 seconds
[2025-04-06T21:51:32.645+0000] {processor.py:186} INFO - Started process (PID=2524) to work on /home/airflow/.local/lib/python3.12/site-packages/airflow/example_dags/example_setup_teardown.py
[2025-04-06T21:51:32.645+0000] {processor.py:914} INFO - Processing file /home/airflow/.local/lib/python3.12/site-packages/airflow/example_dags/example_setup_teardown.py for tasks to queue
[2025-04-06T21:51:32.647+0000] {logging_mixin.py:190} INFO - [2025-04-06T21:51:32.647+0000] {dagbag.py:588} INFO - Filling up the DagBag from /home/airflow/.local/lib/python3.12/site-packages/airflow/example_dags/example_setup_teardown.py
[2025-04-06T21:51:32.654+0000] {processor.py:925} INFO - DAG(s) 'example_setup_teardown' retrieved from /home/airflow/.local/lib/python3.12/site-packages/airflow/example_dags/example_setup_teardown.py
[2025-04-06T21:51:32.671+0000] {logging_mixin.py:190} INFO - [2025-04-06T21:51:32.670+0000] {dag.py:3239} INFO - Sync 1 DAGs
[2025-04-06T21:51:32.683+0000] {logging_mixin.py:190} INFO - [2025-04-06T21:51:32.682+0000] {dag.py:4180} INFO - Setting next_dagrun for example_setup_teardown to None, run_after=None
[2025-04-06T21:51:32.696+0000] {processor.py:208} INFO - Processing /home/airflow/.local/lib/python3.12/site-packages/airflow/example_dags/example_setup_teardown.py took 0.056 seconds
[2025-04-06T21:52:03.190+0000] {processor.py:186} INFO - Started process (PID=2588) to work on /home/airflow/.local/lib/python3.12/site-packages/airflow/example_dags/example_setup_teardown.py
[2025-04-06T21:52:03.191+0000] {processor.py:914} INFO - Processing file /home/airflow/.local/lib/python3.12/site-packages/airflow/example_dags/example_setup_teardown.py for tasks to queue
[2025-04-06T21:52:03.194+0000] {logging_mixin.py:190} INFO - [2025-04-06T21:52:03.193+0000] {dagbag.py:588} INFO - Filling up the DagBag from /home/airflow/.local/lib/python3.12/site-packages/airflow/example_dags/example_setup_teardown.py
[2025-04-06T21:52:03.205+0000] {processor.py:925} INFO - DAG(s) 'example_setup_teardown' retrieved from /home/airflow/.local/lib/python3.12/site-packages/airflow/example_dags/example_setup_teardown.py
[2025-04-06T21:52:03.230+0000] {logging_mixin.py:190} INFO - [2025-04-06T21:52:03.230+0000] {dag.py:3239} INFO - Sync 1 DAGs
[2025-04-06T21:52:03.250+0000] {logging_mixin.py:190} INFO - [2025-04-06T21:52:03.250+0000] {dag.py:4180} INFO - Setting next_dagrun for example_setup_teardown to None, run_after=None
[2025-04-06T21:52:03.276+0000] {processor.py:208} INFO - Processing /home/airflow/.local/lib/python3.12/site-packages/airflow/example_dags/example_setup_teardown.py took 0.092 seconds
[2025-04-06T21:52:34.297+0000] {processor.py:186} INFO - Started process (PID=2652) to work on /home/airflow/.local/lib/python3.12/site-packages/airflow/example_dags/example_setup_teardown.py
[2025-04-06T21:52:34.297+0000] {processor.py:914} INFO - Processing file /home/airflow/.local/lib/python3.12/site-packages/airflow/example_dags/example_setup_teardown.py for tasks to queue
[2025-04-06T21:52:34.300+0000] {logging_mixin.py:190} INFO - [2025-04-06T21:52:34.300+0000] {dagbag.py:588} INFO - Filling up the DagBag from /home/airflow/.local/lib/python3.12/site-packages/airflow/example_dags/example_setup_teardown.py
[2025-04-06T21:52:34.311+0000] {processor.py:925} INFO - DAG(s) 'example_setup_teardown' retrieved from /home/airflow/.local/lib/python3.12/site-packages/airflow/example_dags/example_setup_teardown.py
[2025-04-06T21:52:34.334+0000] {logging_mixin.py:190} INFO - [2025-04-06T21:52:34.334+0000] {dag.py:3239} INFO - Sync 1 DAGs
[2025-04-06T21:52:34.353+0000] {logging_mixin.py:190} INFO - [2025-04-06T21:52:34.352+0000] {dag.py:4180} INFO - Setting next_dagrun for example_setup_teardown to None, run_after=None
[2025-04-06T21:52:34.371+0000] {processor.py:208} INFO - Processing /home/airflow/.local/lib/python3.12/site-packages/airflow/example_dags/example_setup_teardown.py took 0.082 seconds
[2025-04-06T21:53:04.839+0000] {processor.py:186} INFO - Started process (PID=2716) to work on /home/airflow/.local/lib/python3.12/site-packages/airflow/example_dags/example_setup_teardown.py
[2025-04-06T21:53:04.841+0000] {processor.py:914} INFO - Processing file /home/airflow/.local/lib/python3.12/site-packages/airflow/example_dags/example_setup_teardown.py for tasks to queue
[2025-04-06T21:53:04.846+0000] {logging_mixin.py:190} INFO - [2025-04-06T21:53:04.845+0000] {dagbag.py:588} INFO - Filling up the DagBag from /home/airflow/.local/lib/python3.12/site-packages/airflow/example_dags/example_setup_teardown.py
[2025-04-06T21:53:04.862+0000] {processor.py:925} INFO - DAG(s) 'example_setup_teardown' retrieved from /home/airflow/.local/lib/python3.12/site-packages/airflow/example_dags/example_setup_teardown.py
[2025-04-06T21:53:04.887+0000] {logging_mixin.py:190} INFO - [2025-04-06T21:53:04.887+0000] {dag.py:3239} INFO - Sync 1 DAGs
[2025-04-06T21:53:04.906+0000] {logging_mixin.py:190} INFO - [2025-04-06T21:53:04.905+0000] {dag.py:4180} INFO - Setting next_dagrun for example_setup_teardown to None, run_after=None
[2025-04-06T21:53:04.925+0000] {processor.py:208} INFO - Processing /home/airflow/.local/lib/python3.12/site-packages/airflow/example_dags/example_setup_teardown.py took 0.097 seconds
[2025-04-06T21:53:35.286+0000] {processor.py:186} INFO - Started process (PID=2780) to work on /home/airflow/.local/lib/python3.12/site-packages/airflow/example_dags/example_setup_teardown.py
[2025-04-06T21:53:35.287+0000] {processor.py:914} INFO - Processing file /home/airflow/.local/lib/python3.12/site-packages/airflow/example_dags/example_setup_teardown.py for tasks to queue
[2025-04-06T21:53:35.289+0000] {logging_mixin.py:190} INFO - [2025-04-06T21:53:35.289+0000] {dagbag.py:588} INFO - Filling up the DagBag from /home/airflow/.local/lib/python3.12/site-packages/airflow/example_dags/example_setup_teardown.py
[2025-04-06T21:53:35.300+0000] {processor.py:925} INFO - DAG(s) 'example_setup_teardown' retrieved from /home/airflow/.local/lib/python3.12/site-packages/airflow/example_dags/example_setup_teardown.py
[2025-04-06T21:53:35.325+0000] {logging_mixin.py:190} INFO - [2025-04-06T21:53:35.324+0000] {dag.py:3239} INFO - Sync 1 DAGs
[2025-04-06T21:53:35.343+0000] {logging_mixin.py:190} INFO - [2025-04-06T21:53:35.342+0000] {dag.py:4180} INFO - Setting next_dagrun for example_setup_teardown to None, run_after=None
[2025-04-06T21:53:35.361+0000] {processor.py:208} INFO - Processing /home/airflow/.local/lib/python3.12/site-packages/airflow/example_dags/example_setup_teardown.py took 0.083 seconds
[2025-04-06T21:54:05.611+0000] {processor.py:186} INFO - Started process (PID=2844) to work on /home/airflow/.local/lib/python3.12/site-packages/airflow/example_dags/example_setup_teardown.py
[2025-04-06T21:54:05.616+0000] {processor.py:914} INFO - Processing file /home/airflow/.local/lib/python3.12/site-packages/airflow/example_dags/example_setup_teardown.py for tasks to queue
[2025-04-06T21:54:05.625+0000] {logging_mixin.py:190} INFO - [2025-04-06T21:54:05.621+0000] {dagbag.py:588} INFO - Filling up the DagBag from /home/airflow/.local/lib/python3.12/site-packages/airflow/example_dags/example_setup_teardown.py
[2025-04-06T21:54:05.655+0000] {processor.py:925} INFO - DAG(s) 'example_setup_teardown' retrieved from /home/airflow/.local/lib/python3.12/site-packages/airflow/example_dags/example_setup_teardown.py
[2025-04-06T21:54:05.711+0000] {logging_mixin.py:190} INFO - [2025-04-06T21:54:05.711+0000] {dag.py:3239} INFO - Sync 1 DAGs
[2025-04-06T21:54:05.752+0000] {logging_mixin.py:190} INFO - [2025-04-06T21:54:05.751+0000] {dag.py:4180} INFO - Setting next_dagrun for example_setup_teardown to None, run_after=None
[2025-04-06T21:54:05.850+0000] {processor.py:208} INFO - Processing /home/airflow/.local/lib/python3.12/site-packages/airflow/example_dags/example_setup_teardown.py took 0.270 seconds
[2025-04-06T21:54:35.953+0000] {processor.py:186} INFO - Started process (PID=2907) to work on /home/airflow/.local/lib/python3.12/site-packages/airflow/example_dags/example_setup_teardown.py
[2025-04-06T21:54:35.954+0000] {processor.py:914} INFO - Processing file /home/airflow/.local/lib/python3.12/site-packages/airflow/example_dags/example_setup_teardown.py for tasks to queue
[2025-04-06T21:54:35.956+0000] {logging_mixin.py:190} INFO - [2025-04-06T21:54:35.956+0000] {dagbag.py:588} INFO - Filling up the DagBag from /home/airflow/.local/lib/python3.12/site-packages/airflow/example_dags/example_setup_teardown.py
[2025-04-06T21:54:35.967+0000] {processor.py:925} INFO - DAG(s) 'example_setup_teardown' retrieved from /home/airflow/.local/lib/python3.12/site-packages/airflow/example_dags/example_setup_teardown.py
[2025-04-06T21:54:35.992+0000] {logging_mixin.py:190} INFO - [2025-04-06T21:54:35.992+0000] {dag.py:3239} INFO - Sync 1 DAGs
[2025-04-06T21:54:36.010+0000] {logging_mixin.py:190} INFO - [2025-04-06T21:54:36.010+0000] {dag.py:4180} INFO - Setting next_dagrun for example_setup_teardown to None, run_after=None
[2025-04-06T21:54:36.029+0000] {processor.py:208} INFO - Processing /home/airflow/.local/lib/python3.12/site-packages/airflow/example_dags/example_setup_teardown.py took 0.082 seconds
[2025-04-06T21:55:06.853+0000] {processor.py:186} INFO - Started process (PID=2971) to work on /home/airflow/.local/lib/python3.12/site-packages/airflow/example_dags/example_setup_teardown.py
[2025-04-06T21:55:06.853+0000] {processor.py:914} INFO - Processing file /home/airflow/.local/lib/python3.12/site-packages/airflow/example_dags/example_setup_teardown.py for tasks to queue
[2025-04-06T21:55:06.856+0000] {logging_mixin.py:190} INFO - [2025-04-06T21:55:06.855+0000] {dagbag.py:588} INFO - Filling up the DagBag from /home/airflow/.local/lib/python3.12/site-packages/airflow/example_dags/example_setup_teardown.py
[2025-04-06T21:55:06.866+0000] {processor.py:925} INFO - DAG(s) 'example_setup_teardown' retrieved from /home/airflow/.local/lib/python3.12/site-packages/airflow/example_dags/example_setup_teardown.py
[2025-04-06T21:55:06.888+0000] {logging_mixin.py:190} INFO - [2025-04-06T21:55:06.888+0000] {dag.py:3239} INFO - Sync 1 DAGs
[2025-04-06T21:55:06.907+0000] {logging_mixin.py:190} INFO - [2025-04-06T21:55:06.907+0000] {dag.py:4180} INFO - Setting next_dagrun for example_setup_teardown to None, run_after=None
[2025-04-06T21:55:06.926+0000] {processor.py:208} INFO - Processing /home/airflow/.local/lib/python3.12/site-packages/airflow/example_dags/example_setup_teardown.py took 0.080 seconds
[2025-04-06T21:55:37.493+0000] {processor.py:186} INFO - Started process (PID=3035) to work on /home/airflow/.local/lib/python3.12/site-packages/airflow/example_dags/example_setup_teardown.py
[2025-04-06T21:55:37.495+0000] {processor.py:914} INFO - Processing file /home/airflow/.local/lib/python3.12/site-packages/airflow/example_dags/example_setup_teardown.py for tasks to queue
[2025-04-06T21:55:37.497+0000] {logging_mixin.py:190} INFO - [2025-04-06T21:55:37.497+0000] {dagbag.py:588} INFO - Filling up the DagBag from /home/airflow/.local/lib/python3.12/site-packages/airflow/example_dags/example_setup_teardown.py
[2025-04-06T21:55:37.508+0000] {processor.py:925} INFO - DAG(s) 'example_setup_teardown' retrieved from /home/airflow/.local/lib/python3.12/site-packages/airflow/example_dags/example_setup_teardown.py
[2025-04-06T21:55:37.532+0000] {logging_mixin.py:190} INFO - [2025-04-06T21:55:37.531+0000] {dag.py:3239} INFO - Sync 1 DAGs
[2025-04-06T21:55:37.551+0000] {logging_mixin.py:190} INFO - [2025-04-06T21:55:37.550+0000] {dag.py:4180} INFO - Setting next_dagrun for example_setup_teardown to None, run_after=None
[2025-04-06T21:55:37.588+0000] {processor.py:208} INFO - Processing /home/airflow/.local/lib/python3.12/site-packages/airflow/example_dags/example_setup_teardown.py took 0.101 seconds
[2025-04-06T21:56:08.112+0000] {processor.py:186} INFO - Started process (PID=3099) to work on /home/airflow/.local/lib/python3.12/site-packages/airflow/example_dags/example_setup_teardown.py
[2025-04-06T21:56:08.114+0000] {processor.py:914} INFO - Processing file /home/airflow/.local/lib/python3.12/site-packages/airflow/example_dags/example_setup_teardown.py for tasks to queue
[2025-04-06T21:56:08.125+0000] {logging_mixin.py:190} INFO - [2025-04-06T21:56:08.123+0000] {dagbag.py:588} INFO - Filling up the DagBag from /home/airflow/.local/lib/python3.12/site-packages/airflow/example_dags/example_setup_teardown.py
[2025-04-06T21:56:08.204+0000] {processor.py:925} INFO - DAG(s) 'example_setup_teardown' retrieved from /home/airflow/.local/lib/python3.12/site-packages/airflow/example_dags/example_setup_teardown.py
[2025-04-06T21:56:08.251+0000] {logging_mixin.py:190} INFO - [2025-04-06T21:56:08.250+0000] {dag.py:3239} INFO - Sync 1 DAGs
[2025-04-06T21:56:08.270+0000] {logging_mixin.py:190} INFO - [2025-04-06T21:56:08.270+0000] {dag.py:4180} INFO - Setting next_dagrun for example_setup_teardown to None, run_after=None
[2025-04-06T21:56:08.298+0000] {processor.py:208} INFO - Processing /home/airflow/.local/lib/python3.12/site-packages/airflow/example_dags/example_setup_teardown.py took 0.213 seconds
[2025-04-06T21:56:39.139+0000] {processor.py:186} INFO - Started process (PID=3163) to work on /home/airflow/.local/lib/python3.12/site-packages/airflow/example_dags/example_setup_teardown.py
[2025-04-06T21:56:39.141+0000] {processor.py:914} INFO - Processing file /home/airflow/.local/lib/python3.12/site-packages/airflow/example_dags/example_setup_teardown.py for tasks to queue
[2025-04-06T21:56:39.143+0000] {logging_mixin.py:190} INFO - [2025-04-06T21:56:39.143+0000] {dagbag.py:588} INFO - Filling up the DagBag from /home/airflow/.local/lib/python3.12/site-packages/airflow/example_dags/example_setup_teardown.py
[2025-04-06T21:56:39.158+0000] {processor.py:925} INFO - DAG(s) 'example_setup_teardown' retrieved from /home/airflow/.local/lib/python3.12/site-packages/airflow/example_dags/example_setup_teardown.py
[2025-04-06T21:56:39.201+0000] {logging_mixin.py:190} INFO - [2025-04-06T21:56:39.201+0000] {dag.py:3239} INFO - Sync 1 DAGs
[2025-04-06T21:56:39.239+0000] {logging_mixin.py:190} INFO - [2025-04-06T21:56:39.239+0000] {dag.py:4180} INFO - Setting next_dagrun for example_setup_teardown to None, run_after=None
[2025-04-06T21:56:39.258+0000] {processor.py:208} INFO - Processing /home/airflow/.local/lib/python3.12/site-packages/airflow/example_dags/example_setup_teardown.py took 0.135 seconds
[2025-04-06T21:57:09.552+0000] {processor.py:186} INFO - Started process (PID=3227) to work on /home/airflow/.local/lib/python3.12/site-packages/airflow/example_dags/example_setup_teardown.py
[2025-04-06T21:57:09.553+0000] {processor.py:914} INFO - Processing file /home/airflow/.local/lib/python3.12/site-packages/airflow/example_dags/example_setup_teardown.py for tasks to queue
[2025-04-06T21:57:09.556+0000] {logging_mixin.py:190} INFO - [2025-04-06T21:57:09.555+0000] {dagbag.py:588} INFO - Filling up the DagBag from /home/airflow/.local/lib/python3.12/site-packages/airflow/example_dags/example_setup_teardown.py
[2025-04-06T21:57:09.566+0000] {processor.py:925} INFO - DAG(s) 'example_setup_teardown' retrieved from /home/airflow/.local/lib/python3.12/site-packages/airflow/example_dags/example_setup_teardown.py
[2025-04-06T21:57:09.610+0000] {logging_mixin.py:190} INFO - [2025-04-06T21:57:09.609+0000] {dag.py:3239} INFO - Sync 1 DAGs
[2025-04-06T21:57:09.641+0000] {logging_mixin.py:190} INFO - [2025-04-06T21:57:09.641+0000] {dag.py:4180} INFO - Setting next_dagrun for example_setup_teardown to None, run_after=None
[2025-04-06T21:57:09.671+0000] {processor.py:208} INFO - Processing /home/airflow/.local/lib/python3.12/site-packages/airflow/example_dags/example_setup_teardown.py took 0.125 seconds
[2025-04-06T21:57:39.709+0000] {processor.py:186} INFO - Started process (PID=3291) to work on /home/airflow/.local/lib/python3.12/site-packages/airflow/example_dags/example_setup_teardown.py
[2025-04-06T21:57:39.709+0000] {processor.py:914} INFO - Processing file /home/airflow/.local/lib/python3.12/site-packages/airflow/example_dags/example_setup_teardown.py for tasks to queue
[2025-04-06T21:57:39.711+0000] {logging_mixin.py:190} INFO - [2025-04-06T21:57:39.711+0000] {dagbag.py:588} INFO - Filling up the DagBag from /home/airflow/.local/lib/python3.12/site-packages/airflow/example_dags/example_setup_teardown.py
[2025-04-06T21:57:39.721+0000] {processor.py:925} INFO - DAG(s) 'example_setup_teardown' retrieved from /home/airflow/.local/lib/python3.12/site-packages/airflow/example_dags/example_setup_teardown.py
[2025-04-06T21:57:39.738+0000] {logging_mixin.py:190} INFO - [2025-04-06T21:57:39.738+0000] {dag.py:3239} INFO - Sync 1 DAGs
[2025-04-06T21:57:39.750+0000] {logging_mixin.py:190} INFO - [2025-04-06T21:57:39.750+0000] {dag.py:4180} INFO - Setting next_dagrun for example_setup_teardown to None, run_after=None
[2025-04-06T21:57:39.764+0000] {processor.py:208} INFO - Processing /home/airflow/.local/lib/python3.12/site-packages/airflow/example_dags/example_setup_teardown.py took 0.060 seconds
[2025-04-06T21:58:10.172+0000] {processor.py:186} INFO - Started process (PID=3356) to work on /home/airflow/.local/lib/python3.12/site-packages/airflow/example_dags/example_setup_teardown.py
[2025-04-06T21:58:10.172+0000] {processor.py:914} INFO - Processing file /home/airflow/.local/lib/python3.12/site-packages/airflow/example_dags/example_setup_teardown.py for tasks to queue
[2025-04-06T21:58:10.175+0000] {logging_mixin.py:190} INFO - [2025-04-06T21:58:10.174+0000] {dagbag.py:588} INFO - Filling up the DagBag from /home/airflow/.local/lib/python3.12/site-packages/airflow/example_dags/example_setup_teardown.py
[2025-04-06T21:58:10.185+0000] {processor.py:925} INFO - DAG(s) 'example_setup_teardown' retrieved from /home/airflow/.local/lib/python3.12/site-packages/airflow/example_dags/example_setup_teardown.py
[2025-04-06T21:58:10.209+0000] {logging_mixin.py:190} INFO - [2025-04-06T21:58:10.209+0000] {dag.py:3239} INFO - Sync 1 DAGs
[2025-04-06T21:58:10.229+0000] {logging_mixin.py:190} INFO - [2025-04-06T21:58:10.229+0000] {dag.py:4180} INFO - Setting next_dagrun for example_setup_teardown to None, run_after=None
[2025-04-06T21:58:10.248+0000] {processor.py:208} INFO - Processing /home/airflow/.local/lib/python3.12/site-packages/airflow/example_dags/example_setup_teardown.py took 0.084 seconds
[2025-04-06T21:58:41.001+0000] {processor.py:186} INFO - Started process (PID=3420) to work on /home/airflow/.local/lib/python3.12/site-packages/airflow/example_dags/example_setup_teardown.py
[2025-04-06T21:58:41.003+0000] {processor.py:914} INFO - Processing file /home/airflow/.local/lib/python3.12/site-packages/airflow/example_dags/example_setup_teardown.py for tasks to queue
[2025-04-06T21:58:41.011+0000] {logging_mixin.py:190} INFO - [2025-04-06T21:58:41.009+0000] {dagbag.py:588} INFO - Filling up the DagBag from /home/airflow/.local/lib/python3.12/site-packages/airflow/example_dags/example_setup_teardown.py
[2025-04-06T21:58:41.045+0000] {processor.py:925} INFO - DAG(s) 'example_setup_teardown' retrieved from /home/airflow/.local/lib/python3.12/site-packages/airflow/example_dags/example_setup_teardown.py
[2025-04-06T21:58:41.123+0000] {logging_mixin.py:190} INFO - [2025-04-06T21:58:41.123+0000] {dag.py:3239} INFO - Sync 1 DAGs
[2025-04-06T21:58:41.159+0000] {logging_mixin.py:190} INFO - [2025-04-06T21:58:41.159+0000] {dag.py:4180} INFO - Setting next_dagrun for example_setup_teardown to None, run_after=None
[2025-04-06T21:58:41.203+0000] {processor.py:208} INFO - Processing /home/airflow/.local/lib/python3.12/site-packages/airflow/example_dags/example_setup_teardown.py took 0.225 seconds
[2025-04-06T21:59:11.248+0000] {processor.py:186} INFO - Started process (PID=3484) to work on /home/airflow/.local/lib/python3.12/site-packages/airflow/example_dags/example_setup_teardown.py
[2025-04-06T21:59:11.249+0000] {processor.py:914} INFO - Processing file /home/airflow/.local/lib/python3.12/site-packages/airflow/example_dags/example_setup_teardown.py for tasks to queue
[2025-04-06T21:59:11.252+0000] {logging_mixin.py:190} INFO - [2025-04-06T21:59:11.251+0000] {dagbag.py:588} INFO - Filling up the DagBag from /home/airflow/.local/lib/python3.12/site-packages/airflow/example_dags/example_setup_teardown.py
[2025-04-06T21:59:11.262+0000] {processor.py:925} INFO - DAG(s) 'example_setup_teardown' retrieved from /home/airflow/.local/lib/python3.12/site-packages/airflow/example_dags/example_setup_teardown.py
[2025-04-06T21:59:11.285+0000] {logging_mixin.py:190} INFO - [2025-04-06T21:59:11.284+0000] {dag.py:3239} INFO - Sync 1 DAGs
[2025-04-06T21:59:11.303+0000] {logging_mixin.py:190} INFO - [2025-04-06T21:59:11.303+0000] {dag.py:4180} INFO - Setting next_dagrun for example_setup_teardown to None, run_after=None
[2025-04-06T21:59:11.322+0000] {processor.py:208} INFO - Processing /home/airflow/.local/lib/python3.12/site-packages/airflow/example_dags/example_setup_teardown.py took 0.080 seconds
[2025-04-06T21:59:41.891+0000] {processor.py:186} INFO - Started process (PID=3548) to work on /home/airflow/.local/lib/python3.12/site-packages/airflow/example_dags/example_setup_teardown.py
[2025-04-06T21:59:41.892+0000] {processor.py:914} INFO - Processing file /home/airflow/.local/lib/python3.12/site-packages/airflow/example_dags/example_setup_teardown.py for tasks to queue
[2025-04-06T21:59:41.895+0000] {logging_mixin.py:190} INFO - [2025-04-06T21:59:41.894+0000] {dagbag.py:588} INFO - Filling up the DagBag from /home/airflow/.local/lib/python3.12/site-packages/airflow/example_dags/example_setup_teardown.py
[2025-04-06T21:59:41.906+0000] {processor.py:925} INFO - DAG(s) 'example_setup_teardown' retrieved from /home/airflow/.local/lib/python3.12/site-packages/airflow/example_dags/example_setup_teardown.py
[2025-04-06T21:59:41.933+0000] {logging_mixin.py:190} INFO - [2025-04-06T21:59:41.933+0000] {dag.py:3239} INFO - Sync 1 DAGs
[2025-04-06T21:59:41.952+0000] {logging_mixin.py:190} INFO - [2025-04-06T21:59:41.952+0000] {dag.py:4180} INFO - Setting next_dagrun for example_setup_teardown to None, run_after=None
[2025-04-06T21:59:41.978+0000] {processor.py:208} INFO - Processing /home/airflow/.local/lib/python3.12/site-packages/airflow/example_dags/example_setup_teardown.py took 0.095 seconds
[2025-04-06T22:00:12.355+0000] {processor.py:186} INFO - Started process (PID=3612) to work on /home/airflow/.local/lib/python3.12/site-packages/airflow/example_dags/example_setup_teardown.py
[2025-04-06T22:00:12.363+0000] {processor.py:914} INFO - Processing file /home/airflow/.local/lib/python3.12/site-packages/airflow/example_dags/example_setup_teardown.py for tasks to queue
[2025-04-06T22:00:12.368+0000] {logging_mixin.py:190} INFO - [2025-04-06T22:00:12.368+0000] {dagbag.py:588} INFO - Filling up the DagBag from /home/airflow/.local/lib/python3.12/site-packages/airflow/example_dags/example_setup_teardown.py
[2025-04-06T22:00:12.408+0000] {processor.py:925} INFO - DAG(s) 'example_setup_teardown' retrieved from /home/airflow/.local/lib/python3.12/site-packages/airflow/example_dags/example_setup_teardown.py
[2025-04-06T22:00:12.453+0000] {logging_mixin.py:190} INFO - [2025-04-06T22:00:12.453+0000] {dag.py:3239} INFO - Sync 1 DAGs
[2025-04-06T22:00:12.481+0000] {logging_mixin.py:190} INFO - [2025-04-06T22:00:12.481+0000] {dag.py:4180} INFO - Setting next_dagrun for example_setup_teardown to None, run_after=None
[2025-04-06T22:00:12.523+0000] {processor.py:208} INFO - Processing /home/airflow/.local/lib/python3.12/site-packages/airflow/example_dags/example_setup_teardown.py took 0.191 seconds
[2025-04-06T22:00:42.842+0000] {processor.py:186} INFO - Started process (PID=3676) to work on /home/airflow/.local/lib/python3.12/site-packages/airflow/example_dags/example_setup_teardown.py
[2025-04-06T22:00:42.843+0000] {processor.py:914} INFO - Processing file /home/airflow/.local/lib/python3.12/site-packages/airflow/example_dags/example_setup_teardown.py for tasks to queue
[2025-04-06T22:00:42.845+0000] {logging_mixin.py:190} INFO - [2025-04-06T22:00:42.845+0000] {dagbag.py:588} INFO - Filling up the DagBag from /home/airflow/.local/lib/python3.12/site-packages/airflow/example_dags/example_setup_teardown.py
[2025-04-06T22:00:42.856+0000] {processor.py:925} INFO - DAG(s) 'example_setup_teardown' retrieved from /home/airflow/.local/lib/python3.12/site-packages/airflow/example_dags/example_setup_teardown.py
[2025-04-06T22:00:42.880+0000] {logging_mixin.py:190} INFO - [2025-04-06T22:00:42.880+0000] {dag.py:3239} INFO - Sync 1 DAGs
[2025-04-06T22:00:42.898+0000] {logging_mixin.py:190} INFO - [2025-04-06T22:00:42.898+0000] {dag.py:4180} INFO - Setting next_dagrun for example_setup_teardown to None, run_after=None
[2025-04-06T22:00:42.919+0000] {processor.py:208} INFO - Processing /home/airflow/.local/lib/python3.12/site-packages/airflow/example_dags/example_setup_teardown.py took 0.087 seconds
[2025-04-06T22:01:13.362+0000] {processor.py:186} INFO - Started process (PID=3740) to work on /home/airflow/.local/lib/python3.12/site-packages/airflow/example_dags/example_setup_teardown.py
[2025-04-06T22:01:13.363+0000] {processor.py:914} INFO - Processing file /home/airflow/.local/lib/python3.12/site-packages/airflow/example_dags/example_setup_teardown.py for tasks to queue
[2025-04-06T22:01:13.365+0000] {logging_mixin.py:190} INFO - [2025-04-06T22:01:13.365+0000] {dagbag.py:588} INFO - Filling up the DagBag from /home/airflow/.local/lib/python3.12/site-packages/airflow/example_dags/example_setup_teardown.py
[2025-04-06T22:01:13.376+0000] {processor.py:925} INFO - DAG(s) 'example_setup_teardown' retrieved from /home/airflow/.local/lib/python3.12/site-packages/airflow/example_dags/example_setup_teardown.py
[2025-04-06T22:01:13.401+0000] {logging_mixin.py:190} INFO - [2025-04-06T22:01:13.401+0000] {dag.py:3239} INFO - Sync 1 DAGs
[2025-04-06T22:01:13.420+0000] {logging_mixin.py:190} INFO - [2025-04-06T22:01:13.420+0000] {dag.py:4180} INFO - Setting next_dagrun for example_setup_teardown to None, run_after=None
[2025-04-06T22:01:13.440+0000] {processor.py:208} INFO - Processing /home/airflow/.local/lib/python3.12/site-packages/airflow/example_dags/example_setup_teardown.py took 0.090 seconds
[2025-04-06T22:01:44.171+0000] {processor.py:186} INFO - Started process (PID=3804) to work on /home/airflow/.local/lib/python3.12/site-packages/airflow/example_dags/example_setup_teardown.py
[2025-04-06T22:01:44.173+0000] {processor.py:914} INFO - Processing file /home/airflow/.local/lib/python3.12/site-packages/airflow/example_dags/example_setup_teardown.py for tasks to queue
[2025-04-06T22:01:44.179+0000] {logging_mixin.py:190} INFO - [2025-04-06T22:01:44.179+0000] {dagbag.py:588} INFO - Filling up the DagBag from /home/airflow/.local/lib/python3.12/site-packages/airflow/example_dags/example_setup_teardown.py
[2025-04-06T22:01:44.212+0000] {processor.py:925} INFO - DAG(s) 'example_setup_teardown' retrieved from /home/airflow/.local/lib/python3.12/site-packages/airflow/example_dags/example_setup_teardown.py
[2025-04-06T22:01:44.247+0000] {logging_mixin.py:190} INFO - [2025-04-06T22:01:44.247+0000] {dag.py:3239} INFO - Sync 1 DAGs
[2025-04-06T22:01:44.267+0000] {logging_mixin.py:190} INFO - [2025-04-06T22:01:44.267+0000] {dag.py:4180} INFO - Setting next_dagrun for example_setup_teardown to None, run_after=None
[2025-04-06T22:01:44.286+0000] {processor.py:208} INFO - Processing /home/airflow/.local/lib/python3.12/site-packages/airflow/example_dags/example_setup_teardown.py took 0.129 seconds
[2025-04-06T22:02:14.746+0000] {processor.py:186} INFO - Started process (PID=3867) to work on /home/airflow/.local/lib/python3.12/site-packages/airflow/example_dags/example_setup_teardown.py
[2025-04-06T22:02:14.751+0000] {processor.py:914} INFO - Processing file /home/airflow/.local/lib/python3.12/site-packages/airflow/example_dags/example_setup_teardown.py for tasks to queue
[2025-04-06T22:02:14.756+0000] {logging_mixin.py:190} INFO - [2025-04-06T22:02:14.755+0000] {dagbag.py:588} INFO - Filling up the DagBag from /home/airflow/.local/lib/python3.12/site-packages/airflow/example_dags/example_setup_teardown.py
[2025-04-06T22:02:14.772+0000] {processor.py:925} INFO - DAG(s) 'example_setup_teardown' retrieved from /home/airflow/.local/lib/python3.12/site-packages/airflow/example_dags/example_setup_teardown.py
[2025-04-06T22:02:14.829+0000] {logging_mixin.py:190} INFO - [2025-04-06T22:02:14.827+0000] {dag.py:3239} INFO - Sync 1 DAGs
[2025-04-06T22:02:14.872+0000] {logging_mixin.py:190} INFO - [2025-04-06T22:02:14.870+0000] {dag.py:4180} INFO - Setting next_dagrun for example_setup_teardown to None, run_after=None
[2025-04-06T22:02:14.909+0000] {processor.py:208} INFO - Processing /home/airflow/.local/lib/python3.12/site-packages/airflow/example_dags/example_setup_teardown.py took 0.177 seconds
[2025-04-06T22:02:45.285+0000] {processor.py:186} INFO - Started process (PID=3930) to work on /home/airflow/.local/lib/python3.12/site-packages/airflow/example_dags/example_setup_teardown.py
[2025-04-06T22:02:45.286+0000] {processor.py:914} INFO - Processing file /home/airflow/.local/lib/python3.12/site-packages/airflow/example_dags/example_setup_teardown.py for tasks to queue
[2025-04-06T22:02:45.288+0000] {logging_mixin.py:190} INFO - [2025-04-06T22:02:45.288+0000] {dagbag.py:588} INFO - Filling up the DagBag from /home/airflow/.local/lib/python3.12/site-packages/airflow/example_dags/example_setup_teardown.py
[2025-04-06T22:02:45.300+0000] {processor.py:925} INFO - DAG(s) 'example_setup_teardown' retrieved from /home/airflow/.local/lib/python3.12/site-packages/airflow/example_dags/example_setup_teardown.py
[2025-04-06T22:02:45.328+0000] {logging_mixin.py:190} INFO - [2025-04-06T22:02:45.328+0000] {dag.py:3239} INFO - Sync 1 DAGs
[2025-04-06T22:02:45.348+0000] {logging_mixin.py:190} INFO - [2025-04-06T22:02:45.348+0000] {dag.py:4180} INFO - Setting next_dagrun for example_setup_teardown to None, run_after=None
[2025-04-06T22:02:45.369+0000] {processor.py:208} INFO - Processing /home/airflow/.local/lib/python3.12/site-packages/airflow/example_dags/example_setup_teardown.py took 0.091 seconds
[2025-04-06T22:03:15.582+0000] {processor.py:186} INFO - Started process (PID=3994) to work on /home/airflow/.local/lib/python3.12/site-packages/airflow/example_dags/example_setup_teardown.py
[2025-04-06T22:03:15.582+0000] {processor.py:914} INFO - Processing file /home/airflow/.local/lib/python3.12/site-packages/airflow/example_dags/example_setup_teardown.py for tasks to queue
[2025-04-06T22:03:15.585+0000] {logging_mixin.py:190} INFO - [2025-04-06T22:03:15.584+0000] {dagbag.py:588} INFO - Filling up the DagBag from /home/airflow/.local/lib/python3.12/site-packages/airflow/example_dags/example_setup_teardown.py
[2025-04-06T22:03:15.595+0000] {processor.py:925} INFO - DAG(s) 'example_setup_teardown' retrieved from /home/airflow/.local/lib/python3.12/site-packages/airflow/example_dags/example_setup_teardown.py
[2025-04-06T22:03:15.618+0000] {logging_mixin.py:190} INFO - [2025-04-06T22:03:15.618+0000] {dag.py:3239} INFO - Sync 1 DAGs
[2025-04-06T22:03:15.655+0000] {logging_mixin.py:190} INFO - [2025-04-06T22:03:15.655+0000] {dag.py:4180} INFO - Setting next_dagrun for example_setup_teardown to None, run_after=None
[2025-04-06T22:03:15.693+0000] {processor.py:208} INFO - Processing /home/airflow/.local/lib/python3.12/site-packages/airflow/example_dags/example_setup_teardown.py took 0.118 seconds
[2025-04-06T22:03:45.966+0000] {processor.py:186} INFO - Started process (PID=4057) to work on /home/airflow/.local/lib/python3.12/site-packages/airflow/example_dags/example_setup_teardown.py
[2025-04-06T22:03:45.967+0000] {processor.py:914} INFO - Processing file /home/airflow/.local/lib/python3.12/site-packages/airflow/example_dags/example_setup_teardown.py for tasks to queue
[2025-04-06T22:03:45.969+0000] {logging_mixin.py:190} INFO - [2025-04-06T22:03:45.969+0000] {dagbag.py:588} INFO - Filling up the DagBag from /home/airflow/.local/lib/python3.12/site-packages/airflow/example_dags/example_setup_teardown.py
[2025-04-06T22:03:45.980+0000] {processor.py:925} INFO - DAG(s) 'example_setup_teardown' retrieved from /home/airflow/.local/lib/python3.12/site-packages/airflow/example_dags/example_setup_teardown.py
[2025-04-06T22:03:46.005+0000] {logging_mixin.py:190} INFO - [2025-04-06T22:03:46.004+0000] {dag.py:3239} INFO - Sync 1 DAGs
[2025-04-06T22:03:46.024+0000] {logging_mixin.py:190} INFO - [2025-04-06T22:03:46.023+0000] {dag.py:4180} INFO - Setting next_dagrun for example_setup_teardown to None, run_after=None
[2025-04-06T22:03:46.044+0000] {processor.py:208} INFO - Processing /home/airflow/.local/lib/python3.12/site-packages/airflow/example_dags/example_setup_teardown.py took 0.085 seconds
[2025-04-06T22:04:16.163+0000] {processor.py:186} INFO - Started process (PID=4121) to work on /home/airflow/.local/lib/python3.12/site-packages/airflow/example_dags/example_setup_teardown.py
[2025-04-06T22:04:16.164+0000] {processor.py:914} INFO - Processing file /home/airflow/.local/lib/python3.12/site-packages/airflow/example_dags/example_setup_teardown.py for tasks to queue
[2025-04-06T22:04:16.166+0000] {logging_mixin.py:190} INFO - [2025-04-06T22:04:16.166+0000] {dagbag.py:588} INFO - Filling up the DagBag from /home/airflow/.local/lib/python3.12/site-packages/airflow/example_dags/example_setup_teardown.py
[2025-04-06T22:04:16.176+0000] {processor.py:925} INFO - DAG(s) 'example_setup_teardown' retrieved from /home/airflow/.local/lib/python3.12/site-packages/airflow/example_dags/example_setup_teardown.py
[2025-04-06T22:04:16.199+0000] {logging_mixin.py:190} INFO - [2025-04-06T22:04:16.198+0000] {dag.py:3239} INFO - Sync 1 DAGs
[2025-04-06T22:04:16.224+0000] {logging_mixin.py:190} INFO - [2025-04-06T22:04:16.223+0000] {dag.py:4180} INFO - Setting next_dagrun for example_setup_teardown to None, run_after=None
[2025-04-06T22:04:16.242+0000] {processor.py:208} INFO - Processing /home/airflow/.local/lib/python3.12/site-packages/airflow/example_dags/example_setup_teardown.py took 0.085 seconds
[2025-04-06T22:04:46.555+0000] {processor.py:186} INFO - Started process (PID=4184) to work on /home/airflow/.local/lib/python3.12/site-packages/airflow/example_dags/example_setup_teardown.py
[2025-04-06T22:04:46.558+0000] {processor.py:914} INFO - Processing file /home/airflow/.local/lib/python3.12/site-packages/airflow/example_dags/example_setup_teardown.py for tasks to queue
[2025-04-06T22:04:46.562+0000] {logging_mixin.py:190} INFO - [2025-04-06T22:04:46.562+0000] {dagbag.py:588} INFO - Filling up the DagBag from /home/airflow/.local/lib/python3.12/site-packages/airflow/example_dags/example_setup_teardown.py
[2025-04-06T22:04:46.575+0000] {processor.py:925} INFO - DAG(s) 'example_setup_teardown' retrieved from /home/airflow/.local/lib/python3.12/site-packages/airflow/example_dags/example_setup_teardown.py
[2025-04-06T22:04:46.599+0000] {logging_mixin.py:190} INFO - [2025-04-06T22:04:46.599+0000] {dag.py:3239} INFO - Sync 1 DAGs
[2025-04-06T22:04:46.624+0000] {logging_mixin.py:190} INFO - [2025-04-06T22:04:46.624+0000] {dag.py:4180} INFO - Setting next_dagrun for example_setup_teardown to None, run_after=None
[2025-04-06T22:04:46.674+0000] {processor.py:208} INFO - Processing /home/airflow/.local/lib/python3.12/site-packages/airflow/example_dags/example_setup_teardown.py took 0.126 seconds
[2025-04-06T22:05:17.391+0000] {processor.py:186} INFO - Started process (PID=4253) to work on /home/airflow/.local/lib/python3.12/site-packages/airflow/example_dags/example_setup_teardown.py
[2025-04-06T22:05:17.391+0000] {processor.py:914} INFO - Processing file /home/airflow/.local/lib/python3.12/site-packages/airflow/example_dags/example_setup_teardown.py for tasks to queue
[2025-04-06T22:05:17.394+0000] {logging_mixin.py:190} INFO - [2025-04-06T22:05:17.393+0000] {dagbag.py:588} INFO - Filling up the DagBag from /home/airflow/.local/lib/python3.12/site-packages/airflow/example_dags/example_setup_teardown.py
[2025-04-06T22:05:17.404+0000] {processor.py:925} INFO - DAG(s) 'example_setup_teardown' retrieved from /home/airflow/.local/lib/python3.12/site-packages/airflow/example_dags/example_setup_teardown.py
[2025-04-06T22:05:17.428+0000] {logging_mixin.py:190} INFO - [2025-04-06T22:05:17.428+0000] {dag.py:3239} INFO - Sync 1 DAGs
[2025-04-06T22:05:17.447+0000] {logging_mixin.py:190} INFO - [2025-04-06T22:05:17.447+0000] {dag.py:4180} INFO - Setting next_dagrun for example_setup_teardown to None, run_after=None
[2025-04-06T22:05:17.465+0000] {processor.py:208} INFO - Processing /home/airflow/.local/lib/python3.12/site-packages/airflow/example_dags/example_setup_teardown.py took 0.082 seconds
