[2025-04-06T21:32:18.579+0000] {processor.py:186} INFO - Started process (PID=127) to work on /home/airflow/.local/lib/python3.12/site-packages/airflow/example_dags/example_xcomargs.py
[2025-04-06T21:32:18.579+0000] {processor.py:914} INFO - Processing file /home/airflow/.local/lib/python3.12/site-packages/airflow/example_dags/example_xcomargs.py for tasks to queue
[2025-04-06T21:32:18.585+0000] {logging_mixin.py:190} INFO - [2025-04-06T21:32:18.585+0000] {dagbag.py:588} INFO - Filling up the DagBag from /home/airflow/.local/lib/python3.12/site-packages/airflow/example_dags/example_xcomargs.py
[2025-04-06T21:32:18.604+0000] {processor.py:925} INFO - DAG(s) 'example_xcom_args_with_operators', 'example_xcom_args' retrieved from /home/airflow/.local/lib/python3.12/site-packages/airflow/example_dags/example_xcomargs.py
[2025-04-06T21:32:18.642+0000] {logging_mixin.py:190} INFO - [2025-04-06T21:32:18.641+0000] {dag.py:3239} INFO - Sync 2 DAGs
[2025-04-06T21:32:18.663+0000] {logging_mixin.py:190} INFO - [2025-04-06T21:32:18.663+0000] {dag.py:4180} INFO - Setting next_dagrun for example_xcom_args to None, run_after=None
[2025-04-06T21:32:18.667+0000] {logging_mixin.py:190} INFO - [2025-04-06T21:32:18.667+0000] {dag.py:4180} INFO - Setting next_dagrun for example_xcom_args_with_operators to None, run_after=None
[2025-04-06T21:32:18.698+0000] {processor.py:208} INFO - Processing /home/airflow/.local/lib/python3.12/site-packages/airflow/example_dags/example_xcomargs.py took 0.134 seconds
[2025-04-06T21:32:49.179+0000] {processor.py:186} INFO - Started process (PID=191) to work on /home/airflow/.local/lib/python3.12/site-packages/airflow/example_dags/example_xcomargs.py
[2025-04-06T21:32:49.180+0000] {processor.py:914} INFO - Processing file /home/airflow/.local/lib/python3.12/site-packages/airflow/example_dags/example_xcomargs.py for tasks to queue
[2025-04-06T21:32:49.185+0000] {logging_mixin.py:190} INFO - [2025-04-06T21:32:49.183+0000] {dagbag.py:588} INFO - Filling up the DagBag from /home/airflow/.local/lib/python3.12/site-packages/airflow/example_dags/example_xcomargs.py
[2025-04-06T21:32:49.206+0000] {processor.py:925} INFO - DAG(s) 'example_xcom_args_with_operators', 'example_xcom_args' retrieved from /home/airflow/.local/lib/python3.12/site-packages/airflow/example_dags/example_xcomargs.py
[2025-04-06T21:32:49.243+0000] {logging_mixin.py:190} INFO - [2025-04-06T21:32:49.243+0000] {dag.py:3239} INFO - Sync 2 DAGs
[2025-04-06T21:32:49.275+0000] {logging_mixin.py:190} INFO - [2025-04-06T21:32:49.275+0000] {dag.py:4180} INFO - Setting next_dagrun for example_xcom_args to None, run_after=None
[2025-04-06T21:32:49.286+0000] {logging_mixin.py:190} INFO - [2025-04-06T21:32:49.286+0000] {dag.py:4180} INFO - Setting next_dagrun for example_xcom_args_with_operators to None, run_after=None
[2025-04-06T21:32:49.303+0000] {processor.py:208} INFO - Processing /home/airflow/.local/lib/python3.12/site-packages/airflow/example_dags/example_xcomargs.py took 0.136 seconds
[2025-04-06T21:33:20.065+0000] {processor.py:186} INFO - Started process (PID=255) to work on /home/airflow/.local/lib/python3.12/site-packages/airflow/example_dags/example_xcomargs.py
[2025-04-06T21:33:20.066+0000] {processor.py:914} INFO - Processing file /home/airflow/.local/lib/python3.12/site-packages/airflow/example_dags/example_xcomargs.py for tasks to queue
[2025-04-06T21:33:20.069+0000] {logging_mixin.py:190} INFO - [2025-04-06T21:33:20.069+0000] {dagbag.py:588} INFO - Filling up the DagBag from /home/airflow/.local/lib/python3.12/site-packages/airflow/example_dags/example_xcomargs.py
[2025-04-06T21:33:20.092+0000] {processor.py:925} INFO - DAG(s) 'example_xcom_args_with_operators', 'example_xcom_args' retrieved from /home/airflow/.local/lib/python3.12/site-packages/airflow/example_dags/example_xcomargs.py
[2025-04-06T21:33:20.134+0000] {logging_mixin.py:190} INFO - [2025-04-06T21:33:20.134+0000] {dag.py:3239} INFO - Sync 2 DAGs
[2025-04-06T21:33:20.163+0000] {logging_mixin.py:190} INFO - [2025-04-06T21:33:20.162+0000] {dag.py:4180} INFO - Setting next_dagrun for example_xcom_args to None, run_after=None
[2025-04-06T21:33:20.171+0000] {logging_mixin.py:190} INFO - [2025-04-06T21:33:20.170+0000] {dag.py:4180} INFO - Setting next_dagrun for example_xcom_args_with_operators to None, run_after=None
[2025-04-06T21:33:20.198+0000] {processor.py:208} INFO - Processing /home/airflow/.local/lib/python3.12/site-packages/airflow/example_dags/example_xcomargs.py took 0.140 seconds
[2025-04-06T21:33:58.158+0000] {processor.py:186} INFO - Started process (PID=324) to work on /home/airflow/.local/lib/python3.12/site-packages/airflow/example_dags/example_xcomargs.py
[2025-04-06T21:33:58.159+0000] {processor.py:914} INFO - Processing file /home/airflow/.local/lib/python3.12/site-packages/airflow/example_dags/example_xcomargs.py for tasks to queue
[2025-04-06T21:33:58.162+0000] {logging_mixin.py:190} INFO - [2025-04-06T21:33:58.161+0000] {dagbag.py:588} INFO - Filling up the DagBag from /home/airflow/.local/lib/python3.12/site-packages/airflow/example_dags/example_xcomargs.py
[2025-04-06T21:33:58.189+0000] {processor.py:925} INFO - DAG(s) 'example_xcom_args', 'example_xcom_args_with_operators' retrieved from /home/airflow/.local/lib/python3.12/site-packages/airflow/example_dags/example_xcomargs.py
[2025-04-06T21:33:58.283+0000] {logging_mixin.py:190} INFO - [2025-04-06T21:33:58.283+0000] {dag.py:3239} INFO - Sync 2 DAGs
[2025-04-06T21:33:58.331+0000] {logging_mixin.py:190} INFO - [2025-04-06T21:33:58.331+0000] {dag.py:4180} INFO - Setting next_dagrun for example_xcom_args to None, run_after=None
[2025-04-06T21:33:58.357+0000] {logging_mixin.py:190} INFO - [2025-04-06T21:33:58.357+0000] {dag.py:4180} INFO - Setting next_dagrun for example_xcom_args_with_operators to None, run_after=None
[2025-04-06T21:33:58.449+0000] {processor.py:208} INFO - Processing /home/airflow/.local/lib/python3.12/site-packages/airflow/example_dags/example_xcomargs.py took 0.297 seconds
[2025-04-06T21:34:29.596+0000] {processor.py:186} INFO - Started process (PID=388) to work on /home/airflow/.local/lib/python3.12/site-packages/airflow/example_dags/example_xcomargs.py
[2025-04-06T21:34:29.623+0000] {processor.py:914} INFO - Processing file /home/airflow/.local/lib/python3.12/site-packages/airflow/example_dags/example_xcomargs.py for tasks to queue
[2025-04-06T21:34:29.675+0000] {logging_mixin.py:190} INFO - [2025-04-06T21:34:29.655+0000] {dagbag.py:588} INFO - Filling up the DagBag from /home/airflow/.local/lib/python3.12/site-packages/airflow/example_dags/example_xcomargs.py
[2025-04-06T21:34:29.853+0000] {processor.py:925} INFO - DAG(s) 'example_xcom_args', 'example_xcom_args_with_operators' retrieved from /home/airflow/.local/lib/python3.12/site-packages/airflow/example_dags/example_xcomargs.py
[2025-04-06T21:34:30.030+0000] {logging_mixin.py:190} INFO - [2025-04-06T21:34:30.030+0000] {dag.py:3239} INFO - Sync 2 DAGs
[2025-04-06T21:34:30.152+0000] {logging_mixin.py:190} INFO - [2025-04-06T21:34:30.151+0000] {dag.py:4180} INFO - Setting next_dagrun for example_xcom_args to None, run_after=None
[2025-04-06T21:34:30.188+0000] {logging_mixin.py:190} INFO - [2025-04-06T21:34:30.187+0000] {dag.py:4180} INFO - Setting next_dagrun for example_xcom_args_with_operators to None, run_after=None
[2025-04-06T21:34:30.326+0000] {processor.py:208} INFO - Processing /home/airflow/.local/lib/python3.12/site-packages/airflow/example_dags/example_xcomargs.py took 0.795 seconds
[2025-04-06T21:35:00.747+0000] {processor.py:186} INFO - Started process (PID=452) to work on /home/airflow/.local/lib/python3.12/site-packages/airflow/example_dags/example_xcomargs.py
[2025-04-06T21:35:00.748+0000] {processor.py:914} INFO - Processing file /home/airflow/.local/lib/python3.12/site-packages/airflow/example_dags/example_xcomargs.py for tasks to queue
[2025-04-06T21:35:00.750+0000] {logging_mixin.py:190} INFO - [2025-04-06T21:35:00.750+0000] {dagbag.py:588} INFO - Filling up the DagBag from /home/airflow/.local/lib/python3.12/site-packages/airflow/example_dags/example_xcomargs.py
[2025-04-06T21:35:00.763+0000] {processor.py:925} INFO - DAG(s) 'example_xcom_args', 'example_xcom_args_with_operators' retrieved from /home/airflow/.local/lib/python3.12/site-packages/airflow/example_dags/example_xcomargs.py
[2025-04-06T21:35:00.791+0000] {logging_mixin.py:190} INFO - [2025-04-06T21:35:00.790+0000] {dag.py:3239} INFO - Sync 2 DAGs
[2025-04-06T21:35:00.810+0000] {logging_mixin.py:190} INFO - [2025-04-06T21:35:00.810+0000] {dag.py:4180} INFO - Setting next_dagrun for example_xcom_args to None, run_after=None
[2025-04-06T21:35:00.814+0000] {logging_mixin.py:190} INFO - [2025-04-06T21:35:00.814+0000] {dag.py:4180} INFO - Setting next_dagrun for example_xcom_args_with_operators to None, run_after=None
[2025-04-06T21:35:00.847+0000] {processor.py:208} INFO - Processing /home/airflow/.local/lib/python3.12/site-packages/airflow/example_dags/example_xcomargs.py took 0.106 seconds
[2025-04-06T21:35:31.643+0000] {processor.py:186} INFO - Started process (PID=515) to work on /home/airflow/.local/lib/python3.12/site-packages/airflow/example_dags/example_xcomargs.py
[2025-04-06T21:35:31.643+0000] {processor.py:914} INFO - Processing file /home/airflow/.local/lib/python3.12/site-packages/airflow/example_dags/example_xcomargs.py for tasks to queue
[2025-04-06T21:35:31.646+0000] {logging_mixin.py:190} INFO - [2025-04-06T21:35:31.646+0000] {dagbag.py:588} INFO - Filling up the DagBag from /home/airflow/.local/lib/python3.12/site-packages/airflow/example_dags/example_xcomargs.py
[2025-04-06T21:35:31.658+0000] {processor.py:925} INFO - DAG(s) 'example_xcom_args_with_operators', 'example_xcom_args' retrieved from /home/airflow/.local/lib/python3.12/site-packages/airflow/example_dags/example_xcomargs.py
[2025-04-06T21:35:31.686+0000] {logging_mixin.py:190} INFO - [2025-04-06T21:35:31.686+0000] {dag.py:3239} INFO - Sync 2 DAGs
[2025-04-06T21:35:31.706+0000] {logging_mixin.py:190} INFO - [2025-04-06T21:35:31.706+0000] {dag.py:4180} INFO - Setting next_dagrun for example_xcom_args to None, run_after=None
[2025-04-06T21:35:31.711+0000] {logging_mixin.py:190} INFO - [2025-04-06T21:35:31.710+0000] {dag.py:4180} INFO - Setting next_dagrun for example_xcom_args_with_operators to None, run_after=None
[2025-04-06T21:35:31.743+0000] {processor.py:208} INFO - Processing /home/airflow/.local/lib/python3.12/site-packages/airflow/example_dags/example_xcomargs.py took 0.107 seconds
[2025-04-06T21:36:02.337+0000] {processor.py:186} INFO - Started process (PID=579) to work on /home/airflow/.local/lib/python3.12/site-packages/airflow/example_dags/example_xcomargs.py
[2025-04-06T21:36:02.338+0000] {processor.py:914} INFO - Processing file /home/airflow/.local/lib/python3.12/site-packages/airflow/example_dags/example_xcomargs.py for tasks to queue
[2025-04-06T21:36:02.340+0000] {logging_mixin.py:190} INFO - [2025-04-06T21:36:02.340+0000] {dagbag.py:588} INFO - Filling up the DagBag from /home/airflow/.local/lib/python3.12/site-packages/airflow/example_dags/example_xcomargs.py
[2025-04-06T21:36:02.353+0000] {processor.py:925} INFO - DAG(s) 'example_xcom_args_with_operators', 'example_xcom_args' retrieved from /home/airflow/.local/lib/python3.12/site-packages/airflow/example_dags/example_xcomargs.py
[2025-04-06T21:36:02.381+0000] {logging_mixin.py:190} INFO - [2025-04-06T21:36:02.381+0000] {dag.py:3239} INFO - Sync 2 DAGs
[2025-04-06T21:36:02.406+0000] {logging_mixin.py:190} INFO - [2025-04-06T21:36:02.406+0000] {dag.py:4180} INFO - Setting next_dagrun for example_xcom_args to None, run_after=None
[2025-04-06T21:36:02.410+0000] {logging_mixin.py:190} INFO - [2025-04-06T21:36:02.410+0000] {dag.py:4180} INFO - Setting next_dagrun for example_xcom_args_with_operators to None, run_after=None
[2025-04-06T21:36:02.448+0000] {processor.py:208} INFO - Processing /home/airflow/.local/lib/python3.12/site-packages/airflow/example_dags/example_xcomargs.py took 0.117 seconds
[2025-04-06T21:36:32.522+0000] {processor.py:186} INFO - Started process (PID=642) to work on /home/airflow/.local/lib/python3.12/site-packages/airflow/example_dags/example_xcomargs.py
[2025-04-06T21:36:32.522+0000] {processor.py:914} INFO - Processing file /home/airflow/.local/lib/python3.12/site-packages/airflow/example_dags/example_xcomargs.py for tasks to queue
[2025-04-06T21:36:32.524+0000] {logging_mixin.py:190} INFO - [2025-04-06T21:36:32.524+0000] {dagbag.py:588} INFO - Filling up the DagBag from /home/airflow/.local/lib/python3.12/site-packages/airflow/example_dags/example_xcomargs.py
[2025-04-06T21:36:32.536+0000] {processor.py:925} INFO - DAG(s) 'example_xcom_args', 'example_xcom_args_with_operators' retrieved from /home/airflow/.local/lib/python3.12/site-packages/airflow/example_dags/example_xcomargs.py
[2025-04-06T21:36:32.559+0000] {logging_mixin.py:190} INFO - [2025-04-06T21:36:32.558+0000] {dag.py:3239} INFO - Sync 2 DAGs
[2025-04-06T21:36:32.572+0000] {logging_mixin.py:190} INFO - [2025-04-06T21:36:32.572+0000] {dag.py:4180} INFO - Setting next_dagrun for example_xcom_args to None, run_after=None
[2025-04-06T21:36:32.575+0000] {logging_mixin.py:190} INFO - [2025-04-06T21:36:32.575+0000] {dag.py:4180} INFO - Setting next_dagrun for example_xcom_args_with_operators to None, run_after=None
[2025-04-06T21:36:32.590+0000] {processor.py:208} INFO - Processing /home/airflow/.local/lib/python3.12/site-packages/airflow/example_dags/example_xcomargs.py took 0.073 seconds
[2025-04-06T21:37:03.286+0000] {processor.py:186} INFO - Started process (PID=706) to work on /home/airflow/.local/lib/python3.12/site-packages/airflow/example_dags/example_xcomargs.py
[2025-04-06T21:37:03.287+0000] {processor.py:914} INFO - Processing file /home/airflow/.local/lib/python3.12/site-packages/airflow/example_dags/example_xcomargs.py for tasks to queue
[2025-04-06T21:37:03.288+0000] {logging_mixin.py:190} INFO - [2025-04-06T21:37:03.288+0000] {dagbag.py:588} INFO - Filling up the DagBag from /home/airflow/.local/lib/python3.12/site-packages/airflow/example_dags/example_xcomargs.py
[2025-04-06T21:37:03.298+0000] {processor.py:925} INFO - DAG(s) 'example_xcom_args', 'example_xcom_args_with_operators' retrieved from /home/airflow/.local/lib/python3.12/site-packages/airflow/example_dags/example_xcomargs.py
[2025-04-06T21:37:03.316+0000] {logging_mixin.py:190} INFO - [2025-04-06T21:37:03.316+0000] {dag.py:3239} INFO - Sync 2 DAGs
[2025-04-06T21:37:03.328+0000] {logging_mixin.py:190} INFO - [2025-04-06T21:37:03.328+0000] {dag.py:4180} INFO - Setting next_dagrun for example_xcom_args to None, run_after=None
[2025-04-06T21:37:03.331+0000] {logging_mixin.py:190} INFO - [2025-04-06T21:37:03.331+0000] {dag.py:4180} INFO - Setting next_dagrun for example_xcom_args_with_operators to None, run_after=None
[2025-04-06T21:37:03.343+0000] {processor.py:208} INFO - Processing /home/airflow/.local/lib/python3.12/site-packages/airflow/example_dags/example_xcomargs.py took 0.062 seconds
[2025-04-06T21:37:33.412+0000] {processor.py:186} INFO - Started process (PID=769) to work on /home/airflow/.local/lib/python3.12/site-packages/airflow/example_dags/example_xcomargs.py
[2025-04-06T21:37:33.412+0000] {processor.py:914} INFO - Processing file /home/airflow/.local/lib/python3.12/site-packages/airflow/example_dags/example_xcomargs.py for tasks to queue
[2025-04-06T21:37:33.414+0000] {logging_mixin.py:190} INFO - [2025-04-06T21:37:33.414+0000] {dagbag.py:588} INFO - Filling up the DagBag from /home/airflow/.local/lib/python3.12/site-packages/airflow/example_dags/example_xcomargs.py
[2025-04-06T21:37:33.423+0000] {processor.py:925} INFO - DAG(s) 'example_xcom_args_with_operators', 'example_xcom_args' retrieved from /home/airflow/.local/lib/python3.12/site-packages/airflow/example_dags/example_xcomargs.py
[2025-04-06T21:37:33.442+0000] {logging_mixin.py:190} INFO - [2025-04-06T21:37:33.442+0000] {dag.py:3239} INFO - Sync 2 DAGs
[2025-04-06T21:37:33.454+0000] {logging_mixin.py:190} INFO - [2025-04-06T21:37:33.454+0000] {dag.py:4180} INFO - Setting next_dagrun for example_xcom_args to None, run_after=None
[2025-04-06T21:37:33.457+0000] {logging_mixin.py:190} INFO - [2025-04-06T21:37:33.457+0000] {dag.py:4180} INFO - Setting next_dagrun for example_xcom_args_with_operators to None, run_after=None
[2025-04-06T21:37:33.469+0000] {processor.py:208} INFO - Processing /home/airflow/.local/lib/python3.12/site-packages/airflow/example_dags/example_xcomargs.py took 0.062 seconds
[2025-04-06T21:38:03.860+0000] {processor.py:186} INFO - Started process (PID=833) to work on /home/airflow/.local/lib/python3.12/site-packages/airflow/example_dags/example_xcomargs.py
[2025-04-06T21:38:03.861+0000] {processor.py:914} INFO - Processing file /home/airflow/.local/lib/python3.12/site-packages/airflow/example_dags/example_xcomargs.py for tasks to queue
[2025-04-06T21:38:03.863+0000] {logging_mixin.py:190} INFO - [2025-04-06T21:38:03.863+0000] {dagbag.py:588} INFO - Filling up the DagBag from /home/airflow/.local/lib/python3.12/site-packages/airflow/example_dags/example_xcomargs.py
[2025-04-06T21:38:03.876+0000] {processor.py:925} INFO - DAG(s) 'example_xcom_args', 'example_xcom_args_with_operators' retrieved from /home/airflow/.local/lib/python3.12/site-packages/airflow/example_dags/example_xcomargs.py
[2025-04-06T21:38:03.902+0000] {logging_mixin.py:190} INFO - [2025-04-06T21:38:03.902+0000] {dag.py:3239} INFO - Sync 2 DAGs
[2025-04-06T21:38:03.922+0000] {logging_mixin.py:190} INFO - [2025-04-06T21:38:03.922+0000] {dag.py:4180} INFO - Setting next_dagrun for example_xcom_args to None, run_after=None
[2025-04-06T21:38:03.926+0000] {logging_mixin.py:190} INFO - [2025-04-06T21:38:03.926+0000] {dag.py:4180} INFO - Setting next_dagrun for example_xcom_args_with_operators to None, run_after=None
[2025-04-06T21:38:03.941+0000] {processor.py:208} INFO - Processing /home/airflow/.local/lib/python3.12/site-packages/airflow/example_dags/example_xcomargs.py took 0.087 seconds
[2025-04-06T21:38:34.705+0000] {processor.py:186} INFO - Started process (PID=897) to work on /home/airflow/.local/lib/python3.12/site-packages/airflow/example_dags/example_xcomargs.py
[2025-04-06T21:38:34.707+0000] {processor.py:914} INFO - Processing file /home/airflow/.local/lib/python3.12/site-packages/airflow/example_dags/example_xcomargs.py for tasks to queue
[2025-04-06T21:38:34.711+0000] {logging_mixin.py:190} INFO - [2025-04-06T21:38:34.710+0000] {dagbag.py:588} INFO - Filling up the DagBag from /home/airflow/.local/lib/python3.12/site-packages/airflow/example_dags/example_xcomargs.py
[2025-04-06T21:38:34.739+0000] {processor.py:925} INFO - DAG(s) 'example_xcom_args_with_operators', 'example_xcom_args' retrieved from /home/airflow/.local/lib/python3.12/site-packages/airflow/example_dags/example_xcomargs.py
[2025-04-06T21:38:34.819+0000] {logging_mixin.py:190} INFO - [2025-04-06T21:38:34.819+0000] {dag.py:3239} INFO - Sync 2 DAGs
[2025-04-06T21:38:34.841+0000] {logging_mixin.py:190} INFO - [2025-04-06T21:38:34.840+0000] {dag.py:4180} INFO - Setting next_dagrun for example_xcom_args to None, run_after=None
[2025-04-06T21:38:34.845+0000] {logging_mixin.py:190} INFO - [2025-04-06T21:38:34.845+0000] {dag.py:4180} INFO - Setting next_dagrun for example_xcom_args_with_operators to None, run_after=None
[2025-04-06T21:38:34.862+0000] {processor.py:208} INFO - Processing /home/airflow/.local/lib/python3.12/site-packages/airflow/example_dags/example_xcomargs.py took 0.170 seconds
[2025-04-06T21:39:05.727+0000] {processor.py:186} INFO - Started process (PID=961) to work on /home/airflow/.local/lib/python3.12/site-packages/airflow/example_dags/example_xcomargs.py
[2025-04-06T21:39:05.728+0000] {processor.py:914} INFO - Processing file /home/airflow/.local/lib/python3.12/site-packages/airflow/example_dags/example_xcomargs.py for tasks to queue
[2025-04-06T21:39:05.731+0000] {logging_mixin.py:190} INFO - [2025-04-06T21:39:05.730+0000] {dagbag.py:588} INFO - Filling up the DagBag from /home/airflow/.local/lib/python3.12/site-packages/airflow/example_dags/example_xcomargs.py
[2025-04-06T21:39:05.744+0000] {processor.py:925} INFO - DAG(s) 'example_xcom_args_with_operators', 'example_xcom_args' retrieved from /home/airflow/.local/lib/python3.12/site-packages/airflow/example_dags/example_xcomargs.py
[2025-04-06T21:39:05.772+0000] {logging_mixin.py:190} INFO - [2025-04-06T21:39:05.772+0000] {dag.py:3239} INFO - Sync 2 DAGs
[2025-04-06T21:39:05.792+0000] {logging_mixin.py:190} INFO - [2025-04-06T21:39:05.791+0000] {dag.py:4180} INFO - Setting next_dagrun for example_xcom_args to None, run_after=None
[2025-04-06T21:39:05.796+0000] {logging_mixin.py:190} INFO - [2025-04-06T21:39:05.796+0000] {dag.py:4180} INFO - Setting next_dagrun for example_xcom_args_with_operators to None, run_after=None
[2025-04-06T21:39:05.813+0000] {processor.py:208} INFO - Processing /home/airflow/.local/lib/python3.12/site-packages/airflow/example_dags/example_xcomargs.py took 0.092 seconds
[2025-04-06T21:39:36.384+0000] {processor.py:186} INFO - Started process (PID=1025) to work on /home/airflow/.local/lib/python3.12/site-packages/airflow/example_dags/example_xcomargs.py
[2025-04-06T21:39:36.387+0000] {processor.py:914} INFO - Processing file /home/airflow/.local/lib/python3.12/site-packages/airflow/example_dags/example_xcomargs.py for tasks to queue
[2025-04-06T21:39:36.392+0000] {logging_mixin.py:190} INFO - [2025-04-06T21:39:36.392+0000] {dagbag.py:588} INFO - Filling up the DagBag from /home/airflow/.local/lib/python3.12/site-packages/airflow/example_dags/example_xcomargs.py
[2025-04-06T21:39:36.409+0000] {processor.py:925} INFO - DAG(s) 'example_xcom_args', 'example_xcom_args_with_operators' retrieved from /home/airflow/.local/lib/python3.12/site-packages/airflow/example_dags/example_xcomargs.py
[2025-04-06T21:39:36.469+0000] {logging_mixin.py:190} INFO - [2025-04-06T21:39:36.469+0000] {dag.py:3239} INFO - Sync 2 DAGs
[2025-04-06T21:39:36.519+0000] {logging_mixin.py:190} INFO - [2025-04-06T21:39:36.519+0000] {dag.py:4180} INFO - Setting next_dagrun for example_xcom_args to None, run_after=None
[2025-04-06T21:39:36.528+0000] {logging_mixin.py:190} INFO - [2025-04-06T21:39:36.528+0000] {dag.py:4180} INFO - Setting next_dagrun for example_xcom_args_with_operators to None, run_after=None
[2025-04-06T21:39:36.554+0000] {processor.py:208} INFO - Processing /home/airflow/.local/lib/python3.12/site-packages/airflow/example_dags/example_xcomargs.py took 0.190 seconds
[2025-04-06T21:40:06.777+0000] {processor.py:186} INFO - Started process (PID=1089) to work on /home/airflow/.local/lib/python3.12/site-packages/airflow/example_dags/example_xcomargs.py
[2025-04-06T21:40:06.778+0000] {processor.py:914} INFO - Processing file /home/airflow/.local/lib/python3.12/site-packages/airflow/example_dags/example_xcomargs.py for tasks to queue
[2025-04-06T21:40:06.780+0000] {logging_mixin.py:190} INFO - [2025-04-06T21:40:06.780+0000] {dagbag.py:588} INFO - Filling up the DagBag from /home/airflow/.local/lib/python3.12/site-packages/airflow/example_dags/example_xcomargs.py
[2025-04-06T21:40:06.792+0000] {processor.py:925} INFO - DAG(s) 'example_xcom_args', 'example_xcom_args_with_operators' retrieved from /home/airflow/.local/lib/python3.12/site-packages/airflow/example_dags/example_xcomargs.py
[2025-04-06T21:40:06.811+0000] {logging_mixin.py:190} INFO - [2025-04-06T21:40:06.811+0000] {dag.py:3239} INFO - Sync 2 DAGs
[2025-04-06T21:40:06.823+0000] {logging_mixin.py:190} INFO - [2025-04-06T21:40:06.823+0000] {dag.py:4180} INFO - Setting next_dagrun for example_xcom_args to None, run_after=None
[2025-04-06T21:40:06.826+0000] {logging_mixin.py:190} INFO - [2025-04-06T21:40:06.826+0000] {dag.py:4180} INFO - Setting next_dagrun for example_xcom_args_with_operators to None, run_after=None
[2025-04-06T21:40:06.839+0000] {processor.py:208} INFO - Processing /home/airflow/.local/lib/python3.12/site-packages/airflow/example_dags/example_xcomargs.py took 0.069 seconds
[2025-04-06T21:40:37.369+0000] {processor.py:186} INFO - Started process (PID=1153) to work on /home/airflow/.local/lib/python3.12/site-packages/airflow/example_dags/example_xcomargs.py
[2025-04-06T21:40:37.370+0000] {processor.py:914} INFO - Processing file /home/airflow/.local/lib/python3.12/site-packages/airflow/example_dags/example_xcomargs.py for tasks to queue
[2025-04-06T21:40:37.371+0000] {logging_mixin.py:190} INFO - [2025-04-06T21:40:37.371+0000] {dagbag.py:588} INFO - Filling up the DagBag from /home/airflow/.local/lib/python3.12/site-packages/airflow/example_dags/example_xcomargs.py
[2025-04-06T21:40:37.380+0000] {processor.py:925} INFO - DAG(s) 'example_xcom_args', 'example_xcom_args_with_operators' retrieved from /home/airflow/.local/lib/python3.12/site-packages/airflow/example_dags/example_xcomargs.py
[2025-04-06T21:40:37.398+0000] {logging_mixin.py:190} INFO - [2025-04-06T21:40:37.398+0000] {dag.py:3239} INFO - Sync 2 DAGs
[2025-04-06T21:40:37.410+0000] {logging_mixin.py:190} INFO - [2025-04-06T21:40:37.410+0000] {dag.py:4180} INFO - Setting next_dagrun for example_xcom_args to None, run_after=None
[2025-04-06T21:40:37.413+0000] {logging_mixin.py:190} INFO - [2025-04-06T21:40:37.413+0000] {dag.py:4180} INFO - Setting next_dagrun for example_xcom_args_with_operators to None, run_after=None
[2025-04-06T21:40:37.425+0000] {processor.py:208} INFO - Processing /home/airflow/.local/lib/python3.12/site-packages/airflow/example_dags/example_xcomargs.py took 0.068 seconds
[2025-04-06T21:41:07.763+0000] {processor.py:186} INFO - Started process (PID=1217) to work on /home/airflow/.local/lib/python3.12/site-packages/airflow/example_dags/example_xcomargs.py
[2025-04-06T21:41:07.764+0000] {processor.py:914} INFO - Processing file /home/airflow/.local/lib/python3.12/site-packages/airflow/example_dags/example_xcomargs.py for tasks to queue
[2025-04-06T21:41:07.766+0000] {logging_mixin.py:190} INFO - [2025-04-06T21:41:07.766+0000] {dagbag.py:588} INFO - Filling up the DagBag from /home/airflow/.local/lib/python3.12/site-packages/airflow/example_dags/example_xcomargs.py
[2025-04-06T21:41:07.779+0000] {processor.py:925} INFO - DAG(s) 'example_xcom_args_with_operators', 'example_xcom_args' retrieved from /home/airflow/.local/lib/python3.12/site-packages/airflow/example_dags/example_xcomargs.py
[2025-04-06T21:41:07.801+0000] {logging_mixin.py:190} INFO - [2025-04-06T21:41:07.801+0000] {dag.py:3239} INFO - Sync 2 DAGs
[2025-04-06T21:41:07.814+0000] {logging_mixin.py:190} INFO - [2025-04-06T21:41:07.813+0000] {dag.py:4180} INFO - Setting next_dagrun for example_xcom_args to None, run_after=None
[2025-04-06T21:41:07.817+0000] {logging_mixin.py:190} INFO - [2025-04-06T21:41:07.816+0000] {dag.py:4180} INFO - Setting next_dagrun for example_xcom_args_with_operators to None, run_after=None
[2025-04-06T21:41:07.828+0000] {processor.py:208} INFO - Processing /home/airflow/.local/lib/python3.12/site-packages/airflow/example_dags/example_xcomargs.py took 0.073 seconds
[2025-04-06T21:41:38.692+0000] {processor.py:186} INFO - Started process (PID=1282) to work on /home/airflow/.local/lib/python3.12/site-packages/airflow/example_dags/example_xcomargs.py
[2025-04-06T21:41:38.693+0000] {processor.py:914} INFO - Processing file /home/airflow/.local/lib/python3.12/site-packages/airflow/example_dags/example_xcomargs.py for tasks to queue
[2025-04-06T21:41:38.695+0000] {logging_mixin.py:190} INFO - [2025-04-06T21:41:38.695+0000] {dagbag.py:588} INFO - Filling up the DagBag from /home/airflow/.local/lib/python3.12/site-packages/airflow/example_dags/example_xcomargs.py
[2025-04-06T21:41:38.709+0000] {processor.py:925} INFO - DAG(s) 'example_xcom_args', 'example_xcom_args_with_operators' retrieved from /home/airflow/.local/lib/python3.12/site-packages/airflow/example_dags/example_xcomargs.py
[2025-04-06T21:41:38.736+0000] {logging_mixin.py:190} INFO - [2025-04-06T21:41:38.736+0000] {dag.py:3239} INFO - Sync 2 DAGs
[2025-04-06T21:41:38.756+0000] {logging_mixin.py:190} INFO - [2025-04-06T21:41:38.756+0000] {dag.py:4180} INFO - Setting next_dagrun for example_xcom_args to None, run_after=None
[2025-04-06T21:41:38.760+0000] {logging_mixin.py:190} INFO - [2025-04-06T21:41:38.760+0000] {dag.py:4180} INFO - Setting next_dagrun for example_xcom_args_with_operators to None, run_after=None
[2025-04-06T21:41:38.775+0000] {processor.py:208} INFO - Processing /home/airflow/.local/lib/python3.12/site-packages/airflow/example_dags/example_xcomargs.py took 0.091 seconds
[2025-04-06T21:42:09.359+0000] {processor.py:186} INFO - Started process (PID=1346) to work on /home/airflow/.local/lib/python3.12/site-packages/airflow/example_dags/example_xcomargs.py
[2025-04-06T21:42:09.359+0000] {processor.py:914} INFO - Processing file /home/airflow/.local/lib/python3.12/site-packages/airflow/example_dags/example_xcomargs.py for tasks to queue
[2025-04-06T21:42:09.362+0000] {logging_mixin.py:190} INFO - [2025-04-06T21:42:09.361+0000] {dagbag.py:588} INFO - Filling up the DagBag from /home/airflow/.local/lib/python3.12/site-packages/airflow/example_dags/example_xcomargs.py
[2025-04-06T21:42:09.375+0000] {processor.py:925} INFO - DAG(s) 'example_xcom_args', 'example_xcom_args_with_operators' retrieved from /home/airflow/.local/lib/python3.12/site-packages/airflow/example_dags/example_xcomargs.py
[2025-04-06T21:42:09.404+0000] {logging_mixin.py:190} INFO - [2025-04-06T21:42:09.403+0000] {dag.py:3239} INFO - Sync 2 DAGs
[2025-04-06T21:42:09.422+0000] {logging_mixin.py:190} INFO - [2025-04-06T21:42:09.422+0000] {dag.py:4180} INFO - Setting next_dagrun for example_xcom_args to None, run_after=None
[2025-04-06T21:42:09.427+0000] {logging_mixin.py:190} INFO - [2025-04-06T21:42:09.426+0000] {dag.py:4180} INFO - Setting next_dagrun for example_xcom_args_with_operators to None, run_after=None
[2025-04-06T21:42:09.440+0000] {processor.py:208} INFO - Processing /home/airflow/.local/lib/python3.12/site-packages/airflow/example_dags/example_xcomargs.py took 0.089 seconds
[2025-04-06T21:42:40.116+0000] {processor.py:186} INFO - Started process (PID=1409) to work on /home/airflow/.local/lib/python3.12/site-packages/airflow/example_dags/example_xcomargs.py
[2025-04-06T21:42:40.117+0000] {processor.py:914} INFO - Processing file /home/airflow/.local/lib/python3.12/site-packages/airflow/example_dags/example_xcomargs.py for tasks to queue
[2025-04-06T21:42:40.120+0000] {logging_mixin.py:190} INFO - [2025-04-06T21:42:40.119+0000] {dagbag.py:588} INFO - Filling up the DagBag from /home/airflow/.local/lib/python3.12/site-packages/airflow/example_dags/example_xcomargs.py
[2025-04-06T21:42:40.133+0000] {processor.py:925} INFO - DAG(s) 'example_xcom_args_with_operators', 'example_xcom_args' retrieved from /home/airflow/.local/lib/python3.12/site-packages/airflow/example_dags/example_xcomargs.py
[2025-04-06T21:42:40.160+0000] {logging_mixin.py:190} INFO - [2025-04-06T21:42:40.160+0000] {dag.py:3239} INFO - Sync 2 DAGs
[2025-04-06T21:42:40.178+0000] {logging_mixin.py:190} INFO - [2025-04-06T21:42:40.178+0000] {dag.py:4180} INFO - Setting next_dagrun for example_xcom_args to None, run_after=None
[2025-04-06T21:42:40.182+0000] {logging_mixin.py:190} INFO - [2025-04-06T21:42:40.181+0000] {dag.py:4180} INFO - Setting next_dagrun for example_xcom_args_with_operators to None, run_after=None
[2025-04-06T21:42:40.195+0000] {processor.py:208} INFO - Processing /home/airflow/.local/lib/python3.12/site-packages/airflow/example_dags/example_xcomargs.py took 0.086 seconds
[2025-04-06T21:43:11.212+0000] {processor.py:186} INFO - Started process (PID=1473) to work on /home/airflow/.local/lib/python3.12/site-packages/airflow/example_dags/example_xcomargs.py
[2025-04-06T21:43:11.213+0000] {processor.py:914} INFO - Processing file /home/airflow/.local/lib/python3.12/site-packages/airflow/example_dags/example_xcomargs.py for tasks to queue
[2025-04-06T21:43:11.215+0000] {logging_mixin.py:190} INFO - [2025-04-06T21:43:11.215+0000] {dagbag.py:588} INFO - Filling up the DagBag from /home/airflow/.local/lib/python3.12/site-packages/airflow/example_dags/example_xcomargs.py
[2025-04-06T21:43:11.241+0000] {processor.py:925} INFO - DAG(s) 'example_xcom_args_with_operators', 'example_xcom_args' retrieved from /home/airflow/.local/lib/python3.12/site-packages/airflow/example_dags/example_xcomargs.py
[2025-04-06T21:43:11.269+0000] {logging_mixin.py:190} INFO - [2025-04-06T21:43:11.269+0000] {dag.py:3239} INFO - Sync 2 DAGs
[2025-04-06T21:43:11.284+0000] {logging_mixin.py:190} INFO - [2025-04-06T21:43:11.284+0000] {dag.py:4180} INFO - Setting next_dagrun for example_xcom_args to None, run_after=None
[2025-04-06T21:43:11.287+0000] {logging_mixin.py:190} INFO - [2025-04-06T21:43:11.287+0000] {dag.py:4180} INFO - Setting next_dagrun for example_xcom_args_with_operators to None, run_after=None
[2025-04-06T21:43:11.299+0000] {processor.py:208} INFO - Processing /home/airflow/.local/lib/python3.12/site-packages/airflow/example_dags/example_xcomargs.py took 0.094 seconds
[2025-04-06T21:43:42.444+0000] {processor.py:186} INFO - Started process (PID=1539) to work on /home/airflow/.local/lib/python3.12/site-packages/airflow/example_dags/example_xcomargs.py
[2025-04-06T21:43:42.445+0000] {processor.py:914} INFO - Processing file /home/airflow/.local/lib/python3.12/site-packages/airflow/example_dags/example_xcomargs.py for tasks to queue
[2025-04-06T21:43:42.447+0000] {logging_mixin.py:190} INFO - [2025-04-06T21:43:42.447+0000] {dagbag.py:588} INFO - Filling up the DagBag from /home/airflow/.local/lib/python3.12/site-packages/airflow/example_dags/example_xcomargs.py
[2025-04-06T21:43:42.461+0000] {processor.py:925} INFO - DAG(s) 'example_xcom_args', 'example_xcom_args_with_operators' retrieved from /home/airflow/.local/lib/python3.12/site-packages/airflow/example_dags/example_xcomargs.py
[2025-04-06T21:43:42.499+0000] {logging_mixin.py:190} INFO - [2025-04-06T21:43:42.499+0000] {dag.py:3239} INFO - Sync 2 DAGs
[2025-04-06T21:43:42.518+0000] {logging_mixin.py:190} INFO - [2025-04-06T21:43:42.518+0000] {dag.py:4180} INFO - Setting next_dagrun for example_xcom_args to None, run_after=None
[2025-04-06T21:43:42.523+0000] {logging_mixin.py:190} INFO - [2025-04-06T21:43:42.523+0000] {dag.py:4180} INFO - Setting next_dagrun for example_xcom_args_with_operators to None, run_after=None
[2025-04-06T21:43:42.538+0000] {processor.py:208} INFO - Processing /home/airflow/.local/lib/python3.12/site-packages/airflow/example_dags/example_xcomargs.py took 0.101 seconds
[2025-04-06T21:44:13.606+0000] {processor.py:186} INFO - Started process (PID=1610) to work on /home/airflow/.local/lib/python3.12/site-packages/airflow/example_dags/example_xcomargs.py
[2025-04-06T21:44:13.607+0000] {processor.py:914} INFO - Processing file /home/airflow/.local/lib/python3.12/site-packages/airflow/example_dags/example_xcomargs.py for tasks to queue
[2025-04-06T21:44:13.610+0000] {logging_mixin.py:190} INFO - [2025-04-06T21:44:13.609+0000] {dagbag.py:588} INFO - Filling up the DagBag from /home/airflow/.local/lib/python3.12/site-packages/airflow/example_dags/example_xcomargs.py
[2025-04-06T21:44:13.623+0000] {processor.py:925} INFO - DAG(s) 'example_xcom_args_with_operators', 'example_xcom_args' retrieved from /home/airflow/.local/lib/python3.12/site-packages/airflow/example_dags/example_xcomargs.py
[2025-04-06T21:44:13.649+0000] {logging_mixin.py:190} INFO - [2025-04-06T21:44:13.648+0000] {dag.py:3239} INFO - Sync 2 DAGs
[2025-04-06T21:44:13.663+0000] {logging_mixin.py:190} INFO - [2025-04-06T21:44:13.662+0000] {dag.py:4180} INFO - Setting next_dagrun for example_xcom_args to None, run_after=None
[2025-04-06T21:44:13.666+0000] {logging_mixin.py:190} INFO - [2025-04-06T21:44:13.665+0000] {dag.py:4180} INFO - Setting next_dagrun for example_xcom_args_with_operators to None, run_after=None
[2025-04-06T21:44:13.678+0000] {processor.py:208} INFO - Processing /home/airflow/.local/lib/python3.12/site-packages/airflow/example_dags/example_xcomargs.py took 0.079 seconds
[2025-04-06T21:44:44.417+0000] {processor.py:186} INFO - Started process (PID=1674) to work on /home/airflow/.local/lib/python3.12/site-packages/airflow/example_dags/example_xcomargs.py
[2025-04-06T21:44:44.417+0000] {processor.py:914} INFO - Processing file /home/airflow/.local/lib/python3.12/site-packages/airflow/example_dags/example_xcomargs.py for tasks to queue
[2025-04-06T21:44:44.420+0000] {logging_mixin.py:190} INFO - [2025-04-06T21:44:44.420+0000] {dagbag.py:588} INFO - Filling up the DagBag from /home/airflow/.local/lib/python3.12/site-packages/airflow/example_dags/example_xcomargs.py
[2025-04-06T21:44:44.433+0000] {processor.py:925} INFO - DAG(s) 'example_xcom_args', 'example_xcom_args_with_operators' retrieved from /home/airflow/.local/lib/python3.12/site-packages/airflow/example_dags/example_xcomargs.py
[2025-04-06T21:44:44.460+0000] {logging_mixin.py:190} INFO - [2025-04-06T21:44:44.459+0000] {dag.py:3239} INFO - Sync 2 DAGs
[2025-04-06T21:44:44.476+0000] {logging_mixin.py:190} INFO - [2025-04-06T21:44:44.476+0000] {dag.py:4180} INFO - Setting next_dagrun for example_xcom_args to None, run_after=None
[2025-04-06T21:44:44.479+0000] {logging_mixin.py:190} INFO - [2025-04-06T21:44:44.479+0000] {dag.py:4180} INFO - Setting next_dagrun for example_xcom_args_with_operators to None, run_after=None
[2025-04-06T21:44:44.491+0000] {processor.py:208} INFO - Processing /home/airflow/.local/lib/python3.12/site-packages/airflow/example_dags/example_xcomargs.py took 0.082 seconds
[2025-04-06T21:45:15.400+0000] {processor.py:186} INFO - Started process (PID=1738) to work on /home/airflow/.local/lib/python3.12/site-packages/airflow/example_dags/example_xcomargs.py
[2025-04-06T21:45:15.402+0000] {processor.py:914} INFO - Processing file /home/airflow/.local/lib/python3.12/site-packages/airflow/example_dags/example_xcomargs.py for tasks to queue
[2025-04-06T21:45:15.404+0000] {logging_mixin.py:190} INFO - [2025-04-06T21:45:15.404+0000] {dagbag.py:588} INFO - Filling up the DagBag from /home/airflow/.local/lib/python3.12/site-packages/airflow/example_dags/example_xcomargs.py
[2025-04-06T21:45:15.418+0000] {processor.py:925} INFO - DAG(s) 'example_xcom_args', 'example_xcom_args_with_operators' retrieved from /home/airflow/.local/lib/python3.12/site-packages/airflow/example_dags/example_xcomargs.py
[2025-04-06T21:45:15.458+0000] {logging_mixin.py:190} INFO - [2025-04-06T21:45:15.457+0000] {dag.py:3239} INFO - Sync 2 DAGs
[2025-04-06T21:45:15.495+0000] {logging_mixin.py:190} INFO - [2025-04-06T21:45:15.494+0000] {dag.py:4180} INFO - Setting next_dagrun for example_xcom_args to None, run_after=None
[2025-04-06T21:45:15.499+0000] {logging_mixin.py:190} INFO - [2025-04-06T21:45:15.499+0000] {dag.py:4180} INFO - Setting next_dagrun for example_xcom_args_with_operators to None, run_after=None
[2025-04-06T21:45:15.517+0000] {processor.py:208} INFO - Processing /home/airflow/.local/lib/python3.12/site-packages/airflow/example_dags/example_xcomargs.py took 0.144 seconds
[2025-04-06T21:45:46.415+0000] {processor.py:186} INFO - Started process (PID=1802) to work on /home/airflow/.local/lib/python3.12/site-packages/airflow/example_dags/example_xcomargs.py
[2025-04-06T21:45:46.415+0000] {processor.py:914} INFO - Processing file /home/airflow/.local/lib/python3.12/site-packages/airflow/example_dags/example_xcomargs.py for tasks to queue
[2025-04-06T21:45:46.422+0000] {logging_mixin.py:190} INFO - [2025-04-06T21:45:46.418+0000] {dagbag.py:588} INFO - Filling up the DagBag from /home/airflow/.local/lib/python3.12/site-packages/airflow/example_dags/example_xcomargs.py
[2025-04-06T21:45:46.458+0000] {processor.py:925} INFO - DAG(s) 'example_xcom_args_with_operators', 'example_xcom_args' retrieved from /home/airflow/.local/lib/python3.12/site-packages/airflow/example_dags/example_xcomargs.py
[2025-04-06T21:45:46.517+0000] {logging_mixin.py:190} INFO - [2025-04-06T21:45:46.516+0000] {dag.py:3239} INFO - Sync 2 DAGs
[2025-04-06T21:45:46.556+0000] {logging_mixin.py:190} INFO - [2025-04-06T21:45:46.555+0000] {dag.py:4180} INFO - Setting next_dagrun for example_xcom_args to None, run_after=None
[2025-04-06T21:45:46.564+0000] {logging_mixin.py:190} INFO - [2025-04-06T21:45:46.564+0000] {dag.py:4180} INFO - Setting next_dagrun for example_xcom_args_with_operators to None, run_after=None
[2025-04-06T21:45:46.597+0000] {processor.py:208} INFO - Processing /home/airflow/.local/lib/python3.12/site-packages/airflow/example_dags/example_xcomargs.py took 0.198 seconds
[2025-04-06T21:46:16.696+0000] {processor.py:186} INFO - Started process (PID=1865) to work on /home/airflow/.local/lib/python3.12/site-packages/airflow/example_dags/example_xcomargs.py
[2025-04-06T21:46:16.697+0000] {processor.py:914} INFO - Processing file /home/airflow/.local/lib/python3.12/site-packages/airflow/example_dags/example_xcomargs.py for tasks to queue
[2025-04-06T21:46:16.699+0000] {logging_mixin.py:190} INFO - [2025-04-06T21:46:16.698+0000] {dagbag.py:588} INFO - Filling up the DagBag from /home/airflow/.local/lib/python3.12/site-packages/airflow/example_dags/example_xcomargs.py
[2025-04-06T21:46:16.707+0000] {processor.py:925} INFO - DAG(s) 'example_xcom_args_with_operators', 'example_xcom_args' retrieved from /home/airflow/.local/lib/python3.12/site-packages/airflow/example_dags/example_xcomargs.py
[2025-04-06T21:46:16.725+0000] {logging_mixin.py:190} INFO - [2025-04-06T21:46:16.725+0000] {dag.py:3239} INFO - Sync 2 DAGs
[2025-04-06T21:46:16.738+0000] {logging_mixin.py:190} INFO - [2025-04-06T21:46:16.738+0000] {dag.py:4180} INFO - Setting next_dagrun for example_xcom_args to None, run_after=None
[2025-04-06T21:46:16.741+0000] {logging_mixin.py:190} INFO - [2025-04-06T21:46:16.741+0000] {dag.py:4180} INFO - Setting next_dagrun for example_xcom_args_with_operators to None, run_after=None
[2025-04-06T21:46:16.753+0000] {processor.py:208} INFO - Processing /home/airflow/.local/lib/python3.12/site-packages/airflow/example_dags/example_xcomargs.py took 0.063 seconds
[2025-04-06T21:46:46.993+0000] {processor.py:186} INFO - Started process (PID=1928) to work on /home/airflow/.local/lib/python3.12/site-packages/airflow/example_dags/example_xcomargs.py
[2025-04-06T21:46:46.993+0000] {processor.py:914} INFO - Processing file /home/airflow/.local/lib/python3.12/site-packages/airflow/example_dags/example_xcomargs.py for tasks to queue
[2025-04-06T21:46:46.996+0000] {logging_mixin.py:190} INFO - [2025-04-06T21:46:46.996+0000] {dagbag.py:588} INFO - Filling up the DagBag from /home/airflow/.local/lib/python3.12/site-packages/airflow/example_dags/example_xcomargs.py
[2025-04-06T21:46:47.009+0000] {processor.py:925} INFO - DAG(s) 'example_xcom_args', 'example_xcom_args_with_operators' retrieved from /home/airflow/.local/lib/python3.12/site-packages/airflow/example_dags/example_xcomargs.py
[2025-04-06T21:46:47.046+0000] {logging_mixin.py:190} INFO - [2025-04-06T21:46:47.045+0000] {dag.py:3239} INFO - Sync 2 DAGs
[2025-04-06T21:46:47.066+0000] {logging_mixin.py:190} INFO - [2025-04-06T21:46:47.066+0000] {dag.py:4180} INFO - Setting next_dagrun for example_xcom_args to None, run_after=None
[2025-04-06T21:46:47.071+0000] {logging_mixin.py:190} INFO - [2025-04-06T21:46:47.070+0000] {dag.py:4180} INFO - Setting next_dagrun for example_xcom_args_with_operators to None, run_after=None
[2025-04-06T21:46:47.102+0000] {processor.py:208} INFO - Processing /home/airflow/.local/lib/python3.12/site-packages/airflow/example_dags/example_xcomargs.py took 0.116 seconds
[2025-04-06T21:47:17.289+0000] {processor.py:186} INFO - Started process (PID=1992) to work on /home/airflow/.local/lib/python3.12/site-packages/airflow/example_dags/example_xcomargs.py
[2025-04-06T21:47:17.289+0000] {processor.py:914} INFO - Processing file /home/airflow/.local/lib/python3.12/site-packages/airflow/example_dags/example_xcomargs.py for tasks to queue
[2025-04-06T21:47:17.291+0000] {logging_mixin.py:190} INFO - [2025-04-06T21:47:17.291+0000] {dagbag.py:588} INFO - Filling up the DagBag from /home/airflow/.local/lib/python3.12/site-packages/airflow/example_dags/example_xcomargs.py
[2025-04-06T21:47:17.300+0000] {processor.py:925} INFO - DAG(s) 'example_xcom_args_with_operators', 'example_xcom_args' retrieved from /home/airflow/.local/lib/python3.12/site-packages/airflow/example_dags/example_xcomargs.py
[2025-04-06T21:47:17.318+0000] {logging_mixin.py:190} INFO - [2025-04-06T21:47:17.318+0000] {dag.py:3239} INFO - Sync 2 DAGs
[2025-04-06T21:47:17.330+0000] {logging_mixin.py:190} INFO - [2025-04-06T21:47:17.330+0000] {dag.py:4180} INFO - Setting next_dagrun for example_xcom_args to None, run_after=None
[2025-04-06T21:47:17.333+0000] {logging_mixin.py:190} INFO - [2025-04-06T21:47:17.333+0000] {dag.py:4180} INFO - Setting next_dagrun for example_xcom_args_with_operators to None, run_after=None
[2025-04-06T21:47:17.345+0000] {processor.py:208} INFO - Processing /home/airflow/.local/lib/python3.12/site-packages/airflow/example_dags/example_xcomargs.py took 0.062 seconds
[2025-04-06T21:47:47.541+0000] {processor.py:186} INFO - Started process (PID=2056) to work on /home/airflow/.local/lib/python3.12/site-packages/airflow/example_dags/example_xcomargs.py
[2025-04-06T21:47:47.541+0000] {processor.py:914} INFO - Processing file /home/airflow/.local/lib/python3.12/site-packages/airflow/example_dags/example_xcomargs.py for tasks to queue
[2025-04-06T21:47:47.543+0000] {logging_mixin.py:190} INFO - [2025-04-06T21:47:47.543+0000] {dagbag.py:588} INFO - Filling up the DagBag from /home/airflow/.local/lib/python3.12/site-packages/airflow/example_dags/example_xcomargs.py
[2025-04-06T21:47:47.552+0000] {processor.py:925} INFO - DAG(s) 'example_xcom_args_with_operators', 'example_xcom_args' retrieved from /home/airflow/.local/lib/python3.12/site-packages/airflow/example_dags/example_xcomargs.py
[2025-04-06T21:47:47.570+0000] {logging_mixin.py:190} INFO - [2025-04-06T21:47:47.570+0000] {dag.py:3239} INFO - Sync 2 DAGs
[2025-04-06T21:47:47.582+0000] {logging_mixin.py:190} INFO - [2025-04-06T21:47:47.582+0000] {dag.py:4180} INFO - Setting next_dagrun for example_xcom_args to None, run_after=None
[2025-04-06T21:47:47.585+0000] {logging_mixin.py:190} INFO - [2025-04-06T21:47:47.585+0000] {dag.py:4180} INFO - Setting next_dagrun for example_xcom_args_with_operators to None, run_after=None
[2025-04-06T21:47:47.597+0000] {processor.py:208} INFO - Processing /home/airflow/.local/lib/python3.12/site-packages/airflow/example_dags/example_xcomargs.py took 0.062 seconds
[2025-04-06T21:48:18.355+0000] {processor.py:186} INFO - Started process (PID=2120) to work on /home/airflow/.local/lib/python3.12/site-packages/airflow/example_dags/example_xcomargs.py
[2025-04-06T21:48:18.355+0000] {processor.py:914} INFO - Processing file /home/airflow/.local/lib/python3.12/site-packages/airflow/example_dags/example_xcomargs.py for tasks to queue
[2025-04-06T21:48:18.357+0000] {logging_mixin.py:190} INFO - [2025-04-06T21:48:18.357+0000] {dagbag.py:588} INFO - Filling up the DagBag from /home/airflow/.local/lib/python3.12/site-packages/airflow/example_dags/example_xcomargs.py
[2025-04-06T21:48:18.366+0000] {processor.py:925} INFO - DAG(s) 'example_xcom_args', 'example_xcom_args_with_operators' retrieved from /home/airflow/.local/lib/python3.12/site-packages/airflow/example_dags/example_xcomargs.py
[2025-04-06T21:48:18.385+0000] {logging_mixin.py:190} INFO - [2025-04-06T21:48:18.384+0000] {dag.py:3239} INFO - Sync 2 DAGs
[2025-04-06T21:48:18.397+0000] {logging_mixin.py:190} INFO - [2025-04-06T21:48:18.397+0000] {dag.py:4180} INFO - Setting next_dagrun for example_xcom_args to None, run_after=None
[2025-04-06T21:48:18.400+0000] {logging_mixin.py:190} INFO - [2025-04-06T21:48:18.400+0000] {dag.py:4180} INFO - Setting next_dagrun for example_xcom_args_with_operators to None, run_after=None
[2025-04-06T21:48:18.412+0000] {processor.py:208} INFO - Processing /home/airflow/.local/lib/python3.12/site-packages/airflow/example_dags/example_xcomargs.py took 0.062 seconds
[2025-04-06T21:48:48.887+0000] {processor.py:186} INFO - Started process (PID=2184) to work on /home/airflow/.local/lib/python3.12/site-packages/airflow/example_dags/example_xcomargs.py
[2025-04-06T21:48:48.888+0000] {processor.py:914} INFO - Processing file /home/airflow/.local/lib/python3.12/site-packages/airflow/example_dags/example_xcomargs.py for tasks to queue
[2025-04-06T21:48:48.891+0000] {logging_mixin.py:190} INFO - [2025-04-06T21:48:48.890+0000] {dagbag.py:588} INFO - Filling up the DagBag from /home/airflow/.local/lib/python3.12/site-packages/airflow/example_dags/example_xcomargs.py
[2025-04-06T21:48:48.904+0000] {processor.py:925} INFO - DAG(s) 'example_xcom_args_with_operators', 'example_xcom_args' retrieved from /home/airflow/.local/lib/python3.12/site-packages/airflow/example_dags/example_xcomargs.py
[2025-04-06T21:48:48.932+0000] {logging_mixin.py:190} INFO - [2025-04-06T21:48:48.932+0000] {dag.py:3239} INFO - Sync 2 DAGs
[2025-04-06T21:48:48.953+0000] {logging_mixin.py:190} INFO - [2025-04-06T21:48:48.953+0000] {dag.py:4180} INFO - Setting next_dagrun for example_xcom_args to None, run_after=None
[2025-04-06T21:48:48.958+0000] {logging_mixin.py:190} INFO - [2025-04-06T21:48:48.958+0000] {dag.py:4180} INFO - Setting next_dagrun for example_xcom_args_with_operators to None, run_after=None
[2025-04-06T21:48:48.975+0000] {processor.py:208} INFO - Processing /home/airflow/.local/lib/python3.12/site-packages/airflow/example_dags/example_xcomargs.py took 0.097 seconds
[2025-04-06T21:49:19.687+0000] {processor.py:186} INFO - Started process (PID=2247) to work on /home/airflow/.local/lib/python3.12/site-packages/airflow/example_dags/example_xcomargs.py
[2025-04-06T21:49:19.687+0000] {processor.py:914} INFO - Processing file /home/airflow/.local/lib/python3.12/site-packages/airflow/example_dags/example_xcomargs.py for tasks to queue
[2025-04-06T21:49:19.689+0000] {logging_mixin.py:190} INFO - [2025-04-06T21:49:19.689+0000] {dagbag.py:588} INFO - Filling up the DagBag from /home/airflow/.local/lib/python3.12/site-packages/airflow/example_dags/example_xcomargs.py
[2025-04-06T21:49:19.698+0000] {processor.py:925} INFO - DAG(s) 'example_xcom_args_with_operators', 'example_xcom_args' retrieved from /home/airflow/.local/lib/python3.12/site-packages/airflow/example_dags/example_xcomargs.py
[2025-04-06T21:49:19.716+0000] {logging_mixin.py:190} INFO - [2025-04-06T21:49:19.716+0000] {dag.py:3239} INFO - Sync 2 DAGs
[2025-04-06T21:49:19.728+0000] {logging_mixin.py:190} INFO - [2025-04-06T21:49:19.728+0000] {dag.py:4180} INFO - Setting next_dagrun for example_xcom_args to None, run_after=None
[2025-04-06T21:49:19.731+0000] {logging_mixin.py:190} INFO - [2025-04-06T21:49:19.731+0000] {dag.py:4180} INFO - Setting next_dagrun for example_xcom_args_with_operators to None, run_after=None
[2025-04-06T21:49:19.743+0000] {processor.py:208} INFO - Processing /home/airflow/.local/lib/python3.12/site-packages/airflow/example_dags/example_xcomargs.py took 0.062 seconds
[2025-04-06T21:49:49.978+0000] {processor.py:186} INFO - Started process (PID=2311) to work on /home/airflow/.local/lib/python3.12/site-packages/airflow/example_dags/example_xcomargs.py
[2025-04-06T21:49:49.978+0000] {processor.py:914} INFO - Processing file /home/airflow/.local/lib/python3.12/site-packages/airflow/example_dags/example_xcomargs.py for tasks to queue
[2025-04-06T21:49:49.980+0000] {logging_mixin.py:190} INFO - [2025-04-06T21:49:49.980+0000] {dagbag.py:588} INFO - Filling up the DagBag from /home/airflow/.local/lib/python3.12/site-packages/airflow/example_dags/example_xcomargs.py
[2025-04-06T21:49:49.989+0000] {processor.py:925} INFO - DAG(s) 'example_xcom_args', 'example_xcom_args_with_operators' retrieved from /home/airflow/.local/lib/python3.12/site-packages/airflow/example_dags/example_xcomargs.py
[2025-04-06T21:49:50.007+0000] {logging_mixin.py:190} INFO - [2025-04-06T21:49:50.007+0000] {dag.py:3239} INFO - Sync 2 DAGs
[2025-04-06T21:49:50.019+0000] {logging_mixin.py:190} INFO - [2025-04-06T21:49:50.019+0000] {dag.py:4180} INFO - Setting next_dagrun for example_xcom_args to None, run_after=None
[2025-04-06T21:49:50.022+0000] {logging_mixin.py:190} INFO - [2025-04-06T21:49:50.022+0000] {dag.py:4180} INFO - Setting next_dagrun for example_xcom_args_with_operators to None, run_after=None
[2025-04-06T21:49:50.034+0000] {processor.py:208} INFO - Processing /home/airflow/.local/lib/python3.12/site-packages/airflow/example_dags/example_xcomargs.py took 0.062 seconds
[2025-04-06T21:50:20.441+0000] {processor.py:186} INFO - Started process (PID=2375) to work on /home/airflow/.local/lib/python3.12/site-packages/airflow/example_dags/example_xcomargs.py
[2025-04-06T21:50:20.442+0000] {processor.py:914} INFO - Processing file /home/airflow/.local/lib/python3.12/site-packages/airflow/example_dags/example_xcomargs.py for tasks to queue
[2025-04-06T21:50:20.444+0000] {logging_mixin.py:190} INFO - [2025-04-06T21:50:20.443+0000] {dagbag.py:588} INFO - Filling up the DagBag from /home/airflow/.local/lib/python3.12/site-packages/airflow/example_dags/example_xcomargs.py
[2025-04-06T21:50:20.452+0000] {processor.py:925} INFO - DAG(s) 'example_xcom_args_with_operators', 'example_xcom_args' retrieved from /home/airflow/.local/lib/python3.12/site-packages/airflow/example_dags/example_xcomargs.py
[2025-04-06T21:50:20.471+0000] {logging_mixin.py:190} INFO - [2025-04-06T21:50:20.470+0000] {dag.py:3239} INFO - Sync 2 DAGs
[2025-04-06T21:50:20.483+0000] {logging_mixin.py:190} INFO - [2025-04-06T21:50:20.483+0000] {dag.py:4180} INFO - Setting next_dagrun for example_xcom_args to None, run_after=None
[2025-04-06T21:50:20.486+0000] {logging_mixin.py:190} INFO - [2025-04-06T21:50:20.486+0000] {dag.py:4180} INFO - Setting next_dagrun for example_xcom_args_with_operators to None, run_after=None
[2025-04-06T21:50:20.498+0000] {processor.py:208} INFO - Processing /home/airflow/.local/lib/python3.12/site-packages/airflow/example_dags/example_xcomargs.py took 0.063 seconds
[2025-04-06T21:50:50.735+0000] {processor.py:186} INFO - Started process (PID=2439) to work on /home/airflow/.local/lib/python3.12/site-packages/airflow/example_dags/example_xcomargs.py
[2025-04-06T21:50:50.736+0000] {processor.py:914} INFO - Processing file /home/airflow/.local/lib/python3.12/site-packages/airflow/example_dags/example_xcomargs.py for tasks to queue
[2025-04-06T21:50:50.738+0000] {logging_mixin.py:190} INFO - [2025-04-06T21:50:50.737+0000] {dagbag.py:588} INFO - Filling up the DagBag from /home/airflow/.local/lib/python3.12/site-packages/airflow/example_dags/example_xcomargs.py
[2025-04-06T21:50:50.750+0000] {processor.py:925} INFO - DAG(s) 'example_xcom_args_with_operators', 'example_xcom_args' retrieved from /home/airflow/.local/lib/python3.12/site-packages/airflow/example_dags/example_xcomargs.py
[2025-04-06T21:50:50.769+0000] {logging_mixin.py:190} INFO - [2025-04-06T21:50:50.769+0000] {dag.py:3239} INFO - Sync 2 DAGs
[2025-04-06T21:50:50.783+0000] {logging_mixin.py:190} INFO - [2025-04-06T21:50:50.783+0000] {dag.py:4180} INFO - Setting next_dagrun for example_xcom_args to None, run_after=None
[2025-04-06T21:50:50.786+0000] {logging_mixin.py:190} INFO - [2025-04-06T21:50:50.786+0000] {dag.py:4180} INFO - Setting next_dagrun for example_xcom_args_with_operators to None, run_after=None
[2025-04-06T21:50:50.798+0000] {processor.py:208} INFO - Processing /home/airflow/.local/lib/python3.12/site-packages/airflow/example_dags/example_xcomargs.py took 0.067 seconds
[2025-04-06T21:51:21.430+0000] {processor.py:186} INFO - Started process (PID=2504) to work on /home/airflow/.local/lib/python3.12/site-packages/airflow/example_dags/example_xcomargs.py
[2025-04-06T21:51:21.431+0000] {processor.py:914} INFO - Processing file /home/airflow/.local/lib/python3.12/site-packages/airflow/example_dags/example_xcomargs.py for tasks to queue
[2025-04-06T21:51:21.434+0000] {logging_mixin.py:190} INFO - [2025-04-06T21:51:21.434+0000] {dagbag.py:588} INFO - Filling up the DagBag from /home/airflow/.local/lib/python3.12/site-packages/airflow/example_dags/example_xcomargs.py
[2025-04-06T21:51:21.448+0000] {processor.py:925} INFO - DAG(s) 'example_xcom_args_with_operators', 'example_xcom_args' retrieved from /home/airflow/.local/lib/python3.12/site-packages/airflow/example_dags/example_xcomargs.py
[2025-04-06T21:51:21.478+0000] {logging_mixin.py:190} INFO - [2025-04-06T21:51:21.477+0000] {dag.py:3239} INFO - Sync 2 DAGs
[2025-04-06T21:51:21.503+0000] {logging_mixin.py:190} INFO - [2025-04-06T21:51:21.503+0000] {dag.py:4180} INFO - Setting next_dagrun for example_xcom_args to None, run_after=None
[2025-04-06T21:51:21.511+0000] {logging_mixin.py:190} INFO - [2025-04-06T21:51:21.511+0000] {dag.py:4180} INFO - Setting next_dagrun for example_xcom_args_with_operators to None, run_after=None
[2025-04-06T21:51:21.529+0000] {processor.py:208} INFO - Processing /home/airflow/.local/lib/python3.12/site-packages/airflow/example_dags/example_xcomargs.py took 0.107 seconds
[2025-04-06T21:51:51.814+0000] {processor.py:186} INFO - Started process (PID=2568) to work on /home/airflow/.local/lib/python3.12/site-packages/airflow/example_dags/example_xcomargs.py
[2025-04-06T21:51:51.815+0000] {processor.py:914} INFO - Processing file /home/airflow/.local/lib/python3.12/site-packages/airflow/example_dags/example_xcomargs.py for tasks to queue
[2025-04-06T21:51:51.817+0000] {logging_mixin.py:190} INFO - [2025-04-06T21:51:51.816+0000] {dagbag.py:588} INFO - Filling up the DagBag from /home/airflow/.local/lib/python3.12/site-packages/airflow/example_dags/example_xcomargs.py
[2025-04-06T21:51:51.825+0000] {processor.py:925} INFO - DAG(s) 'example_xcom_args_with_operators', 'example_xcom_args' retrieved from /home/airflow/.local/lib/python3.12/site-packages/airflow/example_dags/example_xcomargs.py
[2025-04-06T21:51:51.844+0000] {logging_mixin.py:190} INFO - [2025-04-06T21:51:51.844+0000] {dag.py:3239} INFO - Sync 2 DAGs
[2025-04-06T21:51:51.858+0000] {logging_mixin.py:190} INFO - [2025-04-06T21:51:51.858+0000] {dag.py:4180} INFO - Setting next_dagrun for example_xcom_args to None, run_after=None
[2025-04-06T21:51:51.861+0000] {logging_mixin.py:190} INFO - [2025-04-06T21:51:51.861+0000] {dag.py:4180} INFO - Setting next_dagrun for example_xcom_args_with_operators to None, run_after=None
[2025-04-06T21:51:51.873+0000] {processor.py:208} INFO - Processing /home/airflow/.local/lib/python3.12/site-packages/airflow/example_dags/example_xcomargs.py took 0.064 seconds
[2025-04-06T21:52:22.508+0000] {processor.py:186} INFO - Started process (PID=2632) to work on /home/airflow/.local/lib/python3.12/site-packages/airflow/example_dags/example_xcomargs.py
[2025-04-06T21:52:22.509+0000] {processor.py:914} INFO - Processing file /home/airflow/.local/lib/python3.12/site-packages/airflow/example_dags/example_xcomargs.py for tasks to queue
[2025-04-06T21:52:22.511+0000] {logging_mixin.py:190} INFO - [2025-04-06T21:52:22.511+0000] {dagbag.py:588} INFO - Filling up the DagBag from /home/airflow/.local/lib/python3.12/site-packages/airflow/example_dags/example_xcomargs.py
[2025-04-06T21:52:22.519+0000] {processor.py:925} INFO - DAG(s) 'example_xcom_args_with_operators', 'example_xcom_args' retrieved from /home/airflow/.local/lib/python3.12/site-packages/airflow/example_dags/example_xcomargs.py
[2025-04-06T21:52:22.537+0000] {logging_mixin.py:190} INFO - [2025-04-06T21:52:22.537+0000] {dag.py:3239} INFO - Sync 2 DAGs
[2025-04-06T21:52:22.549+0000] {logging_mixin.py:190} INFO - [2025-04-06T21:52:22.549+0000] {dag.py:4180} INFO - Setting next_dagrun for example_xcom_args to None, run_after=None
[2025-04-06T21:52:22.552+0000] {logging_mixin.py:190} INFO - [2025-04-06T21:52:22.552+0000] {dag.py:4180} INFO - Setting next_dagrun for example_xcom_args_with_operators to None, run_after=None
[2025-04-06T21:52:22.564+0000] {processor.py:208} INFO - Processing /home/airflow/.local/lib/python3.12/site-packages/airflow/example_dags/example_xcomargs.py took 0.063 seconds
[2025-04-06T21:52:53.071+0000] {processor.py:186} INFO - Started process (PID=2696) to work on /home/airflow/.local/lib/python3.12/site-packages/airflow/example_dags/example_xcomargs.py
[2025-04-06T21:52:53.072+0000] {processor.py:914} INFO - Processing file /home/airflow/.local/lib/python3.12/site-packages/airflow/example_dags/example_xcomargs.py for tasks to queue
[2025-04-06T21:52:53.074+0000] {logging_mixin.py:190} INFO - [2025-04-06T21:52:53.073+0000] {dagbag.py:588} INFO - Filling up the DagBag from /home/airflow/.local/lib/python3.12/site-packages/airflow/example_dags/example_xcomargs.py
[2025-04-06T21:52:53.082+0000] {processor.py:925} INFO - DAG(s) 'example_xcom_args_with_operators', 'example_xcom_args' retrieved from /home/airflow/.local/lib/python3.12/site-packages/airflow/example_dags/example_xcomargs.py
[2025-04-06T21:52:53.103+0000] {logging_mixin.py:190} INFO - [2025-04-06T21:52:53.102+0000] {dag.py:3239} INFO - Sync 2 DAGs
[2025-04-06T21:52:53.115+0000] {logging_mixin.py:190} INFO - [2025-04-06T21:52:53.115+0000] {dag.py:4180} INFO - Setting next_dagrun for example_xcom_args to None, run_after=None
[2025-04-06T21:52:53.118+0000] {logging_mixin.py:190} INFO - [2025-04-06T21:52:53.118+0000] {dag.py:4180} INFO - Setting next_dagrun for example_xcom_args_with_operators to None, run_after=None
[2025-04-06T21:52:53.130+0000] {processor.py:208} INFO - Processing /home/airflow/.local/lib/python3.12/site-packages/airflow/example_dags/example_xcomargs.py took 0.063 seconds
[2025-04-06T21:53:23.689+0000] {processor.py:186} INFO - Started process (PID=2760) to work on /home/airflow/.local/lib/python3.12/site-packages/airflow/example_dags/example_xcomargs.py
[2025-04-06T21:53:23.690+0000] {processor.py:914} INFO - Processing file /home/airflow/.local/lib/python3.12/site-packages/airflow/example_dags/example_xcomargs.py for tasks to queue
[2025-04-06T21:53:23.699+0000] {logging_mixin.py:190} INFO - [2025-04-06T21:53:23.699+0000] {dagbag.py:588} INFO - Filling up the DagBag from /home/airflow/.local/lib/python3.12/site-packages/airflow/example_dags/example_xcomargs.py
[2025-04-06T21:53:23.724+0000] {processor.py:925} INFO - DAG(s) 'example_xcom_args', 'example_xcom_args_with_operators' retrieved from /home/airflow/.local/lib/python3.12/site-packages/airflow/example_dags/example_xcomargs.py
[2025-04-06T21:53:23.752+0000] {logging_mixin.py:190} INFO - [2025-04-06T21:53:23.752+0000] {dag.py:3239} INFO - Sync 2 DAGs
[2025-04-06T21:53:23.772+0000] {logging_mixin.py:190} INFO - [2025-04-06T21:53:23.772+0000] {dag.py:4180} INFO - Setting next_dagrun for example_xcom_args to None, run_after=None
[2025-04-06T21:53:23.777+0000] {logging_mixin.py:190} INFO - [2025-04-06T21:53:23.776+0000] {dag.py:4180} INFO - Setting next_dagrun for example_xcom_args_with_operators to None, run_after=None
[2025-04-06T21:53:23.793+0000] {processor.py:208} INFO - Processing /home/airflow/.local/lib/python3.12/site-packages/airflow/example_dags/example_xcomargs.py took 0.124 seconds
[2025-04-06T21:53:54.042+0000] {processor.py:186} INFO - Started process (PID=2824) to work on /home/airflow/.local/lib/python3.12/site-packages/airflow/example_dags/example_xcomargs.py
[2025-04-06T21:53:54.043+0000] {processor.py:914} INFO - Processing file /home/airflow/.local/lib/python3.12/site-packages/airflow/example_dags/example_xcomargs.py for tasks to queue
[2025-04-06T21:53:54.045+0000] {logging_mixin.py:190} INFO - [2025-04-06T21:53:54.045+0000] {dagbag.py:588} INFO - Filling up the DagBag from /home/airflow/.local/lib/python3.12/site-packages/airflow/example_dags/example_xcomargs.py
[2025-04-06T21:53:54.054+0000] {processor.py:925} INFO - DAG(s) 'example_xcom_args_with_operators', 'example_xcom_args' retrieved from /home/airflow/.local/lib/python3.12/site-packages/airflow/example_dags/example_xcomargs.py
[2025-04-06T21:53:54.073+0000] {logging_mixin.py:190} INFO - [2025-04-06T21:53:54.073+0000] {dag.py:3239} INFO - Sync 2 DAGs
[2025-04-06T21:53:54.092+0000] {logging_mixin.py:190} INFO - [2025-04-06T21:53:54.092+0000] {dag.py:4180} INFO - Setting next_dagrun for example_xcom_args to None, run_after=None
[2025-04-06T21:53:54.097+0000] {logging_mixin.py:190} INFO - [2025-04-06T21:53:54.097+0000] {dag.py:4180} INFO - Setting next_dagrun for example_xcom_args_with_operators to None, run_after=None
[2025-04-06T21:53:54.120+0000] {processor.py:208} INFO - Processing /home/airflow/.local/lib/python3.12/site-packages/airflow/example_dags/example_xcomargs.py took 0.083 seconds
[2025-04-06T21:54:24.922+0000] {processor.py:186} INFO - Started process (PID=2888) to work on /home/airflow/.local/lib/python3.12/site-packages/airflow/example_dags/example_xcomargs.py
[2025-04-06T21:54:24.923+0000] {processor.py:914} INFO - Processing file /home/airflow/.local/lib/python3.12/site-packages/airflow/example_dags/example_xcomargs.py for tasks to queue
[2025-04-06T21:54:24.925+0000] {logging_mixin.py:190} INFO - [2025-04-06T21:54:24.924+0000] {dagbag.py:588} INFO - Filling up the DagBag from /home/airflow/.local/lib/python3.12/site-packages/airflow/example_dags/example_xcomargs.py
[2025-04-06T21:54:24.933+0000] {processor.py:925} INFO - DAG(s) 'example_xcom_args', 'example_xcom_args_with_operators' retrieved from /home/airflow/.local/lib/python3.12/site-packages/airflow/example_dags/example_xcomargs.py
[2025-04-06T21:54:24.951+0000] {logging_mixin.py:190} INFO - [2025-04-06T21:54:24.951+0000] {dag.py:3239} INFO - Sync 2 DAGs
[2025-04-06T21:54:24.963+0000] {logging_mixin.py:190} INFO - [2025-04-06T21:54:24.963+0000] {dag.py:4180} INFO - Setting next_dagrun for example_xcom_args to None, run_after=None
[2025-04-06T21:54:24.966+0000] {logging_mixin.py:190} INFO - [2025-04-06T21:54:24.966+0000] {dag.py:4180} INFO - Setting next_dagrun for example_xcom_args_with_operators to None, run_after=None
[2025-04-06T21:54:24.978+0000] {processor.py:208} INFO - Processing /home/airflow/.local/lib/python3.12/site-packages/airflow/example_dags/example_xcomargs.py took 0.062 seconds
[2025-04-06T21:54:55.830+0000] {processor.py:186} INFO - Started process (PID=2952) to work on /home/airflow/.local/lib/python3.12/site-packages/airflow/example_dags/example_xcomargs.py
[2025-04-06T21:54:55.831+0000] {processor.py:914} INFO - Processing file /home/airflow/.local/lib/python3.12/site-packages/airflow/example_dags/example_xcomargs.py for tasks to queue
[2025-04-06T21:54:55.833+0000] {logging_mixin.py:190} INFO - [2025-04-06T21:54:55.833+0000] {dagbag.py:588} INFO - Filling up the DagBag from /home/airflow/.local/lib/python3.12/site-packages/airflow/example_dags/example_xcomargs.py
[2025-04-06T21:54:55.841+0000] {processor.py:925} INFO - DAG(s) 'example_xcom_args', 'example_xcom_args_with_operators' retrieved from /home/airflow/.local/lib/python3.12/site-packages/airflow/example_dags/example_xcomargs.py
[2025-04-06T21:54:55.860+0000] {logging_mixin.py:190} INFO - [2025-04-06T21:54:55.860+0000] {dag.py:3239} INFO - Sync 2 DAGs
[2025-04-06T21:54:55.872+0000] {logging_mixin.py:190} INFO - [2025-04-06T21:54:55.872+0000] {dag.py:4180} INFO - Setting next_dagrun for example_xcom_args to None, run_after=None
[2025-04-06T21:54:55.875+0000] {logging_mixin.py:190} INFO - [2025-04-06T21:54:55.875+0000] {dag.py:4180} INFO - Setting next_dagrun for example_xcom_args_with_operators to None, run_after=None
[2025-04-06T21:54:55.887+0000] {processor.py:208} INFO - Processing /home/airflow/.local/lib/python3.12/site-packages/airflow/example_dags/example_xcomargs.py took 0.066 seconds
[2025-04-06T21:55:26.424+0000] {processor.py:186} INFO - Started process (PID=3016) to work on /home/airflow/.local/lib/python3.12/site-packages/airflow/example_dags/example_xcomargs.py
[2025-04-06T21:55:26.425+0000] {processor.py:914} INFO - Processing file /home/airflow/.local/lib/python3.12/site-packages/airflow/example_dags/example_xcomargs.py for tasks to queue
[2025-04-06T21:55:26.427+0000] {logging_mixin.py:190} INFO - [2025-04-06T21:55:26.426+0000] {dagbag.py:588} INFO - Filling up the DagBag from /home/airflow/.local/lib/python3.12/site-packages/airflow/example_dags/example_xcomargs.py
[2025-04-06T21:55:26.435+0000] {processor.py:925} INFO - DAG(s) 'example_xcom_args_with_operators', 'example_xcom_args' retrieved from /home/airflow/.local/lib/python3.12/site-packages/airflow/example_dags/example_xcomargs.py
[2025-04-06T21:55:26.453+0000] {logging_mixin.py:190} INFO - [2025-04-06T21:55:26.453+0000] {dag.py:3239} INFO - Sync 2 DAGs
[2025-04-06T21:55:26.466+0000] {logging_mixin.py:190} INFO - [2025-04-06T21:55:26.466+0000] {dag.py:4180} INFO - Setting next_dagrun for example_xcom_args to None, run_after=None
[2025-04-06T21:55:26.469+0000] {logging_mixin.py:190} INFO - [2025-04-06T21:55:26.469+0000] {dag.py:4180} INFO - Setting next_dagrun for example_xcom_args_with_operators to None, run_after=None
[2025-04-06T21:55:26.481+0000] {processor.py:208} INFO - Processing /home/airflow/.local/lib/python3.12/site-packages/airflow/example_dags/example_xcomargs.py took 0.063 seconds
[2025-04-06T21:55:56.943+0000] {processor.py:186} INFO - Started process (PID=3080) to work on /home/airflow/.local/lib/python3.12/site-packages/airflow/example_dags/example_xcomargs.py
[2025-04-06T21:55:56.944+0000] {processor.py:914} INFO - Processing file /home/airflow/.local/lib/python3.12/site-packages/airflow/example_dags/example_xcomargs.py for tasks to queue
[2025-04-06T21:55:56.945+0000] {logging_mixin.py:190} INFO - [2025-04-06T21:55:56.945+0000] {dagbag.py:588} INFO - Filling up the DagBag from /home/airflow/.local/lib/python3.12/site-packages/airflow/example_dags/example_xcomargs.py
[2025-04-06T21:55:56.958+0000] {processor.py:925} INFO - DAG(s) 'example_xcom_args', 'example_xcom_args_with_operators' retrieved from /home/airflow/.local/lib/python3.12/site-packages/airflow/example_dags/example_xcomargs.py
[2025-04-06T21:55:56.979+0000] {logging_mixin.py:190} INFO - [2025-04-06T21:55:56.979+0000] {dag.py:3239} INFO - Sync 2 DAGs
[2025-04-06T21:55:56.991+0000] {logging_mixin.py:190} INFO - [2025-04-06T21:55:56.991+0000] {dag.py:4180} INFO - Setting next_dagrun for example_xcom_args to None, run_after=None
[2025-04-06T21:55:56.994+0000] {logging_mixin.py:190} INFO - [2025-04-06T21:55:56.994+0000] {dag.py:4180} INFO - Setting next_dagrun for example_xcom_args_with_operators to None, run_after=None
[2025-04-06T21:55:57.006+0000] {processor.py:208} INFO - Processing /home/airflow/.local/lib/python3.12/site-packages/airflow/example_dags/example_xcomargs.py took 0.068 seconds
[2025-04-06T21:56:27.842+0000] {processor.py:186} INFO - Started process (PID=3144) to work on /home/airflow/.local/lib/python3.12/site-packages/airflow/example_dags/example_xcomargs.py
[2025-04-06T21:56:27.843+0000] {processor.py:914} INFO - Processing file /home/airflow/.local/lib/python3.12/site-packages/airflow/example_dags/example_xcomargs.py for tasks to queue
[2025-04-06T21:56:27.845+0000] {logging_mixin.py:190} INFO - [2025-04-06T21:56:27.844+0000] {dagbag.py:588} INFO - Filling up the DagBag from /home/airflow/.local/lib/python3.12/site-packages/airflow/example_dags/example_xcomargs.py
[2025-04-06T21:56:27.853+0000] {processor.py:925} INFO - DAG(s) 'example_xcom_args_with_operators', 'example_xcom_args' retrieved from /home/airflow/.local/lib/python3.12/site-packages/airflow/example_dags/example_xcomargs.py
[2025-04-06T21:56:27.872+0000] {logging_mixin.py:190} INFO - [2025-04-06T21:56:27.872+0000] {dag.py:3239} INFO - Sync 2 DAGs
[2025-04-06T21:56:27.885+0000] {logging_mixin.py:190} INFO - [2025-04-06T21:56:27.885+0000] {dag.py:4180} INFO - Setting next_dagrun for example_xcom_args to None, run_after=None
[2025-04-06T21:56:27.888+0000] {logging_mixin.py:190} INFO - [2025-04-06T21:56:27.888+0000] {dag.py:4180} INFO - Setting next_dagrun for example_xcom_args_with_operators to None, run_after=None
[2025-04-06T21:56:27.900+0000] {processor.py:208} INFO - Processing /home/airflow/.local/lib/python3.12/site-packages/airflow/example_dags/example_xcomargs.py took 0.063 seconds
[2025-04-06T21:56:57.965+0000] {processor.py:186} INFO - Started process (PID=3208) to work on /home/airflow/.local/lib/python3.12/site-packages/airflow/example_dags/example_xcomargs.py
[2025-04-06T21:56:57.965+0000] {processor.py:914} INFO - Processing file /home/airflow/.local/lib/python3.12/site-packages/airflow/example_dags/example_xcomargs.py for tasks to queue
[2025-04-06T21:56:57.967+0000] {logging_mixin.py:190} INFO - [2025-04-06T21:56:57.967+0000] {dagbag.py:588} INFO - Filling up the DagBag from /home/airflow/.local/lib/python3.12/site-packages/airflow/example_dags/example_xcomargs.py
[2025-04-06T21:56:57.976+0000] {processor.py:925} INFO - DAG(s) 'example_xcom_args', 'example_xcom_args_with_operators' retrieved from /home/airflow/.local/lib/python3.12/site-packages/airflow/example_dags/example_xcomargs.py
[2025-04-06T21:56:57.995+0000] {logging_mixin.py:190} INFO - [2025-04-06T21:56:57.995+0000] {dag.py:3239} INFO - Sync 2 DAGs
[2025-04-06T21:56:58.007+0000] {logging_mixin.py:190} INFO - [2025-04-06T21:56:58.007+0000] {dag.py:4180} INFO - Setting next_dagrun for example_xcom_args to None, run_after=None
[2025-04-06T21:56:58.010+0000] {logging_mixin.py:190} INFO - [2025-04-06T21:56:58.010+0000] {dag.py:4180} INFO - Setting next_dagrun for example_xcom_args_with_operators to None, run_after=None
[2025-04-06T21:56:58.022+0000] {processor.py:208} INFO - Processing /home/airflow/.local/lib/python3.12/site-packages/airflow/example_dags/example_xcomargs.py took 0.062 seconds
[2025-04-06T21:57:28.775+0000] {processor.py:186} INFO - Started process (PID=3273) to work on /home/airflow/.local/lib/python3.12/site-packages/airflow/example_dags/example_xcomargs.py
[2025-04-06T21:57:28.776+0000] {processor.py:914} INFO - Processing file /home/airflow/.local/lib/python3.12/site-packages/airflow/example_dags/example_xcomargs.py for tasks to queue
[2025-04-06T21:57:28.778+0000] {logging_mixin.py:190} INFO - [2025-04-06T21:57:28.778+0000] {dagbag.py:588} INFO - Filling up the DagBag from /home/airflow/.local/lib/python3.12/site-packages/airflow/example_dags/example_xcomargs.py
[2025-04-06T21:57:28.792+0000] {processor.py:925} INFO - DAG(s) 'example_xcom_args', 'example_xcom_args_with_operators' retrieved from /home/airflow/.local/lib/python3.12/site-packages/airflow/example_dags/example_xcomargs.py
[2025-04-06T21:57:28.819+0000] {logging_mixin.py:190} INFO - [2025-04-06T21:57:28.819+0000] {dag.py:3239} INFO - Sync 2 DAGs
[2025-04-06T21:57:28.839+0000] {logging_mixin.py:190} INFO - [2025-04-06T21:57:28.839+0000] {dag.py:4180} INFO - Setting next_dagrun for example_xcom_args to None, run_after=None
[2025-04-06T21:57:28.843+0000] {logging_mixin.py:190} INFO - [2025-04-06T21:57:28.843+0000] {dag.py:4180} INFO - Setting next_dagrun for example_xcom_args_with_operators to None, run_after=None
[2025-04-06T21:57:28.858+0000] {processor.py:208} INFO - Processing /home/airflow/.local/lib/python3.12/site-packages/airflow/example_dags/example_xcomargs.py took 0.089 seconds
[2025-04-06T21:58:00.042+0000] {processor.py:186} INFO - Started process (PID=3337) to work on /home/airflow/.local/lib/python3.12/site-packages/airflow/example_dags/example_xcomargs.py
[2025-04-06T21:58:00.043+0000] {processor.py:914} INFO - Processing file /home/airflow/.local/lib/python3.12/site-packages/airflow/example_dags/example_xcomargs.py for tasks to queue
[2025-04-06T21:58:00.045+0000] {logging_mixin.py:190} INFO - [2025-04-06T21:58:00.045+0000] {dagbag.py:588} INFO - Filling up the DagBag from /home/airflow/.local/lib/python3.12/site-packages/airflow/example_dags/example_xcomargs.py
[2025-04-06T21:58:00.058+0000] {processor.py:925} INFO - DAG(s) 'example_xcom_args', 'example_xcom_args_with_operators' retrieved from /home/airflow/.local/lib/python3.12/site-packages/airflow/example_dags/example_xcomargs.py
[2025-04-06T21:58:00.104+0000] {logging_mixin.py:190} INFO - [2025-04-06T21:58:00.103+0000] {dag.py:3239} INFO - Sync 2 DAGs
[2025-04-06T21:58:00.123+0000] {logging_mixin.py:190} INFO - [2025-04-06T21:58:00.123+0000] {dag.py:4180} INFO - Setting next_dagrun for example_xcom_args to None, run_after=None
[2025-04-06T21:58:00.127+0000] {logging_mixin.py:190} INFO - [2025-04-06T21:58:00.127+0000] {dag.py:4180} INFO - Setting next_dagrun for example_xcom_args_with_operators to None, run_after=None
[2025-04-06T21:58:00.153+0000] {processor.py:208} INFO - Processing /home/airflow/.local/lib/python3.12/site-packages/airflow/example_dags/example_xcomargs.py took 0.117 seconds
[2025-04-06T21:58:30.606+0000] {processor.py:186} INFO - Started process (PID=3402) to work on /home/airflow/.local/lib/python3.12/site-packages/airflow/example_dags/example_xcomargs.py
[2025-04-06T21:58:30.607+0000] {processor.py:914} INFO - Processing file /home/airflow/.local/lib/python3.12/site-packages/airflow/example_dags/example_xcomargs.py for tasks to queue
[2025-04-06T21:58:30.609+0000] {logging_mixin.py:190} INFO - [2025-04-06T21:58:30.609+0000] {dagbag.py:588} INFO - Filling up the DagBag from /home/airflow/.local/lib/python3.12/site-packages/airflow/example_dags/example_xcomargs.py
[2025-04-06T21:58:30.622+0000] {processor.py:925} INFO - DAG(s) 'example_xcom_args', 'example_xcom_args_with_operators' retrieved from /home/airflow/.local/lib/python3.12/site-packages/airflow/example_dags/example_xcomargs.py
[2025-04-06T21:58:30.662+0000] {logging_mixin.py:190} INFO - [2025-04-06T21:58:30.661+0000] {dag.py:3239} INFO - Sync 2 DAGs
[2025-04-06T21:58:30.687+0000] {logging_mixin.py:190} INFO - [2025-04-06T21:58:30.687+0000] {dag.py:4180} INFO - Setting next_dagrun for example_xcom_args to None, run_after=None
[2025-04-06T21:58:30.692+0000] {logging_mixin.py:190} INFO - [2025-04-06T21:58:30.691+0000] {dag.py:4180} INFO - Setting next_dagrun for example_xcom_args_with_operators to None, run_after=None
[2025-04-06T21:58:30.706+0000] {processor.py:208} INFO - Processing /home/airflow/.local/lib/python3.12/site-packages/airflow/example_dags/example_xcomargs.py took 0.107 seconds
[2025-04-06T21:59:01.668+0000] {processor.py:186} INFO - Started process (PID=3466) to work on /home/airflow/.local/lib/python3.12/site-packages/airflow/example_dags/example_xcomargs.py
[2025-04-06T21:59:01.669+0000] {processor.py:914} INFO - Processing file /home/airflow/.local/lib/python3.12/site-packages/airflow/example_dags/example_xcomargs.py for tasks to queue
[2025-04-06T21:59:01.670+0000] {logging_mixin.py:190} INFO - [2025-04-06T21:59:01.670+0000] {dagbag.py:588} INFO - Filling up the DagBag from /home/airflow/.local/lib/python3.12/site-packages/airflow/example_dags/example_xcomargs.py
[2025-04-06T21:59:01.679+0000] {processor.py:925} INFO - DAG(s) 'example_xcom_args_with_operators', 'example_xcom_args' retrieved from /home/airflow/.local/lib/python3.12/site-packages/airflow/example_dags/example_xcomargs.py
[2025-04-06T21:59:01.698+0000] {logging_mixin.py:190} INFO - [2025-04-06T21:59:01.698+0000] {dag.py:3239} INFO - Sync 2 DAGs
[2025-04-06T21:59:01.719+0000] {logging_mixin.py:190} INFO - [2025-04-06T21:59:01.719+0000] {dag.py:4180} INFO - Setting next_dagrun for example_xcom_args to None, run_after=None
[2025-04-06T21:59:01.723+0000] {logging_mixin.py:190} INFO - [2025-04-06T21:59:01.723+0000] {dag.py:4180} INFO - Setting next_dagrun for example_xcom_args_with_operators to None, run_after=None
[2025-04-06T21:59:01.740+0000] {processor.py:208} INFO - Processing /home/airflow/.local/lib/python3.12/site-packages/airflow/example_dags/example_xcomargs.py took 0.077 seconds
[2025-04-06T21:59:32.669+0000] {processor.py:186} INFO - Started process (PID=3530) to work on /home/airflow/.local/lib/python3.12/site-packages/airflow/example_dags/example_xcomargs.py
[2025-04-06T21:59:32.670+0000] {processor.py:914} INFO - Processing file /home/airflow/.local/lib/python3.12/site-packages/airflow/example_dags/example_xcomargs.py for tasks to queue
[2025-04-06T21:59:32.671+0000] {logging_mixin.py:190} INFO - [2025-04-06T21:59:32.671+0000] {dagbag.py:588} INFO - Filling up the DagBag from /home/airflow/.local/lib/python3.12/site-packages/airflow/example_dags/example_xcomargs.py
[2025-04-06T21:59:32.680+0000] {processor.py:925} INFO - DAG(s) 'example_xcom_args', 'example_xcom_args_with_operators' retrieved from /home/airflow/.local/lib/python3.12/site-packages/airflow/example_dags/example_xcomargs.py
[2025-04-06T21:59:32.699+0000] {logging_mixin.py:190} INFO - [2025-04-06T21:59:32.699+0000] {dag.py:3239} INFO - Sync 2 DAGs
[2025-04-06T21:59:32.711+0000] {logging_mixin.py:190} INFO - [2025-04-06T21:59:32.711+0000] {dag.py:4180} INFO - Setting next_dagrun for example_xcom_args to None, run_after=None
[2025-04-06T21:59:32.714+0000] {logging_mixin.py:190} INFO - [2025-04-06T21:59:32.714+0000] {dag.py:4180} INFO - Setting next_dagrun for example_xcom_args_with_operators to None, run_after=None
[2025-04-06T21:59:32.726+0000] {processor.py:208} INFO - Processing /home/airflow/.local/lib/python3.12/site-packages/airflow/example_dags/example_xcomargs.py took 0.062 seconds
[2025-04-06T22:00:03.324+0000] {processor.py:186} INFO - Started process (PID=3594) to work on /home/airflow/.local/lib/python3.12/site-packages/airflow/example_dags/example_xcomargs.py
[2025-04-06T22:00:03.329+0000] {processor.py:914} INFO - Processing file /home/airflow/.local/lib/python3.12/site-packages/airflow/example_dags/example_xcomargs.py for tasks to queue
[2025-04-06T22:00:03.355+0000] {logging_mixin.py:190} INFO - [2025-04-06T22:00:03.355+0000] {dagbag.py:588} INFO - Filling up the DagBag from /home/airflow/.local/lib/python3.12/site-packages/airflow/example_dags/example_xcomargs.py
[2025-04-06T22:00:03.390+0000] {processor.py:925} INFO - DAG(s) 'example_xcom_args_with_operators', 'example_xcom_args' retrieved from /home/airflow/.local/lib/python3.12/site-packages/airflow/example_dags/example_xcomargs.py
[2025-04-06T22:00:03.421+0000] {logging_mixin.py:190} INFO - [2025-04-06T22:00:03.421+0000] {dag.py:3239} INFO - Sync 2 DAGs
[2025-04-06T22:00:03.433+0000] {logging_mixin.py:190} INFO - [2025-04-06T22:00:03.433+0000] {dag.py:4180} INFO - Setting next_dagrun for example_xcom_args to None, run_after=None
[2025-04-06T22:00:03.436+0000] {logging_mixin.py:190} INFO - [2025-04-06T22:00:03.436+0000] {dag.py:4180} INFO - Setting next_dagrun for example_xcom_args_with_operators to None, run_after=None
[2025-04-06T22:00:03.453+0000] {processor.py:208} INFO - Processing /home/airflow/.local/lib/python3.12/site-packages/airflow/example_dags/example_xcomargs.py took 0.161 seconds
[2025-04-06T22:00:34.458+0000] {processor.py:186} INFO - Started process (PID=3658) to work on /home/airflow/.local/lib/python3.12/site-packages/airflow/example_dags/example_xcomargs.py
[2025-04-06T22:00:34.460+0000] {processor.py:914} INFO - Processing file /home/airflow/.local/lib/python3.12/site-packages/airflow/example_dags/example_xcomargs.py for tasks to queue
[2025-04-06T22:00:34.465+0000] {logging_mixin.py:190} INFO - [2025-04-06T22:00:34.464+0000] {dagbag.py:588} INFO - Filling up the DagBag from /home/airflow/.local/lib/python3.12/site-packages/airflow/example_dags/example_xcomargs.py
[2025-04-06T22:00:34.489+0000] {processor.py:925} INFO - DAG(s) 'example_xcom_args_with_operators', 'example_xcom_args' retrieved from /home/airflow/.local/lib/python3.12/site-packages/airflow/example_dags/example_xcomargs.py
[2025-04-06T22:00:34.555+0000] {logging_mixin.py:190} INFO - [2025-04-06T22:00:34.554+0000] {dag.py:3239} INFO - Sync 2 DAGs
[2025-04-06T22:00:34.597+0000] {logging_mixin.py:190} INFO - [2025-04-06T22:00:34.593+0000] {dag.py:4180} INFO - Setting next_dagrun for example_xcom_args to None, run_after=None
[2025-04-06T22:00:34.607+0000] {logging_mixin.py:190} INFO - [2025-04-06T22:00:34.607+0000] {dag.py:4180} INFO - Setting next_dagrun for example_xcom_args_with_operators to None, run_after=None
[2025-04-06T22:00:34.670+0000] {processor.py:208} INFO - Processing /home/airflow/.local/lib/python3.12/site-packages/airflow/example_dags/example_xcomargs.py took 0.226 seconds
[2025-04-06T22:01:04.975+0000] {processor.py:186} INFO - Started process (PID=3722) to work on /home/airflow/.local/lib/python3.12/site-packages/airflow/example_dags/example_xcomargs.py
[2025-04-06T22:01:04.977+0000] {processor.py:914} INFO - Processing file /home/airflow/.local/lib/python3.12/site-packages/airflow/example_dags/example_xcomargs.py for tasks to queue
[2025-04-06T22:01:04.983+0000] {logging_mixin.py:190} INFO - [2025-04-06T22:01:04.983+0000] {dagbag.py:588} INFO - Filling up the DagBag from /home/airflow/.local/lib/python3.12/site-packages/airflow/example_dags/example_xcomargs.py
[2025-04-06T22:01:04.998+0000] {processor.py:925} INFO - DAG(s) 'example_xcom_args', 'example_xcom_args_with_operators' retrieved from /home/airflow/.local/lib/python3.12/site-packages/airflow/example_dags/example_xcomargs.py
[2025-04-06T22:01:05.023+0000] {logging_mixin.py:190} INFO - [2025-04-06T22:01:05.023+0000] {dag.py:3239} INFO - Sync 2 DAGs
[2025-04-06T22:01:05.046+0000] {logging_mixin.py:190} INFO - [2025-04-06T22:01:05.046+0000] {dag.py:4180} INFO - Setting next_dagrun for example_xcom_args to None, run_after=None
[2025-04-06T22:01:05.050+0000] {logging_mixin.py:190} INFO - [2025-04-06T22:01:05.050+0000] {dag.py:4180} INFO - Setting next_dagrun for example_xcom_args_with_operators to None, run_after=None
[2025-04-06T22:01:05.066+0000] {processor.py:208} INFO - Processing /home/airflow/.local/lib/python3.12/site-packages/airflow/example_dags/example_xcomargs.py took 0.110 seconds
[2025-04-06T22:01:35.146+0000] {processor.py:186} INFO - Started process (PID=3786) to work on /home/airflow/.local/lib/python3.12/site-packages/airflow/example_dags/example_xcomargs.py
[2025-04-06T22:01:35.147+0000] {processor.py:914} INFO - Processing file /home/airflow/.local/lib/python3.12/site-packages/airflow/example_dags/example_xcomargs.py for tasks to queue
[2025-04-06T22:01:35.148+0000] {logging_mixin.py:190} INFO - [2025-04-06T22:01:35.148+0000] {dagbag.py:588} INFO - Filling up the DagBag from /home/airflow/.local/lib/python3.12/site-packages/airflow/example_dags/example_xcomargs.py
[2025-04-06T22:01:35.157+0000] {processor.py:925} INFO - DAG(s) 'example_xcom_args', 'example_xcom_args_with_operators' retrieved from /home/airflow/.local/lib/python3.12/site-packages/airflow/example_dags/example_xcomargs.py
[2025-04-06T22:01:35.177+0000] {logging_mixin.py:190} INFO - [2025-04-06T22:01:35.176+0000] {dag.py:3239} INFO - Sync 2 DAGs
[2025-04-06T22:01:35.189+0000] {logging_mixin.py:190} INFO - [2025-04-06T22:01:35.189+0000] {dag.py:4180} INFO - Setting next_dagrun for example_xcom_args to None, run_after=None
[2025-04-06T22:01:35.192+0000] {logging_mixin.py:190} INFO - [2025-04-06T22:01:35.192+0000] {dag.py:4180} INFO - Setting next_dagrun for example_xcom_args_with_operators to None, run_after=None
[2025-04-06T22:01:35.204+0000] {processor.py:208} INFO - Processing /home/airflow/.local/lib/python3.12/site-packages/airflow/example_dags/example_xcomargs.py took 0.063 seconds
[2025-04-06T22:02:05.501+0000] {processor.py:186} INFO - Started process (PID=3849) to work on /home/airflow/.local/lib/python3.12/site-packages/airflow/example_dags/example_xcomargs.py
[2025-04-06T22:02:05.501+0000] {processor.py:914} INFO - Processing file /home/airflow/.local/lib/python3.12/site-packages/airflow/example_dags/example_xcomargs.py for tasks to queue
[2025-04-06T22:02:05.504+0000] {logging_mixin.py:190} INFO - [2025-04-06T22:02:05.503+0000] {dagbag.py:588} INFO - Filling up the DagBag from /home/airflow/.local/lib/python3.12/site-packages/airflow/example_dags/example_xcomargs.py
[2025-04-06T22:02:05.517+0000] {processor.py:925} INFO - DAG(s) 'example_xcom_args', 'example_xcom_args_with_operators' retrieved from /home/airflow/.local/lib/python3.12/site-packages/airflow/example_dags/example_xcomargs.py
[2025-04-06T22:02:05.545+0000] {logging_mixin.py:190} INFO - [2025-04-06T22:02:05.545+0000] {dag.py:3239} INFO - Sync 2 DAGs
[2025-04-06T22:02:05.564+0000] {logging_mixin.py:190} INFO - [2025-04-06T22:02:05.564+0000] {dag.py:4180} INFO - Setting next_dagrun for example_xcom_args to None, run_after=None
[2025-04-06T22:02:05.568+0000] {logging_mixin.py:190} INFO - [2025-04-06T22:02:05.568+0000] {dag.py:4180} INFO - Setting next_dagrun for example_xcom_args_with_operators to None, run_after=None
[2025-04-06T22:02:05.584+0000] {processor.py:208} INFO - Processing /home/airflow/.local/lib/python3.12/site-packages/airflow/example_dags/example_xcomargs.py took 0.090 seconds
[2025-04-06T22:02:36.191+0000] {processor.py:186} INFO - Started process (PID=3912) to work on /home/airflow/.local/lib/python3.12/site-packages/airflow/example_dags/example_xcomargs.py
[2025-04-06T22:02:36.192+0000] {processor.py:914} INFO - Processing file /home/airflow/.local/lib/python3.12/site-packages/airflow/example_dags/example_xcomargs.py for tasks to queue
[2025-04-06T22:02:36.193+0000] {logging_mixin.py:190} INFO - [2025-04-06T22:02:36.193+0000] {dagbag.py:588} INFO - Filling up the DagBag from /home/airflow/.local/lib/python3.12/site-packages/airflow/example_dags/example_xcomargs.py
[2025-04-06T22:02:36.203+0000] {processor.py:925} INFO - DAG(s) 'example_xcom_args', 'example_xcom_args_with_operators' retrieved from /home/airflow/.local/lib/python3.12/site-packages/airflow/example_dags/example_xcomargs.py
[2025-04-06T22:02:36.222+0000] {logging_mixin.py:190} INFO - [2025-04-06T22:02:36.222+0000] {dag.py:3239} INFO - Sync 2 DAGs
[2025-04-06T22:02:36.234+0000] {logging_mixin.py:190} INFO - [2025-04-06T22:02:36.234+0000] {dag.py:4180} INFO - Setting next_dagrun for example_xcom_args to None, run_after=None
[2025-04-06T22:02:36.237+0000] {logging_mixin.py:190} INFO - [2025-04-06T22:02:36.237+0000] {dag.py:4180} INFO - Setting next_dagrun for example_xcom_args_with_operators to None, run_after=None
[2025-04-06T22:02:36.250+0000] {processor.py:208} INFO - Processing /home/airflow/.local/lib/python3.12/site-packages/airflow/example_dags/example_xcomargs.py took 0.063 seconds
[2025-04-06T22:03:06.528+0000] {processor.py:186} INFO - Started process (PID=3976) to work on /home/airflow/.local/lib/python3.12/site-packages/airflow/example_dags/example_xcomargs.py
[2025-04-06T22:03:06.529+0000] {processor.py:914} INFO - Processing file /home/airflow/.local/lib/python3.12/site-packages/airflow/example_dags/example_xcomargs.py for tasks to queue
[2025-04-06T22:03:06.531+0000] {logging_mixin.py:190} INFO - [2025-04-06T22:03:06.530+0000] {dagbag.py:588} INFO - Filling up the DagBag from /home/airflow/.local/lib/python3.12/site-packages/airflow/example_dags/example_xcomargs.py
[2025-04-06T22:03:06.544+0000] {processor.py:925} INFO - DAG(s) 'example_xcom_args', 'example_xcom_args_with_operators' retrieved from /home/airflow/.local/lib/python3.12/site-packages/airflow/example_dags/example_xcomargs.py
[2025-04-06T22:03:06.572+0000] {logging_mixin.py:190} INFO - [2025-04-06T22:03:06.572+0000] {dag.py:3239} INFO - Sync 2 DAGs
[2025-04-06T22:03:06.592+0000] {logging_mixin.py:190} INFO - [2025-04-06T22:03:06.591+0000] {dag.py:4180} INFO - Setting next_dagrun for example_xcom_args to None, run_after=None
[2025-04-06T22:03:06.596+0000] {logging_mixin.py:190} INFO - [2025-04-06T22:03:06.596+0000] {dag.py:4180} INFO - Setting next_dagrun for example_xcom_args_with_operators to None, run_after=None
[2025-04-06T22:03:06.620+0000] {processor.py:208} INFO - Processing /home/airflow/.local/lib/python3.12/site-packages/airflow/example_dags/example_xcomargs.py took 0.099 seconds
[2025-04-06T22:03:36.686+0000] {processor.py:186} INFO - Started process (PID=4039) to work on /home/airflow/.local/lib/python3.12/site-packages/airflow/example_dags/example_xcomargs.py
[2025-04-06T22:03:36.687+0000] {processor.py:914} INFO - Processing file /home/airflow/.local/lib/python3.12/site-packages/airflow/example_dags/example_xcomargs.py for tasks to queue
[2025-04-06T22:03:36.689+0000] {logging_mixin.py:190} INFO - [2025-04-06T22:03:36.688+0000] {dagbag.py:588} INFO - Filling up the DagBag from /home/airflow/.local/lib/python3.12/site-packages/airflow/example_dags/example_xcomargs.py
[2025-04-06T22:03:36.697+0000] {processor.py:925} INFO - DAG(s) 'example_xcom_args', 'example_xcom_args_with_operators' retrieved from /home/airflow/.local/lib/python3.12/site-packages/airflow/example_dags/example_xcomargs.py
[2025-04-06T22:03:36.716+0000] {logging_mixin.py:190} INFO - [2025-04-06T22:03:36.716+0000] {dag.py:3239} INFO - Sync 2 DAGs
[2025-04-06T22:03:36.729+0000] {logging_mixin.py:190} INFO - [2025-04-06T22:03:36.729+0000] {dag.py:4180} INFO - Setting next_dagrun for example_xcom_args to None, run_after=None
[2025-04-06T22:03:36.732+0000] {logging_mixin.py:190} INFO - [2025-04-06T22:03:36.732+0000] {dag.py:4180} INFO - Setting next_dagrun for example_xcom_args_with_operators to None, run_after=None
[2025-04-06T22:03:36.744+0000] {processor.py:208} INFO - Processing /home/airflow/.local/lib/python3.12/site-packages/airflow/example_dags/example_xcomargs.py took 0.062 seconds
[2025-04-06T22:04:09.026+0000] {processor.py:186} INFO - Started process (PID=4103) to work on /home/airflow/.local/lib/python3.12/site-packages/airflow/example_dags/example_xcomargs.py
[2025-04-06T22:04:09.027+0000] {processor.py:914} INFO - Processing file /home/airflow/.local/lib/python3.12/site-packages/airflow/example_dags/example_xcomargs.py for tasks to queue
[2025-04-06T22:04:09.029+0000] {logging_mixin.py:190} INFO - [2025-04-06T22:04:09.029+0000] {dagbag.py:588} INFO - Filling up the DagBag from /home/airflow/.local/lib/python3.12/site-packages/airflow/example_dags/example_xcomargs.py
[2025-04-06T22:04:09.043+0000] {processor.py:925} INFO - DAG(s) 'example_xcom_args_with_operators', 'example_xcom_args' retrieved from /home/airflow/.local/lib/python3.12/site-packages/airflow/example_dags/example_xcomargs.py
[2025-04-06T22:04:09.073+0000] {logging_mixin.py:190} INFO - [2025-04-06T22:04:09.073+0000] {dag.py:3239} INFO - Sync 2 DAGs
[2025-04-06T22:04:09.094+0000] {logging_mixin.py:190} INFO - [2025-04-06T22:04:09.094+0000] {dag.py:4180} INFO - Setting next_dagrun for example_xcom_args to None, run_after=None
[2025-04-06T22:04:09.099+0000] {logging_mixin.py:190} INFO - [2025-04-06T22:04:09.099+0000] {dag.py:4180} INFO - Setting next_dagrun for example_xcom_args_with_operators to None, run_after=None
[2025-04-06T22:04:09.116+0000] {processor.py:208} INFO - Processing /home/airflow/.local/lib/python3.12/site-packages/airflow/example_dags/example_xcomargs.py took 0.097 seconds
[2025-04-06T22:04:40.222+0000] {processor.py:186} INFO - Started process (PID=4166) to work on /home/airflow/.local/lib/python3.12/site-packages/airflow/example_dags/example_xcomargs.py
[2025-04-06T22:04:40.225+0000] {processor.py:914} INFO - Processing file /home/airflow/.local/lib/python3.12/site-packages/airflow/example_dags/example_xcomargs.py for tasks to queue
[2025-04-06T22:04:40.230+0000] {logging_mixin.py:190} INFO - [2025-04-06T22:04:40.229+0000] {dagbag.py:588} INFO - Filling up the DagBag from /home/airflow/.local/lib/python3.12/site-packages/airflow/example_dags/example_xcomargs.py
[2025-04-06T22:04:40.273+0000] {processor.py:925} INFO - DAG(s) 'example_xcom_args', 'example_xcom_args_with_operators' retrieved from /home/airflow/.local/lib/python3.12/site-packages/airflow/example_dags/example_xcomargs.py
[2025-04-06T22:04:40.333+0000] {logging_mixin.py:190} INFO - [2025-04-06T22:04:40.333+0000] {dag.py:3239} INFO - Sync 2 DAGs
[2025-04-06T22:04:40.405+0000] {logging_mixin.py:190} INFO - [2025-04-06T22:04:40.405+0000] {dag.py:4180} INFO - Setting next_dagrun for example_xcom_args to None, run_after=None
[2025-04-06T22:04:40.418+0000] {logging_mixin.py:190} INFO - [2025-04-06T22:04:40.418+0000] {dag.py:4180} INFO - Setting next_dagrun for example_xcom_args_with_operators to None, run_after=None
[2025-04-06T22:04:40.482+0000] {processor.py:208} INFO - Processing /home/airflow/.local/lib/python3.12/site-packages/airflow/example_dags/example_xcomargs.py took 0.285 seconds
[2025-04-06T22:05:10.726+0000] {processor.py:186} INFO - Started process (PID=4230) to work on /home/airflow/.local/lib/python3.12/site-packages/airflow/example_dags/example_xcomargs.py
[2025-04-06T22:05:10.727+0000] {processor.py:914} INFO - Processing file /home/airflow/.local/lib/python3.12/site-packages/airflow/example_dags/example_xcomargs.py for tasks to queue
[2025-04-06T22:05:10.730+0000] {logging_mixin.py:190} INFO - [2025-04-06T22:05:10.729+0000] {dagbag.py:588} INFO - Filling up the DagBag from /home/airflow/.local/lib/python3.12/site-packages/airflow/example_dags/example_xcomargs.py
[2025-04-06T22:05:10.742+0000] {processor.py:925} INFO - DAG(s) 'example_xcom_args_with_operators', 'example_xcom_args' retrieved from /home/airflow/.local/lib/python3.12/site-packages/airflow/example_dags/example_xcomargs.py
[2025-04-06T22:05:10.769+0000] {logging_mixin.py:190} INFO - [2025-04-06T22:05:10.769+0000] {dag.py:3239} INFO - Sync 2 DAGs
[2025-04-06T22:05:10.787+0000] {logging_mixin.py:190} INFO - [2025-04-06T22:05:10.787+0000] {dag.py:4180} INFO - Setting next_dagrun for example_xcom_args to None, run_after=None
[2025-04-06T22:05:10.791+0000] {logging_mixin.py:190} INFO - [2025-04-06T22:05:10.791+0000] {dag.py:4180} INFO - Setting next_dagrun for example_xcom_args_with_operators to None, run_after=None
[2025-04-06T22:05:10.806+0000] {processor.py:208} INFO - Processing /home/airflow/.local/lib/python3.12/site-packages/airflow/example_dags/example_xcomargs.py took 0.087 seconds
