[2025-04-06T21:32:10.718+0000] {processor.py:186} INFO - Started process (PID=102) to work on /home/airflow/.local/lib/python3.12/site-packages/airflow/example_dags/example_latest_only.py
[2025-04-06T21:32:10.720+0000] {processor.py:914} INFO - Processing file /home/airflow/.local/lib/python3.12/site-packages/airflow/example_dags/example_latest_only.py for tasks to queue
[2025-04-06T21:32:10.731+0000] {logging_mixin.py:190} INFO - [2025-04-06T21:32:10.731+0000] {dagbag.py:588} INFO - Filling up the DagBag from /home/airflow/.local/lib/python3.12/site-packages/airflow/example_dags/example_latest_only.py
[2025-04-06T21:32:10.766+0000] {processor.py:925} INFO - DAG(s) 'latest_only' retrieved from /home/airflow/.local/lib/python3.12/site-packages/airflow/example_dags/example_latest_only.py
[2025-04-06T21:32:10.889+0000] {logging_mixin.py:190} INFO - [2025-04-06T21:32:10.887+0000] {dag.py:3239} INFO - Sync 1 DAGs
[2025-04-06T21:32:11.029+0000] {logging_mixin.py:190} INFO - [2025-04-06T21:32:11.027+0000] {dag.py:4180} INFO - Setting next_dagrun for latest_only to 2025-04-06 16:00:00+00:00, run_after=2025-04-06 20:00:00+00:00
[2025-04-06T21:32:11.173+0000] {processor.py:208} INFO - Processing /home/airflow/.local/lib/python3.12/site-packages/airflow/example_dags/example_latest_only.py took 0.486 seconds
[2025-04-06T21:32:41.845+0000] {processor.py:186} INFO - Started process (PID=166) to work on /home/airflow/.local/lib/python3.12/site-packages/airflow/example_dags/example_latest_only.py
[2025-04-06T21:32:41.846+0000] {processor.py:914} INFO - Processing file /home/airflow/.local/lib/python3.12/site-packages/airflow/example_dags/example_latest_only.py for tasks to queue
[2025-04-06T21:32:41.849+0000] {logging_mixin.py:190} INFO - [2025-04-06T21:32:41.848+0000] {dagbag.py:588} INFO - Filling up the DagBag from /home/airflow/.local/lib/python3.12/site-packages/airflow/example_dags/example_latest_only.py
[2025-04-06T21:32:41.872+0000] {processor.py:925} INFO - DAG(s) 'latest_only' retrieved from /home/airflow/.local/lib/python3.12/site-packages/airflow/example_dags/example_latest_only.py
[2025-04-06T21:32:41.905+0000] {logging_mixin.py:190} INFO - [2025-04-06T21:32:41.905+0000] {dag.py:3239} INFO - Sync 1 DAGs
[2025-04-06T21:32:41.976+0000] {logging_mixin.py:190} INFO - [2025-04-06T21:32:41.973+0000] {dag.py:4180} INFO - Setting next_dagrun for latest_only to 2025-04-06 16:00:00+00:00, run_after=2025-04-06 20:00:00+00:00
[2025-04-06T21:32:42.002+0000] {processor.py:208} INFO - Processing /home/airflow/.local/lib/python3.12/site-packages/airflow/example_dags/example_latest_only.py took 0.169 seconds
[2025-04-06T21:33:13.534+0000] {processor.py:186} INFO - Started process (PID=230) to work on /home/airflow/.local/lib/python3.12/site-packages/airflow/example_dags/example_latest_only.py
[2025-04-06T21:33:13.538+0000] {processor.py:914} INFO - Processing file /home/airflow/.local/lib/python3.12/site-packages/airflow/example_dags/example_latest_only.py for tasks to queue
[2025-04-06T21:33:13.547+0000] {logging_mixin.py:190} INFO - [2025-04-06T21:33:13.547+0000] {dagbag.py:588} INFO - Filling up the DagBag from /home/airflow/.local/lib/python3.12/site-packages/airflow/example_dags/example_latest_only.py
[2025-04-06T21:33:13.581+0000] {processor.py:925} INFO - DAG(s) 'latest_only' retrieved from /home/airflow/.local/lib/python3.12/site-packages/airflow/example_dags/example_latest_only.py
[2025-04-06T21:33:13.712+0000] {logging_mixin.py:190} INFO - [2025-04-06T21:33:13.711+0000] {dag.py:3239} INFO - Sync 1 DAGs
[2025-04-06T21:33:13.782+0000] {logging_mixin.py:190} INFO - [2025-04-06T21:33:13.782+0000] {dag.py:4180} INFO - Setting next_dagrun for latest_only to 2025-04-06 16:00:00+00:00, run_after=2025-04-06 20:00:00+00:00
[2025-04-06T21:33:13.930+0000] {processor.py:208} INFO - Processing /home/airflow/.local/lib/python3.12/site-packages/airflow/example_dags/example_latest_only.py took 0.415 seconds
[2025-04-06T21:33:44.073+0000] {processor.py:186} INFO - Started process (PID=293) to work on /home/airflow/.local/lib/python3.12/site-packages/airflow/example_dags/example_latest_only.py
[2025-04-06T21:33:44.075+0000] {processor.py:914} INFO - Processing file /home/airflow/.local/lib/python3.12/site-packages/airflow/example_dags/example_latest_only.py for tasks to queue
[2025-04-06T21:33:44.080+0000] {logging_mixin.py:190} INFO - [2025-04-06T21:33:44.080+0000] {dagbag.py:588} INFO - Filling up the DagBag from /home/airflow/.local/lib/python3.12/site-packages/airflow/example_dags/example_latest_only.py
[2025-04-06T21:33:44.088+0000] {processor.py:925} INFO - DAG(s) 'latest_only' retrieved from /home/airflow/.local/lib/python3.12/site-packages/airflow/example_dags/example_latest_only.py
[2025-04-06T21:33:44.118+0000] {logging_mixin.py:190} INFO - [2025-04-06T21:33:44.118+0000] {dag.py:3239} INFO - Sync 1 DAGs
[2025-04-06T21:33:44.157+0000] {logging_mixin.py:190} INFO - [2025-04-06T21:33:44.157+0000] {dag.py:4180} INFO - Setting next_dagrun for latest_only to 2025-04-06 16:00:00+00:00, run_after=2025-04-06 20:00:00+00:00
[2025-04-06T21:33:44.173+0000] {processor.py:208} INFO - Processing /home/airflow/.local/lib/python3.12/site-packages/airflow/example_dags/example_latest_only.py took 0.106 seconds
[2025-04-06T21:34:15.682+0000] {processor.py:186} INFO - Started process (PID=358) to work on /home/airflow/.local/lib/python3.12/site-packages/airflow/example_dags/example_latest_only.py
[2025-04-06T21:34:15.684+0000] {processor.py:914} INFO - Processing file /home/airflow/.local/lib/python3.12/site-packages/airflow/example_dags/example_latest_only.py for tasks to queue
[2025-04-06T21:34:15.695+0000] {logging_mixin.py:190} INFO - [2025-04-06T21:34:15.695+0000] {dagbag.py:588} INFO - Filling up the DagBag from /home/airflow/.local/lib/python3.12/site-packages/airflow/example_dags/example_latest_only.py
[2025-04-06T21:34:15.730+0000] {processor.py:925} INFO - DAG(s) 'latest_only' retrieved from /home/airflow/.local/lib/python3.12/site-packages/airflow/example_dags/example_latest_only.py
[2025-04-06T21:34:15.790+0000] {logging_mixin.py:190} INFO - [2025-04-06T21:34:15.789+0000] {dag.py:3239} INFO - Sync 1 DAGs
[2025-04-06T21:34:15.832+0000] {logging_mixin.py:190} INFO - [2025-04-06T21:34:15.831+0000] {dag.py:4180} INFO - Setting next_dagrun for latest_only to 2025-04-06 16:00:00+00:00, run_after=2025-04-06 20:00:00+00:00
[2025-04-06T21:34:15.923+0000] {processor.py:208} INFO - Processing /home/airflow/.local/lib/python3.12/site-packages/airflow/example_dags/example_latest_only.py took 0.280 seconds
[2025-04-06T21:34:46.982+0000] {processor.py:186} INFO - Started process (PID=422) to work on /home/airflow/.local/lib/python3.12/site-packages/airflow/example_dags/example_latest_only.py
[2025-04-06T21:34:46.985+0000] {processor.py:914} INFO - Processing file /home/airflow/.local/lib/python3.12/site-packages/airflow/example_dags/example_latest_only.py for tasks to queue
[2025-04-06T21:34:46.987+0000] {logging_mixin.py:190} INFO - [2025-04-06T21:34:46.987+0000] {dagbag.py:588} INFO - Filling up the DagBag from /home/airflow/.local/lib/python3.12/site-packages/airflow/example_dags/example_latest_only.py
[2025-04-06T21:34:47.020+0000] {processor.py:925} INFO - DAG(s) 'latest_only' retrieved from /home/airflow/.local/lib/python3.12/site-packages/airflow/example_dags/example_latest_only.py
[2025-04-06T21:34:47.056+0000] {logging_mixin.py:190} INFO - [2025-04-06T21:34:47.056+0000] {dag.py:3239} INFO - Sync 1 DAGs
[2025-04-06T21:34:47.105+0000] {logging_mixin.py:190} INFO - [2025-04-06T21:34:47.103+0000] {dag.py:4180} INFO - Setting next_dagrun for latest_only to 2025-04-06 16:00:00+00:00, run_after=2025-04-06 20:00:00+00:00
[2025-04-06T21:34:47.126+0000] {processor.py:208} INFO - Processing /home/airflow/.local/lib/python3.12/site-packages/airflow/example_dags/example_latest_only.py took 0.169 seconds
[2025-04-06T21:35:18.097+0000] {processor.py:186} INFO - Started process (PID=485) to work on /home/airflow/.local/lib/python3.12/site-packages/airflow/example_dags/example_latest_only.py
[2025-04-06T21:35:18.098+0000] {processor.py:914} INFO - Processing file /home/airflow/.local/lib/python3.12/site-packages/airflow/example_dags/example_latest_only.py for tasks to queue
[2025-04-06T21:35:18.100+0000] {logging_mixin.py:190} INFO - [2025-04-06T21:35:18.100+0000] {dagbag.py:588} INFO - Filling up the DagBag from /home/airflow/.local/lib/python3.12/site-packages/airflow/example_dags/example_latest_only.py
[2025-04-06T21:35:18.108+0000] {processor.py:925} INFO - DAG(s) 'latest_only' retrieved from /home/airflow/.local/lib/python3.12/site-packages/airflow/example_dags/example_latest_only.py
[2025-04-06T21:35:18.129+0000] {logging_mixin.py:190} INFO - [2025-04-06T21:35:18.129+0000] {dag.py:3239} INFO - Sync 1 DAGs
[2025-04-06T21:35:18.149+0000] {logging_mixin.py:190} INFO - [2025-04-06T21:35:18.148+0000] {dag.py:4180} INFO - Setting next_dagrun for latest_only to 2025-04-06 16:00:00+00:00, run_after=2025-04-06 20:00:00+00:00
[2025-04-06T21:35:18.163+0000] {processor.py:208} INFO - Processing /home/airflow/.local/lib/python3.12/site-packages/airflow/example_dags/example_latest_only.py took 0.073 seconds
[2025-04-06T21:35:48.377+0000] {processor.py:186} INFO - Started process (PID=549) to work on /home/airflow/.local/lib/python3.12/site-packages/airflow/example_dags/example_latest_only.py
[2025-04-06T21:35:48.378+0000] {processor.py:914} INFO - Processing file /home/airflow/.local/lib/python3.12/site-packages/airflow/example_dags/example_latest_only.py for tasks to queue
[2025-04-06T21:35:48.380+0000] {logging_mixin.py:190} INFO - [2025-04-06T21:35:48.380+0000] {dagbag.py:588} INFO - Filling up the DagBag from /home/airflow/.local/lib/python3.12/site-packages/airflow/example_dags/example_latest_only.py
[2025-04-06T21:35:48.389+0000] {processor.py:925} INFO - DAG(s) 'latest_only' retrieved from /home/airflow/.local/lib/python3.12/site-packages/airflow/example_dags/example_latest_only.py
[2025-04-06T21:35:48.418+0000] {logging_mixin.py:190} INFO - [2025-04-06T21:35:48.417+0000] {dag.py:3239} INFO - Sync 1 DAGs
[2025-04-06T21:35:48.445+0000] {logging_mixin.py:190} INFO - [2025-04-06T21:35:48.445+0000] {dag.py:4180} INFO - Setting next_dagrun for latest_only to 2025-04-06 16:00:00+00:00, run_after=2025-04-06 20:00:00+00:00
[2025-04-06T21:35:48.469+0000] {processor.py:208} INFO - Processing /home/airflow/.local/lib/python3.12/site-packages/airflow/example_dags/example_latest_only.py took 0.099 seconds
[2025-04-06T21:36:18.967+0000] {processor.py:186} INFO - Started process (PID=613) to work on /home/airflow/.local/lib/python3.12/site-packages/airflow/example_dags/example_latest_only.py
[2025-04-06T21:36:18.967+0000] {processor.py:914} INFO - Processing file /home/airflow/.local/lib/python3.12/site-packages/airflow/example_dags/example_latest_only.py for tasks to queue
[2025-04-06T21:36:18.970+0000] {logging_mixin.py:190} INFO - [2025-04-06T21:36:18.969+0000] {dagbag.py:588} INFO - Filling up the DagBag from /home/airflow/.local/lib/python3.12/site-packages/airflow/example_dags/example_latest_only.py
[2025-04-06T21:36:18.978+0000] {processor.py:925} INFO - DAG(s) 'latest_only' retrieved from /home/airflow/.local/lib/python3.12/site-packages/airflow/example_dags/example_latest_only.py
[2025-04-06T21:36:19.051+0000] {logging_mixin.py:190} INFO - [2025-04-06T21:36:19.050+0000] {dag.py:3239} INFO - Sync 1 DAGs
[2025-04-06T21:36:19.237+0000] {logging_mixin.py:190} INFO - [2025-04-06T21:36:19.237+0000] {dag.py:4180} INFO - Setting next_dagrun for latest_only to 2025-04-06 16:00:00+00:00, run_after=2025-04-06 20:00:00+00:00
[2025-04-06T21:36:19.294+0000] {processor.py:208} INFO - Processing /home/airflow/.local/lib/python3.12/site-packages/airflow/example_dags/example_latest_only.py took 0.335 seconds
[2025-04-06T21:36:49.705+0000] {processor.py:186} INFO - Started process (PID=677) to work on /home/airflow/.local/lib/python3.12/site-packages/airflow/example_dags/example_latest_only.py
[2025-04-06T21:36:49.711+0000] {processor.py:914} INFO - Processing file /home/airflow/.local/lib/python3.12/site-packages/airflow/example_dags/example_latest_only.py for tasks to queue
[2025-04-06T21:36:49.718+0000] {logging_mixin.py:190} INFO - [2025-04-06T21:36:49.715+0000] {dagbag.py:588} INFO - Filling up the DagBag from /home/airflow/.local/lib/python3.12/site-packages/airflow/example_dags/example_latest_only.py
[2025-04-06T21:36:49.744+0000] {processor.py:925} INFO - DAG(s) 'latest_only' retrieved from /home/airflow/.local/lib/python3.12/site-packages/airflow/example_dags/example_latest_only.py
[2025-04-06T21:36:49.825+0000] {logging_mixin.py:190} INFO - [2025-04-06T21:36:49.822+0000] {dag.py:3239} INFO - Sync 1 DAGs
[2025-04-06T21:36:49.858+0000] {logging_mixin.py:190} INFO - [2025-04-06T21:36:49.858+0000] {dag.py:4180} INFO - Setting next_dagrun for latest_only to 2025-04-06 16:00:00+00:00, run_after=2025-04-06 20:00:00+00:00
[2025-04-06T21:36:49.887+0000] {processor.py:208} INFO - Processing /home/airflow/.local/lib/python3.12/site-packages/airflow/example_dags/example_latest_only.py took 0.210 seconds
[2025-04-06T21:37:20.010+0000] {processor.py:186} INFO - Started process (PID=740) to work on /home/airflow/.local/lib/python3.12/site-packages/airflow/example_dags/example_latest_only.py
[2025-04-06T21:37:20.016+0000] {processor.py:914} INFO - Processing file /home/airflow/.local/lib/python3.12/site-packages/airflow/example_dags/example_latest_only.py for tasks to queue
[2025-04-06T21:37:20.020+0000] {logging_mixin.py:190} INFO - [2025-04-06T21:37:20.019+0000] {dagbag.py:588} INFO - Filling up the DagBag from /home/airflow/.local/lib/python3.12/site-packages/airflow/example_dags/example_latest_only.py
[2025-04-06T21:37:20.041+0000] {processor.py:925} INFO - DAG(s) 'latest_only' retrieved from /home/airflow/.local/lib/python3.12/site-packages/airflow/example_dags/example_latest_only.py
[2025-04-06T21:37:20.077+0000] {logging_mixin.py:190} INFO - [2025-04-06T21:37:20.076+0000] {dag.py:3239} INFO - Sync 1 DAGs
[2025-04-06T21:37:20.103+0000] {logging_mixin.py:190} INFO - [2025-04-06T21:37:20.102+0000] {dag.py:4180} INFO - Setting next_dagrun for latest_only to 2025-04-06 16:00:00+00:00, run_after=2025-04-06 20:00:00+00:00
[2025-04-06T21:37:20.116+0000] {processor.py:208} INFO - Processing /home/airflow/.local/lib/python3.12/site-packages/airflow/example_dags/example_latest_only.py took 0.124 seconds
[2025-04-06T21:37:50.360+0000] {processor.py:186} INFO - Started process (PID=804) to work on /home/airflow/.local/lib/python3.12/site-packages/airflow/example_dags/example_latest_only.py
[2025-04-06T21:37:50.363+0000] {processor.py:914} INFO - Processing file /home/airflow/.local/lib/python3.12/site-packages/airflow/example_dags/example_latest_only.py for tasks to queue
[2025-04-06T21:37:50.370+0000] {logging_mixin.py:190} INFO - [2025-04-06T21:37:50.370+0000] {dagbag.py:588} INFO - Filling up the DagBag from /home/airflow/.local/lib/python3.12/site-packages/airflow/example_dags/example_latest_only.py
[2025-04-06T21:37:50.380+0000] {processor.py:925} INFO - DAG(s) 'latest_only' retrieved from /home/airflow/.local/lib/python3.12/site-packages/airflow/example_dags/example_latest_only.py
[2025-04-06T21:37:50.406+0000] {logging_mixin.py:190} INFO - [2025-04-06T21:37:50.406+0000] {dag.py:3239} INFO - Sync 1 DAGs
[2025-04-06T21:37:50.442+0000] {logging_mixin.py:190} INFO - [2025-04-06T21:37:50.442+0000] {dag.py:4180} INFO - Setting next_dagrun for latest_only to 2025-04-06 16:00:00+00:00, run_after=2025-04-06 20:00:00+00:00
[2025-04-06T21:37:50.462+0000] {processor.py:208} INFO - Processing /home/airflow/.local/lib/python3.12/site-packages/airflow/example_dags/example_latest_only.py took 0.109 seconds
[2025-04-06T21:38:20.875+0000] {processor.py:186} INFO - Started process (PID=868) to work on /home/airflow/.local/lib/python3.12/site-packages/airflow/example_dags/example_latest_only.py
[2025-04-06T21:38:20.876+0000] {processor.py:914} INFO - Processing file /home/airflow/.local/lib/python3.12/site-packages/airflow/example_dags/example_latest_only.py for tasks to queue
[2025-04-06T21:38:20.878+0000] {logging_mixin.py:190} INFO - [2025-04-06T21:38:20.878+0000] {dagbag.py:588} INFO - Filling up the DagBag from /home/airflow/.local/lib/python3.12/site-packages/airflow/example_dags/example_latest_only.py
[2025-04-06T21:38:20.886+0000] {processor.py:925} INFO - DAG(s) 'latest_only' retrieved from /home/airflow/.local/lib/python3.12/site-packages/airflow/example_dags/example_latest_only.py
[2025-04-06T21:38:20.911+0000] {logging_mixin.py:190} INFO - [2025-04-06T21:38:20.910+0000] {dag.py:3239} INFO - Sync 1 DAGs
[2025-04-06T21:38:20.942+0000] {logging_mixin.py:190} INFO - [2025-04-06T21:38:20.942+0000] {dag.py:4180} INFO - Setting next_dagrun for latest_only to 2025-04-06 16:00:00+00:00, run_after=2025-04-06 20:00:00+00:00
[2025-04-06T21:38:20.963+0000] {processor.py:208} INFO - Processing /home/airflow/.local/lib/python3.12/site-packages/airflow/example_dags/example_latest_only.py took 0.095 seconds
[2025-04-06T21:38:51.578+0000] {processor.py:186} INFO - Started process (PID=932) to work on /home/airflow/.local/lib/python3.12/site-packages/airflow/example_dags/example_latest_only.py
[2025-04-06T21:38:51.583+0000] {processor.py:914} INFO - Processing file /home/airflow/.local/lib/python3.12/site-packages/airflow/example_dags/example_latest_only.py for tasks to queue
[2025-04-06T21:38:51.586+0000] {logging_mixin.py:190} INFO - [2025-04-06T21:38:51.586+0000] {dagbag.py:588} INFO - Filling up the DagBag from /home/airflow/.local/lib/python3.12/site-packages/airflow/example_dags/example_latest_only.py
[2025-04-06T21:38:51.607+0000] {processor.py:925} INFO - DAG(s) 'latest_only' retrieved from /home/airflow/.local/lib/python3.12/site-packages/airflow/example_dags/example_latest_only.py
[2025-04-06T21:38:51.636+0000] {logging_mixin.py:190} INFO - [2025-04-06T21:38:51.635+0000] {dag.py:3239} INFO - Sync 1 DAGs
[2025-04-06T21:38:51.666+0000] {logging_mixin.py:190} INFO - [2025-04-06T21:38:51.666+0000] {dag.py:4180} INFO - Setting next_dagrun for latest_only to 2025-04-06 16:00:00+00:00, run_after=2025-04-06 20:00:00+00:00
[2025-04-06T21:38:51.687+0000] {processor.py:208} INFO - Processing /home/airflow/.local/lib/python3.12/site-packages/airflow/example_dags/example_latest_only.py took 0.122 seconds
[2025-04-06T21:39:22.170+0000] {processor.py:186} INFO - Started process (PID=996) to work on /home/airflow/.local/lib/python3.12/site-packages/airflow/example_dags/example_latest_only.py
[2025-04-06T21:39:22.173+0000] {processor.py:914} INFO - Processing file /home/airflow/.local/lib/python3.12/site-packages/airflow/example_dags/example_latest_only.py for tasks to queue
[2025-04-06T21:39:22.180+0000] {logging_mixin.py:190} INFO - [2025-04-06T21:39:22.177+0000] {dagbag.py:588} INFO - Filling up the DagBag from /home/airflow/.local/lib/python3.12/site-packages/airflow/example_dags/example_latest_only.py
[2025-04-06T21:39:22.198+0000] {processor.py:925} INFO - DAG(s) 'latest_only' retrieved from /home/airflow/.local/lib/python3.12/site-packages/airflow/example_dags/example_latest_only.py
[2025-04-06T21:39:22.221+0000] {logging_mixin.py:190} INFO - [2025-04-06T21:39:22.220+0000] {dag.py:3239} INFO - Sync 1 DAGs
[2025-04-06T21:39:22.252+0000] {logging_mixin.py:190} INFO - [2025-04-06T21:39:22.252+0000] {dag.py:4180} INFO - Setting next_dagrun for latest_only to 2025-04-06 16:00:00+00:00, run_after=2025-04-06 20:00:00+00:00
[2025-04-06T21:39:22.271+0000] {processor.py:208} INFO - Processing /home/airflow/.local/lib/python3.12/site-packages/airflow/example_dags/example_latest_only.py took 0.109 seconds
[2025-04-06T21:39:52.613+0000] {processor.py:186} INFO - Started process (PID=1060) to work on /home/airflow/.local/lib/python3.12/site-packages/airflow/example_dags/example_latest_only.py
[2025-04-06T21:39:52.615+0000] {processor.py:914} INFO - Processing file /home/airflow/.local/lib/python3.12/site-packages/airflow/example_dags/example_latest_only.py for tasks to queue
[2025-04-06T21:39:52.617+0000] {logging_mixin.py:190} INFO - [2025-04-06T21:39:52.617+0000] {dagbag.py:588} INFO - Filling up the DagBag from /home/airflow/.local/lib/python3.12/site-packages/airflow/example_dags/example_latest_only.py
[2025-04-06T21:39:52.629+0000] {processor.py:925} INFO - DAG(s) 'latest_only' retrieved from /home/airflow/.local/lib/python3.12/site-packages/airflow/example_dags/example_latest_only.py
[2025-04-06T21:39:52.655+0000] {logging_mixin.py:190} INFO - [2025-04-06T21:39:52.655+0000] {dag.py:3239} INFO - Sync 1 DAGs
[2025-04-06T21:39:52.686+0000] {logging_mixin.py:190} INFO - [2025-04-06T21:39:52.686+0000] {dag.py:4180} INFO - Setting next_dagrun for latest_only to 2025-04-06 16:00:00+00:00, run_after=2025-04-06 20:00:00+00:00
[2025-04-06T21:39:52.707+0000] {processor.py:208} INFO - Processing /home/airflow/.local/lib/python3.12/site-packages/airflow/example_dags/example_latest_only.py took 0.103 seconds
[2025-04-06T21:40:23.195+0000] {processor.py:186} INFO - Started process (PID=1124) to work on /home/airflow/.local/lib/python3.12/site-packages/airflow/example_dags/example_latest_only.py
[2025-04-06T21:40:23.196+0000] {processor.py:914} INFO - Processing file /home/airflow/.local/lib/python3.12/site-packages/airflow/example_dags/example_latest_only.py for tasks to queue
[2025-04-06T21:40:23.198+0000] {logging_mixin.py:190} INFO - [2025-04-06T21:40:23.198+0000] {dagbag.py:588} INFO - Filling up the DagBag from /home/airflow/.local/lib/python3.12/site-packages/airflow/example_dags/example_latest_only.py
[2025-04-06T21:40:23.206+0000] {processor.py:925} INFO - DAG(s) 'latest_only' retrieved from /home/airflow/.local/lib/python3.12/site-packages/airflow/example_dags/example_latest_only.py
[2025-04-06T21:40:23.231+0000] {logging_mixin.py:190} INFO - [2025-04-06T21:40:23.230+0000] {dag.py:3239} INFO - Sync 1 DAGs
[2025-04-06T21:40:23.264+0000] {logging_mixin.py:190} INFO - [2025-04-06T21:40:23.264+0000] {dag.py:4180} INFO - Setting next_dagrun for latest_only to 2025-04-06 16:00:00+00:00, run_after=2025-04-06 20:00:00+00:00
[2025-04-06T21:40:23.289+0000] {processor.py:208} INFO - Processing /home/airflow/.local/lib/python3.12/site-packages/airflow/example_dags/example_latest_only.py took 0.102 seconds
[2025-04-06T21:40:53.733+0000] {processor.py:186} INFO - Started process (PID=1188) to work on /home/airflow/.local/lib/python3.12/site-packages/airflow/example_dags/example_latest_only.py
[2025-04-06T21:40:53.733+0000] {processor.py:914} INFO - Processing file /home/airflow/.local/lib/python3.12/site-packages/airflow/example_dags/example_latest_only.py for tasks to queue
[2025-04-06T21:40:53.743+0000] {logging_mixin.py:190} INFO - [2025-04-06T21:40:53.743+0000] {dagbag.py:588} INFO - Filling up the DagBag from /home/airflow/.local/lib/python3.12/site-packages/airflow/example_dags/example_latest_only.py
[2025-04-06T21:40:53.774+0000] {processor.py:925} INFO - DAG(s) 'latest_only' retrieved from /home/airflow/.local/lib/python3.12/site-packages/airflow/example_dags/example_latest_only.py
[2025-04-06T21:40:53.838+0000] {logging_mixin.py:190} INFO - [2025-04-06T21:40:53.836+0000] {dag.py:3239} INFO - Sync 1 DAGs
[2025-04-06T21:40:53.896+0000] {logging_mixin.py:190} INFO - [2025-04-06T21:40:53.896+0000] {dag.py:4180} INFO - Setting next_dagrun for latest_only to 2025-04-06 16:00:00+00:00, run_after=2025-04-06 20:00:00+00:00
[2025-04-06T21:40:53.918+0000] {processor.py:208} INFO - Processing /home/airflow/.local/lib/python3.12/site-packages/airflow/example_dags/example_latest_only.py took 0.222 seconds
[2025-04-06T21:41:24.391+0000] {processor.py:186} INFO - Started process (PID=1253) to work on /home/airflow/.local/lib/python3.12/site-packages/airflow/example_dags/example_latest_only.py
[2025-04-06T21:41:24.392+0000] {processor.py:914} INFO - Processing file /home/airflow/.local/lib/python3.12/site-packages/airflow/example_dags/example_latest_only.py for tasks to queue
[2025-04-06T21:41:24.395+0000] {logging_mixin.py:190} INFO - [2025-04-06T21:41:24.394+0000] {dagbag.py:588} INFO - Filling up the DagBag from /home/airflow/.local/lib/python3.12/site-packages/airflow/example_dags/example_latest_only.py
[2025-04-06T21:41:24.404+0000] {processor.py:925} INFO - DAG(s) 'latest_only' retrieved from /home/airflow/.local/lib/python3.12/site-packages/airflow/example_dags/example_latest_only.py
[2025-04-06T21:41:24.433+0000] {logging_mixin.py:190} INFO - [2025-04-06T21:41:24.432+0000] {dag.py:3239} INFO - Sync 1 DAGs
[2025-04-06T21:41:24.462+0000] {logging_mixin.py:190} INFO - [2025-04-06T21:41:24.462+0000] {dag.py:4180} INFO - Setting next_dagrun for latest_only to 2025-04-06 16:00:00+00:00, run_after=2025-04-06 20:00:00+00:00
[2025-04-06T21:41:24.480+0000] {processor.py:208} INFO - Processing /home/airflow/.local/lib/python3.12/site-packages/airflow/example_dags/example_latest_only.py took 0.096 seconds
[2025-04-06T21:41:55.301+0000] {processor.py:186} INFO - Started process (PID=1317) to work on /home/airflow/.local/lib/python3.12/site-packages/airflow/example_dags/example_latest_only.py
[2025-04-06T21:41:55.302+0000] {processor.py:914} INFO - Processing file /home/airflow/.local/lib/python3.12/site-packages/airflow/example_dags/example_latest_only.py for tasks to queue
[2025-04-06T21:41:55.305+0000] {logging_mixin.py:190} INFO - [2025-04-06T21:41:55.304+0000] {dagbag.py:588} INFO - Filling up the DagBag from /home/airflow/.local/lib/python3.12/site-packages/airflow/example_dags/example_latest_only.py
[2025-04-06T21:41:55.312+0000] {processor.py:925} INFO - DAG(s) 'latest_only' retrieved from /home/airflow/.local/lib/python3.12/site-packages/airflow/example_dags/example_latest_only.py
[2025-04-06T21:41:55.335+0000] {logging_mixin.py:190} INFO - [2025-04-06T21:41:55.334+0000] {dag.py:3239} INFO - Sync 1 DAGs
[2025-04-06T21:41:55.370+0000] {logging_mixin.py:190} INFO - [2025-04-06T21:41:55.370+0000] {dag.py:4180} INFO - Setting next_dagrun for latest_only to 2025-04-06 16:00:00+00:00, run_after=2025-04-06 20:00:00+00:00
[2025-04-06T21:41:55.390+0000] {processor.py:208} INFO - Processing /home/airflow/.local/lib/python3.12/site-packages/airflow/example_dags/example_latest_only.py took 0.095 seconds
[2025-04-06T21:42:26.371+0000] {processor.py:186} INFO - Started process (PID=1380) to work on /home/airflow/.local/lib/python3.12/site-packages/airflow/example_dags/example_latest_only.py
[2025-04-06T21:42:26.371+0000] {processor.py:914} INFO - Processing file /home/airflow/.local/lib/python3.12/site-packages/airflow/example_dags/example_latest_only.py for tasks to queue
[2025-04-06T21:42:26.380+0000] {logging_mixin.py:190} INFO - [2025-04-06T21:42:26.379+0000] {dagbag.py:588} INFO - Filling up the DagBag from /home/airflow/.local/lib/python3.12/site-packages/airflow/example_dags/example_latest_only.py
[2025-04-06T21:42:26.391+0000] {processor.py:925} INFO - DAG(s) 'latest_only' retrieved from /home/airflow/.local/lib/python3.12/site-packages/airflow/example_dags/example_latest_only.py
[2025-04-06T21:42:26.494+0000] {logging_mixin.py:190} INFO - [2025-04-06T21:42:26.493+0000] {dag.py:3239} INFO - Sync 1 DAGs
[2025-04-06T21:42:26.638+0000] {logging_mixin.py:190} INFO - [2025-04-06T21:42:26.638+0000] {dag.py:4180} INFO - Setting next_dagrun for latest_only to 2025-04-06 16:00:00+00:00, run_after=2025-04-06 20:00:00+00:00
[2025-04-06T21:42:26.717+0000] {processor.py:208} INFO - Processing /home/airflow/.local/lib/python3.12/site-packages/airflow/example_dags/example_latest_only.py took 0.365 seconds
[2025-04-06T21:42:57.198+0000] {processor.py:186} INFO - Started process (PID=1444) to work on /home/airflow/.local/lib/python3.12/site-packages/airflow/example_dags/example_latest_only.py
[2025-04-06T21:42:57.199+0000] {processor.py:914} INFO - Processing file /home/airflow/.local/lib/python3.12/site-packages/airflow/example_dags/example_latest_only.py for tasks to queue
[2025-04-06T21:42:57.202+0000] {logging_mixin.py:190} INFO - [2025-04-06T21:42:57.202+0000] {dagbag.py:588} INFO - Filling up the DagBag from /home/airflow/.local/lib/python3.12/site-packages/airflow/example_dags/example_latest_only.py
[2025-04-06T21:42:57.215+0000] {processor.py:925} INFO - DAG(s) 'latest_only' retrieved from /home/airflow/.local/lib/python3.12/site-packages/airflow/example_dags/example_latest_only.py
[2025-04-06T21:42:57.263+0000] {logging_mixin.py:190} INFO - [2025-04-06T21:42:57.262+0000] {dag.py:3239} INFO - Sync 1 DAGs
[2025-04-06T21:42:57.340+0000] {logging_mixin.py:190} INFO - [2025-04-06T21:42:57.340+0000] {dag.py:4180} INFO - Setting next_dagrun for latest_only to 2025-04-06 16:00:00+00:00, run_after=2025-04-06 20:00:00+00:00
[2025-04-06T21:42:57.377+0000] {processor.py:208} INFO - Processing /home/airflow/.local/lib/python3.12/site-packages/airflow/example_dags/example_latest_only.py took 0.199 seconds
[2025-04-06T21:43:27.485+0000] {processor.py:186} INFO - Started process (PID=1509) to work on /home/airflow/.local/lib/python3.12/site-packages/airflow/example_dags/example_latest_only.py
[2025-04-06T21:43:27.485+0000] {processor.py:914} INFO - Processing file /home/airflow/.local/lib/python3.12/site-packages/airflow/example_dags/example_latest_only.py for tasks to queue
[2025-04-06T21:43:27.488+0000] {logging_mixin.py:190} INFO - [2025-04-06T21:43:27.488+0000] {dagbag.py:588} INFO - Filling up the DagBag from /home/airflow/.local/lib/python3.12/site-packages/airflow/example_dags/example_latest_only.py
[2025-04-06T21:43:27.497+0000] {processor.py:925} INFO - DAG(s) 'latest_only' retrieved from /home/airflow/.local/lib/python3.12/site-packages/airflow/example_dags/example_latest_only.py
[2025-04-06T21:43:27.523+0000] {logging_mixin.py:190} INFO - [2025-04-06T21:43:27.522+0000] {dag.py:3239} INFO - Sync 1 DAGs
[2025-04-06T21:43:27.553+0000] {logging_mixin.py:190} INFO - [2025-04-06T21:43:27.553+0000] {dag.py:4180} INFO - Setting next_dagrun for latest_only to 2025-04-06 16:00:00+00:00, run_after=2025-04-06 20:00:00+00:00
[2025-04-06T21:43:27.574+0000] {processor.py:208} INFO - Processing /home/airflow/.local/lib/python3.12/site-packages/airflow/example_dags/example_latest_only.py took 0.098 seconds
[2025-04-06T21:43:58.213+0000] {processor.py:186} INFO - Started process (PID=1572) to work on /home/airflow/.local/lib/python3.12/site-packages/airflow/example_dags/example_latest_only.py
[2025-04-06T21:43:58.214+0000] {processor.py:914} INFO - Processing file /home/airflow/.local/lib/python3.12/site-packages/airflow/example_dags/example_latest_only.py for tasks to queue
[2025-04-06T21:43:58.216+0000] {logging_mixin.py:190} INFO - [2025-04-06T21:43:58.216+0000] {dagbag.py:588} INFO - Filling up the DagBag from /home/airflow/.local/lib/python3.12/site-packages/airflow/example_dags/example_latest_only.py
[2025-04-06T21:43:58.224+0000] {processor.py:925} INFO - DAG(s) 'latest_only' retrieved from /home/airflow/.local/lib/python3.12/site-packages/airflow/example_dags/example_latest_only.py
[2025-04-06T21:43:58.258+0000] {logging_mixin.py:190} INFO - [2025-04-06T21:43:58.255+0000] {dag.py:3239} INFO - Sync 1 DAGs
[2025-04-06T21:43:58.290+0000] {logging_mixin.py:190} INFO - [2025-04-06T21:43:58.290+0000] {dag.py:4180} INFO - Setting next_dagrun for latest_only to 2025-04-06 16:00:00+00:00, run_after=2025-04-06 20:00:00+00:00
[2025-04-06T21:43:58.309+0000] {processor.py:208} INFO - Processing /home/airflow/.local/lib/python3.12/site-packages/airflow/example_dags/example_latest_only.py took 0.102 seconds
[2025-04-06T21:44:28.491+0000] {processor.py:186} INFO - Started process (PID=1636) to work on /home/airflow/.local/lib/python3.12/site-packages/airflow/example_dags/example_latest_only.py
[2025-04-06T21:44:28.492+0000] {processor.py:914} INFO - Processing file /home/airflow/.local/lib/python3.12/site-packages/airflow/example_dags/example_latest_only.py for tasks to queue
[2025-04-06T21:44:28.494+0000] {logging_mixin.py:190} INFO - [2025-04-06T21:44:28.494+0000] {dagbag.py:588} INFO - Filling up the DagBag from /home/airflow/.local/lib/python3.12/site-packages/airflow/example_dags/example_latest_only.py
[2025-04-06T21:44:28.502+0000] {processor.py:925} INFO - DAG(s) 'latest_only' retrieved from /home/airflow/.local/lib/python3.12/site-packages/airflow/example_dags/example_latest_only.py
[2025-04-06T21:44:28.523+0000] {logging_mixin.py:190} INFO - [2025-04-06T21:44:28.523+0000] {dag.py:3239} INFO - Sync 1 DAGs
[2025-04-06T21:44:28.552+0000] {logging_mixin.py:190} INFO - [2025-04-06T21:44:28.552+0000] {dag.py:4180} INFO - Setting next_dagrun for latest_only to 2025-04-06 16:00:00+00:00, run_after=2025-04-06 20:00:00+00:00
[2025-04-06T21:44:28.571+0000] {processor.py:208} INFO - Processing /home/airflow/.local/lib/python3.12/site-packages/airflow/example_dags/example_latest_only.py took 0.086 seconds
[2025-04-06T21:44:59.084+0000] {processor.py:186} INFO - Started process (PID=1700) to work on /home/airflow/.local/lib/python3.12/site-packages/airflow/example_dags/example_latest_only.py
[2025-04-06T21:44:59.085+0000] {processor.py:914} INFO - Processing file /home/airflow/.local/lib/python3.12/site-packages/airflow/example_dags/example_latest_only.py for tasks to queue
[2025-04-06T21:44:59.088+0000] {logging_mixin.py:190} INFO - [2025-04-06T21:44:59.088+0000] {dagbag.py:588} INFO - Filling up the DagBag from /home/airflow/.local/lib/python3.12/site-packages/airflow/example_dags/example_latest_only.py
[2025-04-06T21:44:59.098+0000] {processor.py:925} INFO - DAG(s) 'latest_only' retrieved from /home/airflow/.local/lib/python3.12/site-packages/airflow/example_dags/example_latest_only.py
[2025-04-06T21:44:59.119+0000] {logging_mixin.py:190} INFO - [2025-04-06T21:44:59.118+0000] {dag.py:3239} INFO - Sync 1 DAGs
[2025-04-06T21:44:59.149+0000] {logging_mixin.py:190} INFO - [2025-04-06T21:44:59.148+0000] {dag.py:4180} INFO - Setting next_dagrun for latest_only to 2025-04-06 16:00:00+00:00, run_after=2025-04-06 20:00:00+00:00
[2025-04-06T21:44:59.167+0000] {processor.py:208} INFO - Processing /home/airflow/.local/lib/python3.12/site-packages/airflow/example_dags/example_latest_only.py took 0.089 seconds
[2025-04-06T21:45:29.290+0000] {processor.py:186} INFO - Started process (PID=1764) to work on /home/airflow/.local/lib/python3.12/site-packages/airflow/example_dags/example_latest_only.py
[2025-04-06T21:45:29.291+0000] {processor.py:914} INFO - Processing file /home/airflow/.local/lib/python3.12/site-packages/airflow/example_dags/example_latest_only.py for tasks to queue
[2025-04-06T21:45:29.293+0000] {logging_mixin.py:190} INFO - [2025-04-06T21:45:29.292+0000] {dagbag.py:588} INFO - Filling up the DagBag from /home/airflow/.local/lib/python3.12/site-packages/airflow/example_dags/example_latest_only.py
[2025-04-06T21:45:29.300+0000] {processor.py:925} INFO - DAG(s) 'latest_only' retrieved from /home/airflow/.local/lib/python3.12/site-packages/airflow/example_dags/example_latest_only.py
[2025-04-06T21:45:29.322+0000] {logging_mixin.py:190} INFO - [2025-04-06T21:45:29.321+0000] {dag.py:3239} INFO - Sync 1 DAGs
[2025-04-06T21:45:29.351+0000] {logging_mixin.py:190} INFO - [2025-04-06T21:45:29.351+0000] {dag.py:4180} INFO - Setting next_dagrun for latest_only to 2025-04-06 16:00:00+00:00, run_after=2025-04-06 20:00:00+00:00
[2025-04-06T21:45:29.370+0000] {processor.py:208} INFO - Processing /home/airflow/.local/lib/python3.12/site-packages/airflow/example_dags/example_latest_only.py took 0.087 seconds
[2025-04-06T21:46:00.283+0000] {processor.py:186} INFO - Started process (PID=1828) to work on /home/airflow/.local/lib/python3.12/site-packages/airflow/example_dags/example_latest_only.py
[2025-04-06T21:46:00.284+0000] {processor.py:914} INFO - Processing file /home/airflow/.local/lib/python3.12/site-packages/airflow/example_dags/example_latest_only.py for tasks to queue
[2025-04-06T21:46:00.286+0000] {logging_mixin.py:190} INFO - [2025-04-06T21:46:00.286+0000] {dagbag.py:588} INFO - Filling up the DagBag from /home/airflow/.local/lib/python3.12/site-packages/airflow/example_dags/example_latest_only.py
[2025-04-06T21:46:00.293+0000] {processor.py:925} INFO - DAG(s) 'latest_only' retrieved from /home/airflow/.local/lib/python3.12/site-packages/airflow/example_dags/example_latest_only.py
[2025-04-06T21:46:00.315+0000] {logging_mixin.py:190} INFO - [2025-04-06T21:46:00.315+0000] {dag.py:3239} INFO - Sync 1 DAGs
[2025-04-06T21:46:00.345+0000] {logging_mixin.py:190} INFO - [2025-04-06T21:46:00.345+0000] {dag.py:4180} INFO - Setting next_dagrun for latest_only to 2025-04-06 16:00:00+00:00, run_after=2025-04-06 20:00:00+00:00
[2025-04-06T21:46:00.366+0000] {processor.py:208} INFO - Processing /home/airflow/.local/lib/python3.12/site-packages/airflow/example_dags/example_latest_only.py took 0.090 seconds
[2025-04-06T21:46:30.710+0000] {processor.py:186} INFO - Started process (PID=1892) to work on /home/airflow/.local/lib/python3.12/site-packages/airflow/example_dags/example_latest_only.py
[2025-04-06T21:46:30.711+0000] {processor.py:914} INFO - Processing file /home/airflow/.local/lib/python3.12/site-packages/airflow/example_dags/example_latest_only.py for tasks to queue
[2025-04-06T21:46:30.713+0000] {logging_mixin.py:190} INFO - [2025-04-06T21:46:30.712+0000] {dagbag.py:588} INFO - Filling up the DagBag from /home/airflow/.local/lib/python3.12/site-packages/airflow/example_dags/example_latest_only.py
[2025-04-06T21:46:30.718+0000] {processor.py:925} INFO - DAG(s) 'latest_only' retrieved from /home/airflow/.local/lib/python3.12/site-packages/airflow/example_dags/example_latest_only.py
[2025-04-06T21:46:30.734+0000] {logging_mixin.py:190} INFO - [2025-04-06T21:46:30.734+0000] {dag.py:3239} INFO - Sync 1 DAGs
[2025-04-06T21:46:30.760+0000] {logging_mixin.py:190} INFO - [2025-04-06T21:46:30.760+0000] {dag.py:4180} INFO - Setting next_dagrun for latest_only to 2025-04-06 16:00:00+00:00, run_after=2025-04-06 20:00:00+00:00
[2025-04-06T21:46:30.775+0000] {processor.py:208} INFO - Processing /home/airflow/.local/lib/python3.12/site-packages/airflow/example_dags/example_latest_only.py took 0.070 seconds
[2025-04-06T21:47:00.973+0000] {processor.py:186} INFO - Started process (PID=1955) to work on /home/airflow/.local/lib/python3.12/site-packages/airflow/example_dags/example_latest_only.py
[2025-04-06T21:47:00.974+0000] {processor.py:914} INFO - Processing file /home/airflow/.local/lib/python3.12/site-packages/airflow/example_dags/example_latest_only.py for tasks to queue
[2025-04-06T21:47:00.976+0000] {logging_mixin.py:190} INFO - [2025-04-06T21:47:00.976+0000] {dagbag.py:588} INFO - Filling up the DagBag from /home/airflow/.local/lib/python3.12/site-packages/airflow/example_dags/example_latest_only.py
[2025-04-06T21:47:00.983+0000] {processor.py:925} INFO - DAG(s) 'latest_only' retrieved from /home/airflow/.local/lib/python3.12/site-packages/airflow/example_dags/example_latest_only.py
[2025-04-06T21:47:01.005+0000] {logging_mixin.py:190} INFO - [2025-04-06T21:47:01.004+0000] {dag.py:3239} INFO - Sync 1 DAGs
[2025-04-06T21:47:01.036+0000] {logging_mixin.py:190} INFO - [2025-04-06T21:47:01.036+0000] {dag.py:4180} INFO - Setting next_dagrun for latest_only to 2025-04-06 16:00:00+00:00, run_after=2025-04-06 20:00:00+00:00
[2025-04-06T21:47:01.070+0000] {processor.py:208} INFO - Processing /home/airflow/.local/lib/python3.12/site-packages/airflow/example_dags/example_latest_only.py took 0.104 seconds
[2025-04-06T21:47:31.185+0000] {processor.py:186} INFO - Started process (PID=2019) to work on /home/airflow/.local/lib/python3.12/site-packages/airflow/example_dags/example_latest_only.py
[2025-04-06T21:47:31.186+0000] {processor.py:914} INFO - Processing file /home/airflow/.local/lib/python3.12/site-packages/airflow/example_dags/example_latest_only.py for tasks to queue
[2025-04-06T21:47:31.189+0000] {logging_mixin.py:190} INFO - [2025-04-06T21:47:31.189+0000] {dagbag.py:588} INFO - Filling up the DagBag from /home/airflow/.local/lib/python3.12/site-packages/airflow/example_dags/example_latest_only.py
[2025-04-06T21:47:31.197+0000] {processor.py:925} INFO - DAG(s) 'latest_only' retrieved from /home/airflow/.local/lib/python3.12/site-packages/airflow/example_dags/example_latest_only.py
[2025-04-06T21:47:31.218+0000] {logging_mixin.py:190} INFO - [2025-04-06T21:47:31.218+0000] {dag.py:3239} INFO - Sync 1 DAGs
[2025-04-06T21:47:31.247+0000] {logging_mixin.py:190} INFO - [2025-04-06T21:47:31.247+0000] {dag.py:4180} INFO - Setting next_dagrun for latest_only to 2025-04-06 16:00:00+00:00, run_after=2025-04-06 20:00:00+00:00
[2025-04-06T21:47:31.265+0000] {processor.py:208} INFO - Processing /home/airflow/.local/lib/python3.12/site-packages/airflow/example_dags/example_latest_only.py took 0.086 seconds
[2025-04-06T21:48:02.018+0000] {processor.py:186} INFO - Started process (PID=2083) to work on /home/airflow/.local/lib/python3.12/site-packages/airflow/example_dags/example_latest_only.py
[2025-04-06T21:48:02.018+0000] {processor.py:914} INFO - Processing file /home/airflow/.local/lib/python3.12/site-packages/airflow/example_dags/example_latest_only.py for tasks to queue
[2025-04-06T21:48:02.020+0000] {logging_mixin.py:190} INFO - [2025-04-06T21:48:02.020+0000] {dagbag.py:588} INFO - Filling up the DagBag from /home/airflow/.local/lib/python3.12/site-packages/airflow/example_dags/example_latest_only.py
[2025-04-06T21:48:02.026+0000] {processor.py:925} INFO - DAG(s) 'latest_only' retrieved from /home/airflow/.local/lib/python3.12/site-packages/airflow/example_dags/example_latest_only.py
[2025-04-06T21:48:02.042+0000] {logging_mixin.py:190} INFO - [2025-04-06T21:48:02.041+0000] {dag.py:3239} INFO - Sync 1 DAGs
[2025-04-06T21:48:02.061+0000] {logging_mixin.py:190} INFO - [2025-04-06T21:48:02.061+0000] {dag.py:4180} INFO - Setting next_dagrun for latest_only to 2025-04-06 16:00:00+00:00, run_after=2025-04-06 20:00:00+00:00
[2025-04-06T21:48:02.074+0000] {processor.py:208} INFO - Processing /home/airflow/.local/lib/python3.12/site-packages/airflow/example_dags/example_latest_only.py took 0.061 seconds
[2025-04-06T21:48:32.703+0000] {processor.py:186} INFO - Started process (PID=2147) to work on /home/airflow/.local/lib/python3.12/site-packages/airflow/example_dags/example_latest_only.py
[2025-04-06T21:48:32.704+0000] {processor.py:914} INFO - Processing file /home/airflow/.local/lib/python3.12/site-packages/airflow/example_dags/example_latest_only.py for tasks to queue
[2025-04-06T21:48:32.707+0000] {logging_mixin.py:190} INFO - [2025-04-06T21:48:32.707+0000] {dagbag.py:588} INFO - Filling up the DagBag from /home/airflow/.local/lib/python3.12/site-packages/airflow/example_dags/example_latest_only.py
[2025-04-06T21:48:32.722+0000] {processor.py:925} INFO - DAG(s) 'latest_only' retrieved from /home/airflow/.local/lib/python3.12/site-packages/airflow/example_dags/example_latest_only.py
[2025-04-06T21:48:32.769+0000] {logging_mixin.py:190} INFO - [2025-04-06T21:48:32.768+0000] {dag.py:3239} INFO - Sync 1 DAGs
[2025-04-06T21:48:32.833+0000] {logging_mixin.py:190} INFO - [2025-04-06T21:48:32.833+0000] {dag.py:4180} INFO - Setting next_dagrun for latest_only to 2025-04-06 16:00:00+00:00, run_after=2025-04-06 20:00:00+00:00
[2025-04-06T21:48:32.878+0000] {processor.py:208} INFO - Processing /home/airflow/.local/lib/python3.12/site-packages/airflow/example_dags/example_latest_only.py took 0.190 seconds
[2025-04-06T21:49:03.366+0000] {processor.py:186} INFO - Started process (PID=2211) to work on /home/airflow/.local/lib/python3.12/site-packages/airflow/example_dags/example_latest_only.py
[2025-04-06T21:49:03.367+0000] {processor.py:914} INFO - Processing file /home/airflow/.local/lib/python3.12/site-packages/airflow/example_dags/example_latest_only.py for tasks to queue
[2025-04-06T21:49:03.371+0000] {logging_mixin.py:190} INFO - [2025-04-06T21:49:03.371+0000] {dagbag.py:588} INFO - Filling up the DagBag from /home/airflow/.local/lib/python3.12/site-packages/airflow/example_dags/example_latest_only.py
[2025-04-06T21:49:03.389+0000] {processor.py:925} INFO - DAG(s) 'latest_only' retrieved from /home/airflow/.local/lib/python3.12/site-packages/airflow/example_dags/example_latest_only.py
[2025-04-06T21:49:03.415+0000] {logging_mixin.py:190} INFO - [2025-04-06T21:49:03.415+0000] {dag.py:3239} INFO - Sync 1 DAGs
[2025-04-06T21:49:03.457+0000] {logging_mixin.py:190} INFO - [2025-04-06T21:49:03.457+0000] {dag.py:4180} INFO - Setting next_dagrun for latest_only to 2025-04-06 16:00:00+00:00, run_after=2025-04-06 20:00:00+00:00
[2025-04-06T21:49:03.495+0000] {processor.py:208} INFO - Processing /home/airflow/.local/lib/python3.12/site-packages/airflow/example_dags/example_latest_only.py took 0.144 seconds
[2025-04-06T21:49:33.579+0000] {processor.py:186} INFO - Started process (PID=2274) to work on /home/airflow/.local/lib/python3.12/site-packages/airflow/example_dags/example_latest_only.py
[2025-04-06T21:49:33.581+0000] {processor.py:914} INFO - Processing file /home/airflow/.local/lib/python3.12/site-packages/airflow/example_dags/example_latest_only.py for tasks to queue
[2025-04-06T21:49:33.583+0000] {logging_mixin.py:190} INFO - [2025-04-06T21:49:33.583+0000] {dagbag.py:588} INFO - Filling up the DagBag from /home/airflow/.local/lib/python3.12/site-packages/airflow/example_dags/example_latest_only.py
[2025-04-06T21:49:33.592+0000] {processor.py:925} INFO - DAG(s) 'latest_only' retrieved from /home/airflow/.local/lib/python3.12/site-packages/airflow/example_dags/example_latest_only.py
[2025-04-06T21:49:33.607+0000] {logging_mixin.py:190} INFO - [2025-04-06T21:49:33.606+0000] {dag.py:3239} INFO - Sync 1 DAGs
[2025-04-06T21:49:33.625+0000] {logging_mixin.py:190} INFO - [2025-04-06T21:49:33.625+0000] {dag.py:4180} INFO - Setting next_dagrun for latest_only to 2025-04-06 16:00:00+00:00, run_after=2025-04-06 20:00:00+00:00
[2025-04-06T21:49:33.639+0000] {processor.py:208} INFO - Processing /home/airflow/.local/lib/python3.12/site-packages/airflow/example_dags/example_latest_only.py took 0.066 seconds
[2025-04-06T21:50:04.129+0000] {processor.py:186} INFO - Started process (PID=2338) to work on /home/airflow/.local/lib/python3.12/site-packages/airflow/example_dags/example_latest_only.py
[2025-04-06T21:50:04.130+0000] {processor.py:914} INFO - Processing file /home/airflow/.local/lib/python3.12/site-packages/airflow/example_dags/example_latest_only.py for tasks to queue
[2025-04-06T21:50:04.132+0000] {logging_mixin.py:190} INFO - [2025-04-06T21:50:04.131+0000] {dagbag.py:588} INFO - Filling up the DagBag from /home/airflow/.local/lib/python3.12/site-packages/airflow/example_dags/example_latest_only.py
[2025-04-06T21:50:04.142+0000] {processor.py:925} INFO - DAG(s) 'latest_only' retrieved from /home/airflow/.local/lib/python3.12/site-packages/airflow/example_dags/example_latest_only.py
[2025-04-06T21:50:04.168+0000] {logging_mixin.py:190} INFO - [2025-04-06T21:50:04.167+0000] {dag.py:3239} INFO - Sync 1 DAGs
[2025-04-06T21:50:04.248+0000] {logging_mixin.py:190} INFO - [2025-04-06T21:50:04.248+0000] {dag.py:4180} INFO - Setting next_dagrun for latest_only to 2025-04-06 16:00:00+00:00, run_after=2025-04-06 20:00:00+00:00
[2025-04-06T21:50:04.275+0000] {processor.py:208} INFO - Processing /home/airflow/.local/lib/python3.12/site-packages/airflow/example_dags/example_latest_only.py took 0.155 seconds
[2025-04-06T21:50:35.181+0000] {processor.py:186} INFO - Started process (PID=2402) to work on /home/airflow/.local/lib/python3.12/site-packages/airflow/example_dags/example_latest_only.py
[2025-04-06T21:50:35.182+0000] {processor.py:914} INFO - Processing file /home/airflow/.local/lib/python3.12/site-packages/airflow/example_dags/example_latest_only.py for tasks to queue
[2025-04-06T21:50:35.188+0000] {logging_mixin.py:190} INFO - [2025-04-06T21:50:35.185+0000] {dagbag.py:588} INFO - Filling up the DagBag from /home/airflow/.local/lib/python3.12/site-packages/airflow/example_dags/example_latest_only.py
[2025-04-06T21:50:35.201+0000] {processor.py:925} INFO - DAG(s) 'latest_only' retrieved from /home/airflow/.local/lib/python3.12/site-packages/airflow/example_dags/example_latest_only.py
[2025-04-06T21:50:35.228+0000] {logging_mixin.py:190} INFO - [2025-04-06T21:50:35.228+0000] {dag.py:3239} INFO - Sync 1 DAGs
[2025-04-06T21:50:35.257+0000] {logging_mixin.py:190} INFO - [2025-04-06T21:50:35.257+0000] {dag.py:4180} INFO - Setting next_dagrun for latest_only to 2025-04-06 16:00:00+00:00, run_after=2025-04-06 20:00:00+00:00
[2025-04-06T21:50:35.276+0000] {processor.py:208} INFO - Processing /home/airflow/.local/lib/python3.12/site-packages/airflow/example_dags/example_latest_only.py took 0.101 seconds
[2025-04-06T21:51:05.392+0000] {processor.py:186} INFO - Started process (PID=2466) to work on /home/airflow/.local/lib/python3.12/site-packages/airflow/example_dags/example_latest_only.py
[2025-04-06T21:51:05.392+0000] {processor.py:914} INFO - Processing file /home/airflow/.local/lib/python3.12/site-packages/airflow/example_dags/example_latest_only.py for tasks to queue
[2025-04-06T21:51:05.395+0000] {logging_mixin.py:190} INFO - [2025-04-06T21:51:05.394+0000] {dagbag.py:588} INFO - Filling up the DagBag from /home/airflow/.local/lib/python3.12/site-packages/airflow/example_dags/example_latest_only.py
[2025-04-06T21:51:05.409+0000] {processor.py:925} INFO - DAG(s) 'latest_only' retrieved from /home/airflow/.local/lib/python3.12/site-packages/airflow/example_dags/example_latest_only.py
[2025-04-06T21:51:05.431+0000] {logging_mixin.py:190} INFO - [2025-04-06T21:51:05.430+0000] {dag.py:3239} INFO - Sync 1 DAGs
[2025-04-06T21:51:05.460+0000] {logging_mixin.py:190} INFO - [2025-04-06T21:51:05.459+0000] {dag.py:4180} INFO - Setting next_dagrun for latest_only to 2025-04-06 16:00:00+00:00, run_after=2025-04-06 20:00:00+00:00
[2025-04-06T21:51:05.479+0000] {processor.py:208} INFO - Processing /home/airflow/.local/lib/python3.12/site-packages/airflow/example_dags/example_latest_only.py took 0.096 seconds
[2025-04-06T21:51:36.026+0000] {processor.py:186} INFO - Started process (PID=2531) to work on /home/airflow/.local/lib/python3.12/site-packages/airflow/example_dags/example_latest_only.py
[2025-04-06T21:51:36.026+0000] {processor.py:914} INFO - Processing file /home/airflow/.local/lib/python3.12/site-packages/airflow/example_dags/example_latest_only.py for tasks to queue
[2025-04-06T21:51:36.029+0000] {logging_mixin.py:190} INFO - [2025-04-06T21:51:36.028+0000] {dagbag.py:588} INFO - Filling up the DagBag from /home/airflow/.local/lib/python3.12/site-packages/airflow/example_dags/example_latest_only.py
[2025-04-06T21:51:36.037+0000] {processor.py:925} INFO - DAG(s) 'latest_only' retrieved from /home/airflow/.local/lib/python3.12/site-packages/airflow/example_dags/example_latest_only.py
[2025-04-06T21:51:36.059+0000] {logging_mixin.py:190} INFO - [2025-04-06T21:51:36.058+0000] {dag.py:3239} INFO - Sync 1 DAGs
[2025-04-06T21:51:36.088+0000] {logging_mixin.py:190} INFO - [2025-04-06T21:51:36.087+0000] {dag.py:4180} INFO - Setting next_dagrun for latest_only to 2025-04-06 16:00:00+00:00, run_after=2025-04-06 20:00:00+00:00
[2025-04-06T21:51:36.119+0000] {processor.py:208} INFO - Processing /home/airflow/.local/lib/python3.12/site-packages/airflow/example_dags/example_latest_only.py took 0.100 seconds
[2025-04-06T21:52:06.574+0000] {processor.py:186} INFO - Started process (PID=2595) to work on /home/airflow/.local/lib/python3.12/site-packages/airflow/example_dags/example_latest_only.py
[2025-04-06T21:52:06.575+0000] {processor.py:914} INFO - Processing file /home/airflow/.local/lib/python3.12/site-packages/airflow/example_dags/example_latest_only.py for tasks to queue
[2025-04-06T21:52:06.578+0000] {logging_mixin.py:190} INFO - [2025-04-06T21:52:06.577+0000] {dagbag.py:588} INFO - Filling up the DagBag from /home/airflow/.local/lib/python3.12/site-packages/airflow/example_dags/example_latest_only.py
[2025-04-06T21:52:06.586+0000] {processor.py:925} INFO - DAG(s) 'latest_only' retrieved from /home/airflow/.local/lib/python3.12/site-packages/airflow/example_dags/example_latest_only.py
[2025-04-06T21:52:06.607+0000] {logging_mixin.py:190} INFO - [2025-04-06T21:52:06.606+0000] {dag.py:3239} INFO - Sync 1 DAGs
[2025-04-06T21:52:06.637+0000] {logging_mixin.py:190} INFO - [2025-04-06T21:52:06.637+0000] {dag.py:4180} INFO - Setting next_dagrun for latest_only to 2025-04-06 16:00:00+00:00, run_after=2025-04-06 20:00:00+00:00
[2025-04-06T21:52:06.662+0000] {processor.py:208} INFO - Processing /home/airflow/.local/lib/python3.12/site-packages/airflow/example_dags/example_latest_only.py took 0.094 seconds
[2025-04-06T21:52:36.717+0000] {processor.py:186} INFO - Started process (PID=2659) to work on /home/airflow/.local/lib/python3.12/site-packages/airflow/example_dags/example_latest_only.py
[2025-04-06T21:52:36.717+0000] {processor.py:914} INFO - Processing file /home/airflow/.local/lib/python3.12/site-packages/airflow/example_dags/example_latest_only.py for tasks to queue
[2025-04-06T21:52:36.720+0000] {logging_mixin.py:190} INFO - [2025-04-06T21:52:36.719+0000] {dagbag.py:588} INFO - Filling up the DagBag from /home/airflow/.local/lib/python3.12/site-packages/airflow/example_dags/example_latest_only.py
[2025-04-06T21:52:36.728+0000] {processor.py:925} INFO - DAG(s) 'latest_only' retrieved from /home/airflow/.local/lib/python3.12/site-packages/airflow/example_dags/example_latest_only.py
[2025-04-06T21:52:36.749+0000] {logging_mixin.py:190} INFO - [2025-04-06T21:52:36.749+0000] {dag.py:3239} INFO - Sync 1 DAGs
[2025-04-06T21:52:36.777+0000] {logging_mixin.py:190} INFO - [2025-04-06T21:52:36.777+0000] {dag.py:4180} INFO - Setting next_dagrun for latest_only to 2025-04-06 16:00:00+00:00, run_after=2025-04-06 20:00:00+00:00
[2025-04-06T21:52:36.803+0000] {processor.py:208} INFO - Processing /home/airflow/.local/lib/python3.12/site-packages/airflow/example_dags/example_latest_only.py took 0.093 seconds
[2025-04-06T21:53:07.338+0000] {processor.py:186} INFO - Started process (PID=2723) to work on /home/airflow/.local/lib/python3.12/site-packages/airflow/example_dags/example_latest_only.py
[2025-04-06T21:53:07.341+0000] {processor.py:914} INFO - Processing file /home/airflow/.local/lib/python3.12/site-packages/airflow/example_dags/example_latest_only.py for tasks to queue
[2025-04-06T21:53:07.345+0000] {logging_mixin.py:190} INFO - [2025-04-06T21:53:07.344+0000] {dagbag.py:588} INFO - Filling up the DagBag from /home/airflow/.local/lib/python3.12/site-packages/airflow/example_dags/example_latest_only.py
[2025-04-06T21:53:07.353+0000] {processor.py:925} INFO - DAG(s) 'latest_only' retrieved from /home/airflow/.local/lib/python3.12/site-packages/airflow/example_dags/example_latest_only.py
[2025-04-06T21:53:07.374+0000] {logging_mixin.py:190} INFO - [2025-04-06T21:53:07.374+0000] {dag.py:3239} INFO - Sync 1 DAGs
[2025-04-06T21:53:07.403+0000] {logging_mixin.py:190} INFO - [2025-04-06T21:53:07.403+0000] {dag.py:4180} INFO - Setting next_dagrun for latest_only to 2025-04-06 16:00:00+00:00, run_after=2025-04-06 20:00:00+00:00
[2025-04-06T21:53:07.421+0000] {processor.py:208} INFO - Processing /home/airflow/.local/lib/python3.12/site-packages/airflow/example_dags/example_latest_only.py took 0.092 seconds
[2025-04-06T21:53:37.660+0000] {processor.py:186} INFO - Started process (PID=2787) to work on /home/airflow/.local/lib/python3.12/site-packages/airflow/example_dags/example_latest_only.py
[2025-04-06T21:53:37.661+0000] {processor.py:914} INFO - Processing file /home/airflow/.local/lib/python3.12/site-packages/airflow/example_dags/example_latest_only.py for tasks to queue
[2025-04-06T21:53:37.663+0000] {logging_mixin.py:190} INFO - [2025-04-06T21:53:37.663+0000] {dagbag.py:588} INFO - Filling up the DagBag from /home/airflow/.local/lib/python3.12/site-packages/airflow/example_dags/example_latest_only.py
[2025-04-06T21:53:37.671+0000] {processor.py:925} INFO - DAG(s) 'latest_only' retrieved from /home/airflow/.local/lib/python3.12/site-packages/airflow/example_dags/example_latest_only.py
[2025-04-06T21:53:37.691+0000] {logging_mixin.py:190} INFO - [2025-04-06T21:53:37.691+0000] {dag.py:3239} INFO - Sync 1 DAGs
[2025-04-06T21:53:37.719+0000] {logging_mixin.py:190} INFO - [2025-04-06T21:53:37.719+0000] {dag.py:4180} INFO - Setting next_dagrun for latest_only to 2025-04-06 16:00:00+00:00, run_after=2025-04-06 20:00:00+00:00
[2025-04-06T21:53:37.740+0000] {processor.py:208} INFO - Processing /home/airflow/.local/lib/python3.12/site-packages/airflow/example_dags/example_latest_only.py took 0.086 seconds
[2025-04-06T21:54:08.569+0000] {processor.py:186} INFO - Started process (PID=2851) to work on /home/airflow/.local/lib/python3.12/site-packages/airflow/example_dags/example_latest_only.py
[2025-04-06T21:54:08.570+0000] {processor.py:914} INFO - Processing file /home/airflow/.local/lib/python3.12/site-packages/airflow/example_dags/example_latest_only.py for tasks to queue
[2025-04-06T21:54:08.572+0000] {logging_mixin.py:190} INFO - [2025-04-06T21:54:08.572+0000] {dagbag.py:588} INFO - Filling up the DagBag from /home/airflow/.local/lib/python3.12/site-packages/airflow/example_dags/example_latest_only.py
[2025-04-06T21:54:08.580+0000] {processor.py:925} INFO - DAG(s) 'latest_only' retrieved from /home/airflow/.local/lib/python3.12/site-packages/airflow/example_dags/example_latest_only.py
[2025-04-06T21:54:08.601+0000] {logging_mixin.py:190} INFO - [2025-04-06T21:54:08.601+0000] {dag.py:3239} INFO - Sync 1 DAGs
[2025-04-06T21:54:08.631+0000] {logging_mixin.py:190} INFO - [2025-04-06T21:54:08.630+0000] {dag.py:4180} INFO - Setting next_dagrun for latest_only to 2025-04-06 16:00:00+00:00, run_after=2025-04-06 20:00:00+00:00
[2025-04-06T21:54:08.655+0000] {processor.py:208} INFO - Processing /home/airflow/.local/lib/python3.12/site-packages/airflow/example_dags/example_latest_only.py took 0.093 seconds
[2025-04-06T21:54:39.086+0000] {processor.py:186} INFO - Started process (PID=2915) to work on /home/airflow/.local/lib/python3.12/site-packages/airflow/example_dags/example_latest_only.py
[2025-04-06T21:54:39.089+0000] {processor.py:914} INFO - Processing file /home/airflow/.local/lib/python3.12/site-packages/airflow/example_dags/example_latest_only.py for tasks to queue
[2025-04-06T21:54:39.102+0000] {logging_mixin.py:190} INFO - [2025-04-06T21:54:39.100+0000] {dagbag.py:588} INFO - Filling up the DagBag from /home/airflow/.local/lib/python3.12/site-packages/airflow/example_dags/example_latest_only.py
[2025-04-06T21:54:39.143+0000] {processor.py:925} INFO - DAG(s) 'latest_only' retrieved from /home/airflow/.local/lib/python3.12/site-packages/airflow/example_dags/example_latest_only.py
[2025-04-06T21:54:39.231+0000] {logging_mixin.py:190} INFO - [2025-04-06T21:54:39.230+0000] {dag.py:3239} INFO - Sync 1 DAGs
[2025-04-06T21:54:39.290+0000] {logging_mixin.py:190} INFO - [2025-04-06T21:54:39.290+0000] {dag.py:4180} INFO - Setting next_dagrun for latest_only to 2025-04-06 16:00:00+00:00, run_after=2025-04-06 20:00:00+00:00
[2025-04-06T21:54:39.311+0000] {processor.py:208} INFO - Processing /home/airflow/.local/lib/python3.12/site-packages/airflow/example_dags/example_latest_only.py took 0.266 seconds
[2025-04-06T21:55:09.506+0000] {processor.py:186} INFO - Started process (PID=2979) to work on /home/airflow/.local/lib/python3.12/site-packages/airflow/example_dags/example_latest_only.py
[2025-04-06T21:55:09.507+0000] {processor.py:914} INFO - Processing file /home/airflow/.local/lib/python3.12/site-packages/airflow/example_dags/example_latest_only.py for tasks to queue
[2025-04-06T21:55:09.508+0000] {logging_mixin.py:190} INFO - [2025-04-06T21:55:09.508+0000] {dagbag.py:588} INFO - Filling up the DagBag from /home/airflow/.local/lib/python3.12/site-packages/airflow/example_dags/example_latest_only.py
[2025-04-06T21:55:09.514+0000] {processor.py:925} INFO - DAG(s) 'latest_only' retrieved from /home/airflow/.local/lib/python3.12/site-packages/airflow/example_dags/example_latest_only.py
[2025-04-06T21:55:09.530+0000] {logging_mixin.py:190} INFO - [2025-04-06T21:55:09.530+0000] {dag.py:3239} INFO - Sync 1 DAGs
[2025-04-06T21:55:09.549+0000] {logging_mixin.py:190} INFO - [2025-04-06T21:55:09.549+0000] {dag.py:4180} INFO - Setting next_dagrun for latest_only to 2025-04-06 16:00:00+00:00, run_after=2025-04-06 20:00:00+00:00
[2025-04-06T21:55:09.563+0000] {processor.py:208} INFO - Processing /home/airflow/.local/lib/python3.12/site-packages/airflow/example_dags/example_latest_only.py took 0.062 seconds
[2025-04-06T21:55:40.279+0000] {processor.py:186} INFO - Started process (PID=3043) to work on /home/airflow/.local/lib/python3.12/site-packages/airflow/example_dags/example_latest_only.py
[2025-04-06T21:55:40.280+0000] {processor.py:914} INFO - Processing file /home/airflow/.local/lib/python3.12/site-packages/airflow/example_dags/example_latest_only.py for tasks to queue
[2025-04-06T21:55:40.282+0000] {logging_mixin.py:190} INFO - [2025-04-06T21:55:40.282+0000] {dagbag.py:588} INFO - Filling up the DagBag from /home/airflow/.local/lib/python3.12/site-packages/airflow/example_dags/example_latest_only.py
[2025-04-06T21:55:40.290+0000] {processor.py:925} INFO - DAG(s) 'latest_only' retrieved from /home/airflow/.local/lib/python3.12/site-packages/airflow/example_dags/example_latest_only.py
[2025-04-06T21:55:40.306+0000] {logging_mixin.py:190} INFO - [2025-04-06T21:55:40.305+0000] {dag.py:3239} INFO - Sync 1 DAGs
[2025-04-06T21:55:40.325+0000] {logging_mixin.py:190} INFO - [2025-04-06T21:55:40.324+0000] {dag.py:4180} INFO - Setting next_dagrun for latest_only to 2025-04-06 16:00:00+00:00, run_after=2025-04-06 20:00:00+00:00
[2025-04-06T21:55:40.338+0000] {processor.py:208} INFO - Processing /home/airflow/.local/lib/python3.12/site-packages/airflow/example_dags/example_latest_only.py took 0.065 seconds
[2025-04-06T21:56:11.377+0000] {processor.py:186} INFO - Started process (PID=3107) to work on /home/airflow/.local/lib/python3.12/site-packages/airflow/example_dags/example_latest_only.py
[2025-04-06T21:56:11.378+0000] {processor.py:914} INFO - Processing file /home/airflow/.local/lib/python3.12/site-packages/airflow/example_dags/example_latest_only.py for tasks to queue
[2025-04-06T21:56:11.379+0000] {logging_mixin.py:190} INFO - [2025-04-06T21:56:11.379+0000] {dagbag.py:588} INFO - Filling up the DagBag from /home/airflow/.local/lib/python3.12/site-packages/airflow/example_dags/example_latest_only.py
[2025-04-06T21:56:11.385+0000] {processor.py:925} INFO - DAG(s) 'latest_only' retrieved from /home/airflow/.local/lib/python3.12/site-packages/airflow/example_dags/example_latest_only.py
[2025-04-06T21:56:11.400+0000] {logging_mixin.py:190} INFO - [2025-04-06T21:56:11.400+0000] {dag.py:3239} INFO - Sync 1 DAGs
[2025-04-06T21:56:11.419+0000] {logging_mixin.py:190} INFO - [2025-04-06T21:56:11.419+0000] {dag.py:4180} INFO - Setting next_dagrun for latest_only to 2025-04-06 16:00:00+00:00, run_after=2025-04-06 20:00:00+00:00
[2025-04-06T21:56:11.433+0000] {processor.py:208} INFO - Processing /home/airflow/.local/lib/python3.12/site-packages/airflow/example_dags/example_latest_only.py took 0.061 seconds
[2025-04-06T21:56:42.032+0000] {processor.py:186} INFO - Started process (PID=3171) to work on /home/airflow/.local/lib/python3.12/site-packages/airflow/example_dags/example_latest_only.py
[2025-04-06T21:56:42.034+0000] {processor.py:914} INFO - Processing file /home/airflow/.local/lib/python3.12/site-packages/airflow/example_dags/example_latest_only.py for tasks to queue
[2025-04-06T21:56:42.039+0000] {logging_mixin.py:190} INFO - [2025-04-06T21:56:42.036+0000] {dagbag.py:588} INFO - Filling up the DagBag from /home/airflow/.local/lib/python3.12/site-packages/airflow/example_dags/example_latest_only.py
[2025-04-06T21:56:42.053+0000] {processor.py:925} INFO - DAG(s) 'latest_only' retrieved from /home/airflow/.local/lib/python3.12/site-packages/airflow/example_dags/example_latest_only.py
[2025-04-06T21:56:42.082+0000] {logging_mixin.py:190} INFO - [2025-04-06T21:56:42.081+0000] {dag.py:3239} INFO - Sync 1 DAGs
[2025-04-06T21:56:42.118+0000] {logging_mixin.py:190} INFO - [2025-04-06T21:56:42.118+0000] {dag.py:4180} INFO - Setting next_dagrun for latest_only to 2025-04-06 16:00:00+00:00, run_after=2025-04-06 20:00:00+00:00
[2025-04-06T21:56:42.148+0000] {processor.py:208} INFO - Processing /home/airflow/.local/lib/python3.12/site-packages/airflow/example_dags/example_latest_only.py took 0.132 seconds
[2025-04-06T21:57:12.258+0000] {processor.py:186} INFO - Started process (PID=3235) to work on /home/airflow/.local/lib/python3.12/site-packages/airflow/example_dags/example_latest_only.py
[2025-04-06T21:57:12.259+0000] {processor.py:914} INFO - Processing file /home/airflow/.local/lib/python3.12/site-packages/airflow/example_dags/example_latest_only.py for tasks to queue
[2025-04-06T21:57:12.260+0000] {logging_mixin.py:190} INFO - [2025-04-06T21:57:12.260+0000] {dagbag.py:588} INFO - Filling up the DagBag from /home/airflow/.local/lib/python3.12/site-packages/airflow/example_dags/example_latest_only.py
[2025-04-06T21:57:12.266+0000] {processor.py:925} INFO - DAG(s) 'latest_only' retrieved from /home/airflow/.local/lib/python3.12/site-packages/airflow/example_dags/example_latest_only.py
[2025-04-06T21:57:12.282+0000] {logging_mixin.py:190} INFO - [2025-04-06T21:57:12.282+0000] {dag.py:3239} INFO - Sync 1 DAGs
[2025-04-06T21:57:12.301+0000] {logging_mixin.py:190} INFO - [2025-04-06T21:57:12.301+0000] {dag.py:4180} INFO - Setting next_dagrun for latest_only to 2025-04-06 16:00:00+00:00, run_after=2025-04-06 20:00:00+00:00
[2025-04-06T21:57:12.315+0000] {processor.py:208} INFO - Processing /home/airflow/.local/lib/python3.12/site-packages/airflow/example_dags/example_latest_only.py took 0.061 seconds
[2025-04-06T21:57:42.490+0000] {processor.py:186} INFO - Started process (PID=3300) to work on /home/airflow/.local/lib/python3.12/site-packages/airflow/example_dags/example_latest_only.py
[2025-04-06T21:57:42.491+0000] {processor.py:914} INFO - Processing file /home/airflow/.local/lib/python3.12/site-packages/airflow/example_dags/example_latest_only.py for tasks to queue
[2025-04-06T21:57:42.493+0000] {logging_mixin.py:190} INFO - [2025-04-06T21:57:42.493+0000] {dagbag.py:588} INFO - Filling up the DagBag from /home/airflow/.local/lib/python3.12/site-packages/airflow/example_dags/example_latest_only.py
[2025-04-06T21:57:42.500+0000] {processor.py:925} INFO - DAG(s) 'latest_only' retrieved from /home/airflow/.local/lib/python3.12/site-packages/airflow/example_dags/example_latest_only.py
[2025-04-06T21:57:42.523+0000] {logging_mixin.py:190} INFO - [2025-04-06T21:57:42.522+0000] {dag.py:3239} INFO - Sync 1 DAGs
[2025-04-06T21:57:42.552+0000] {logging_mixin.py:190} INFO - [2025-04-06T21:57:42.552+0000] {dag.py:4180} INFO - Setting next_dagrun for latest_only to 2025-04-06 16:00:00+00:00, run_after=2025-04-06 20:00:00+00:00
[2025-04-06T21:57:42.570+0000] {processor.py:208} INFO - Processing /home/airflow/.local/lib/python3.12/site-packages/airflow/example_dags/example_latest_only.py took 0.087 seconds
[2025-04-06T21:58:12.812+0000] {processor.py:186} INFO - Started process (PID=3364) to work on /home/airflow/.local/lib/python3.12/site-packages/airflow/example_dags/example_latest_only.py
[2025-04-06T21:58:12.812+0000] {processor.py:914} INFO - Processing file /home/airflow/.local/lib/python3.12/site-packages/airflow/example_dags/example_latest_only.py for tasks to queue
[2025-04-06T21:58:12.814+0000] {logging_mixin.py:190} INFO - [2025-04-06T21:58:12.814+0000] {dagbag.py:588} INFO - Filling up the DagBag from /home/airflow/.local/lib/python3.12/site-packages/airflow/example_dags/example_latest_only.py
[2025-04-06T21:58:12.820+0000] {processor.py:925} INFO - DAG(s) 'latest_only' retrieved from /home/airflow/.local/lib/python3.12/site-packages/airflow/example_dags/example_latest_only.py
[2025-04-06T21:58:12.840+0000] {logging_mixin.py:190} INFO - [2025-04-06T21:58:12.840+0000] {dag.py:3239} INFO - Sync 1 DAGs
[2025-04-06T21:58:12.859+0000] {logging_mixin.py:190} INFO - [2025-04-06T21:58:12.859+0000] {dag.py:4180} INFO - Setting next_dagrun for latest_only to 2025-04-06 16:00:00+00:00, run_after=2025-04-06 20:00:00+00:00
[2025-04-06T21:58:12.874+0000] {processor.py:208} INFO - Processing /home/airflow/.local/lib/python3.12/site-packages/airflow/example_dags/example_latest_only.py took 0.067 seconds
[2025-04-06T21:58:43.753+0000] {processor.py:186} INFO - Started process (PID=3428) to work on /home/airflow/.local/lib/python3.12/site-packages/airflow/example_dags/example_latest_only.py
[2025-04-06T21:58:43.754+0000] {processor.py:914} INFO - Processing file /home/airflow/.local/lib/python3.12/site-packages/airflow/example_dags/example_latest_only.py for tasks to queue
[2025-04-06T21:58:43.756+0000] {logging_mixin.py:190} INFO - [2025-04-06T21:58:43.756+0000] {dagbag.py:588} INFO - Filling up the DagBag from /home/airflow/.local/lib/python3.12/site-packages/airflow/example_dags/example_latest_only.py
[2025-04-06T21:58:43.763+0000] {processor.py:925} INFO - DAG(s) 'latest_only' retrieved from /home/airflow/.local/lib/python3.12/site-packages/airflow/example_dags/example_latest_only.py
[2025-04-06T21:58:43.785+0000] {logging_mixin.py:190} INFO - [2025-04-06T21:58:43.784+0000] {dag.py:3239} INFO - Sync 1 DAGs
[2025-04-06T21:58:43.816+0000] {logging_mixin.py:190} INFO - [2025-04-06T21:58:43.816+0000] {dag.py:4180} INFO - Setting next_dagrun for latest_only to 2025-04-06 16:00:00+00:00, run_after=2025-04-06 20:00:00+00:00
[2025-04-06T21:58:43.835+0000] {processor.py:208} INFO - Processing /home/airflow/.local/lib/python3.12/site-packages/airflow/example_dags/example_latest_only.py took 0.089 seconds
[2025-04-06T21:59:13.958+0000] {processor.py:186} INFO - Started process (PID=3492) to work on /home/airflow/.local/lib/python3.12/site-packages/airflow/example_dags/example_latest_only.py
[2025-04-06T21:59:13.959+0000] {processor.py:914} INFO - Processing file /home/airflow/.local/lib/python3.12/site-packages/airflow/example_dags/example_latest_only.py for tasks to queue
[2025-04-06T21:59:13.961+0000] {logging_mixin.py:190} INFO - [2025-04-06T21:59:13.961+0000] {dagbag.py:588} INFO - Filling up the DagBag from /home/airflow/.local/lib/python3.12/site-packages/airflow/example_dags/example_latest_only.py
[2025-04-06T21:59:13.969+0000] {processor.py:925} INFO - DAG(s) 'latest_only' retrieved from /home/airflow/.local/lib/python3.12/site-packages/airflow/example_dags/example_latest_only.py
[2025-04-06T21:59:13.992+0000] {logging_mixin.py:190} INFO - [2025-04-06T21:59:13.991+0000] {dag.py:3239} INFO - Sync 1 DAGs
[2025-04-06T21:59:14.020+0000] {logging_mixin.py:190} INFO - [2025-04-06T21:59:14.020+0000] {dag.py:4180} INFO - Setting next_dagrun for latest_only to 2025-04-06 16:00:00+00:00, run_after=2025-04-06 20:00:00+00:00
[2025-04-06T21:59:14.039+0000] {processor.py:208} INFO - Processing /home/airflow/.local/lib/python3.12/site-packages/airflow/example_dags/example_latest_only.py took 0.088 seconds
[2025-04-06T21:59:44.984+0000] {processor.py:186} INFO - Started process (PID=3556) to work on /home/airflow/.local/lib/python3.12/site-packages/airflow/example_dags/example_latest_only.py
[2025-04-06T21:59:44.985+0000] {processor.py:914} INFO - Processing file /home/airflow/.local/lib/python3.12/site-packages/airflow/example_dags/example_latest_only.py for tasks to queue
[2025-04-06T21:59:44.987+0000] {logging_mixin.py:190} INFO - [2025-04-06T21:59:44.987+0000] {dagbag.py:588} INFO - Filling up the DagBag from /home/airflow/.local/lib/python3.12/site-packages/airflow/example_dags/example_latest_only.py
[2025-04-06T21:59:44.995+0000] {processor.py:925} INFO - DAG(s) 'latest_only' retrieved from /home/airflow/.local/lib/python3.12/site-packages/airflow/example_dags/example_latest_only.py
[2025-04-06T21:59:45.016+0000] {logging_mixin.py:190} INFO - [2025-04-06T21:59:45.015+0000] {dag.py:3239} INFO - Sync 1 DAGs
[2025-04-06T21:59:45.046+0000] {logging_mixin.py:190} INFO - [2025-04-06T21:59:45.045+0000] {dag.py:4180} INFO - Setting next_dagrun for latest_only to 2025-04-06 16:00:00+00:00, run_after=2025-04-06 20:00:00+00:00
[2025-04-06T21:59:45.064+0000] {processor.py:208} INFO - Processing /home/airflow/.local/lib/python3.12/site-packages/airflow/example_dags/example_latest_only.py took 0.086 seconds
[2025-04-06T22:00:15.667+0000] {processor.py:186} INFO - Started process (PID=3620) to work on /home/airflow/.local/lib/python3.12/site-packages/airflow/example_dags/example_latest_only.py
[2025-04-06T22:00:15.668+0000] {processor.py:914} INFO - Processing file /home/airflow/.local/lib/python3.12/site-packages/airflow/example_dags/example_latest_only.py for tasks to queue
[2025-04-06T22:00:15.674+0000] {logging_mixin.py:190} INFO - [2025-04-06T22:00:15.674+0000] {dagbag.py:588} INFO - Filling up the DagBag from /home/airflow/.local/lib/python3.12/site-packages/airflow/example_dags/example_latest_only.py
[2025-04-06T22:00:15.710+0000] {processor.py:925} INFO - DAG(s) 'latest_only' retrieved from /home/airflow/.local/lib/python3.12/site-packages/airflow/example_dags/example_latest_only.py
[2025-04-06T22:00:15.758+0000] {logging_mixin.py:190} INFO - [2025-04-06T22:00:15.754+0000] {dag.py:3239} INFO - Sync 1 DAGs
[2025-04-06T22:00:15.820+0000] {logging_mixin.py:190} INFO - [2025-04-06T22:00:15.820+0000] {dag.py:4180} INFO - Setting next_dagrun for latest_only to 2025-04-06 16:00:00+00:00, run_after=2025-04-06 20:00:00+00:00
[2025-04-06T22:00:15.871+0000] {processor.py:208} INFO - Processing /home/airflow/.local/lib/python3.12/site-packages/airflow/example_dags/example_latest_only.py took 0.223 seconds
[2025-04-06T22:00:46.995+0000] {processor.py:186} INFO - Started process (PID=3690) to work on /home/airflow/.local/lib/python3.12/site-packages/airflow/example_dags/example_latest_only.py
[2025-04-06T22:00:47.005+0000] {processor.py:914} INFO - Processing file /home/airflow/.local/lib/python3.12/site-packages/airflow/example_dags/example_latest_only.py for tasks to queue
[2025-04-06T22:00:47.021+0000] {logging_mixin.py:190} INFO - [2025-04-06T22:00:47.021+0000] {dagbag.py:588} INFO - Filling up the DagBag from /home/airflow/.local/lib/python3.12/site-packages/airflow/example_dags/example_latest_only.py
[2025-04-06T22:00:47.044+0000] {processor.py:925} INFO - DAG(s) 'latest_only' retrieved from /home/airflow/.local/lib/python3.12/site-packages/airflow/example_dags/example_latest_only.py
[2025-04-06T22:00:47.077+0000] {logging_mixin.py:190} INFO - [2025-04-06T22:00:47.077+0000] {dag.py:3239} INFO - Sync 1 DAGs
[2025-04-06T22:00:47.113+0000] {logging_mixin.py:190} INFO - [2025-04-06T22:00:47.113+0000] {dag.py:4180} INFO - Setting next_dagrun for latest_only to 2025-04-06 16:00:00+00:00, run_after=2025-04-06 20:00:00+00:00
[2025-04-06T22:00:47.140+0000] {processor.py:208} INFO - Processing /home/airflow/.local/lib/python3.12/site-packages/airflow/example_dags/example_latest_only.py took 0.174 seconds
[2025-04-06T22:01:17.962+0000] {processor.py:186} INFO - Started process (PID=3754) to work on /home/airflow/.local/lib/python3.12/site-packages/airflow/example_dags/example_latest_only.py
[2025-04-06T22:01:17.963+0000] {processor.py:914} INFO - Processing file /home/airflow/.local/lib/python3.12/site-packages/airflow/example_dags/example_latest_only.py for tasks to queue
[2025-04-06T22:01:17.965+0000] {logging_mixin.py:190} INFO - [2025-04-06T22:01:17.965+0000] {dagbag.py:588} INFO - Filling up the DagBag from /home/airflow/.local/lib/python3.12/site-packages/airflow/example_dags/example_latest_only.py
[2025-04-06T22:01:17.970+0000] {processor.py:925} INFO - DAG(s) 'latest_only' retrieved from /home/airflow/.local/lib/python3.12/site-packages/airflow/example_dags/example_latest_only.py
[2025-04-06T22:01:17.987+0000] {logging_mixin.py:190} INFO - [2025-04-06T22:01:17.986+0000] {dag.py:3239} INFO - Sync 1 DAGs
[2025-04-06T22:01:18.005+0000] {logging_mixin.py:190} INFO - [2025-04-06T22:01:18.005+0000] {dag.py:4180} INFO - Setting next_dagrun for latest_only to 2025-04-06 16:00:00+00:00, run_after=2025-04-06 20:00:00+00:00
[2025-04-06T22:01:18.023+0000] {processor.py:208} INFO - Processing /home/airflow/.local/lib/python3.12/site-packages/airflow/example_dags/example_latest_only.py took 0.065 seconds
[2025-04-06T22:01:48.898+0000] {processor.py:186} INFO - Started process (PID=3817) to work on /home/airflow/.local/lib/python3.12/site-packages/airflow/example_dags/example_latest_only.py
[2025-04-06T22:01:48.899+0000] {processor.py:914} INFO - Processing file /home/airflow/.local/lib/python3.12/site-packages/airflow/example_dags/example_latest_only.py for tasks to queue
[2025-04-06T22:01:48.901+0000] {logging_mixin.py:190} INFO - [2025-04-06T22:01:48.901+0000] {dagbag.py:588} INFO - Filling up the DagBag from /home/airflow/.local/lib/python3.12/site-packages/airflow/example_dags/example_latest_only.py
[2025-04-06T22:01:48.909+0000] {processor.py:925} INFO - DAG(s) 'latest_only' retrieved from /home/airflow/.local/lib/python3.12/site-packages/airflow/example_dags/example_latest_only.py
[2025-04-06T22:01:48.933+0000] {logging_mixin.py:190} INFO - [2025-04-06T22:01:48.932+0000] {dag.py:3239} INFO - Sync 1 DAGs
[2025-04-06T22:01:48.962+0000] {logging_mixin.py:190} INFO - [2025-04-06T22:01:48.962+0000] {dag.py:4180} INFO - Setting next_dagrun for latest_only to 2025-04-06 16:00:00+00:00, run_after=2025-04-06 20:00:00+00:00
[2025-04-06T22:01:48.981+0000] {processor.py:208} INFO - Processing /home/airflow/.local/lib/python3.12/site-packages/airflow/example_dags/example_latest_only.py took 0.090 seconds
[2025-04-06T22:02:19.556+0000] {processor.py:186} INFO - Started process (PID=3880) to work on /home/airflow/.local/lib/python3.12/site-packages/airflow/example_dags/example_latest_only.py
[2025-04-06T22:02:19.557+0000] {processor.py:914} INFO - Processing file /home/airflow/.local/lib/python3.12/site-packages/airflow/example_dags/example_latest_only.py for tasks to queue
[2025-04-06T22:02:19.562+0000] {logging_mixin.py:190} INFO - [2025-04-06T22:02:19.561+0000] {dagbag.py:588} INFO - Filling up the DagBag from /home/airflow/.local/lib/python3.12/site-packages/airflow/example_dags/example_latest_only.py
[2025-04-06T22:02:19.576+0000] {processor.py:925} INFO - DAG(s) 'latest_only' retrieved from /home/airflow/.local/lib/python3.12/site-packages/airflow/example_dags/example_latest_only.py
[2025-04-06T22:02:19.610+0000] {logging_mixin.py:190} INFO - [2025-04-06T22:02:19.608+0000] {dag.py:3239} INFO - Sync 1 DAGs
[2025-04-06T22:02:19.654+0000] {logging_mixin.py:190} INFO - [2025-04-06T22:02:19.654+0000] {dag.py:4180} INFO - Setting next_dagrun for latest_only to 2025-04-06 16:00:00+00:00, run_after=2025-04-06 20:00:00+00:00
[2025-04-06T22:02:19.672+0000] {processor.py:208} INFO - Processing /home/airflow/.local/lib/python3.12/site-packages/airflow/example_dags/example_latest_only.py took 0.129 seconds
[2025-04-06T22:02:50.167+0000] {processor.py:186} INFO - Started process (PID=3944) to work on /home/airflow/.local/lib/python3.12/site-packages/airflow/example_dags/example_latest_only.py
[2025-04-06T22:02:50.168+0000] {processor.py:914} INFO - Processing file /home/airflow/.local/lib/python3.12/site-packages/airflow/example_dags/example_latest_only.py for tasks to queue
[2025-04-06T22:02:50.169+0000] {logging_mixin.py:190} INFO - [2025-04-06T22:02:50.169+0000] {dagbag.py:588} INFO - Filling up the DagBag from /home/airflow/.local/lib/python3.12/site-packages/airflow/example_dags/example_latest_only.py
[2025-04-06T22:02:50.175+0000] {processor.py:925} INFO - DAG(s) 'latest_only' retrieved from /home/airflow/.local/lib/python3.12/site-packages/airflow/example_dags/example_latest_only.py
[2025-04-06T22:02:50.191+0000] {logging_mixin.py:190} INFO - [2025-04-06T22:02:50.190+0000] {dag.py:3239} INFO - Sync 1 DAGs
[2025-04-06T22:02:50.210+0000] {logging_mixin.py:190} INFO - [2025-04-06T22:02:50.210+0000] {dag.py:4180} INFO - Setting next_dagrun for latest_only to 2025-04-06 16:00:00+00:00, run_after=2025-04-06 20:00:00+00:00
[2025-04-06T22:02:50.225+0000] {processor.py:208} INFO - Processing /home/airflow/.local/lib/python3.12/site-packages/airflow/example_dags/example_latest_only.py took 0.062 seconds
[2025-04-06T22:03:20.588+0000] {processor.py:186} INFO - Started process (PID=4007) to work on /home/airflow/.local/lib/python3.12/site-packages/airflow/example_dags/example_latest_only.py
[2025-04-06T22:03:20.591+0000] {processor.py:914} INFO - Processing file /home/airflow/.local/lib/python3.12/site-packages/airflow/example_dags/example_latest_only.py for tasks to queue
[2025-04-06T22:03:20.597+0000] {logging_mixin.py:190} INFO - [2025-04-06T22:03:20.597+0000] {dagbag.py:588} INFO - Filling up the DagBag from /home/airflow/.local/lib/python3.12/site-packages/airflow/example_dags/example_latest_only.py
[2025-04-06T22:03:20.626+0000] {processor.py:925} INFO - DAG(s) 'latest_only' retrieved from /home/airflow/.local/lib/python3.12/site-packages/airflow/example_dags/example_latest_only.py
[2025-04-06T22:03:20.681+0000] {logging_mixin.py:190} INFO - [2025-04-06T22:03:20.681+0000] {dag.py:3239} INFO - Sync 1 DAGs
[2025-04-06T22:03:20.738+0000] {logging_mixin.py:190} INFO - [2025-04-06T22:03:20.738+0000] {dag.py:4180} INFO - Setting next_dagrun for latest_only to 2025-04-06 16:00:00+00:00, run_after=2025-04-06 20:00:00+00:00
[2025-04-06T22:03:20.799+0000] {processor.py:208} INFO - Processing /home/airflow/.local/lib/python3.12/site-packages/airflow/example_dags/example_latest_only.py took 0.230 seconds
[2025-04-06T22:03:51.523+0000] {processor.py:186} INFO - Started process (PID=4071) to work on /home/airflow/.local/lib/python3.12/site-packages/airflow/example_dags/example_latest_only.py
[2025-04-06T22:03:51.524+0000] {processor.py:914} INFO - Processing file /home/airflow/.local/lib/python3.12/site-packages/airflow/example_dags/example_latest_only.py for tasks to queue
[2025-04-06T22:03:51.526+0000] {logging_mixin.py:190} INFO - [2025-04-06T22:03:51.526+0000] {dagbag.py:588} INFO - Filling up the DagBag from /home/airflow/.local/lib/python3.12/site-packages/airflow/example_dags/example_latest_only.py
[2025-04-06T22:03:51.535+0000] {processor.py:925} INFO - DAG(s) 'latest_only' retrieved from /home/airflow/.local/lib/python3.12/site-packages/airflow/example_dags/example_latest_only.py
[2025-04-06T22:03:51.562+0000] {logging_mixin.py:190} INFO - [2025-04-06T22:03:51.561+0000] {dag.py:3239} INFO - Sync 1 DAGs
[2025-04-06T22:03:51.602+0000] {logging_mixin.py:190} INFO - [2025-04-06T22:03:51.602+0000] {dag.py:4180} INFO - Setting next_dagrun for latest_only to 2025-04-06 16:00:00+00:00, run_after=2025-04-06 20:00:00+00:00
[2025-04-06T22:03:51.627+0000] {processor.py:208} INFO - Processing /home/airflow/.local/lib/python3.12/site-packages/airflow/example_dags/example_latest_only.py took 0.111 seconds
[2025-04-06T22:04:22.554+0000] {processor.py:186} INFO - Started process (PID=4134) to work on /home/airflow/.local/lib/python3.12/site-packages/airflow/example_dags/example_latest_only.py
[2025-04-06T22:04:22.555+0000] {processor.py:914} INFO - Processing file /home/airflow/.local/lib/python3.12/site-packages/airflow/example_dags/example_latest_only.py for tasks to queue
[2025-04-06T22:04:22.557+0000] {logging_mixin.py:190} INFO - [2025-04-06T22:04:22.557+0000] {dagbag.py:588} INFO - Filling up the DagBag from /home/airflow/.local/lib/python3.12/site-packages/airflow/example_dags/example_latest_only.py
[2025-04-06T22:04:22.565+0000] {processor.py:925} INFO - DAG(s) 'latest_only' retrieved from /home/airflow/.local/lib/python3.12/site-packages/airflow/example_dags/example_latest_only.py
[2025-04-06T22:04:22.588+0000] {logging_mixin.py:190} INFO - [2025-04-06T22:04:22.587+0000] {dag.py:3239} INFO - Sync 1 DAGs
[2025-04-06T22:04:22.617+0000] {logging_mixin.py:190} INFO - [2025-04-06T22:04:22.617+0000] {dag.py:4180} INFO - Setting next_dagrun for latest_only to 2025-04-06 16:00:00+00:00, run_after=2025-04-06 20:00:00+00:00
[2025-04-06T22:04:22.635+0000] {processor.py:208} INFO - Processing /home/airflow/.local/lib/python3.12/site-packages/airflow/example_dags/example_latest_only.py took 0.088 seconds
[2025-04-06T22:04:53.020+0000] {processor.py:186} INFO - Started process (PID=4198) to work on /home/airflow/.local/lib/python3.12/site-packages/airflow/example_dags/example_latest_only.py
[2025-04-06T22:04:53.021+0000] {processor.py:914} INFO - Processing file /home/airflow/.local/lib/python3.12/site-packages/airflow/example_dags/example_latest_only.py for tasks to queue
[2025-04-06T22:04:53.023+0000] {logging_mixin.py:190} INFO - [2025-04-06T22:04:53.023+0000] {dagbag.py:588} INFO - Filling up the DagBag from /home/airflow/.local/lib/python3.12/site-packages/airflow/example_dags/example_latest_only.py
[2025-04-06T22:04:53.033+0000] {processor.py:925} INFO - DAG(s) 'latest_only' retrieved from /home/airflow/.local/lib/python3.12/site-packages/airflow/example_dags/example_latest_only.py
[2025-04-06T22:04:53.058+0000] {logging_mixin.py:190} INFO - [2025-04-06T22:04:53.057+0000] {dag.py:3239} INFO - Sync 1 DAGs
[2025-04-06T22:04:53.087+0000] {logging_mixin.py:190} INFO - [2025-04-06T22:04:53.086+0000] {dag.py:4180} INFO - Setting next_dagrun for latest_only to 2025-04-06 16:00:00+00:00, run_after=2025-04-06 20:00:00+00:00
[2025-04-06T22:04:53.106+0000] {processor.py:208} INFO - Processing /home/airflow/.local/lib/python3.12/site-packages/airflow/example_dags/example_latest_only.py took 0.092 seconds
[2025-04-06T22:05:23.831+0000] {processor.py:186} INFO - Started process (PID=4261) to work on /home/airflow/.local/lib/python3.12/site-packages/airflow/example_dags/example_latest_only.py
[2025-04-06T22:05:23.832+0000] {processor.py:914} INFO - Processing file /home/airflow/.local/lib/python3.12/site-packages/airflow/example_dags/example_latest_only.py for tasks to queue
[2025-04-06T22:05:23.834+0000] {logging_mixin.py:190} INFO - [2025-04-06T22:05:23.833+0000] {dagbag.py:588} INFO - Filling up the DagBag from /home/airflow/.local/lib/python3.12/site-packages/airflow/example_dags/example_latest_only.py
[2025-04-06T22:05:23.841+0000] {processor.py:925} INFO - DAG(s) 'latest_only' retrieved from /home/airflow/.local/lib/python3.12/site-packages/airflow/example_dags/example_latest_only.py
[2025-04-06T22:05:23.864+0000] {logging_mixin.py:190} INFO - [2025-04-06T22:05:23.864+0000] {dag.py:3239} INFO - Sync 1 DAGs
[2025-04-06T22:05:23.892+0000] {logging_mixin.py:190} INFO - [2025-04-06T22:05:23.892+0000] {dag.py:4180} INFO - Setting next_dagrun for latest_only to 2025-04-06 16:00:00+00:00, run_after=2025-04-06 20:00:00+00:00
[2025-04-06T22:05:23.912+0000] {processor.py:208} INFO - Processing /home/airflow/.local/lib/python3.12/site-packages/airflow/example_dags/example_latest_only.py took 0.088 seconds
