[2025-04-06T21:32:15.196+0000] {processor.py:186} INFO - Started process (PID=114) to work on /home/airflow/.local/lib/python3.12/site-packages/airflow/example_dags/example_bash_operator.py
[2025-04-06T21:32:15.197+0000] {processor.py:914} INFO - Processing file /home/airflow/.local/lib/python3.12/site-packages/airflow/example_dags/example_bash_operator.py for tasks to queue
[2025-04-06T21:32:15.204+0000] {logging_mixin.py:190} INFO - [2025-04-06T21:32:15.203+0000] {dagbag.py:588} INFO - Filling up the DagBag from /home/airflow/.local/lib/python3.12/site-packages/airflow/example_dags/example_bash_operator.py
[2025-04-06T21:32:15.223+0000] {processor.py:925} INFO - DAG(s) 'example_bash_operator' retrieved from /home/airflow/.local/lib/python3.12/site-packages/airflow/example_dags/example_bash_operator.py
[2025-04-06T21:32:15.297+0000] {logging_mixin.py:190} INFO - [2025-04-06T21:32:15.296+0000] {dag.py:3239} INFO - Sync 1 DAGs
[2025-04-06T21:32:15.380+0000] {logging_mixin.py:190} INFO - [2025-04-06T21:32:15.380+0000] {dag.py:4180} INFO - Setting next_dagrun for example_bash_operator to 2025-04-05 00:00:00+00:00, run_after=2025-04-06 00:00:00+00:00
[2025-04-06T21:32:15.473+0000] {processor.py:208} INFO - Processing /home/airflow/.local/lib/python3.12/site-packages/airflow/example_dags/example_bash_operator.py took 0.291 seconds
[2025-04-06T21:32:45.587+0000] {processor.py:186} INFO - Started process (PID=178) to work on /home/airflow/.local/lib/python3.12/site-packages/airflow/example_dags/example_bash_operator.py
[2025-04-06T21:32:45.588+0000] {processor.py:914} INFO - Processing file /home/airflow/.local/lib/python3.12/site-packages/airflow/example_dags/example_bash_operator.py for tasks to queue
[2025-04-06T21:32:45.590+0000] {logging_mixin.py:190} INFO - [2025-04-06T21:32:45.589+0000] {dagbag.py:588} INFO - Filling up the DagBag from /home/airflow/.local/lib/python3.12/site-packages/airflow/example_dags/example_bash_operator.py
[2025-04-06T21:32:45.601+0000] {processor.py:925} INFO - DAG(s) 'example_bash_operator' retrieved from /home/airflow/.local/lib/python3.12/site-packages/airflow/example_dags/example_bash_operator.py
[2025-04-06T21:32:45.638+0000] {logging_mixin.py:190} INFO - [2025-04-06T21:32:45.637+0000] {dag.py:3239} INFO - Sync 1 DAGs
[2025-04-06T21:32:45.672+0000] {logging_mixin.py:190} INFO - [2025-04-06T21:32:45.671+0000] {dag.py:4180} INFO - Setting next_dagrun for example_bash_operator to 2025-04-05 00:00:00+00:00, run_after=2025-04-06 00:00:00+00:00
[2025-04-06T21:32:45.702+0000] {processor.py:208} INFO - Processing /home/airflow/.local/lib/python3.12/site-packages/airflow/example_dags/example_bash_operator.py took 0.121 seconds
[2025-04-06T21:33:18.186+0000] {processor.py:186} INFO - Started process (PID=242) to work on /home/airflow/.local/lib/python3.12/site-packages/airflow/example_dags/example_bash_operator.py
[2025-04-06T21:33:18.188+0000] {processor.py:914} INFO - Processing file /home/airflow/.local/lib/python3.12/site-packages/airflow/example_dags/example_bash_operator.py for tasks to queue
[2025-04-06T21:33:18.190+0000] {logging_mixin.py:190} INFO - [2025-04-06T21:33:18.189+0000] {dagbag.py:588} INFO - Filling up the DagBag from /home/airflow/.local/lib/python3.12/site-packages/airflow/example_dags/example_bash_operator.py
[2025-04-06T21:33:18.218+0000] {processor.py:925} INFO - DAG(s) 'example_bash_operator' retrieved from /home/airflow/.local/lib/python3.12/site-packages/airflow/example_dags/example_bash_operator.py
[2025-04-06T21:33:18.268+0000] {logging_mixin.py:190} INFO - [2025-04-06T21:33:18.267+0000] {dag.py:3239} INFO - Sync 1 DAGs
[2025-04-06T21:33:18.306+0000] {logging_mixin.py:190} INFO - [2025-04-06T21:33:18.306+0000] {dag.py:4180} INFO - Setting next_dagrun for example_bash_operator to 2025-04-05 00:00:00+00:00, run_after=2025-04-06 00:00:00+00:00
[2025-04-06T21:33:18.337+0000] {processor.py:208} INFO - Processing /home/airflow/.local/lib/python3.12/site-packages/airflow/example_dags/example_bash_operator.py took 0.159 seconds
[2025-04-06T21:33:50.945+0000] {processor.py:186} INFO - Started process (PID=306) to work on /home/airflow/.local/lib/python3.12/site-packages/airflow/example_dags/example_bash_operator.py
[2025-04-06T21:33:50.949+0000] {processor.py:914} INFO - Processing file /home/airflow/.local/lib/python3.12/site-packages/airflow/example_dags/example_bash_operator.py for tasks to queue
[2025-04-06T21:33:50.956+0000] {logging_mixin.py:190} INFO - [2025-04-06T21:33:50.953+0000] {dagbag.py:588} INFO - Filling up the DagBag from /home/airflow/.local/lib/python3.12/site-packages/airflow/example_dags/example_bash_operator.py
[2025-04-06T21:33:50.987+0000] {processor.py:925} INFO - DAG(s) 'example_bash_operator' retrieved from /home/airflow/.local/lib/python3.12/site-packages/airflow/example_dags/example_bash_operator.py
[2025-04-06T21:33:51.093+0000] {logging_mixin.py:190} INFO - [2025-04-06T21:33:51.093+0000] {dag.py:3239} INFO - Sync 1 DAGs
[2025-04-06T21:33:51.247+0000] {logging_mixin.py:190} INFO - [2025-04-06T21:33:51.247+0000] {dag.py:4180} INFO - Setting next_dagrun for example_bash_operator to 2025-04-05 00:00:00+00:00, run_after=2025-04-06 00:00:00+00:00
[2025-04-06T21:33:51.497+0000] {processor.py:208} INFO - Processing /home/airflow/.local/lib/python3.12/site-packages/airflow/example_dags/example_bash_operator.py took 0.567 seconds
[2025-04-06T21:34:22.576+0000] {processor.py:186} INFO - Started process (PID=370) to work on /home/airflow/.local/lib/python3.12/site-packages/airflow/example_dags/example_bash_operator.py
[2025-04-06T21:34:22.587+0000] {processor.py:914} INFO - Processing file /home/airflow/.local/lib/python3.12/site-packages/airflow/example_dags/example_bash_operator.py for tasks to queue
[2025-04-06T21:34:22.597+0000] {logging_mixin.py:190} INFO - [2025-04-06T21:34:22.597+0000] {dagbag.py:588} INFO - Filling up the DagBag from /home/airflow/.local/lib/python3.12/site-packages/airflow/example_dags/example_bash_operator.py
[2025-04-06T21:34:22.696+0000] {processor.py:925} INFO - DAG(s) 'example_bash_operator' retrieved from /home/airflow/.local/lib/python3.12/site-packages/airflow/example_dags/example_bash_operator.py
[2025-04-06T21:34:22.870+0000] {logging_mixin.py:190} INFO - [2025-04-06T21:34:22.870+0000] {dag.py:3239} INFO - Sync 1 DAGs
[2025-04-06T21:34:23.069+0000] {logging_mixin.py:190} INFO - [2025-04-06T21:34:23.053+0000] {dag.py:4180} INFO - Setting next_dagrun for example_bash_operator to 2025-04-05 00:00:00+00:00, run_after=2025-04-06 00:00:00+00:00
[2025-04-06T21:34:23.193+0000] {processor.py:208} INFO - Processing /home/airflow/.local/lib/python3.12/site-packages/airflow/example_dags/example_bash_operator.py took 0.665 seconds
[2025-04-06T21:34:54.102+0000] {processor.py:186} INFO - Started process (PID=434) to work on /home/airflow/.local/lib/python3.12/site-packages/airflow/example_dags/example_bash_operator.py
[2025-04-06T21:34:54.103+0000] {processor.py:914} INFO - Processing file /home/airflow/.local/lib/python3.12/site-packages/airflow/example_dags/example_bash_operator.py for tasks to queue
[2025-04-06T21:34:54.106+0000] {logging_mixin.py:190} INFO - [2025-04-06T21:34:54.105+0000] {dagbag.py:588} INFO - Filling up the DagBag from /home/airflow/.local/lib/python3.12/site-packages/airflow/example_dags/example_bash_operator.py
[2025-04-06T21:34:54.124+0000] {processor.py:925} INFO - DAG(s) 'example_bash_operator' retrieved from /home/airflow/.local/lib/python3.12/site-packages/airflow/example_dags/example_bash_operator.py
[2025-04-06T21:34:54.160+0000] {logging_mixin.py:190} INFO - [2025-04-06T21:34:54.160+0000] {dag.py:3239} INFO - Sync 1 DAGs
[2025-04-06T21:34:54.190+0000] {logging_mixin.py:190} INFO - [2025-04-06T21:34:54.190+0000] {dag.py:4180} INFO - Setting next_dagrun for example_bash_operator to 2025-04-05 00:00:00+00:00, run_after=2025-04-06 00:00:00+00:00
[2025-04-06T21:34:54.208+0000] {processor.py:208} INFO - Processing /home/airflow/.local/lib/python3.12/site-packages/airflow/example_dags/example_bash_operator.py took 0.112 seconds
[2025-04-06T21:35:25.105+0000] {processor.py:186} INFO - Started process (PID=497) to work on /home/airflow/.local/lib/python3.12/site-packages/airflow/example_dags/example_bash_operator.py
[2025-04-06T21:35:25.106+0000] {processor.py:914} INFO - Processing file /home/airflow/.local/lib/python3.12/site-packages/airflow/example_dags/example_bash_operator.py for tasks to queue
[2025-04-06T21:35:25.108+0000] {logging_mixin.py:190} INFO - [2025-04-06T21:35:25.108+0000] {dagbag.py:588} INFO - Filling up the DagBag from /home/airflow/.local/lib/python3.12/site-packages/airflow/example_dags/example_bash_operator.py
[2025-04-06T21:35:25.126+0000] {processor.py:925} INFO - DAG(s) 'example_bash_operator' retrieved from /home/airflow/.local/lib/python3.12/site-packages/airflow/example_dags/example_bash_operator.py
[2025-04-06T21:35:25.164+0000] {logging_mixin.py:190} INFO - [2025-04-06T21:35:25.163+0000] {dag.py:3239} INFO - Sync 1 DAGs
[2025-04-06T21:35:25.195+0000] {logging_mixin.py:190} INFO - [2025-04-06T21:35:25.195+0000] {dag.py:4180} INFO - Setting next_dagrun for example_bash_operator to 2025-04-05 00:00:00+00:00, run_after=2025-04-06 00:00:00+00:00
[2025-04-06T21:35:25.213+0000] {processor.py:208} INFO - Processing /home/airflow/.local/lib/python3.12/site-packages/airflow/example_dags/example_bash_operator.py took 0.115 seconds
[2025-04-06T21:35:55.626+0000] {processor.py:186} INFO - Started process (PID=561) to work on /home/airflow/.local/lib/python3.12/site-packages/airflow/example_dags/example_bash_operator.py
[2025-04-06T21:35:55.629+0000] {processor.py:914} INFO - Processing file /home/airflow/.local/lib/python3.12/site-packages/airflow/example_dags/example_bash_operator.py for tasks to queue
[2025-04-06T21:35:55.631+0000] {logging_mixin.py:190} INFO - [2025-04-06T21:35:55.631+0000] {dagbag.py:588} INFO - Filling up the DagBag from /home/airflow/.local/lib/python3.12/site-packages/airflow/example_dags/example_bash_operator.py
[2025-04-06T21:35:55.647+0000] {processor.py:925} INFO - DAG(s) 'example_bash_operator' retrieved from /home/airflow/.local/lib/python3.12/site-packages/airflow/example_dags/example_bash_operator.py
[2025-04-06T21:35:55.684+0000] {logging_mixin.py:190} INFO - [2025-04-06T21:35:55.683+0000] {dag.py:3239} INFO - Sync 1 DAGs
[2025-04-06T21:35:55.716+0000] {logging_mixin.py:190} INFO - [2025-04-06T21:35:55.715+0000] {dag.py:4180} INFO - Setting next_dagrun for example_bash_operator to 2025-04-05 00:00:00+00:00, run_after=2025-04-06 00:00:00+00:00
[2025-04-06T21:35:55.734+0000] {processor.py:208} INFO - Processing /home/airflow/.local/lib/python3.12/site-packages/airflow/example_dags/example_bash_operator.py took 0.114 seconds
[2025-04-06T21:36:26.665+0000] {processor.py:186} INFO - Started process (PID=625) to work on /home/airflow/.local/lib/python3.12/site-packages/airflow/example_dags/example_bash_operator.py
[2025-04-06T21:36:26.666+0000] {processor.py:914} INFO - Processing file /home/airflow/.local/lib/python3.12/site-packages/airflow/example_dags/example_bash_operator.py for tasks to queue
[2025-04-06T21:36:26.669+0000] {logging_mixin.py:190} INFO - [2025-04-06T21:36:26.668+0000] {dagbag.py:588} INFO - Filling up the DagBag from /home/airflow/.local/lib/python3.12/site-packages/airflow/example_dags/example_bash_operator.py
[2025-04-06T21:36:26.685+0000] {processor.py:925} INFO - DAG(s) 'example_bash_operator' retrieved from /home/airflow/.local/lib/python3.12/site-packages/airflow/example_dags/example_bash_operator.py
[2025-04-06T21:36:26.724+0000] {logging_mixin.py:190} INFO - [2025-04-06T21:36:26.724+0000] {dag.py:3239} INFO - Sync 1 DAGs
[2025-04-06T21:36:26.764+0000] {logging_mixin.py:190} INFO - [2025-04-06T21:36:26.764+0000] {dag.py:4180} INFO - Setting next_dagrun for example_bash_operator to 2025-04-05 00:00:00+00:00, run_after=2025-04-06 00:00:00+00:00
[2025-04-06T21:36:26.785+0000] {processor.py:208} INFO - Processing /home/airflow/.local/lib/python3.12/site-packages/airflow/example_dags/example_bash_operator.py took 0.126 seconds
[2025-04-06T21:36:57.151+0000] {processor.py:186} INFO - Started process (PID=689) to work on /home/airflow/.local/lib/python3.12/site-packages/airflow/example_dags/example_bash_operator.py
[2025-04-06T21:36:57.152+0000] {processor.py:914} INFO - Processing file /home/airflow/.local/lib/python3.12/site-packages/airflow/example_dags/example_bash_operator.py for tasks to queue
[2025-04-06T21:36:57.155+0000] {logging_mixin.py:190} INFO - [2025-04-06T21:36:57.154+0000] {dagbag.py:588} INFO - Filling up the DagBag from /home/airflow/.local/lib/python3.12/site-packages/airflow/example_dags/example_bash_operator.py
[2025-04-06T21:36:57.171+0000] {processor.py:925} INFO - DAG(s) 'example_bash_operator' retrieved from /home/airflow/.local/lib/python3.12/site-packages/airflow/example_dags/example_bash_operator.py
[2025-04-06T21:36:57.207+0000] {logging_mixin.py:190} INFO - [2025-04-06T21:36:57.207+0000] {dag.py:3239} INFO - Sync 1 DAGs
[2025-04-06T21:36:57.243+0000] {logging_mixin.py:190} INFO - [2025-04-06T21:36:57.242+0000] {dag.py:4180} INFO - Setting next_dagrun for example_bash_operator to 2025-04-05 00:00:00+00:00, run_after=2025-04-06 00:00:00+00:00
[2025-04-06T21:36:57.292+0000] {processor.py:208} INFO - Processing /home/airflow/.local/lib/python3.12/site-packages/airflow/example_dags/example_bash_operator.py took 0.147 seconds
[2025-04-06T21:37:27.684+0000] {processor.py:186} INFO - Started process (PID=752) to work on /home/airflow/.local/lib/python3.12/site-packages/airflow/example_dags/example_bash_operator.py
[2025-04-06T21:37:27.684+0000] {processor.py:914} INFO - Processing file /home/airflow/.local/lib/python3.12/site-packages/airflow/example_dags/example_bash_operator.py for tasks to queue
[2025-04-06T21:37:27.687+0000] {logging_mixin.py:190} INFO - [2025-04-06T21:37:27.686+0000] {dagbag.py:588} INFO - Filling up the DagBag from /home/airflow/.local/lib/python3.12/site-packages/airflow/example_dags/example_bash_operator.py
[2025-04-06T21:37:27.704+0000] {processor.py:925} INFO - DAG(s) 'example_bash_operator' retrieved from /home/airflow/.local/lib/python3.12/site-packages/airflow/example_dags/example_bash_operator.py
[2025-04-06T21:37:27.741+0000] {logging_mixin.py:190} INFO - [2025-04-06T21:37:27.741+0000] {dag.py:3239} INFO - Sync 1 DAGs
[2025-04-06T21:37:27.773+0000] {logging_mixin.py:190} INFO - [2025-04-06T21:37:27.773+0000] {dag.py:4180} INFO - Setting next_dagrun for example_bash_operator to 2025-04-05 00:00:00+00:00, run_after=2025-04-06 00:00:00+00:00
[2025-04-06T21:37:27.792+0000] {processor.py:208} INFO - Processing /home/airflow/.local/lib/python3.12/site-packages/airflow/example_dags/example_bash_operator.py took 0.114 seconds
[2025-04-06T21:37:57.918+0000] {processor.py:186} INFO - Started process (PID=816) to work on /home/airflow/.local/lib/python3.12/site-packages/airflow/example_dags/example_bash_operator.py
[2025-04-06T21:37:57.921+0000] {processor.py:914} INFO - Processing file /home/airflow/.local/lib/python3.12/site-packages/airflow/example_dags/example_bash_operator.py for tasks to queue
[2025-04-06T21:37:57.925+0000] {logging_mixin.py:190} INFO - [2025-04-06T21:37:57.925+0000] {dagbag.py:588} INFO - Filling up the DagBag from /home/airflow/.local/lib/python3.12/site-packages/airflow/example_dags/example_bash_operator.py
[2025-04-06T21:37:57.991+0000] {processor.py:925} INFO - DAG(s) 'example_bash_operator' retrieved from /home/airflow/.local/lib/python3.12/site-packages/airflow/example_dags/example_bash_operator.py
[2025-04-06T21:37:58.127+0000] {logging_mixin.py:190} INFO - [2025-04-06T21:37:58.127+0000] {dag.py:3239} INFO - Sync 1 DAGs
[2025-04-06T21:37:58.241+0000] {logging_mixin.py:190} INFO - [2025-04-06T21:37:58.241+0000] {dag.py:4180} INFO - Setting next_dagrun for example_bash_operator to 2025-04-05 00:00:00+00:00, run_after=2025-04-06 00:00:00+00:00
[2025-04-06T21:37:58.305+0000] {processor.py:208} INFO - Processing /home/airflow/.local/lib/python3.12/site-packages/airflow/example_dags/example_bash_operator.py took 0.406 seconds
[2025-04-06T21:38:28.793+0000] {processor.py:186} INFO - Started process (PID=880) to work on /home/airflow/.local/lib/python3.12/site-packages/airflow/example_dags/example_bash_operator.py
[2025-04-06T21:38:28.793+0000] {processor.py:914} INFO - Processing file /home/airflow/.local/lib/python3.12/site-packages/airflow/example_dags/example_bash_operator.py for tasks to queue
[2025-04-06T21:38:28.804+0000] {logging_mixin.py:190} INFO - [2025-04-06T21:38:28.804+0000] {dagbag.py:588} INFO - Filling up the DagBag from /home/airflow/.local/lib/python3.12/site-packages/airflow/example_dags/example_bash_operator.py
[2025-04-06T21:38:28.859+0000] {processor.py:925} INFO - DAG(s) 'example_bash_operator' retrieved from /home/airflow/.local/lib/python3.12/site-packages/airflow/example_dags/example_bash_operator.py
[2025-04-06T21:38:28.935+0000] {logging_mixin.py:190} INFO - [2025-04-06T21:38:28.935+0000] {dag.py:3239} INFO - Sync 1 DAGs
[2025-04-06T21:38:28.991+0000] {logging_mixin.py:190} INFO - [2025-04-06T21:38:28.991+0000] {dag.py:4180} INFO - Setting next_dagrun for example_bash_operator to 2025-04-05 00:00:00+00:00, run_after=2025-04-06 00:00:00+00:00
[2025-04-06T21:38:29.021+0000] {processor.py:208} INFO - Processing /home/airflow/.local/lib/python3.12/site-packages/airflow/example_dags/example_bash_operator.py took 0.250 seconds
[2025-04-06T21:38:59.402+0000] {processor.py:186} INFO - Started process (PID=944) to work on /home/airflow/.local/lib/python3.12/site-packages/airflow/example_dags/example_bash_operator.py
[2025-04-06T21:38:59.403+0000] {processor.py:914} INFO - Processing file /home/airflow/.local/lib/python3.12/site-packages/airflow/example_dags/example_bash_operator.py for tasks to queue
[2025-04-06T21:38:59.406+0000] {logging_mixin.py:190} INFO - [2025-04-06T21:38:59.405+0000] {dagbag.py:588} INFO - Filling up the DagBag from /home/airflow/.local/lib/python3.12/site-packages/airflow/example_dags/example_bash_operator.py
[2025-04-06T21:38:59.422+0000] {processor.py:925} INFO - DAG(s) 'example_bash_operator' retrieved from /home/airflow/.local/lib/python3.12/site-packages/airflow/example_dags/example_bash_operator.py
[2025-04-06T21:38:59.456+0000] {logging_mixin.py:190} INFO - [2025-04-06T21:38:59.456+0000] {dag.py:3239} INFO - Sync 1 DAGs
[2025-04-06T21:38:59.487+0000] {logging_mixin.py:190} INFO - [2025-04-06T21:38:59.487+0000] {dag.py:4180} INFO - Setting next_dagrun for example_bash_operator to 2025-04-05 00:00:00+00:00, run_after=2025-04-06 00:00:00+00:00
[2025-04-06T21:38:59.505+0000] {processor.py:208} INFO - Processing /home/airflow/.local/lib/python3.12/site-packages/airflow/example_dags/example_bash_operator.py took 0.110 seconds
[2025-04-06T21:39:30.030+0000] {processor.py:186} INFO - Started process (PID=1008) to work on /home/airflow/.local/lib/python3.12/site-packages/airflow/example_dags/example_bash_operator.py
[2025-04-06T21:39:30.030+0000] {processor.py:914} INFO - Processing file /home/airflow/.local/lib/python3.12/site-packages/airflow/example_dags/example_bash_operator.py for tasks to queue
[2025-04-06T21:39:30.033+0000] {logging_mixin.py:190} INFO - [2025-04-06T21:39:30.033+0000] {dagbag.py:588} INFO - Filling up the DagBag from /home/airflow/.local/lib/python3.12/site-packages/airflow/example_dags/example_bash_operator.py
[2025-04-06T21:39:30.050+0000] {processor.py:925} INFO - DAG(s) 'example_bash_operator' retrieved from /home/airflow/.local/lib/python3.12/site-packages/airflow/example_dags/example_bash_operator.py
[2025-04-06T21:39:30.085+0000] {logging_mixin.py:190} INFO - [2025-04-06T21:39:30.085+0000] {dag.py:3239} INFO - Sync 1 DAGs
[2025-04-06T21:39:30.125+0000] {logging_mixin.py:190} INFO - [2025-04-06T21:39:30.125+0000] {dag.py:4180} INFO - Setting next_dagrun for example_bash_operator to 2025-04-05 00:00:00+00:00, run_after=2025-04-06 00:00:00+00:00
[2025-04-06T21:39:30.142+0000] {processor.py:208} INFO - Processing /home/airflow/.local/lib/python3.12/site-packages/airflow/example_dags/example_bash_operator.py took 0.119 seconds
[2025-04-06T21:40:00.576+0000] {processor.py:186} INFO - Started process (PID=1072) to work on /home/airflow/.local/lib/python3.12/site-packages/airflow/example_dags/example_bash_operator.py
[2025-04-06T21:40:00.577+0000] {processor.py:914} INFO - Processing file /home/airflow/.local/lib/python3.12/site-packages/airflow/example_dags/example_bash_operator.py for tasks to queue
[2025-04-06T21:40:00.580+0000] {logging_mixin.py:190} INFO - [2025-04-06T21:40:00.579+0000] {dagbag.py:588} INFO - Filling up the DagBag from /home/airflow/.local/lib/python3.12/site-packages/airflow/example_dags/example_bash_operator.py
[2025-04-06T21:40:00.597+0000] {processor.py:925} INFO - DAG(s) 'example_bash_operator' retrieved from /home/airflow/.local/lib/python3.12/site-packages/airflow/example_dags/example_bash_operator.py
[2025-04-06T21:40:00.634+0000] {logging_mixin.py:190} INFO - [2025-04-06T21:40:00.634+0000] {dag.py:3239} INFO - Sync 1 DAGs
[2025-04-06T21:40:00.665+0000] {logging_mixin.py:190} INFO - [2025-04-06T21:40:00.664+0000] {dag.py:4180} INFO - Setting next_dagrun for example_bash_operator to 2025-04-05 00:00:00+00:00, run_after=2025-04-06 00:00:00+00:00
[2025-04-06T21:40:00.686+0000] {processor.py:208} INFO - Processing /home/airflow/.local/lib/python3.12/site-packages/airflow/example_dags/example_bash_operator.py took 0.117 seconds
[2025-04-06T21:40:31.145+0000] {processor.py:186} INFO - Started process (PID=1136) to work on /home/airflow/.local/lib/python3.12/site-packages/airflow/example_dags/example_bash_operator.py
[2025-04-06T21:40:31.145+0000] {processor.py:914} INFO - Processing file /home/airflow/.local/lib/python3.12/site-packages/airflow/example_dags/example_bash_operator.py for tasks to queue
[2025-04-06T21:40:31.148+0000] {logging_mixin.py:190} INFO - [2025-04-06T21:40:31.147+0000] {dagbag.py:588} INFO - Filling up the DagBag from /home/airflow/.local/lib/python3.12/site-packages/airflow/example_dags/example_bash_operator.py
[2025-04-06T21:40:31.165+0000] {processor.py:925} INFO - DAG(s) 'example_bash_operator' retrieved from /home/airflow/.local/lib/python3.12/site-packages/airflow/example_dags/example_bash_operator.py
[2025-04-06T21:40:31.201+0000] {logging_mixin.py:190} INFO - [2025-04-06T21:40:31.201+0000] {dag.py:3239} INFO - Sync 1 DAGs
[2025-04-06T21:40:31.252+0000] {logging_mixin.py:190} INFO - [2025-04-06T21:40:31.251+0000] {dag.py:4180} INFO - Setting next_dagrun for example_bash_operator to 2025-04-05 00:00:00+00:00, run_after=2025-04-06 00:00:00+00:00
[2025-04-06T21:40:31.280+0000] {processor.py:208} INFO - Processing /home/airflow/.local/lib/python3.12/site-packages/airflow/example_dags/example_bash_operator.py took 0.142 seconds
[2025-04-06T21:41:01.516+0000] {processor.py:186} INFO - Started process (PID=1200) to work on /home/airflow/.local/lib/python3.12/site-packages/airflow/example_dags/example_bash_operator.py
[2025-04-06T21:41:01.517+0000] {processor.py:914} INFO - Processing file /home/airflow/.local/lib/python3.12/site-packages/airflow/example_dags/example_bash_operator.py for tasks to queue
[2025-04-06T21:41:01.520+0000] {logging_mixin.py:190} INFO - [2025-04-06T21:41:01.519+0000] {dagbag.py:588} INFO - Filling up the DagBag from /home/airflow/.local/lib/python3.12/site-packages/airflow/example_dags/example_bash_operator.py
[2025-04-06T21:41:01.537+0000] {processor.py:925} INFO - DAG(s) 'example_bash_operator' retrieved from /home/airflow/.local/lib/python3.12/site-packages/airflow/example_dags/example_bash_operator.py
[2025-04-06T21:41:01.570+0000] {logging_mixin.py:190} INFO - [2025-04-06T21:41:01.570+0000] {dag.py:3239} INFO - Sync 1 DAGs
[2025-04-06T21:41:01.601+0000] {logging_mixin.py:190} INFO - [2025-04-06T21:41:01.601+0000] {dag.py:4180} INFO - Setting next_dagrun for example_bash_operator to 2025-04-05 00:00:00+00:00, run_after=2025-04-06 00:00:00+00:00
[2025-04-06T21:41:01.619+0000] {processor.py:208} INFO - Processing /home/airflow/.local/lib/python3.12/site-packages/airflow/example_dags/example_bash_operator.py took 0.110 seconds
[2025-04-06T21:41:32.311+0000] {processor.py:186} INFO - Started process (PID=1265) to work on /home/airflow/.local/lib/python3.12/site-packages/airflow/example_dags/example_bash_operator.py
[2025-04-06T21:41:32.312+0000] {processor.py:914} INFO - Processing file /home/airflow/.local/lib/python3.12/site-packages/airflow/example_dags/example_bash_operator.py for tasks to queue
[2025-04-06T21:41:32.314+0000] {logging_mixin.py:190} INFO - [2025-04-06T21:41:32.314+0000] {dagbag.py:588} INFO - Filling up the DagBag from /home/airflow/.local/lib/python3.12/site-packages/airflow/example_dags/example_bash_operator.py
[2025-04-06T21:41:32.331+0000] {processor.py:925} INFO - DAG(s) 'example_bash_operator' retrieved from /home/airflow/.local/lib/python3.12/site-packages/airflow/example_dags/example_bash_operator.py
[2025-04-06T21:41:32.366+0000] {logging_mixin.py:190} INFO - [2025-04-06T21:41:32.366+0000] {dag.py:3239} INFO - Sync 1 DAGs
[2025-04-06T21:41:32.426+0000] {logging_mixin.py:190} INFO - [2025-04-06T21:41:32.426+0000] {dag.py:4180} INFO - Setting next_dagrun for example_bash_operator to 2025-04-05 00:00:00+00:00, run_after=2025-04-06 00:00:00+00:00
[2025-04-06T21:41:32.459+0000] {processor.py:208} INFO - Processing /home/airflow/.local/lib/python3.12/site-packages/airflow/example_dags/example_bash_operator.py took 0.155 seconds
[2025-04-06T21:42:03.163+0000] {processor.py:186} INFO - Started process (PID=1329) to work on /home/airflow/.local/lib/python3.12/site-packages/airflow/example_dags/example_bash_operator.py
[2025-04-06T21:42:03.164+0000] {processor.py:914} INFO - Processing file /home/airflow/.local/lib/python3.12/site-packages/airflow/example_dags/example_bash_operator.py for tasks to queue
[2025-04-06T21:42:03.166+0000] {logging_mixin.py:190} INFO - [2025-04-06T21:42:03.166+0000] {dagbag.py:588} INFO - Filling up the DagBag from /home/airflow/.local/lib/python3.12/site-packages/airflow/example_dags/example_bash_operator.py
[2025-04-06T21:42:03.183+0000] {processor.py:925} INFO - DAG(s) 'example_bash_operator' retrieved from /home/airflow/.local/lib/python3.12/site-packages/airflow/example_dags/example_bash_operator.py
[2025-04-06T21:42:03.218+0000] {logging_mixin.py:190} INFO - [2025-04-06T21:42:03.218+0000] {dag.py:3239} INFO - Sync 1 DAGs
[2025-04-06T21:42:03.250+0000] {logging_mixin.py:190} INFO - [2025-04-06T21:42:03.249+0000] {dag.py:4180} INFO - Setting next_dagrun for example_bash_operator to 2025-04-05 00:00:00+00:00, run_after=2025-04-06 00:00:00+00:00
[2025-04-06T21:42:03.269+0000] {processor.py:208} INFO - Processing /home/airflow/.local/lib/python3.12/site-packages/airflow/example_dags/example_bash_operator.py took 0.113 seconds
[2025-04-06T21:42:33.864+0000] {processor.py:186} INFO - Started process (PID=1392) to work on /home/airflow/.local/lib/python3.12/site-packages/airflow/example_dags/example_bash_operator.py
[2025-04-06T21:42:33.865+0000] {processor.py:914} INFO - Processing file /home/airflow/.local/lib/python3.12/site-packages/airflow/example_dags/example_bash_operator.py for tasks to queue
[2025-04-06T21:42:33.870+0000] {logging_mixin.py:190} INFO - [2025-04-06T21:42:33.869+0000] {dagbag.py:588} INFO - Filling up the DagBag from /home/airflow/.local/lib/python3.12/site-packages/airflow/example_dags/example_bash_operator.py
[2025-04-06T21:42:33.898+0000] {processor.py:925} INFO - DAG(s) 'example_bash_operator' retrieved from /home/airflow/.local/lib/python3.12/site-packages/airflow/example_dags/example_bash_operator.py
[2025-04-06T21:42:33.943+0000] {logging_mixin.py:190} INFO - [2025-04-06T21:42:33.942+0000] {dag.py:3239} INFO - Sync 1 DAGs
[2025-04-06T21:42:33.973+0000] {logging_mixin.py:190} INFO - [2025-04-06T21:42:33.973+0000] {dag.py:4180} INFO - Setting next_dagrun for example_bash_operator to 2025-04-05 00:00:00+00:00, run_after=2025-04-06 00:00:00+00:00
[2025-04-06T21:42:33.991+0000] {processor.py:208} INFO - Processing /home/airflow/.local/lib/python3.12/site-packages/airflow/example_dags/example_bash_operator.py took 0.141 seconds
[2025-04-06T21:43:04.151+0000] {processor.py:186} INFO - Started process (PID=1456) to work on /home/airflow/.local/lib/python3.12/site-packages/airflow/example_dags/example_bash_operator.py
[2025-04-06T21:43:04.152+0000] {processor.py:914} INFO - Processing file /home/airflow/.local/lib/python3.12/site-packages/airflow/example_dags/example_bash_operator.py for tasks to queue
[2025-04-06T21:43:04.155+0000] {logging_mixin.py:190} INFO - [2025-04-06T21:43:04.154+0000] {dagbag.py:588} INFO - Filling up the DagBag from /home/airflow/.local/lib/python3.12/site-packages/airflow/example_dags/example_bash_operator.py
[2025-04-06T21:43:04.174+0000] {processor.py:925} INFO - DAG(s) 'example_bash_operator' retrieved from /home/airflow/.local/lib/python3.12/site-packages/airflow/example_dags/example_bash_operator.py
[2025-04-06T21:43:04.210+0000] {logging_mixin.py:190} INFO - [2025-04-06T21:43:04.210+0000] {dag.py:3239} INFO - Sync 1 DAGs
[2025-04-06T21:43:04.243+0000] {logging_mixin.py:190} INFO - [2025-04-06T21:43:04.242+0000] {dag.py:4180} INFO - Setting next_dagrun for example_bash_operator to 2025-04-05 00:00:00+00:00, run_after=2025-04-06 00:00:00+00:00
[2025-04-06T21:43:04.261+0000] {processor.py:208} INFO - Processing /home/airflow/.local/lib/python3.12/site-packages/airflow/example_dags/example_bash_operator.py took 0.117 seconds
[2025-04-06T21:43:34.432+0000] {processor.py:186} INFO - Started process (PID=1520) to work on /home/airflow/.local/lib/python3.12/site-packages/airflow/example_dags/example_bash_operator.py
[2025-04-06T21:43:34.439+0000] {processor.py:914} INFO - Processing file /home/airflow/.local/lib/python3.12/site-packages/airflow/example_dags/example_bash_operator.py for tasks to queue
[2025-04-06T21:43:34.444+0000] {logging_mixin.py:190} INFO - [2025-04-06T21:43:34.443+0000] {dagbag.py:588} INFO - Filling up the DagBag from /home/airflow/.local/lib/python3.12/site-packages/airflow/example_dags/example_bash_operator.py
[2025-04-06T21:43:34.507+0000] {processor.py:925} INFO - DAG(s) 'example_bash_operator' retrieved from /home/airflow/.local/lib/python3.12/site-packages/airflow/example_dags/example_bash_operator.py
[2025-04-06T21:43:34.606+0000] {logging_mixin.py:190} INFO - [2025-04-06T21:43:34.606+0000] {dag.py:3239} INFO - Sync 1 DAGs
[2025-04-06T21:43:34.671+0000] {logging_mixin.py:190} INFO - [2025-04-06T21:43:34.671+0000] {dag.py:4180} INFO - Setting next_dagrun for example_bash_operator to 2025-04-05 00:00:00+00:00, run_after=2025-04-06 00:00:00+00:00
[2025-04-06T21:43:34.723+0000] {processor.py:208} INFO - Processing /home/airflow/.local/lib/python3.12/site-packages/airflow/example_dags/example_bash_operator.py took 0.311 seconds
[2025-04-06T21:44:05.055+0000] {processor.py:186} INFO - Started process (PID=1584) to work on /home/airflow/.local/lib/python3.12/site-packages/airflow/example_dags/example_bash_operator.py
[2025-04-06T21:44:05.056+0000] {processor.py:914} INFO - Processing file /home/airflow/.local/lib/python3.12/site-packages/airflow/example_dags/example_bash_operator.py for tasks to queue
[2025-04-06T21:44:05.058+0000] {logging_mixin.py:190} INFO - [2025-04-06T21:44:05.058+0000] {dagbag.py:588} INFO - Filling up the DagBag from /home/airflow/.local/lib/python3.12/site-packages/airflow/example_dags/example_bash_operator.py
[2025-04-06T21:44:05.075+0000] {processor.py:925} INFO - DAG(s) 'example_bash_operator' retrieved from /home/airflow/.local/lib/python3.12/site-packages/airflow/example_dags/example_bash_operator.py
[2025-04-06T21:44:05.110+0000] {logging_mixin.py:190} INFO - [2025-04-06T21:44:05.110+0000] {dag.py:3239} INFO - Sync 1 DAGs
[2025-04-06T21:44:05.141+0000] {logging_mixin.py:190} INFO - [2025-04-06T21:44:05.141+0000] {dag.py:4180} INFO - Setting next_dagrun for example_bash_operator to 2025-04-05 00:00:00+00:00, run_after=2025-04-06 00:00:00+00:00
[2025-04-06T21:44:05.160+0000] {processor.py:208} INFO - Processing /home/airflow/.local/lib/python3.12/site-packages/airflow/example_dags/example_bash_operator.py took 0.112 seconds
[2025-04-06T21:44:35.267+0000] {processor.py:186} INFO - Started process (PID=1648) to work on /home/airflow/.local/lib/python3.12/site-packages/airflow/example_dags/example_bash_operator.py
[2025-04-06T21:44:35.270+0000] {processor.py:914} INFO - Processing file /home/airflow/.local/lib/python3.12/site-packages/airflow/example_dags/example_bash_operator.py for tasks to queue
[2025-04-06T21:44:35.275+0000] {logging_mixin.py:190} INFO - [2025-04-06T21:44:35.274+0000] {dagbag.py:588} INFO - Filling up the DagBag from /home/airflow/.local/lib/python3.12/site-packages/airflow/example_dags/example_bash_operator.py
[2025-04-06T21:44:35.311+0000] {processor.py:925} INFO - DAG(s) 'example_bash_operator' retrieved from /home/airflow/.local/lib/python3.12/site-packages/airflow/example_dags/example_bash_operator.py
[2025-04-06T21:44:35.387+0000] {logging_mixin.py:190} INFO - [2025-04-06T21:44:35.387+0000] {dag.py:3239} INFO - Sync 1 DAGs
[2025-04-06T21:44:35.463+0000] {logging_mixin.py:190} INFO - [2025-04-06T21:44:35.462+0000] {dag.py:4180} INFO - Setting next_dagrun for example_bash_operator to 2025-04-05 00:00:00+00:00, run_after=2025-04-06 00:00:00+00:00
[2025-04-06T21:44:35.515+0000] {processor.py:208} INFO - Processing /home/airflow/.local/lib/python3.12/site-packages/airflow/example_dags/example_bash_operator.py took 0.261 seconds
[2025-04-06T21:45:05.734+0000] {processor.py:186} INFO - Started process (PID=1711) to work on /home/airflow/.local/lib/python3.12/site-packages/airflow/example_dags/example_bash_operator.py
[2025-04-06T21:45:05.737+0000] {processor.py:914} INFO - Processing file /home/airflow/.local/lib/python3.12/site-packages/airflow/example_dags/example_bash_operator.py for tasks to queue
[2025-04-06T21:45:05.740+0000] {logging_mixin.py:190} INFO - [2025-04-06T21:45:05.740+0000] {dagbag.py:588} INFO - Filling up the DagBag from /home/airflow/.local/lib/python3.12/site-packages/airflow/example_dags/example_bash_operator.py
[2025-04-06T21:45:05.781+0000] {processor.py:925} INFO - DAG(s) 'example_bash_operator' retrieved from /home/airflow/.local/lib/python3.12/site-packages/airflow/example_dags/example_bash_operator.py
[2025-04-06T21:45:05.847+0000] {logging_mixin.py:190} INFO - [2025-04-06T21:45:05.847+0000] {dag.py:3239} INFO - Sync 1 DAGs
[2025-04-06T21:45:05.877+0000] {logging_mixin.py:190} INFO - [2025-04-06T21:45:05.877+0000] {dag.py:4180} INFO - Setting next_dagrun for example_bash_operator to 2025-04-05 00:00:00+00:00, run_after=2025-04-06 00:00:00+00:00
[2025-04-06T21:45:05.895+0000] {processor.py:208} INFO - Processing /home/airflow/.local/lib/python3.12/site-packages/airflow/example_dags/example_bash_operator.py took 0.180 seconds
[2025-04-06T21:45:36.051+0000] {processor.py:186} INFO - Started process (PID=1775) to work on /home/airflow/.local/lib/python3.12/site-packages/airflow/example_dags/example_bash_operator.py
[2025-04-06T21:45:36.052+0000] {processor.py:914} INFO - Processing file /home/airflow/.local/lib/python3.12/site-packages/airflow/example_dags/example_bash_operator.py for tasks to queue
[2025-04-06T21:45:36.054+0000] {logging_mixin.py:190} INFO - [2025-04-06T21:45:36.054+0000] {dagbag.py:588} INFO - Filling up the DagBag from /home/airflow/.local/lib/python3.12/site-packages/airflow/example_dags/example_bash_operator.py
[2025-04-06T21:45:36.073+0000] {processor.py:925} INFO - DAG(s) 'example_bash_operator' retrieved from /home/airflow/.local/lib/python3.12/site-packages/airflow/example_dags/example_bash_operator.py
[2025-04-06T21:45:36.107+0000] {logging_mixin.py:190} INFO - [2025-04-06T21:45:36.107+0000] {dag.py:3239} INFO - Sync 1 DAGs
[2025-04-06T21:45:36.139+0000] {logging_mixin.py:190} INFO - [2025-04-06T21:45:36.138+0000] {dag.py:4180} INFO - Setting next_dagrun for example_bash_operator to 2025-04-05 00:00:00+00:00, run_after=2025-04-06 00:00:00+00:00
[2025-04-06T21:45:36.155+0000] {processor.py:208} INFO - Processing /home/airflow/.local/lib/python3.12/site-packages/airflow/example_dags/example_bash_operator.py took 0.111 seconds
[2025-04-06T21:46:07.194+0000] {processor.py:186} INFO - Started process (PID=1840) to work on /home/airflow/.local/lib/python3.12/site-packages/airflow/example_dags/example_bash_operator.py
[2025-04-06T21:46:07.197+0000] {processor.py:914} INFO - Processing file /home/airflow/.local/lib/python3.12/site-packages/airflow/example_dags/example_bash_operator.py for tasks to queue
[2025-04-06T21:46:07.200+0000] {logging_mixin.py:190} INFO - [2025-04-06T21:46:07.199+0000] {dagbag.py:588} INFO - Filling up the DagBag from /home/airflow/.local/lib/python3.12/site-packages/airflow/example_dags/example_bash_operator.py
[2025-04-06T21:46:07.218+0000] {processor.py:925} INFO - DAG(s) 'example_bash_operator' retrieved from /home/airflow/.local/lib/python3.12/site-packages/airflow/example_dags/example_bash_operator.py
[2025-04-06T21:46:07.284+0000] {logging_mixin.py:190} INFO - [2025-04-06T21:46:07.284+0000] {dag.py:3239} INFO - Sync 1 DAGs
[2025-04-06T21:46:07.351+0000] {logging_mixin.py:190} INFO - [2025-04-06T21:46:07.351+0000] {dag.py:4180} INFO - Setting next_dagrun for example_bash_operator to 2025-04-05 00:00:00+00:00, run_after=2025-04-06 00:00:00+00:00
[2025-04-06T21:46:07.398+0000] {processor.py:208} INFO - Processing /home/airflow/.local/lib/python3.12/site-packages/airflow/example_dags/example_bash_operator.py took 0.213 seconds
[2025-04-06T21:46:37.707+0000] {processor.py:186} INFO - Started process (PID=1904) to work on /home/airflow/.local/lib/python3.12/site-packages/airflow/example_dags/example_bash_operator.py
[2025-04-06T21:46:37.708+0000] {processor.py:914} INFO - Processing file /home/airflow/.local/lib/python3.12/site-packages/airflow/example_dags/example_bash_operator.py for tasks to queue
[2025-04-06T21:46:37.711+0000] {logging_mixin.py:190} INFO - [2025-04-06T21:46:37.711+0000] {dagbag.py:588} INFO - Filling up the DagBag from /home/airflow/.local/lib/python3.12/site-packages/airflow/example_dags/example_bash_operator.py
[2025-04-06T21:46:37.727+0000] {processor.py:925} INFO - DAG(s) 'example_bash_operator' retrieved from /home/airflow/.local/lib/python3.12/site-packages/airflow/example_dags/example_bash_operator.py
[2025-04-06T21:46:37.761+0000] {logging_mixin.py:190} INFO - [2025-04-06T21:46:37.761+0000] {dag.py:3239} INFO - Sync 1 DAGs
[2025-04-06T21:46:37.792+0000] {logging_mixin.py:190} INFO - [2025-04-06T21:46:37.791+0000] {dag.py:4180} INFO - Setting next_dagrun for example_bash_operator to 2025-04-05 00:00:00+00:00, run_after=2025-04-06 00:00:00+00:00
[2025-04-06T21:46:37.811+0000] {processor.py:208} INFO - Processing /home/airflow/.local/lib/python3.12/site-packages/airflow/example_dags/example_bash_operator.py took 0.111 seconds
[2025-04-06T21:47:08.911+0000] {processor.py:186} INFO - Started process (PID=1967) to work on /home/airflow/.local/lib/python3.12/site-packages/airflow/example_dags/example_bash_operator.py
[2025-04-06T21:47:08.911+0000] {processor.py:914} INFO - Processing file /home/airflow/.local/lib/python3.12/site-packages/airflow/example_dags/example_bash_operator.py for tasks to queue
[2025-04-06T21:47:08.914+0000] {logging_mixin.py:190} INFO - [2025-04-06T21:47:08.914+0000] {dagbag.py:588} INFO - Filling up the DagBag from /home/airflow/.local/lib/python3.12/site-packages/airflow/example_dags/example_bash_operator.py
[2025-04-06T21:47:08.931+0000] {processor.py:925} INFO - DAG(s) 'example_bash_operator' retrieved from /home/airflow/.local/lib/python3.12/site-packages/airflow/example_dags/example_bash_operator.py
[2025-04-06T21:47:08.968+0000] {logging_mixin.py:190} INFO - [2025-04-06T21:47:08.968+0000] {dag.py:3239} INFO - Sync 1 DAGs
[2025-04-06T21:47:08.997+0000] {logging_mixin.py:190} INFO - [2025-04-06T21:47:08.997+0000] {dag.py:4180} INFO - Setting next_dagrun for example_bash_operator to 2025-04-05 00:00:00+00:00, run_after=2025-04-06 00:00:00+00:00
[2025-04-06T21:47:09.016+0000] {processor.py:208} INFO - Processing /home/airflow/.local/lib/python3.12/site-packages/airflow/example_dags/example_bash_operator.py took 0.112 seconds
[2025-04-06T21:47:39.273+0000] {processor.py:186} INFO - Started process (PID=2031) to work on /home/airflow/.local/lib/python3.12/site-packages/airflow/example_dags/example_bash_operator.py
[2025-04-06T21:47:39.274+0000] {processor.py:914} INFO - Processing file /home/airflow/.local/lib/python3.12/site-packages/airflow/example_dags/example_bash_operator.py for tasks to queue
[2025-04-06T21:47:39.277+0000] {logging_mixin.py:190} INFO - [2025-04-06T21:47:39.276+0000] {dagbag.py:588} INFO - Filling up the DagBag from /home/airflow/.local/lib/python3.12/site-packages/airflow/example_dags/example_bash_operator.py
[2025-04-06T21:47:39.293+0000] {processor.py:925} INFO - DAG(s) 'example_bash_operator' retrieved from /home/airflow/.local/lib/python3.12/site-packages/airflow/example_dags/example_bash_operator.py
[2025-04-06T21:47:39.329+0000] {logging_mixin.py:190} INFO - [2025-04-06T21:47:39.329+0000] {dag.py:3239} INFO - Sync 1 DAGs
[2025-04-06T21:47:39.360+0000] {logging_mixin.py:190} INFO - [2025-04-06T21:47:39.360+0000] {dag.py:4180} INFO - Setting next_dagrun for example_bash_operator to 2025-04-05 00:00:00+00:00, run_after=2025-04-06 00:00:00+00:00
[2025-04-06T21:47:39.378+0000] {processor.py:208} INFO - Processing /home/airflow/.local/lib/python3.12/site-packages/airflow/example_dags/example_bash_operator.py took 0.112 seconds
[2025-04-06T21:48:09.997+0000] {processor.py:186} INFO - Started process (PID=2095) to work on /home/airflow/.local/lib/python3.12/site-packages/airflow/example_dags/example_bash_operator.py
[2025-04-06T21:48:09.998+0000] {processor.py:914} INFO - Processing file /home/airflow/.local/lib/python3.12/site-packages/airflow/example_dags/example_bash_operator.py for tasks to queue
[2025-04-06T21:48:10.001+0000] {logging_mixin.py:190} INFO - [2025-04-06T21:48:10.001+0000] {dagbag.py:588} INFO - Filling up the DagBag from /home/airflow/.local/lib/python3.12/site-packages/airflow/example_dags/example_bash_operator.py
[2025-04-06T21:48:10.018+0000] {processor.py:925} INFO - DAG(s) 'example_bash_operator' retrieved from /home/airflow/.local/lib/python3.12/site-packages/airflow/example_dags/example_bash_operator.py
[2025-04-06T21:48:10.053+0000] {logging_mixin.py:190} INFO - [2025-04-06T21:48:10.053+0000] {dag.py:3239} INFO - Sync 1 DAGs
[2025-04-06T21:48:10.084+0000] {logging_mixin.py:190} INFO - [2025-04-06T21:48:10.083+0000] {dag.py:4180} INFO - Setting next_dagrun for example_bash_operator to 2025-04-05 00:00:00+00:00, run_after=2025-04-06 00:00:00+00:00
[2025-04-06T21:48:10.102+0000] {processor.py:208} INFO - Processing /home/airflow/.local/lib/python3.12/site-packages/airflow/example_dags/example_bash_operator.py took 0.112 seconds
[2025-04-06T21:48:40.702+0000] {processor.py:186} INFO - Started process (PID=2159) to work on /home/airflow/.local/lib/python3.12/site-packages/airflow/example_dags/example_bash_operator.py
[2025-04-06T21:48:40.703+0000] {processor.py:914} INFO - Processing file /home/airflow/.local/lib/python3.12/site-packages/airflow/example_dags/example_bash_operator.py for tasks to queue
[2025-04-06T21:48:40.705+0000] {logging_mixin.py:190} INFO - [2025-04-06T21:48:40.705+0000] {dagbag.py:588} INFO - Filling up the DagBag from /home/airflow/.local/lib/python3.12/site-packages/airflow/example_dags/example_bash_operator.py
[2025-04-06T21:48:40.723+0000] {processor.py:925} INFO - DAG(s) 'example_bash_operator' retrieved from /home/airflow/.local/lib/python3.12/site-packages/airflow/example_dags/example_bash_operator.py
[2025-04-06T21:48:40.760+0000] {logging_mixin.py:190} INFO - [2025-04-06T21:48:40.760+0000] {dag.py:3239} INFO - Sync 1 DAGs
[2025-04-06T21:48:40.814+0000] {logging_mixin.py:190} INFO - [2025-04-06T21:48:40.814+0000] {dag.py:4180} INFO - Setting next_dagrun for example_bash_operator to 2025-04-05 00:00:00+00:00, run_after=2025-04-06 00:00:00+00:00
[2025-04-06T21:48:40.840+0000] {processor.py:208} INFO - Processing /home/airflow/.local/lib/python3.12/site-packages/airflow/example_dags/example_bash_operator.py took 0.145 seconds
[2025-04-06T21:49:11.457+0000] {processor.py:186} INFO - Started process (PID=2223) to work on /home/airflow/.local/lib/python3.12/site-packages/airflow/example_dags/example_bash_operator.py
[2025-04-06T21:49:11.457+0000] {processor.py:914} INFO - Processing file /home/airflow/.local/lib/python3.12/site-packages/airflow/example_dags/example_bash_operator.py for tasks to queue
[2025-04-06T21:49:11.460+0000] {logging_mixin.py:190} INFO - [2025-04-06T21:49:11.460+0000] {dagbag.py:588} INFO - Filling up the DagBag from /home/airflow/.local/lib/python3.12/site-packages/airflow/example_dags/example_bash_operator.py
[2025-04-06T21:49:11.484+0000] {processor.py:925} INFO - DAG(s) 'example_bash_operator' retrieved from /home/airflow/.local/lib/python3.12/site-packages/airflow/example_dags/example_bash_operator.py
[2025-04-06T21:49:11.517+0000] {logging_mixin.py:190} INFO - [2025-04-06T21:49:11.517+0000] {dag.py:3239} INFO - Sync 1 DAGs
[2025-04-06T21:49:11.548+0000] {logging_mixin.py:190} INFO - [2025-04-06T21:49:11.548+0000] {dag.py:4180} INFO - Setting next_dagrun for example_bash_operator to 2025-04-05 00:00:00+00:00, run_after=2025-04-06 00:00:00+00:00
[2025-04-06T21:49:11.567+0000] {processor.py:208} INFO - Processing /home/airflow/.local/lib/python3.12/site-packages/airflow/example_dags/example_bash_operator.py took 0.118 seconds
[2025-04-06T21:49:42.509+0000] {processor.py:186} INFO - Started process (PID=2286) to work on /home/airflow/.local/lib/python3.12/site-packages/airflow/example_dags/example_bash_operator.py
[2025-04-06T21:49:42.509+0000] {processor.py:914} INFO - Processing file /home/airflow/.local/lib/python3.12/site-packages/airflow/example_dags/example_bash_operator.py for tasks to queue
[2025-04-06T21:49:42.512+0000] {logging_mixin.py:190} INFO - [2025-04-06T21:49:42.512+0000] {dagbag.py:588} INFO - Filling up the DagBag from /home/airflow/.local/lib/python3.12/site-packages/airflow/example_dags/example_bash_operator.py
[2025-04-06T21:49:42.529+0000] {processor.py:925} INFO - DAG(s) 'example_bash_operator' retrieved from /home/airflow/.local/lib/python3.12/site-packages/airflow/example_dags/example_bash_operator.py
[2025-04-06T21:49:42.563+0000] {logging_mixin.py:190} INFO - [2025-04-06T21:49:42.562+0000] {dag.py:3239} INFO - Sync 1 DAGs
[2025-04-06T21:49:42.597+0000] {logging_mixin.py:190} INFO - [2025-04-06T21:49:42.597+0000] {dag.py:4180} INFO - Setting next_dagrun for example_bash_operator to 2025-04-05 00:00:00+00:00, run_after=2025-04-06 00:00:00+00:00
[2025-04-06T21:49:42.615+0000] {processor.py:208} INFO - Processing /home/airflow/.local/lib/python3.12/site-packages/airflow/example_dags/example_bash_operator.py took 0.114 seconds
[2025-04-06T21:50:13.590+0000] {processor.py:186} INFO - Started process (PID=2350) to work on /home/airflow/.local/lib/python3.12/site-packages/airflow/example_dags/example_bash_operator.py
[2025-04-06T21:50:13.591+0000] {processor.py:914} INFO - Processing file /home/airflow/.local/lib/python3.12/site-packages/airflow/example_dags/example_bash_operator.py for tasks to queue
[2025-04-06T21:50:13.596+0000] {logging_mixin.py:190} INFO - [2025-04-06T21:50:13.595+0000] {dagbag.py:588} INFO - Filling up the DagBag from /home/airflow/.local/lib/python3.12/site-packages/airflow/example_dags/example_bash_operator.py
[2025-04-06T21:50:13.635+0000] {processor.py:925} INFO - DAG(s) 'example_bash_operator' retrieved from /home/airflow/.local/lib/python3.12/site-packages/airflow/example_dags/example_bash_operator.py
[2025-04-06T21:50:13.703+0000] {logging_mixin.py:190} INFO - [2025-04-06T21:50:13.703+0000] {dag.py:3239} INFO - Sync 1 DAGs
[2025-04-06T21:50:13.768+0000] {logging_mixin.py:190} INFO - [2025-04-06T21:50:13.767+0000] {dag.py:4180} INFO - Setting next_dagrun for example_bash_operator to 2025-04-05 00:00:00+00:00, run_after=2025-04-06 00:00:00+00:00
[2025-04-06T21:50:13.807+0000] {processor.py:208} INFO - Processing /home/airflow/.local/lib/python3.12/site-packages/airflow/example_dags/example_bash_operator.py took 0.234 seconds
[2025-04-06T21:50:44.441+0000] {processor.py:186} INFO - Started process (PID=2414) to work on /home/airflow/.local/lib/python3.12/site-packages/airflow/example_dags/example_bash_operator.py
[2025-04-06T21:50:44.442+0000] {processor.py:914} INFO - Processing file /home/airflow/.local/lib/python3.12/site-packages/airflow/example_dags/example_bash_operator.py for tasks to queue
[2025-04-06T21:50:44.445+0000] {logging_mixin.py:190} INFO - [2025-04-06T21:50:44.445+0000] {dagbag.py:588} INFO - Filling up the DagBag from /home/airflow/.local/lib/python3.12/site-packages/airflow/example_dags/example_bash_operator.py
[2025-04-06T21:50:44.465+0000] {processor.py:925} INFO - DAG(s) 'example_bash_operator' retrieved from /home/airflow/.local/lib/python3.12/site-packages/airflow/example_dags/example_bash_operator.py
[2025-04-06T21:50:44.563+0000] {logging_mixin.py:190} INFO - [2025-04-06T21:50:44.563+0000] {dag.py:3239} INFO - Sync 1 DAGs
[2025-04-06T21:50:44.637+0000] {logging_mixin.py:190} INFO - [2025-04-06T21:50:44.636+0000] {dag.py:4180} INFO - Setting next_dagrun for example_bash_operator to 2025-04-05 00:00:00+00:00, run_after=2025-04-06 00:00:00+00:00
[2025-04-06T21:50:44.685+0000] {processor.py:208} INFO - Processing /home/airflow/.local/lib/python3.12/site-packages/airflow/example_dags/example_bash_operator.py took 0.253 seconds
[2025-04-06T21:51:14.913+0000] {processor.py:186} INFO - Started process (PID=2485) to work on /home/airflow/.local/lib/python3.12/site-packages/airflow/example_dags/example_bash_operator.py
[2025-04-06T21:51:14.914+0000] {processor.py:914} INFO - Processing file /home/airflow/.local/lib/python3.12/site-packages/airflow/example_dags/example_bash_operator.py for tasks to queue
[2025-04-06T21:51:14.917+0000] {logging_mixin.py:190} INFO - [2025-04-06T21:51:14.917+0000] {dagbag.py:588} INFO - Filling up the DagBag from /home/airflow/.local/lib/python3.12/site-packages/airflow/example_dags/example_bash_operator.py
[2025-04-06T21:51:14.932+0000] {processor.py:925} INFO - DAG(s) 'example_bash_operator' retrieved from /home/airflow/.local/lib/python3.12/site-packages/airflow/example_dags/example_bash_operator.py
[2025-04-06T21:51:14.966+0000] {logging_mixin.py:190} INFO - [2025-04-06T21:51:14.966+0000] {dag.py:3239} INFO - Sync 1 DAGs
[2025-04-06T21:51:15.002+0000] {logging_mixin.py:190} INFO - [2025-04-06T21:51:15.002+0000] {dag.py:4180} INFO - Setting next_dagrun for example_bash_operator to 2025-04-05 00:00:00+00:00, run_after=2025-04-06 00:00:00+00:00
[2025-04-06T21:51:15.038+0000] {processor.py:208} INFO - Processing /home/airflow/.local/lib/python3.12/site-packages/airflow/example_dags/example_bash_operator.py took 0.131 seconds
[2025-04-06T21:51:46.143+0000] {processor.py:186} INFO - Started process (PID=2551) to work on /home/airflow/.local/lib/python3.12/site-packages/airflow/example_dags/example_bash_operator.py
[2025-04-06T21:51:46.144+0000] {processor.py:914} INFO - Processing file /home/airflow/.local/lib/python3.12/site-packages/airflow/example_dags/example_bash_operator.py for tasks to queue
[2025-04-06T21:51:46.147+0000] {logging_mixin.py:190} INFO - [2025-04-06T21:51:46.147+0000] {dagbag.py:588} INFO - Filling up the DagBag from /home/airflow/.local/lib/python3.12/site-packages/airflow/example_dags/example_bash_operator.py
[2025-04-06T21:51:46.166+0000] {processor.py:925} INFO - DAG(s) 'example_bash_operator' retrieved from /home/airflow/.local/lib/python3.12/site-packages/airflow/example_dags/example_bash_operator.py
[2025-04-06T21:51:46.201+0000] {logging_mixin.py:190} INFO - [2025-04-06T21:51:46.201+0000] {dag.py:3239} INFO - Sync 1 DAGs
[2025-04-06T21:51:46.232+0000] {logging_mixin.py:190} INFO - [2025-04-06T21:51:46.232+0000] {dag.py:4180} INFO - Setting next_dagrun for example_bash_operator to 2025-04-05 00:00:00+00:00, run_after=2025-04-06 00:00:00+00:00
[2025-04-06T21:51:46.250+0000] {processor.py:208} INFO - Processing /home/airflow/.local/lib/python3.12/site-packages/airflow/example_dags/example_bash_operator.py took 0.113 seconds
[2025-04-06T21:52:17.349+0000] {processor.py:186} INFO - Started process (PID=2615) to work on /home/airflow/.local/lib/python3.12/site-packages/airflow/example_dags/example_bash_operator.py
[2025-04-06T21:52:17.351+0000] {processor.py:914} INFO - Processing file /home/airflow/.local/lib/python3.12/site-packages/airflow/example_dags/example_bash_operator.py for tasks to queue
[2025-04-06T21:52:17.353+0000] {logging_mixin.py:190} INFO - [2025-04-06T21:52:17.353+0000] {dagbag.py:588} INFO - Filling up the DagBag from /home/airflow/.local/lib/python3.12/site-packages/airflow/example_dags/example_bash_operator.py
[2025-04-06T21:52:17.370+0000] {processor.py:925} INFO - DAG(s) 'example_bash_operator' retrieved from /home/airflow/.local/lib/python3.12/site-packages/airflow/example_dags/example_bash_operator.py
[2025-04-06T21:52:17.407+0000] {logging_mixin.py:190} INFO - [2025-04-06T21:52:17.406+0000] {dag.py:3239} INFO - Sync 1 DAGs
[2025-04-06T21:52:17.446+0000] {logging_mixin.py:190} INFO - [2025-04-06T21:52:17.443+0000] {dag.py:4180} INFO - Setting next_dagrun for example_bash_operator to 2025-04-05 00:00:00+00:00, run_after=2025-04-06 00:00:00+00:00
[2025-04-06T21:52:17.480+0000] {processor.py:208} INFO - Processing /home/airflow/.local/lib/python3.12/site-packages/airflow/example_dags/example_bash_operator.py took 0.138 seconds
[2025-04-06T21:52:47.975+0000] {processor.py:186} INFO - Started process (PID=2679) to work on /home/airflow/.local/lib/python3.12/site-packages/airflow/example_dags/example_bash_operator.py
[2025-04-06T21:52:47.976+0000] {processor.py:914} INFO - Processing file /home/airflow/.local/lib/python3.12/site-packages/airflow/example_dags/example_bash_operator.py for tasks to queue
[2025-04-06T21:52:47.978+0000] {logging_mixin.py:190} INFO - [2025-04-06T21:52:47.978+0000] {dagbag.py:588} INFO - Filling up the DagBag from /home/airflow/.local/lib/python3.12/site-packages/airflow/example_dags/example_bash_operator.py
[2025-04-06T21:52:47.994+0000] {processor.py:925} INFO - DAG(s) 'example_bash_operator' retrieved from /home/airflow/.local/lib/python3.12/site-packages/airflow/example_dags/example_bash_operator.py
[2025-04-06T21:52:48.028+0000] {logging_mixin.py:190} INFO - [2025-04-06T21:52:48.028+0000] {dag.py:3239} INFO - Sync 1 DAGs
[2025-04-06T21:52:48.059+0000] {logging_mixin.py:190} INFO - [2025-04-06T21:52:48.059+0000] {dag.py:4180} INFO - Setting next_dagrun for example_bash_operator to 2025-04-05 00:00:00+00:00, run_after=2025-04-06 00:00:00+00:00
[2025-04-06T21:52:48.077+0000] {processor.py:208} INFO - Processing /home/airflow/.local/lib/python3.12/site-packages/airflow/example_dags/example_bash_operator.py took 0.109 seconds
[2025-04-06T21:53:18.488+0000] {processor.py:186} INFO - Started process (PID=2743) to work on /home/airflow/.local/lib/python3.12/site-packages/airflow/example_dags/example_bash_operator.py
[2025-04-06T21:53:18.489+0000] {processor.py:914} INFO - Processing file /home/airflow/.local/lib/python3.12/site-packages/airflow/example_dags/example_bash_operator.py for tasks to queue
[2025-04-06T21:53:18.492+0000] {logging_mixin.py:190} INFO - [2025-04-06T21:53:18.491+0000] {dagbag.py:588} INFO - Filling up the DagBag from /home/airflow/.local/lib/python3.12/site-packages/airflow/example_dags/example_bash_operator.py
[2025-04-06T21:53:18.509+0000] {processor.py:925} INFO - DAG(s) 'example_bash_operator' retrieved from /home/airflow/.local/lib/python3.12/site-packages/airflow/example_dags/example_bash_operator.py
[2025-04-06T21:53:18.542+0000] {logging_mixin.py:190} INFO - [2025-04-06T21:53:18.542+0000] {dag.py:3239} INFO - Sync 1 DAGs
[2025-04-06T21:53:18.572+0000] {logging_mixin.py:190} INFO - [2025-04-06T21:53:18.572+0000] {dag.py:4180} INFO - Setting next_dagrun for example_bash_operator to 2025-04-05 00:00:00+00:00, run_after=2025-04-06 00:00:00+00:00
[2025-04-06T21:53:18.591+0000] {processor.py:208} INFO - Processing /home/airflow/.local/lib/python3.12/site-packages/airflow/example_dags/example_bash_operator.py took 0.110 seconds
[2025-04-06T21:53:48.965+0000] {processor.py:186} INFO - Started process (PID=2808) to work on /home/airflow/.local/lib/python3.12/site-packages/airflow/example_dags/example_bash_operator.py
[2025-04-06T21:53:48.965+0000] {processor.py:914} INFO - Processing file /home/airflow/.local/lib/python3.12/site-packages/airflow/example_dags/example_bash_operator.py for tasks to queue
[2025-04-06T21:53:48.967+0000] {logging_mixin.py:190} INFO - [2025-04-06T21:53:48.967+0000] {dagbag.py:588} INFO - Filling up the DagBag from /home/airflow/.local/lib/python3.12/site-packages/airflow/example_dags/example_bash_operator.py
[2025-04-06T21:53:48.998+0000] {processor.py:925} INFO - DAG(s) 'example_bash_operator' retrieved from /home/airflow/.local/lib/python3.12/site-packages/airflow/example_dags/example_bash_operator.py
[2025-04-06T21:53:49.065+0000] {logging_mixin.py:190} INFO - [2025-04-06T21:53:49.065+0000] {dag.py:3239} INFO - Sync 1 DAGs
[2025-04-06T21:53:49.101+0000] {logging_mixin.py:190} INFO - [2025-04-06T21:53:49.100+0000] {dag.py:4180} INFO - Setting next_dagrun for example_bash_operator to 2025-04-05 00:00:00+00:00, run_after=2025-04-06 00:00:00+00:00
[2025-04-06T21:53:49.121+0000] {processor.py:208} INFO - Processing /home/airflow/.local/lib/python3.12/site-packages/airflow/example_dags/example_bash_operator.py took 0.163 seconds
[2025-04-06T21:54:19.825+0000] {processor.py:186} INFO - Started process (PID=2872) to work on /home/airflow/.local/lib/python3.12/site-packages/airflow/example_dags/example_bash_operator.py
[2025-04-06T21:54:19.825+0000] {processor.py:914} INFO - Processing file /home/airflow/.local/lib/python3.12/site-packages/airflow/example_dags/example_bash_operator.py for tasks to queue
[2025-04-06T21:54:19.828+0000] {logging_mixin.py:190} INFO - [2025-04-06T21:54:19.827+0000] {dagbag.py:588} INFO - Filling up the DagBag from /home/airflow/.local/lib/python3.12/site-packages/airflow/example_dags/example_bash_operator.py
[2025-04-06T21:54:19.845+0000] {processor.py:925} INFO - DAG(s) 'example_bash_operator' retrieved from /home/airflow/.local/lib/python3.12/site-packages/airflow/example_dags/example_bash_operator.py
[2025-04-06T21:54:19.880+0000] {logging_mixin.py:190} INFO - [2025-04-06T21:54:19.880+0000] {dag.py:3239} INFO - Sync 1 DAGs
[2025-04-06T21:54:19.910+0000] {logging_mixin.py:190} INFO - [2025-04-06T21:54:19.910+0000] {dag.py:4180} INFO - Setting next_dagrun for example_bash_operator to 2025-04-05 00:00:00+00:00, run_after=2025-04-06 00:00:00+00:00
[2025-04-06T21:54:19.928+0000] {processor.py:208} INFO - Processing /home/airflow/.local/lib/python3.12/site-packages/airflow/example_dags/example_bash_operator.py took 0.111 seconds
[2025-04-06T21:54:50.668+0000] {processor.py:186} INFO - Started process (PID=2936) to work on /home/airflow/.local/lib/python3.12/site-packages/airflow/example_dags/example_bash_operator.py
[2025-04-06T21:54:50.669+0000] {processor.py:914} INFO - Processing file /home/airflow/.local/lib/python3.12/site-packages/airflow/example_dags/example_bash_operator.py for tasks to queue
[2025-04-06T21:54:50.671+0000] {logging_mixin.py:190} INFO - [2025-04-06T21:54:50.671+0000] {dagbag.py:588} INFO - Filling up the DagBag from /home/airflow/.local/lib/python3.12/site-packages/airflow/example_dags/example_bash_operator.py
[2025-04-06T21:54:50.688+0000] {processor.py:925} INFO - DAG(s) 'example_bash_operator' retrieved from /home/airflow/.local/lib/python3.12/site-packages/airflow/example_dags/example_bash_operator.py
[2025-04-06T21:54:50.722+0000] {logging_mixin.py:190} INFO - [2025-04-06T21:54:50.721+0000] {dag.py:3239} INFO - Sync 1 DAGs
[2025-04-06T21:54:50.753+0000] {logging_mixin.py:190} INFO - [2025-04-06T21:54:50.752+0000] {dag.py:4180} INFO - Setting next_dagrun for example_bash_operator to 2025-04-05 00:00:00+00:00, run_after=2025-04-06 00:00:00+00:00
[2025-04-06T21:54:50.771+0000] {processor.py:208} INFO - Processing /home/airflow/.local/lib/python3.12/site-packages/airflow/example_dags/example_bash_operator.py took 0.111 seconds
[2025-04-06T21:55:21.206+0000] {processor.py:186} INFO - Started process (PID=3000) to work on /home/airflow/.local/lib/python3.12/site-packages/airflow/example_dags/example_bash_operator.py
[2025-04-06T21:55:21.207+0000] {processor.py:914} INFO - Processing file /home/airflow/.local/lib/python3.12/site-packages/airflow/example_dags/example_bash_operator.py for tasks to queue
[2025-04-06T21:55:21.210+0000] {logging_mixin.py:190} INFO - [2025-04-06T21:55:21.210+0000] {dagbag.py:588} INFO - Filling up the DagBag from /home/airflow/.local/lib/python3.12/site-packages/airflow/example_dags/example_bash_operator.py
[2025-04-06T21:55:21.226+0000] {processor.py:925} INFO - DAG(s) 'example_bash_operator' retrieved from /home/airflow/.local/lib/python3.12/site-packages/airflow/example_dags/example_bash_operator.py
[2025-04-06T21:55:21.262+0000] {logging_mixin.py:190} INFO - [2025-04-06T21:55:21.261+0000] {dag.py:3239} INFO - Sync 1 DAGs
[2025-04-06T21:55:21.293+0000] {logging_mixin.py:190} INFO - [2025-04-06T21:55:21.293+0000] {dag.py:4180} INFO - Setting next_dagrun for example_bash_operator to 2025-04-05 00:00:00+00:00, run_after=2025-04-06 00:00:00+00:00
[2025-04-06T21:55:21.311+0000] {processor.py:208} INFO - Processing /home/airflow/.local/lib/python3.12/site-packages/airflow/example_dags/example_bash_operator.py took 0.111 seconds
[2025-04-06T21:55:52.818+0000] {processor.py:186} INFO - Started process (PID=3066) to work on /home/airflow/.local/lib/python3.12/site-packages/airflow/example_dags/example_bash_operator.py
[2025-04-06T21:55:52.824+0000] {processor.py:914} INFO - Processing file /home/airflow/.local/lib/python3.12/site-packages/airflow/example_dags/example_bash_operator.py for tasks to queue
[2025-04-06T21:55:52.828+0000] {logging_mixin.py:190} INFO - [2025-04-06T21:55:52.828+0000] {dagbag.py:588} INFO - Filling up the DagBag from /home/airflow/.local/lib/python3.12/site-packages/airflow/example_dags/example_bash_operator.py
[2025-04-06T21:55:52.869+0000] {processor.py:925} INFO - DAG(s) 'example_bash_operator' retrieved from /home/airflow/.local/lib/python3.12/site-packages/airflow/example_dags/example_bash_operator.py
[2025-04-06T21:55:52.949+0000] {logging_mixin.py:190} INFO - [2025-04-06T21:55:52.949+0000] {dag.py:3239} INFO - Sync 1 DAGs
[2025-04-06T21:55:52.985+0000] {logging_mixin.py:190} INFO - [2025-04-06T21:55:52.985+0000] {dag.py:4180} INFO - Setting next_dagrun for example_bash_operator to 2025-04-05 00:00:00+00:00, run_after=2025-04-06 00:00:00+00:00
[2025-04-06T21:55:53.004+0000] {processor.py:208} INFO - Processing /home/airflow/.local/lib/python3.12/site-packages/airflow/example_dags/example_bash_operator.py took 0.203 seconds
[2025-04-06T21:56:24.344+0000] {processor.py:186} INFO - Started process (PID=3130) to work on /home/airflow/.local/lib/python3.12/site-packages/airflow/example_dags/example_bash_operator.py
[2025-04-06T21:56:24.346+0000] {processor.py:914} INFO - Processing file /home/airflow/.local/lib/python3.12/site-packages/airflow/example_dags/example_bash_operator.py for tasks to queue
[2025-04-06T21:56:24.350+0000] {logging_mixin.py:190} INFO - [2025-04-06T21:56:24.349+0000] {dagbag.py:588} INFO - Filling up the DagBag from /home/airflow/.local/lib/python3.12/site-packages/airflow/example_dags/example_bash_operator.py
[2025-04-06T21:56:24.399+0000] {processor.py:925} INFO - DAG(s) 'example_bash_operator' retrieved from /home/airflow/.local/lib/python3.12/site-packages/airflow/example_dags/example_bash_operator.py
[2025-04-06T21:56:24.473+0000] {logging_mixin.py:190} INFO - [2025-04-06T21:56:24.473+0000] {dag.py:3239} INFO - Sync 1 DAGs
[2025-04-06T21:56:24.534+0000] {logging_mixin.py:190} INFO - [2025-04-06T21:56:24.534+0000] {dag.py:4180} INFO - Setting next_dagrun for example_bash_operator to 2025-04-05 00:00:00+00:00, run_after=2025-04-06 00:00:00+00:00
[2025-04-06T21:56:24.590+0000] {processor.py:208} INFO - Processing /home/airflow/.local/lib/python3.12/site-packages/airflow/example_dags/example_bash_operator.py took 0.258 seconds
[2025-04-06T21:56:54.799+0000] {processor.py:186} INFO - Started process (PID=3194) to work on /home/airflow/.local/lib/python3.12/site-packages/airflow/example_dags/example_bash_operator.py
[2025-04-06T21:56:54.799+0000] {processor.py:914} INFO - Processing file /home/airflow/.local/lib/python3.12/site-packages/airflow/example_dags/example_bash_operator.py for tasks to queue
[2025-04-06T21:56:54.802+0000] {logging_mixin.py:190} INFO - [2025-04-06T21:56:54.801+0000] {dagbag.py:588} INFO - Filling up the DagBag from /home/airflow/.local/lib/python3.12/site-packages/airflow/example_dags/example_bash_operator.py
[2025-04-06T21:56:54.820+0000] {processor.py:925} INFO - DAG(s) 'example_bash_operator' retrieved from /home/airflow/.local/lib/python3.12/site-packages/airflow/example_dags/example_bash_operator.py
[2025-04-06T21:56:54.858+0000] {logging_mixin.py:190} INFO - [2025-04-06T21:56:54.857+0000] {dag.py:3239} INFO - Sync 1 DAGs
[2025-04-06T21:56:54.886+0000] {logging_mixin.py:190} INFO - [2025-04-06T21:56:54.886+0000] {dag.py:4180} INFO - Setting next_dagrun for example_bash_operator to 2025-04-05 00:00:00+00:00, run_after=2025-04-06 00:00:00+00:00
[2025-04-06T21:56:54.904+0000] {processor.py:208} INFO - Processing /home/airflow/.local/lib/python3.12/site-packages/airflow/example_dags/example_bash_operator.py took 0.113 seconds
[2025-04-06T21:57:26.338+0000] {processor.py:186} INFO - Started process (PID=3259) to work on /home/airflow/.local/lib/python3.12/site-packages/airflow/example_dags/example_bash_operator.py
[2025-04-06T21:57:26.339+0000] {processor.py:914} INFO - Processing file /home/airflow/.local/lib/python3.12/site-packages/airflow/example_dags/example_bash_operator.py for tasks to queue
[2025-04-06T21:57:26.342+0000] {logging_mixin.py:190} INFO - [2025-04-06T21:57:26.341+0000] {dagbag.py:588} INFO - Filling up the DagBag from /home/airflow/.local/lib/python3.12/site-packages/airflow/example_dags/example_bash_operator.py
[2025-04-06T21:57:26.360+0000] {processor.py:925} INFO - DAG(s) 'example_bash_operator' retrieved from /home/airflow/.local/lib/python3.12/site-packages/airflow/example_dags/example_bash_operator.py
[2025-04-06T21:57:26.398+0000] {logging_mixin.py:190} INFO - [2025-04-06T21:57:26.398+0000] {dag.py:3239} INFO - Sync 1 DAGs
[2025-04-06T21:57:26.434+0000] {logging_mixin.py:190} INFO - [2025-04-06T21:57:26.434+0000] {dag.py:4180} INFO - Setting next_dagrun for example_bash_operator to 2025-04-05 00:00:00+00:00, run_after=2025-04-06 00:00:00+00:00
[2025-04-06T21:57:26.452+0000] {processor.py:208} INFO - Processing /home/airflow/.local/lib/python3.12/site-packages/airflow/example_dags/example_bash_operator.py took 0.121 seconds
[2025-04-06T21:57:56.810+0000] {processor.py:186} INFO - Started process (PID=3323) to work on /home/airflow/.local/lib/python3.12/site-packages/airflow/example_dags/example_bash_operator.py
[2025-04-06T21:57:56.811+0000] {processor.py:914} INFO - Processing file /home/airflow/.local/lib/python3.12/site-packages/airflow/example_dags/example_bash_operator.py for tasks to queue
[2025-04-06T21:57:56.813+0000] {logging_mixin.py:190} INFO - [2025-04-06T21:57:56.813+0000] {dagbag.py:588} INFO - Filling up the DagBag from /home/airflow/.local/lib/python3.12/site-packages/airflow/example_dags/example_bash_operator.py
[2025-04-06T21:57:56.831+0000] {processor.py:925} INFO - DAG(s) 'example_bash_operator' retrieved from /home/airflow/.local/lib/python3.12/site-packages/airflow/example_dags/example_bash_operator.py
[2025-04-06T21:57:56.867+0000] {logging_mixin.py:190} INFO - [2025-04-06T21:57:56.867+0000] {dag.py:3239} INFO - Sync 1 DAGs
[2025-04-06T21:57:56.904+0000] {logging_mixin.py:190} INFO - [2025-04-06T21:57:56.903+0000] {dag.py:4180} INFO - Setting next_dagrun for example_bash_operator to 2025-04-05 00:00:00+00:00, run_after=2025-04-06 00:00:00+00:00
[2025-04-06T21:57:56.923+0000] {processor.py:208} INFO - Processing /home/airflow/.local/lib/python3.12/site-packages/airflow/example_dags/example_bash_operator.py took 0.120 seconds
[2025-04-06T21:58:27.991+0000] {processor.py:186} INFO - Started process (PID=3387) to work on /home/airflow/.local/lib/python3.12/site-packages/airflow/example_dags/example_bash_operator.py
[2025-04-06T21:58:27.992+0000] {processor.py:914} INFO - Processing file /home/airflow/.local/lib/python3.12/site-packages/airflow/example_dags/example_bash_operator.py for tasks to queue
[2025-04-06T21:58:27.995+0000] {logging_mixin.py:190} INFO - [2025-04-06T21:58:27.994+0000] {dagbag.py:588} INFO - Filling up the DagBag from /home/airflow/.local/lib/python3.12/site-packages/airflow/example_dags/example_bash_operator.py
[2025-04-06T21:58:28.028+0000] {processor.py:925} INFO - DAG(s) 'example_bash_operator' retrieved from /home/airflow/.local/lib/python3.12/site-packages/airflow/example_dags/example_bash_operator.py
[2025-04-06T21:58:28.062+0000] {logging_mixin.py:190} INFO - [2025-04-06T21:58:28.062+0000] {dag.py:3239} INFO - Sync 1 DAGs
[2025-04-06T21:58:28.093+0000] {logging_mixin.py:190} INFO - [2025-04-06T21:58:28.093+0000] {dag.py:4180} INFO - Setting next_dagrun for example_bash_operator to 2025-04-05 00:00:00+00:00, run_after=2025-04-06 00:00:00+00:00
[2025-04-06T21:58:28.113+0000] {processor.py:208} INFO - Processing /home/airflow/.local/lib/python3.12/site-packages/airflow/example_dags/example_bash_operator.py took 0.129 seconds
[2025-04-06T21:58:58.391+0000] {processor.py:186} INFO - Started process (PID=3451) to work on /home/airflow/.local/lib/python3.12/site-packages/airflow/example_dags/example_bash_operator.py
[2025-04-06T21:58:58.392+0000] {processor.py:914} INFO - Processing file /home/airflow/.local/lib/python3.12/site-packages/airflow/example_dags/example_bash_operator.py for tasks to queue
[2025-04-06T21:58:58.394+0000] {logging_mixin.py:190} INFO - [2025-04-06T21:58:58.394+0000] {dagbag.py:588} INFO - Filling up the DagBag from /home/airflow/.local/lib/python3.12/site-packages/airflow/example_dags/example_bash_operator.py
[2025-04-06T21:58:58.412+0000] {processor.py:925} INFO - DAG(s) 'example_bash_operator' retrieved from /home/airflow/.local/lib/python3.12/site-packages/airflow/example_dags/example_bash_operator.py
[2025-04-06T21:58:58.448+0000] {logging_mixin.py:190} INFO - [2025-04-06T21:58:58.448+0000] {dag.py:3239} INFO - Sync 1 DAGs
[2025-04-06T21:58:58.477+0000] {logging_mixin.py:190} INFO - [2025-04-06T21:58:58.477+0000] {dag.py:4180} INFO - Setting next_dagrun for example_bash_operator to 2025-04-05 00:00:00+00:00, run_after=2025-04-06 00:00:00+00:00
[2025-04-06T21:58:58.496+0000] {processor.py:208} INFO - Processing /home/airflow/.local/lib/python3.12/site-packages/airflow/example_dags/example_bash_operator.py took 0.113 seconds
[2025-04-06T21:59:29.487+0000] {processor.py:186} INFO - Started process (PID=3516) to work on /home/airflow/.local/lib/python3.12/site-packages/airflow/example_dags/example_bash_operator.py
[2025-04-06T21:59:29.488+0000] {processor.py:914} INFO - Processing file /home/airflow/.local/lib/python3.12/site-packages/airflow/example_dags/example_bash_operator.py for tasks to queue
[2025-04-06T21:59:29.490+0000] {logging_mixin.py:190} INFO - [2025-04-06T21:59:29.490+0000] {dagbag.py:588} INFO - Filling up the DagBag from /home/airflow/.local/lib/python3.12/site-packages/airflow/example_dags/example_bash_operator.py
[2025-04-06T21:59:29.508+0000] {processor.py:925} INFO - DAG(s) 'example_bash_operator' retrieved from /home/airflow/.local/lib/python3.12/site-packages/airflow/example_dags/example_bash_operator.py
[2025-04-06T21:59:29.583+0000] {logging_mixin.py:190} INFO - [2025-04-06T21:59:29.582+0000] {dag.py:3239} INFO - Sync 1 DAGs
[2025-04-06T21:59:29.630+0000] {logging_mixin.py:190} INFO - [2025-04-06T21:59:29.629+0000] {dag.py:4180} INFO - Setting next_dagrun for example_bash_operator to 2025-04-05 00:00:00+00:00, run_after=2025-04-06 00:00:00+00:00
[2025-04-06T21:59:29.691+0000] {processor.py:208} INFO - Processing /home/airflow/.local/lib/python3.12/site-packages/airflow/example_dags/example_bash_operator.py took 0.211 seconds
[2025-04-06T22:00:01.008+0000] {processor.py:186} INFO - Started process (PID=3580) to work on /home/airflow/.local/lib/python3.12/site-packages/airflow/example_dags/example_bash_operator.py
[2025-04-06T22:00:01.009+0000] {processor.py:914} INFO - Processing file /home/airflow/.local/lib/python3.12/site-packages/airflow/example_dags/example_bash_operator.py for tasks to queue
[2025-04-06T22:00:01.013+0000] {logging_mixin.py:190} INFO - [2025-04-06T22:00:01.013+0000] {dagbag.py:588} INFO - Filling up the DagBag from /home/airflow/.local/lib/python3.12/site-packages/airflow/example_dags/example_bash_operator.py
[2025-04-06T22:00:01.073+0000] {processor.py:925} INFO - DAG(s) 'example_bash_operator' retrieved from /home/airflow/.local/lib/python3.12/site-packages/airflow/example_dags/example_bash_operator.py
[2025-04-06T22:00:01.180+0000] {logging_mixin.py:190} INFO - [2025-04-06T22:00:01.180+0000] {dag.py:3239} INFO - Sync 1 DAGs
[2025-04-06T22:00:01.270+0000] {logging_mixin.py:190} INFO - [2025-04-06T22:00:01.269+0000] {dag.py:4180} INFO - Setting next_dagrun for example_bash_operator to 2025-04-05 00:00:00+00:00, run_after=2025-04-06 00:00:00+00:00
[2025-04-06T22:00:01.361+0000] {processor.py:208} INFO - Processing /home/airflow/.local/lib/python3.12/site-packages/airflow/example_dags/example_bash_operator.py took 0.376 seconds
[2025-04-06T22:00:32.056+0000] {processor.py:186} INFO - Started process (PID=3645) to work on /home/airflow/.local/lib/python3.12/site-packages/airflow/example_dags/example_bash_operator.py
[2025-04-06T22:00:32.057+0000] {processor.py:914} INFO - Processing file /home/airflow/.local/lib/python3.12/site-packages/airflow/example_dags/example_bash_operator.py for tasks to queue
[2025-04-06T22:00:32.060+0000] {logging_mixin.py:190} INFO - [2025-04-06T22:00:32.059+0000] {dagbag.py:588} INFO - Filling up the DagBag from /home/airflow/.local/lib/python3.12/site-packages/airflow/example_dags/example_bash_operator.py
[2025-04-06T22:00:32.077+0000] {processor.py:925} INFO - DAG(s) 'example_bash_operator' retrieved from /home/airflow/.local/lib/python3.12/site-packages/airflow/example_dags/example_bash_operator.py
[2025-04-06T22:00:32.122+0000] {logging_mixin.py:190} INFO - [2025-04-06T22:00:32.121+0000] {dag.py:3239} INFO - Sync 1 DAGs
[2025-04-06T22:00:32.166+0000] {logging_mixin.py:190} INFO - [2025-04-06T22:00:32.166+0000] {dag.py:4180} INFO - Setting next_dagrun for example_bash_operator to 2025-04-05 00:00:00+00:00, run_after=2025-04-06 00:00:00+00:00
[2025-04-06T22:00:32.184+0000] {processor.py:208} INFO - Processing /home/airflow/.local/lib/python3.12/site-packages/airflow/example_dags/example_bash_operator.py took 0.135 seconds
[2025-04-06T22:01:02.736+0000] {processor.py:186} INFO - Started process (PID=3709) to work on /home/airflow/.local/lib/python3.12/site-packages/airflow/example_dags/example_bash_operator.py
[2025-04-06T22:01:02.737+0000] {processor.py:914} INFO - Processing file /home/airflow/.local/lib/python3.12/site-packages/airflow/example_dags/example_bash_operator.py for tasks to queue
[2025-04-06T22:01:02.739+0000] {logging_mixin.py:190} INFO - [2025-04-06T22:01:02.738+0000] {dagbag.py:588} INFO - Filling up the DagBag from /home/airflow/.local/lib/python3.12/site-packages/airflow/example_dags/example_bash_operator.py
[2025-04-06T22:01:02.756+0000] {processor.py:925} INFO - DAG(s) 'example_bash_operator' retrieved from /home/airflow/.local/lib/python3.12/site-packages/airflow/example_dags/example_bash_operator.py
[2025-04-06T22:01:02.792+0000] {logging_mixin.py:190} INFO - [2025-04-06T22:01:02.792+0000] {dag.py:3239} INFO - Sync 1 DAGs
[2025-04-06T22:01:02.823+0000] {logging_mixin.py:190} INFO - [2025-04-06T22:01:02.823+0000] {dag.py:4180} INFO - Setting next_dagrun for example_bash_operator to 2025-04-05 00:00:00+00:00, run_after=2025-04-06 00:00:00+00:00
[2025-04-06T22:01:02.840+0000] {processor.py:208} INFO - Processing /home/airflow/.local/lib/python3.12/site-packages/airflow/example_dags/example_bash_operator.py took 0.111 seconds
[2025-04-06T22:01:32.900+0000] {processor.py:186} INFO - Started process (PID=3773) to work on /home/airflow/.local/lib/python3.12/site-packages/airflow/example_dags/example_bash_operator.py
[2025-04-06T22:01:32.901+0000] {processor.py:914} INFO - Processing file /home/airflow/.local/lib/python3.12/site-packages/airflow/example_dags/example_bash_operator.py for tasks to queue
[2025-04-06T22:01:32.904+0000] {logging_mixin.py:190} INFO - [2025-04-06T22:01:32.903+0000] {dagbag.py:588} INFO - Filling up the DagBag from /home/airflow/.local/lib/python3.12/site-packages/airflow/example_dags/example_bash_operator.py
[2025-04-06T22:01:32.920+0000] {processor.py:925} INFO - DAG(s) 'example_bash_operator' retrieved from /home/airflow/.local/lib/python3.12/site-packages/airflow/example_dags/example_bash_operator.py
[2025-04-06T22:01:32.957+0000] {logging_mixin.py:190} INFO - [2025-04-06T22:01:32.957+0000] {dag.py:3239} INFO - Sync 1 DAGs
[2025-04-06T22:01:32.987+0000] {logging_mixin.py:190} INFO - [2025-04-06T22:01:32.987+0000] {dag.py:4180} INFO - Setting next_dagrun for example_bash_operator to 2025-04-05 00:00:00+00:00, run_after=2025-04-06 00:00:00+00:00
[2025-04-06T22:01:33.006+0000] {processor.py:208} INFO - Processing /home/airflow/.local/lib/python3.12/site-packages/airflow/example_dags/example_bash_operator.py took 0.112 seconds
[2025-04-06T22:02:03.349+0000] {processor.py:186} INFO - Started process (PID=3835) to work on /home/airflow/.local/lib/python3.12/site-packages/airflow/example_dags/example_bash_operator.py
[2025-04-06T22:02:03.350+0000] {processor.py:914} INFO - Processing file /home/airflow/.local/lib/python3.12/site-packages/airflow/example_dags/example_bash_operator.py for tasks to queue
[2025-04-06T22:02:03.354+0000] {logging_mixin.py:190} INFO - [2025-04-06T22:02:03.353+0000] {dagbag.py:588} INFO - Filling up the DagBag from /home/airflow/.local/lib/python3.12/site-packages/airflow/example_dags/example_bash_operator.py
[2025-04-06T22:02:03.370+0000] {processor.py:925} INFO - DAG(s) 'example_bash_operator' retrieved from /home/airflow/.local/lib/python3.12/site-packages/airflow/example_dags/example_bash_operator.py
[2025-04-06T22:02:03.404+0000] {logging_mixin.py:190} INFO - [2025-04-06T22:02:03.404+0000] {dag.py:3239} INFO - Sync 1 DAGs
[2025-04-06T22:02:03.436+0000] {logging_mixin.py:190} INFO - [2025-04-06T22:02:03.436+0000] {dag.py:4180} INFO - Setting next_dagrun for example_bash_operator to 2025-04-05 00:00:00+00:00, run_after=2025-04-06 00:00:00+00:00
[2025-04-06T22:02:03.455+0000] {processor.py:208} INFO - Processing /home/airflow/.local/lib/python3.12/site-packages/airflow/example_dags/example_bash_operator.py took 0.112 seconds
[2025-04-06T22:02:34.220+0000] {processor.py:186} INFO - Started process (PID=3899) to work on /home/airflow/.local/lib/python3.12/site-packages/airflow/example_dags/example_bash_operator.py
[2025-04-06T22:02:34.220+0000] {processor.py:914} INFO - Processing file /home/airflow/.local/lib/python3.12/site-packages/airflow/example_dags/example_bash_operator.py for tasks to queue
[2025-04-06T22:02:34.223+0000] {logging_mixin.py:190} INFO - [2025-04-06T22:02:34.223+0000] {dagbag.py:588} INFO - Filling up the DagBag from /home/airflow/.local/lib/python3.12/site-packages/airflow/example_dags/example_bash_operator.py
[2025-04-06T22:02:34.240+0000] {processor.py:925} INFO - DAG(s) 'example_bash_operator' retrieved from /home/airflow/.local/lib/python3.12/site-packages/airflow/example_dags/example_bash_operator.py
[2025-04-06T22:02:34.273+0000] {logging_mixin.py:190} INFO - [2025-04-06T22:02:34.273+0000] {dag.py:3239} INFO - Sync 1 DAGs
[2025-04-06T22:02:34.303+0000] {logging_mixin.py:190} INFO - [2025-04-06T22:02:34.303+0000] {dag.py:4180} INFO - Setting next_dagrun for example_bash_operator to 2025-04-05 00:00:00+00:00, run_after=2025-04-06 00:00:00+00:00
[2025-04-06T22:02:34.321+0000] {processor.py:208} INFO - Processing /home/airflow/.local/lib/python3.12/site-packages/airflow/example_dags/example_bash_operator.py took 0.109 seconds
[2025-04-06T22:03:04.587+0000] {processor.py:186} INFO - Started process (PID=3963) to work on /home/airflow/.local/lib/python3.12/site-packages/airflow/example_dags/example_bash_operator.py
[2025-04-06T22:03:04.588+0000] {processor.py:914} INFO - Processing file /home/airflow/.local/lib/python3.12/site-packages/airflow/example_dags/example_bash_operator.py for tasks to queue
[2025-04-06T22:03:04.591+0000] {logging_mixin.py:190} INFO - [2025-04-06T22:03:04.590+0000] {dagbag.py:588} INFO - Filling up the DagBag from /home/airflow/.local/lib/python3.12/site-packages/airflow/example_dags/example_bash_operator.py
[2025-04-06T22:03:04.607+0000] {processor.py:925} INFO - DAG(s) 'example_bash_operator' retrieved from /home/airflow/.local/lib/python3.12/site-packages/airflow/example_dags/example_bash_operator.py
[2025-04-06T22:03:04.643+0000] {logging_mixin.py:190} INFO - [2025-04-06T22:03:04.642+0000] {dag.py:3239} INFO - Sync 1 DAGs
[2025-04-06T22:03:04.673+0000] {logging_mixin.py:190} INFO - [2025-04-06T22:03:04.673+0000] {dag.py:4180} INFO - Setting next_dagrun for example_bash_operator to 2025-04-05 00:00:00+00:00, run_after=2025-04-06 00:00:00+00:00
[2025-04-06T22:03:04.691+0000] {processor.py:208} INFO - Processing /home/airflow/.local/lib/python3.12/site-packages/airflow/example_dags/example_bash_operator.py took 0.110 seconds
[2025-04-06T22:03:35.633+0000] {processor.py:186} INFO - Started process (PID=4026) to work on /home/airflow/.local/lib/python3.12/site-packages/airflow/example_dags/example_bash_operator.py
[2025-04-06T22:03:35.634+0000] {processor.py:914} INFO - Processing file /home/airflow/.local/lib/python3.12/site-packages/airflow/example_dags/example_bash_operator.py for tasks to queue
[2025-04-06T22:03:35.637+0000] {logging_mixin.py:190} INFO - [2025-04-06T22:03:35.636+0000] {dagbag.py:588} INFO - Filling up the DagBag from /home/airflow/.local/lib/python3.12/site-packages/airflow/example_dags/example_bash_operator.py
[2025-04-06T22:03:35.653+0000] {processor.py:925} INFO - DAG(s) 'example_bash_operator' retrieved from /home/airflow/.local/lib/python3.12/site-packages/airflow/example_dags/example_bash_operator.py
[2025-04-06T22:03:35.688+0000] {logging_mixin.py:190} INFO - [2025-04-06T22:03:35.688+0000] {dag.py:3239} INFO - Sync 1 DAGs
[2025-04-06T22:03:35.718+0000] {logging_mixin.py:190} INFO - [2025-04-06T22:03:35.718+0000] {dag.py:4180} INFO - Setting next_dagrun for example_bash_operator to 2025-04-05 00:00:00+00:00, run_after=2025-04-06 00:00:00+00:00
[2025-04-06T22:03:35.737+0000] {processor.py:208} INFO - Processing /home/airflow/.local/lib/python3.12/site-packages/airflow/example_dags/example_bash_operator.py took 0.111 seconds
[2025-04-06T22:04:07.196+0000] {processor.py:186} INFO - Started process (PID=4090) to work on /home/airflow/.local/lib/python3.12/site-packages/airflow/example_dags/example_bash_operator.py
[2025-04-06T22:04:07.203+0000] {processor.py:914} INFO - Processing file /home/airflow/.local/lib/python3.12/site-packages/airflow/example_dags/example_bash_operator.py for tasks to queue
[2025-04-06T22:04:07.209+0000] {logging_mixin.py:190} INFO - [2025-04-06T22:04:07.206+0000] {dagbag.py:588} INFO - Filling up the DagBag from /home/airflow/.local/lib/python3.12/site-packages/airflow/example_dags/example_bash_operator.py
[2025-04-06T22:04:07.238+0000] {processor.py:925} INFO - DAG(s) 'example_bash_operator' retrieved from /home/airflow/.local/lib/python3.12/site-packages/airflow/example_dags/example_bash_operator.py
[2025-04-06T22:04:07.281+0000] {logging_mixin.py:190} INFO - [2025-04-06T22:04:07.280+0000] {dag.py:3239} INFO - Sync 1 DAGs
[2025-04-06T22:04:07.323+0000] {logging_mixin.py:190} INFO - [2025-04-06T22:04:07.323+0000] {dag.py:4180} INFO - Setting next_dagrun for example_bash_operator to 2025-04-05 00:00:00+00:00, run_after=2025-04-06 00:00:00+00:00
[2025-04-06T22:04:07.346+0000] {processor.py:208} INFO - Processing /home/airflow/.local/lib/python3.12/site-packages/airflow/example_dags/example_bash_operator.py took 0.180 seconds
[2025-04-06T22:04:37.508+0000] {processor.py:186} INFO - Started process (PID=4153) to work on /home/airflow/.local/lib/python3.12/site-packages/airflow/example_dags/example_bash_operator.py
[2025-04-06T22:04:37.508+0000] {processor.py:914} INFO - Processing file /home/airflow/.local/lib/python3.12/site-packages/airflow/example_dags/example_bash_operator.py for tasks to queue
[2025-04-06T22:04:37.510+0000] {logging_mixin.py:190} INFO - [2025-04-06T22:04:37.510+0000] {dagbag.py:588} INFO - Filling up the DagBag from /home/airflow/.local/lib/python3.12/site-packages/airflow/example_dags/example_bash_operator.py
[2025-04-06T22:04:37.522+0000] {processor.py:925} INFO - DAG(s) 'example_bash_operator' retrieved from /home/airflow/.local/lib/python3.12/site-packages/airflow/example_dags/example_bash_operator.py
[2025-04-06T22:04:37.548+0000] {logging_mixin.py:190} INFO - [2025-04-06T22:04:37.548+0000] {dag.py:3239} INFO - Sync 1 DAGs
[2025-04-06T22:04:37.568+0000] {logging_mixin.py:190} INFO - [2025-04-06T22:04:37.568+0000] {dag.py:4180} INFO - Setting next_dagrun for example_bash_operator to 2025-04-05 00:00:00+00:00, run_after=2025-04-06 00:00:00+00:00
[2025-04-06T22:04:37.581+0000] {processor.py:208} INFO - Processing /home/airflow/.local/lib/python3.12/site-packages/airflow/example_dags/example_bash_operator.py took 0.078 seconds
[2025-04-06T22:05:07.800+0000] {processor.py:186} INFO - Started process (PID=4217) to work on /home/airflow/.local/lib/python3.12/site-packages/airflow/example_dags/example_bash_operator.py
[2025-04-06T22:05:07.801+0000] {processor.py:914} INFO - Processing file /home/airflow/.local/lib/python3.12/site-packages/airflow/example_dags/example_bash_operator.py for tasks to queue
[2025-04-06T22:05:07.804+0000] {logging_mixin.py:190} INFO - [2025-04-06T22:05:07.803+0000] {dagbag.py:588} INFO - Filling up the DagBag from /home/airflow/.local/lib/python3.12/site-packages/airflow/example_dags/example_bash_operator.py
[2025-04-06T22:05:07.820+0000] {processor.py:925} INFO - DAG(s) 'example_bash_operator' retrieved from /home/airflow/.local/lib/python3.12/site-packages/airflow/example_dags/example_bash_operator.py
[2025-04-06T22:05:07.875+0000] {logging_mixin.py:190} INFO - [2025-04-06T22:05:07.875+0000] {dag.py:3239} INFO - Sync 1 DAGs
[2025-04-06T22:05:07.922+0000] {logging_mixin.py:190} INFO - [2025-04-06T22:05:07.922+0000] {dag.py:4180} INFO - Setting next_dagrun for example_bash_operator to 2025-04-05 00:00:00+00:00, run_after=2025-04-06 00:00:00+00:00
[2025-04-06T22:05:07.940+0000] {processor.py:208} INFO - Processing /home/airflow/.local/lib/python3.12/site-packages/airflow/example_dags/example_bash_operator.py took 0.146 seconds
