[2025-04-06T21:32:08.122+0000] {processor.py:186} INFO - Started process (PID=88) to work on /home/airflow/.local/lib/python3.12/site-packages/airflow/example_dags/example_params_trigger_ui.py
[2025-04-06T21:32:08.133+0000] {processor.py:914} INFO - Processing file /home/airflow/.local/lib/python3.12/site-packages/airflow/example_dags/example_params_trigger_ui.py for tasks to queue
[2025-04-06T21:32:08.145+0000] {logging_mixin.py:190} INFO - [2025-04-06T21:32:08.144+0000] {dagbag.py:588} INFO - Filling up the DagBag from /home/airflow/.local/lib/python3.12/site-packages/airflow/example_dags/example_params_trigger_ui.py
[2025-04-06T21:32:08.221+0000] {processor.py:925} INFO - DAG(s) 'example_params_trigger_ui' retrieved from /home/airflow/.local/lib/python3.12/site-packages/airflow/example_dags/example_params_trigger_ui.py
[2025-04-06T21:32:08.496+0000] {logging_mixin.py:190} INFO - [2025-04-06T21:32:08.495+0000] {dag.py:3239} INFO - Sync 1 DAGs
[2025-04-06T21:32:08.583+0000] {logging_mixin.py:190} INFO - [2025-04-06T21:32:08.583+0000] {dag.py:4180} INFO - Setting next_dagrun for example_params_trigger_ui to None, run_after=None
[2025-04-06T21:32:08.728+0000] {processor.py:208} INFO - Processing /home/airflow/.local/lib/python3.12/site-packages/airflow/example_dags/example_params_trigger_ui.py took 0.628 seconds
[2025-04-06T21:32:39.147+0000] {processor.py:186} INFO - Started process (PID=152) to work on /home/airflow/.local/lib/python3.12/site-packages/airflow/example_dags/example_params_trigger_ui.py
[2025-04-06T21:32:39.148+0000] {processor.py:914} INFO - Processing file /home/airflow/.local/lib/python3.12/site-packages/airflow/example_dags/example_params_trigger_ui.py for tasks to queue
[2025-04-06T21:32:39.151+0000] {logging_mixin.py:190} INFO - [2025-04-06T21:32:39.151+0000] {dagbag.py:588} INFO - Filling up the DagBag from /home/airflow/.local/lib/python3.12/site-packages/airflow/example_dags/example_params_trigger_ui.py
[2025-04-06T21:32:39.161+0000] {processor.py:925} INFO - DAG(s) 'example_params_trigger_ui' retrieved from /home/airflow/.local/lib/python3.12/site-packages/airflow/example_dags/example_params_trigger_ui.py
[2025-04-06T21:32:39.221+0000] {logging_mixin.py:190} INFO - [2025-04-06T21:32:39.220+0000] {dag.py:3239} INFO - Sync 1 DAGs
[2025-04-06T21:32:39.241+0000] {logging_mixin.py:190} INFO - [2025-04-06T21:32:39.241+0000] {dag.py:4180} INFO - Setting next_dagrun for example_params_trigger_ui to None, run_after=None
[2025-04-06T21:32:39.271+0000] {processor.py:208} INFO - Processing /home/airflow/.local/lib/python3.12/site-packages/airflow/example_dags/example_params_trigger_ui.py took 0.133 seconds
[2025-04-06T21:33:10.810+0000] {processor.py:186} INFO - Started process (PID=222) to work on /home/airflow/.local/lib/python3.12/site-packages/airflow/example_dags/example_params_trigger_ui.py
[2025-04-06T21:33:10.813+0000] {processor.py:914} INFO - Processing file /home/airflow/.local/lib/python3.12/site-packages/airflow/example_dags/example_params_trigger_ui.py for tasks to queue
[2025-04-06T21:33:10.818+0000] {logging_mixin.py:190} INFO - [2025-04-06T21:33:10.817+0000] {dagbag.py:588} INFO - Filling up the DagBag from /home/airflow/.local/lib/python3.12/site-packages/airflow/example_dags/example_params_trigger_ui.py
[2025-04-06T21:33:10.860+0000] {processor.py:925} INFO - DAG(s) 'example_params_trigger_ui' retrieved from /home/airflow/.local/lib/python3.12/site-packages/airflow/example_dags/example_params_trigger_ui.py
[2025-04-06T21:33:10.984+0000] {logging_mixin.py:190} INFO - [2025-04-06T21:33:10.983+0000] {dag.py:3239} INFO - Sync 1 DAGs
[2025-04-06T21:33:11.019+0000] {logging_mixin.py:190} INFO - [2025-04-06T21:33:11.019+0000] {dag.py:4180} INFO - Setting next_dagrun for example_params_trigger_ui to None, run_after=None
[2025-04-06T21:33:11.057+0000] {processor.py:208} INFO - Processing /home/airflow/.local/lib/python3.12/site-packages/airflow/example_dags/example_params_trigger_ui.py took 0.260 seconds
[2025-04-06T21:33:41.273+0000] {processor.py:186} INFO - Started process (PID=286) to work on /home/airflow/.local/lib/python3.12/site-packages/airflow/example_dags/example_params_trigger_ui.py
[2025-04-06T21:33:41.276+0000] {processor.py:914} INFO - Processing file /home/airflow/.local/lib/python3.12/site-packages/airflow/example_dags/example_params_trigger_ui.py for tasks to queue
[2025-04-06T21:33:41.278+0000] {logging_mixin.py:190} INFO - [2025-04-06T21:33:41.278+0000] {dagbag.py:588} INFO - Filling up the DagBag from /home/airflow/.local/lib/python3.12/site-packages/airflow/example_dags/example_params_trigger_ui.py
[2025-04-06T21:33:41.297+0000] {processor.py:925} INFO - DAG(s) 'example_params_trigger_ui' retrieved from /home/airflow/.local/lib/python3.12/site-packages/airflow/example_dags/example_params_trigger_ui.py
[2025-04-06T21:33:41.374+0000] {logging_mixin.py:190} INFO - [2025-04-06T21:33:41.373+0000] {dag.py:3239} INFO - Sync 1 DAGs
[2025-04-06T21:33:41.406+0000] {logging_mixin.py:190} INFO - [2025-04-06T21:33:41.405+0000] {dag.py:4180} INFO - Setting next_dagrun for example_params_trigger_ui to None, run_after=None
[2025-04-06T21:33:41.441+0000] {processor.py:208} INFO - Processing /home/airflow/.local/lib/python3.12/site-packages/airflow/example_dags/example_params_trigger_ui.py took 0.181 seconds
[2025-04-06T21:34:11.793+0000] {processor.py:186} INFO - Started process (PID=350) to work on /home/airflow/.local/lib/python3.12/site-packages/airflow/example_dags/example_params_trigger_ui.py
[2025-04-06T21:34:11.795+0000] {processor.py:914} INFO - Processing file /home/airflow/.local/lib/python3.12/site-packages/airflow/example_dags/example_params_trigger_ui.py for tasks to queue
[2025-04-06T21:34:11.799+0000] {logging_mixin.py:190} INFO - [2025-04-06T21:34:11.798+0000] {dagbag.py:588} INFO - Filling up the DagBag from /home/airflow/.local/lib/python3.12/site-packages/airflow/example_dags/example_params_trigger_ui.py
[2025-04-06T21:34:11.813+0000] {processor.py:925} INFO - DAG(s) 'example_params_trigger_ui' retrieved from /home/airflow/.local/lib/python3.12/site-packages/airflow/example_dags/example_params_trigger_ui.py
[2025-04-06T21:34:11.924+0000] {logging_mixin.py:190} INFO - [2025-04-06T21:34:11.923+0000] {dag.py:3239} INFO - Sync 1 DAGs
[2025-04-06T21:34:11.956+0000] {logging_mixin.py:190} INFO - [2025-04-06T21:34:11.954+0000] {dag.py:4180} INFO - Setting next_dagrun for example_params_trigger_ui to None, run_after=None
[2025-04-06T21:34:11.993+0000] {processor.py:208} INFO - Processing /home/airflow/.local/lib/python3.12/site-packages/airflow/example_dags/example_params_trigger_ui.py took 0.208 seconds
[2025-04-06T21:34:42.638+0000] {processor.py:186} INFO - Started process (PID=414) to work on /home/airflow/.local/lib/python3.12/site-packages/airflow/example_dags/example_params_trigger_ui.py
[2025-04-06T21:34:42.640+0000] {processor.py:914} INFO - Processing file /home/airflow/.local/lib/python3.12/site-packages/airflow/example_dags/example_params_trigger_ui.py for tasks to queue
[2025-04-06T21:34:42.645+0000] {logging_mixin.py:190} INFO - [2025-04-06T21:34:42.645+0000] {dagbag.py:588} INFO - Filling up the DagBag from /home/airflow/.local/lib/python3.12/site-packages/airflow/example_dags/example_params_trigger_ui.py
[2025-04-06T21:34:42.684+0000] {processor.py:925} INFO - DAG(s) 'example_params_trigger_ui' retrieved from /home/airflow/.local/lib/python3.12/site-packages/airflow/example_dags/example_params_trigger_ui.py
[2025-04-06T21:34:42.806+0000] {logging_mixin.py:190} INFO - [2025-04-06T21:34:42.805+0000] {dag.py:3239} INFO - Sync 1 DAGs
[2025-04-06T21:34:42.828+0000] {logging_mixin.py:190} INFO - [2025-04-06T21:34:42.828+0000] {dag.py:4180} INFO - Setting next_dagrun for example_params_trigger_ui to None, run_after=None
[2025-04-06T21:34:42.864+0000] {processor.py:208} INFO - Processing /home/airflow/.local/lib/python3.12/site-packages/airflow/example_dags/example_params_trigger_ui.py took 0.262 seconds
[2025-04-06T21:35:13.307+0000] {processor.py:186} INFO - Started process (PID=477) to work on /home/airflow/.local/lib/python3.12/site-packages/airflow/example_dags/example_params_trigger_ui.py
[2025-04-06T21:35:13.308+0000] {processor.py:914} INFO - Processing file /home/airflow/.local/lib/python3.12/site-packages/airflow/example_dags/example_params_trigger_ui.py for tasks to queue
[2025-04-06T21:35:13.310+0000] {logging_mixin.py:190} INFO - [2025-04-06T21:35:13.309+0000] {dagbag.py:588} INFO - Filling up the DagBag from /home/airflow/.local/lib/python3.12/site-packages/airflow/example_dags/example_params_trigger_ui.py
[2025-04-06T21:35:13.319+0000] {processor.py:925} INFO - DAG(s) 'example_params_trigger_ui' retrieved from /home/airflow/.local/lib/python3.12/site-packages/airflow/example_dags/example_params_trigger_ui.py
[2025-04-06T21:35:13.358+0000] {logging_mixin.py:190} INFO - [2025-04-06T21:35:13.357+0000] {dag.py:3239} INFO - Sync 1 DAGs
[2025-04-06T21:35:13.370+0000] {logging_mixin.py:190} INFO - [2025-04-06T21:35:13.369+0000] {dag.py:4180} INFO - Setting next_dagrun for example_params_trigger_ui to None, run_after=None
[2025-04-06T21:35:13.383+0000] {processor.py:208} INFO - Processing /home/airflow/.local/lib/python3.12/site-packages/airflow/example_dags/example_params_trigger_ui.py took 0.081 seconds
[2025-04-06T21:35:44.263+0000] {processor.py:186} INFO - Started process (PID=541) to work on /home/airflow/.local/lib/python3.12/site-packages/airflow/example_dags/example_params_trigger_ui.py
[2025-04-06T21:35:44.265+0000] {processor.py:914} INFO - Processing file /home/airflow/.local/lib/python3.12/site-packages/airflow/example_dags/example_params_trigger_ui.py for tasks to queue
[2025-04-06T21:35:44.270+0000] {logging_mixin.py:190} INFO - [2025-04-06T21:35:44.270+0000] {dagbag.py:588} INFO - Filling up the DagBag from /home/airflow/.local/lib/python3.12/site-packages/airflow/example_dags/example_params_trigger_ui.py
[2025-04-06T21:35:44.297+0000] {processor.py:925} INFO - DAG(s) 'example_params_trigger_ui' retrieved from /home/airflow/.local/lib/python3.12/site-packages/airflow/example_dags/example_params_trigger_ui.py
[2025-04-06T21:35:44.450+0000] {logging_mixin.py:190} INFO - [2025-04-06T21:35:44.449+0000] {dag.py:3239} INFO - Sync 1 DAGs
[2025-04-06T21:35:44.508+0000] {logging_mixin.py:190} INFO - [2025-04-06T21:35:44.508+0000] {dag.py:4180} INFO - Setting next_dagrun for example_params_trigger_ui to None, run_after=None
[2025-04-06T21:35:44.553+0000] {processor.py:208} INFO - Processing /home/airflow/.local/lib/python3.12/site-packages/airflow/example_dags/example_params_trigger_ui.py took 0.298 seconds
[2025-04-06T21:36:14.675+0000] {processor.py:186} INFO - Started process (PID=605) to work on /home/airflow/.local/lib/python3.12/site-packages/airflow/example_dags/example_params_trigger_ui.py
[2025-04-06T21:36:14.676+0000] {processor.py:914} INFO - Processing file /home/airflow/.local/lib/python3.12/site-packages/airflow/example_dags/example_params_trigger_ui.py for tasks to queue
[2025-04-06T21:36:14.678+0000] {logging_mixin.py:190} INFO - [2025-04-06T21:36:14.678+0000] {dagbag.py:588} INFO - Filling up the DagBag from /home/airflow/.local/lib/python3.12/site-packages/airflow/example_dags/example_params_trigger_ui.py
[2025-04-06T21:36:14.692+0000] {processor.py:925} INFO - DAG(s) 'example_params_trigger_ui' retrieved from /home/airflow/.local/lib/python3.12/site-packages/airflow/example_dags/example_params_trigger_ui.py
[2025-04-06T21:36:14.760+0000] {logging_mixin.py:190} INFO - [2025-04-06T21:36:14.759+0000] {dag.py:3239} INFO - Sync 1 DAGs
[2025-04-06T21:36:14.780+0000] {logging_mixin.py:190} INFO - [2025-04-06T21:36:14.780+0000] {dag.py:4180} INFO - Setting next_dagrun for example_params_trigger_ui to None, run_after=None
[2025-04-06T21:36:14.799+0000] {processor.py:208} INFO - Processing /home/airflow/.local/lib/python3.12/site-packages/airflow/example_dags/example_params_trigger_ui.py took 0.131 seconds
[2025-04-06T21:36:45.021+0000] {processor.py:186} INFO - Started process (PID=669) to work on /home/airflow/.local/lib/python3.12/site-packages/airflow/example_dags/example_params_trigger_ui.py
[2025-04-06T21:36:45.022+0000] {processor.py:914} INFO - Processing file /home/airflow/.local/lib/python3.12/site-packages/airflow/example_dags/example_params_trigger_ui.py for tasks to queue
[2025-04-06T21:36:45.024+0000] {logging_mixin.py:190} INFO - [2025-04-06T21:36:45.024+0000] {dagbag.py:588} INFO - Filling up the DagBag from /home/airflow/.local/lib/python3.12/site-packages/airflow/example_dags/example_params_trigger_ui.py
[2025-04-06T21:36:45.037+0000] {processor.py:925} INFO - DAG(s) 'example_params_trigger_ui' retrieved from /home/airflow/.local/lib/python3.12/site-packages/airflow/example_dags/example_params_trigger_ui.py
[2025-04-06T21:36:45.104+0000] {logging_mixin.py:190} INFO - [2025-04-06T21:36:45.103+0000] {dag.py:3239} INFO - Sync 1 DAGs
[2025-04-06T21:36:45.120+0000] {logging_mixin.py:190} INFO - [2025-04-06T21:36:45.120+0000] {dag.py:4180} INFO - Setting next_dagrun for example_params_trigger_ui to None, run_after=None
[2025-04-06T21:36:45.139+0000] {processor.py:208} INFO - Processing /home/airflow/.local/lib/python3.12/site-packages/airflow/example_dags/example_params_trigger_ui.py took 0.124 seconds
[2025-04-06T21:37:15.435+0000] {processor.py:186} INFO - Started process (PID=732) to work on /home/airflow/.local/lib/python3.12/site-packages/airflow/example_dags/example_params_trigger_ui.py
[2025-04-06T21:37:15.436+0000] {processor.py:914} INFO - Processing file /home/airflow/.local/lib/python3.12/site-packages/airflow/example_dags/example_params_trigger_ui.py for tasks to queue
[2025-04-06T21:37:15.439+0000] {logging_mixin.py:190} INFO - [2025-04-06T21:37:15.438+0000] {dagbag.py:588} INFO - Filling up the DagBag from /home/airflow/.local/lib/python3.12/site-packages/airflow/example_dags/example_params_trigger_ui.py
[2025-04-06T21:37:15.452+0000] {processor.py:925} INFO - DAG(s) 'example_params_trigger_ui' retrieved from /home/airflow/.local/lib/python3.12/site-packages/airflow/example_dags/example_params_trigger_ui.py
[2025-04-06T21:37:15.520+0000] {logging_mixin.py:190} INFO - [2025-04-06T21:37:15.519+0000] {dag.py:3239} INFO - Sync 1 DAGs
[2025-04-06T21:37:15.537+0000] {logging_mixin.py:190} INFO - [2025-04-06T21:37:15.537+0000] {dag.py:4180} INFO - Setting next_dagrun for example_params_trigger_ui to None, run_after=None
[2025-04-06T21:37:15.555+0000] {processor.py:208} INFO - Processing /home/airflow/.local/lib/python3.12/site-packages/airflow/example_dags/example_params_trigger_ui.py took 0.126 seconds
[2025-04-06T21:37:45.911+0000] {processor.py:186} INFO - Started process (PID=797) to work on /home/airflow/.local/lib/python3.12/site-packages/airflow/example_dags/example_params_trigger_ui.py
[2025-04-06T21:37:45.912+0000] {processor.py:914} INFO - Processing file /home/airflow/.local/lib/python3.12/site-packages/airflow/example_dags/example_params_trigger_ui.py for tasks to queue
[2025-04-06T21:37:45.914+0000] {logging_mixin.py:190} INFO - [2025-04-06T21:37:45.914+0000] {dagbag.py:588} INFO - Filling up the DagBag from /home/airflow/.local/lib/python3.12/site-packages/airflow/example_dags/example_params_trigger_ui.py
[2025-04-06T21:37:45.927+0000] {processor.py:925} INFO - DAG(s) 'example_params_trigger_ui' retrieved from /home/airflow/.local/lib/python3.12/site-packages/airflow/example_dags/example_params_trigger_ui.py
[2025-04-06T21:37:46.000+0000] {logging_mixin.py:190} INFO - [2025-04-06T21:37:45.999+0000] {dag.py:3239} INFO - Sync 1 DAGs
[2025-04-06T21:37:46.017+0000] {logging_mixin.py:190} INFO - [2025-04-06T21:37:46.017+0000] {dag.py:4180} INFO - Setting next_dagrun for example_params_trigger_ui to None, run_after=None
[2025-04-06T21:37:46.037+0000] {processor.py:208} INFO - Processing /home/airflow/.local/lib/python3.12/site-packages/airflow/example_dags/example_params_trigger_ui.py took 0.133 seconds
[2025-04-06T21:38:16.428+0000] {processor.py:186} INFO - Started process (PID=862) to work on /home/airflow/.local/lib/python3.12/site-packages/airflow/example_dags/example_params_trigger_ui.py
[2025-04-06T21:38:16.430+0000] {processor.py:914} INFO - Processing file /home/airflow/.local/lib/python3.12/site-packages/airflow/example_dags/example_params_trigger_ui.py for tasks to queue
[2025-04-06T21:38:16.435+0000] {logging_mixin.py:190} INFO - [2025-04-06T21:38:16.435+0000] {dagbag.py:588} INFO - Filling up the DagBag from /home/airflow/.local/lib/python3.12/site-packages/airflow/example_dags/example_params_trigger_ui.py
[2025-04-06T21:38:16.465+0000] {processor.py:925} INFO - DAG(s) 'example_params_trigger_ui' retrieved from /home/airflow/.local/lib/python3.12/site-packages/airflow/example_dags/example_params_trigger_ui.py
[2025-04-06T21:38:16.522+0000] {logging_mixin.py:190} INFO - [2025-04-06T21:38:16.521+0000] {dag.py:3239} INFO - Sync 1 DAGs
[2025-04-06T21:38:16.534+0000] {logging_mixin.py:190} INFO - [2025-04-06T21:38:16.534+0000] {dag.py:4180} INFO - Setting next_dagrun for example_params_trigger_ui to None, run_after=None
[2025-04-06T21:38:16.548+0000] {processor.py:208} INFO - Processing /home/airflow/.local/lib/python3.12/site-packages/airflow/example_dags/example_params_trigger_ui.py took 0.131 seconds
[2025-04-06T21:38:47.036+0000] {processor.py:186} INFO - Started process (PID=924) to work on /home/airflow/.local/lib/python3.12/site-packages/airflow/example_dags/example_params_trigger_ui.py
[2025-04-06T21:38:47.037+0000] {processor.py:914} INFO - Processing file /home/airflow/.local/lib/python3.12/site-packages/airflow/example_dags/example_params_trigger_ui.py for tasks to queue
[2025-04-06T21:38:47.040+0000] {logging_mixin.py:190} INFO - [2025-04-06T21:38:47.039+0000] {dagbag.py:588} INFO - Filling up the DagBag from /home/airflow/.local/lib/python3.12/site-packages/airflow/example_dags/example_params_trigger_ui.py
[2025-04-06T21:38:47.055+0000] {processor.py:925} INFO - DAG(s) 'example_params_trigger_ui' retrieved from /home/airflow/.local/lib/python3.12/site-packages/airflow/example_dags/example_params_trigger_ui.py
[2025-04-06T21:38:47.120+0000] {logging_mixin.py:190} INFO - [2025-04-06T21:38:47.120+0000] {dag.py:3239} INFO - Sync 1 DAGs
[2025-04-06T21:38:47.139+0000] {logging_mixin.py:190} INFO - [2025-04-06T21:38:47.139+0000] {dag.py:4180} INFO - Setting next_dagrun for example_params_trigger_ui to None, run_after=None
[2025-04-06T21:38:47.157+0000] {processor.py:208} INFO - Processing /home/airflow/.local/lib/python3.12/site-packages/airflow/example_dags/example_params_trigger_ui.py took 0.128 seconds
[2025-04-06T21:39:17.623+0000] {processor.py:186} INFO - Started process (PID=988) to work on /home/airflow/.local/lib/python3.12/site-packages/airflow/example_dags/example_params_trigger_ui.py
[2025-04-06T21:39:17.624+0000] {processor.py:914} INFO - Processing file /home/airflow/.local/lib/python3.12/site-packages/airflow/example_dags/example_params_trigger_ui.py for tasks to queue
[2025-04-06T21:39:17.626+0000] {logging_mixin.py:190} INFO - [2025-04-06T21:39:17.626+0000] {dagbag.py:588} INFO - Filling up the DagBag from /home/airflow/.local/lib/python3.12/site-packages/airflow/example_dags/example_params_trigger_ui.py
[2025-04-06T21:39:17.640+0000] {processor.py:925} INFO - DAG(s) 'example_params_trigger_ui' retrieved from /home/airflow/.local/lib/python3.12/site-packages/airflow/example_dags/example_params_trigger_ui.py
[2025-04-06T21:39:17.706+0000] {logging_mixin.py:190} INFO - [2025-04-06T21:39:17.705+0000] {dag.py:3239} INFO - Sync 1 DAGs
[2025-04-06T21:39:17.723+0000] {logging_mixin.py:190} INFO - [2025-04-06T21:39:17.723+0000] {dag.py:4180} INFO - Setting next_dagrun for example_params_trigger_ui to None, run_after=None
[2025-04-06T21:39:17.741+0000] {processor.py:208} INFO - Processing /home/airflow/.local/lib/python3.12/site-packages/airflow/example_dags/example_params_trigger_ui.py took 0.124 seconds
[2025-04-06T21:39:48.055+0000] {processor.py:186} INFO - Started process (PID=1053) to work on /home/airflow/.local/lib/python3.12/site-packages/airflow/example_dags/example_params_trigger_ui.py
[2025-04-06T21:39:48.057+0000] {processor.py:914} INFO - Processing file /home/airflow/.local/lib/python3.12/site-packages/airflow/example_dags/example_params_trigger_ui.py for tasks to queue
[2025-04-06T21:39:48.061+0000] {logging_mixin.py:190} INFO - [2025-04-06T21:39:48.060+0000] {dagbag.py:588} INFO - Filling up the DagBag from /home/airflow/.local/lib/python3.12/site-packages/airflow/example_dags/example_params_trigger_ui.py
[2025-04-06T21:39:48.096+0000] {processor.py:925} INFO - DAG(s) 'example_params_trigger_ui' retrieved from /home/airflow/.local/lib/python3.12/site-packages/airflow/example_dags/example_params_trigger_ui.py
[2025-04-06T21:39:48.170+0000] {logging_mixin.py:190} INFO - [2025-04-06T21:39:48.170+0000] {dag.py:3239} INFO - Sync 1 DAGs
[2025-04-06T21:39:48.189+0000] {logging_mixin.py:190} INFO - [2025-04-06T21:39:48.189+0000] {dag.py:4180} INFO - Setting next_dagrun for example_params_trigger_ui to None, run_after=None
[2025-04-06T21:39:48.211+0000] {processor.py:208} INFO - Processing /home/airflow/.local/lib/python3.12/site-packages/airflow/example_dags/example_params_trigger_ui.py took 0.163 seconds
[2025-04-06T21:40:18.699+0000] {processor.py:186} INFO - Started process (PID=1116) to work on /home/airflow/.local/lib/python3.12/site-packages/airflow/example_dags/example_params_trigger_ui.py
[2025-04-06T21:40:18.700+0000] {processor.py:914} INFO - Processing file /home/airflow/.local/lib/python3.12/site-packages/airflow/example_dags/example_params_trigger_ui.py for tasks to queue
[2025-04-06T21:40:18.702+0000] {logging_mixin.py:190} INFO - [2025-04-06T21:40:18.702+0000] {dagbag.py:588} INFO - Filling up the DagBag from /home/airflow/.local/lib/python3.12/site-packages/airflow/example_dags/example_params_trigger_ui.py
[2025-04-06T21:40:18.716+0000] {processor.py:925} INFO - DAG(s) 'example_params_trigger_ui' retrieved from /home/airflow/.local/lib/python3.12/site-packages/airflow/example_dags/example_params_trigger_ui.py
[2025-04-06T21:40:18.787+0000] {logging_mixin.py:190} INFO - [2025-04-06T21:40:18.786+0000] {dag.py:3239} INFO - Sync 1 DAGs
[2025-04-06T21:40:18.805+0000] {logging_mixin.py:190} INFO - [2025-04-06T21:40:18.805+0000] {dag.py:4180} INFO - Setting next_dagrun for example_params_trigger_ui to None, run_after=None
[2025-04-06T21:40:18.822+0000] {processor.py:208} INFO - Processing /home/airflow/.local/lib/python3.12/site-packages/airflow/example_dags/example_params_trigger_ui.py took 0.130 seconds
[2025-04-06T21:40:49.105+0000] {processor.py:186} INFO - Started process (PID=1180) to work on /home/airflow/.local/lib/python3.12/site-packages/airflow/example_dags/example_params_trigger_ui.py
[2025-04-06T21:40:49.106+0000] {processor.py:914} INFO - Processing file /home/airflow/.local/lib/python3.12/site-packages/airflow/example_dags/example_params_trigger_ui.py for tasks to queue
[2025-04-06T21:40:49.109+0000] {logging_mixin.py:190} INFO - [2025-04-06T21:40:49.108+0000] {dagbag.py:588} INFO - Filling up the DagBag from /home/airflow/.local/lib/python3.12/site-packages/airflow/example_dags/example_params_trigger_ui.py
[2025-04-06T21:40:49.122+0000] {processor.py:925} INFO - DAG(s) 'example_params_trigger_ui' retrieved from /home/airflow/.local/lib/python3.12/site-packages/airflow/example_dags/example_params_trigger_ui.py
[2025-04-06T21:40:49.185+0000] {logging_mixin.py:190} INFO - [2025-04-06T21:40:49.184+0000] {dag.py:3239} INFO - Sync 1 DAGs
[2025-04-06T21:40:49.204+0000] {logging_mixin.py:190} INFO - [2025-04-06T21:40:49.204+0000] {dag.py:4180} INFO - Setting next_dagrun for example_params_trigger_ui to None, run_after=None
[2025-04-06T21:40:49.223+0000] {processor.py:208} INFO - Processing /home/airflow/.local/lib/python3.12/site-packages/airflow/example_dags/example_params_trigger_ui.py took 0.125 seconds
[2025-04-06T21:41:19.631+0000] {processor.py:186} INFO - Started process (PID=1245) to work on /home/airflow/.local/lib/python3.12/site-packages/airflow/example_dags/example_params_trigger_ui.py
[2025-04-06T21:41:19.631+0000] {processor.py:914} INFO - Processing file /home/airflow/.local/lib/python3.12/site-packages/airflow/example_dags/example_params_trigger_ui.py for tasks to queue
[2025-04-06T21:41:19.636+0000] {logging_mixin.py:190} INFO - [2025-04-06T21:41:19.636+0000] {dagbag.py:588} INFO - Filling up the DagBag from /home/airflow/.local/lib/python3.12/site-packages/airflow/example_dags/example_params_trigger_ui.py
[2025-04-06T21:41:19.665+0000] {processor.py:925} INFO - DAG(s) 'example_params_trigger_ui' retrieved from /home/airflow/.local/lib/python3.12/site-packages/airflow/example_dags/example_params_trigger_ui.py
[2025-04-06T21:41:19.781+0000] {logging_mixin.py:190} INFO - [2025-04-06T21:41:19.780+0000] {dag.py:3239} INFO - Sync 1 DAGs
[2025-04-06T21:41:19.799+0000] {logging_mixin.py:190} INFO - [2025-04-06T21:41:19.799+0000] {dag.py:4180} INFO - Setting next_dagrun for example_params_trigger_ui to None, run_after=None
[2025-04-06T21:41:19.828+0000] {processor.py:208} INFO - Processing /home/airflow/.local/lib/python3.12/site-packages/airflow/example_dags/example_params_trigger_ui.py took 0.213 seconds
[2025-04-06T21:41:50.483+0000] {processor.py:186} INFO - Started process (PID=1309) to work on /home/airflow/.local/lib/python3.12/site-packages/airflow/example_dags/example_params_trigger_ui.py
[2025-04-06T21:41:50.486+0000] {processor.py:914} INFO - Processing file /home/airflow/.local/lib/python3.12/site-packages/airflow/example_dags/example_params_trigger_ui.py for tasks to queue
[2025-04-06T21:41:50.492+0000] {logging_mixin.py:190} INFO - [2025-04-06T21:41:50.492+0000] {dagbag.py:588} INFO - Filling up the DagBag from /home/airflow/.local/lib/python3.12/site-packages/airflow/example_dags/example_params_trigger_ui.py
[2025-04-06T21:41:50.534+0000] {processor.py:925} INFO - DAG(s) 'example_params_trigger_ui' retrieved from /home/airflow/.local/lib/python3.12/site-packages/airflow/example_dags/example_params_trigger_ui.py
[2025-04-06T21:41:50.679+0000] {logging_mixin.py:190} INFO - [2025-04-06T21:41:50.678+0000] {dag.py:3239} INFO - Sync 1 DAGs
[2025-04-06T21:41:50.716+0000] {logging_mixin.py:190} INFO - [2025-04-06T21:41:50.716+0000] {dag.py:4180} INFO - Setting next_dagrun for example_params_trigger_ui to None, run_after=None
[2025-04-06T21:41:50.747+0000] {processor.py:208} INFO - Processing /home/airflow/.local/lib/python3.12/site-packages/airflow/example_dags/example_params_trigger_ui.py took 0.291 seconds
[2025-04-06T21:42:21.053+0000] {processor.py:186} INFO - Started process (PID=1372) to work on /home/airflow/.local/lib/python3.12/site-packages/airflow/example_dags/example_params_trigger_ui.py
[2025-04-06T21:42:21.056+0000] {processor.py:914} INFO - Processing file /home/airflow/.local/lib/python3.12/site-packages/airflow/example_dags/example_params_trigger_ui.py for tasks to queue
[2025-04-06T21:42:21.058+0000] {logging_mixin.py:190} INFO - [2025-04-06T21:42:21.058+0000] {dagbag.py:588} INFO - Filling up the DagBag from /home/airflow/.local/lib/python3.12/site-packages/airflow/example_dags/example_params_trigger_ui.py
[2025-04-06T21:42:21.089+0000] {processor.py:925} INFO - DAG(s) 'example_params_trigger_ui' retrieved from /home/airflow/.local/lib/python3.12/site-packages/airflow/example_dags/example_params_trigger_ui.py
[2025-04-06T21:42:21.192+0000] {logging_mixin.py:190} INFO - [2025-04-06T21:42:21.191+0000] {dag.py:3239} INFO - Sync 1 DAGs
[2025-04-06T21:42:21.238+0000] {logging_mixin.py:190} INFO - [2025-04-06T21:42:21.238+0000] {dag.py:4180} INFO - Setting next_dagrun for example_params_trigger_ui to None, run_after=None
[2025-04-06T21:42:21.276+0000] {processor.py:208} INFO - Processing /home/airflow/.local/lib/python3.12/site-packages/airflow/example_dags/example_params_trigger_ui.py took 0.238 seconds
[2025-04-06T21:42:51.505+0000] {processor.py:186} INFO - Started process (PID=1436) to work on /home/airflow/.local/lib/python3.12/site-packages/airflow/example_dags/example_params_trigger_ui.py
[2025-04-06T21:42:51.506+0000] {processor.py:914} INFO - Processing file /home/airflow/.local/lib/python3.12/site-packages/airflow/example_dags/example_params_trigger_ui.py for tasks to queue
[2025-04-06T21:42:51.508+0000] {logging_mixin.py:190} INFO - [2025-04-06T21:42:51.508+0000] {dagbag.py:588} INFO - Filling up the DagBag from /home/airflow/.local/lib/python3.12/site-packages/airflow/example_dags/example_params_trigger_ui.py
[2025-04-06T21:42:51.523+0000] {processor.py:925} INFO - DAG(s) 'example_params_trigger_ui' retrieved from /home/airflow/.local/lib/python3.12/site-packages/airflow/example_dags/example_params_trigger_ui.py
[2025-04-06T21:42:51.585+0000] {logging_mixin.py:190} INFO - [2025-04-06T21:42:51.584+0000] {dag.py:3239} INFO - Sync 1 DAGs
[2025-04-06T21:42:51.604+0000] {logging_mixin.py:190} INFO - [2025-04-06T21:42:51.603+0000] {dag.py:4180} INFO - Setting next_dagrun for example_params_trigger_ui to None, run_after=None
[2025-04-06T21:42:51.622+0000] {processor.py:208} INFO - Processing /home/airflow/.local/lib/python3.12/site-packages/airflow/example_dags/example_params_trigger_ui.py took 0.124 seconds
[2025-04-06T21:43:21.807+0000] {processor.py:186} INFO - Started process (PID=1500) to work on /home/airflow/.local/lib/python3.12/site-packages/airflow/example_dags/example_params_trigger_ui.py
[2025-04-06T21:43:21.808+0000] {processor.py:914} INFO - Processing file /home/airflow/.local/lib/python3.12/site-packages/airflow/example_dags/example_params_trigger_ui.py for tasks to queue
[2025-04-06T21:43:21.810+0000] {logging_mixin.py:190} INFO - [2025-04-06T21:43:21.810+0000] {dagbag.py:588} INFO - Filling up the DagBag from /home/airflow/.local/lib/python3.12/site-packages/airflow/example_dags/example_params_trigger_ui.py
[2025-04-06T21:43:21.823+0000] {processor.py:925} INFO - DAG(s) 'example_params_trigger_ui' retrieved from /home/airflow/.local/lib/python3.12/site-packages/airflow/example_dags/example_params_trigger_ui.py
[2025-04-06T21:43:21.886+0000] {logging_mixin.py:190} INFO - [2025-04-06T21:43:21.886+0000] {dag.py:3239} INFO - Sync 1 DAGs
[2025-04-06T21:43:21.905+0000] {logging_mixin.py:190} INFO - [2025-04-06T21:43:21.905+0000] {dag.py:4180} INFO - Setting next_dagrun for example_params_trigger_ui to None, run_after=None
[2025-04-06T21:43:21.931+0000] {processor.py:208} INFO - Processing /home/airflow/.local/lib/python3.12/site-packages/airflow/example_dags/example_params_trigger_ui.py took 0.131 seconds
[2025-04-06T21:43:52.786+0000] {processor.py:186} INFO - Started process (PID=1564) to work on /home/airflow/.local/lib/python3.12/site-packages/airflow/example_dags/example_params_trigger_ui.py
[2025-04-06T21:43:52.787+0000] {processor.py:914} INFO - Processing file /home/airflow/.local/lib/python3.12/site-packages/airflow/example_dags/example_params_trigger_ui.py for tasks to queue
[2025-04-06T21:43:52.789+0000] {logging_mixin.py:190} INFO - [2025-04-06T21:43:52.789+0000] {dagbag.py:588} INFO - Filling up the DagBag from /home/airflow/.local/lib/python3.12/site-packages/airflow/example_dags/example_params_trigger_ui.py
[2025-04-06T21:43:52.798+0000] {processor.py:925} INFO - DAG(s) 'example_params_trigger_ui' retrieved from /home/airflow/.local/lib/python3.12/site-packages/airflow/example_dags/example_params_trigger_ui.py
[2025-04-06T21:43:52.837+0000] {logging_mixin.py:190} INFO - [2025-04-06T21:43:52.836+0000] {dag.py:3239} INFO - Sync 1 DAGs
[2025-04-06T21:43:52.849+0000] {logging_mixin.py:190} INFO - [2025-04-06T21:43:52.848+0000] {dag.py:4180} INFO - Setting next_dagrun for example_params_trigger_ui to None, run_after=None
[2025-04-06T21:43:52.862+0000] {processor.py:208} INFO - Processing /home/airflow/.local/lib/python3.12/site-packages/airflow/example_dags/example_params_trigger_ui.py took 0.080 seconds
[2025-04-06T21:44:22.968+0000] {processor.py:186} INFO - Started process (PID=1628) to work on /home/airflow/.local/lib/python3.12/site-packages/airflow/example_dags/example_params_trigger_ui.py
[2025-04-06T21:44:22.969+0000] {processor.py:914} INFO - Processing file /home/airflow/.local/lib/python3.12/site-packages/airflow/example_dags/example_params_trigger_ui.py for tasks to queue
[2025-04-06T21:44:22.971+0000] {logging_mixin.py:190} INFO - [2025-04-06T21:44:22.971+0000] {dagbag.py:588} INFO - Filling up the DagBag from /home/airflow/.local/lib/python3.12/site-packages/airflow/example_dags/example_params_trigger_ui.py
[2025-04-06T21:44:22.985+0000] {processor.py:925} INFO - DAG(s) 'example_params_trigger_ui' retrieved from /home/airflow/.local/lib/python3.12/site-packages/airflow/example_dags/example_params_trigger_ui.py
[2025-04-06T21:44:23.047+0000] {logging_mixin.py:190} INFO - [2025-04-06T21:44:23.046+0000] {dag.py:3239} INFO - Sync 1 DAGs
[2025-04-06T21:44:23.065+0000] {logging_mixin.py:190} INFO - [2025-04-06T21:44:23.065+0000] {dag.py:4180} INFO - Setting next_dagrun for example_params_trigger_ui to None, run_after=None
[2025-04-06T21:44:23.093+0000] {processor.py:208} INFO - Processing /home/airflow/.local/lib/python3.12/site-packages/airflow/example_dags/example_params_trigger_ui.py took 0.132 seconds
[2025-04-06T21:44:53.553+0000] {processor.py:186} INFO - Started process (PID=1692) to work on /home/airflow/.local/lib/python3.12/site-packages/airflow/example_dags/example_params_trigger_ui.py
[2025-04-06T21:44:53.554+0000] {processor.py:914} INFO - Processing file /home/airflow/.local/lib/python3.12/site-packages/airflow/example_dags/example_params_trigger_ui.py for tasks to queue
[2025-04-06T21:44:53.557+0000] {logging_mixin.py:190} INFO - [2025-04-06T21:44:53.556+0000] {dagbag.py:588} INFO - Filling up the DagBag from /home/airflow/.local/lib/python3.12/site-packages/airflow/example_dags/example_params_trigger_ui.py
[2025-04-06T21:44:53.570+0000] {processor.py:925} INFO - DAG(s) 'example_params_trigger_ui' retrieved from /home/airflow/.local/lib/python3.12/site-packages/airflow/example_dags/example_params_trigger_ui.py
[2025-04-06T21:44:53.634+0000] {logging_mixin.py:190} INFO - [2025-04-06T21:44:53.633+0000] {dag.py:3239} INFO - Sync 1 DAGs
[2025-04-06T21:44:53.652+0000] {logging_mixin.py:190} INFO - [2025-04-06T21:44:53.652+0000] {dag.py:4180} INFO - Setting next_dagrun for example_params_trigger_ui to None, run_after=None
[2025-04-06T21:44:53.670+0000] {processor.py:208} INFO - Processing /home/airflow/.local/lib/python3.12/site-packages/airflow/example_dags/example_params_trigger_ui.py took 0.124 seconds
[2025-04-06T21:45:23.831+0000] {processor.py:186} INFO - Started process (PID=1756) to work on /home/airflow/.local/lib/python3.12/site-packages/airflow/example_dags/example_params_trigger_ui.py
[2025-04-06T21:45:23.832+0000] {processor.py:914} INFO - Processing file /home/airflow/.local/lib/python3.12/site-packages/airflow/example_dags/example_params_trigger_ui.py for tasks to queue
[2025-04-06T21:45:23.835+0000] {logging_mixin.py:190} INFO - [2025-04-06T21:45:23.835+0000] {dagbag.py:588} INFO - Filling up the DagBag from /home/airflow/.local/lib/python3.12/site-packages/airflow/example_dags/example_params_trigger_ui.py
[2025-04-06T21:45:23.848+0000] {processor.py:925} INFO - DAG(s) 'example_params_trigger_ui' retrieved from /home/airflow/.local/lib/python3.12/site-packages/airflow/example_dags/example_params_trigger_ui.py
[2025-04-06T21:45:23.913+0000] {logging_mixin.py:190} INFO - [2025-04-06T21:45:23.912+0000] {dag.py:3239} INFO - Sync 1 DAGs
[2025-04-06T21:45:23.932+0000] {logging_mixin.py:190} INFO - [2025-04-06T21:45:23.932+0000] {dag.py:4180} INFO - Setting next_dagrun for example_params_trigger_ui to None, run_after=None
[2025-04-06T21:45:23.950+0000] {processor.py:208} INFO - Processing /home/airflow/.local/lib/python3.12/site-packages/airflow/example_dags/example_params_trigger_ui.py took 0.125 seconds
[2025-04-06T21:45:54.705+0000] {processor.py:186} INFO - Started process (PID=1820) to work on /home/airflow/.local/lib/python3.12/site-packages/airflow/example_dags/example_params_trigger_ui.py
[2025-04-06T21:45:54.706+0000] {processor.py:914} INFO - Processing file /home/airflow/.local/lib/python3.12/site-packages/airflow/example_dags/example_params_trigger_ui.py for tasks to queue
[2025-04-06T21:45:54.708+0000] {logging_mixin.py:190} INFO - [2025-04-06T21:45:54.707+0000] {dagbag.py:588} INFO - Filling up the DagBag from /home/airflow/.local/lib/python3.12/site-packages/airflow/example_dags/example_params_trigger_ui.py
[2025-04-06T21:45:54.717+0000] {processor.py:925} INFO - DAG(s) 'example_params_trigger_ui' retrieved from /home/airflow/.local/lib/python3.12/site-packages/airflow/example_dags/example_params_trigger_ui.py
[2025-04-06T21:45:54.756+0000] {logging_mixin.py:190} INFO - [2025-04-06T21:45:54.756+0000] {dag.py:3239} INFO - Sync 1 DAGs
[2025-04-06T21:45:54.768+0000] {logging_mixin.py:190} INFO - [2025-04-06T21:45:54.768+0000] {dag.py:4180} INFO - Setting next_dagrun for example_params_trigger_ui to None, run_after=None
[2025-04-06T21:45:54.782+0000] {processor.py:208} INFO - Processing /home/airflow/.local/lib/python3.12/site-packages/airflow/example_dags/example_params_trigger_ui.py took 0.081 seconds
[2025-04-06T21:46:25.894+0000] {processor.py:186} INFO - Started process (PID=1884) to work on /home/airflow/.local/lib/python3.12/site-packages/airflow/example_dags/example_params_trigger_ui.py
[2025-04-06T21:46:25.895+0000] {processor.py:914} INFO - Processing file /home/airflow/.local/lib/python3.12/site-packages/airflow/example_dags/example_params_trigger_ui.py for tasks to queue
[2025-04-06T21:46:25.897+0000] {logging_mixin.py:190} INFO - [2025-04-06T21:46:25.897+0000] {dagbag.py:588} INFO - Filling up the DagBag from /home/airflow/.local/lib/python3.12/site-packages/airflow/example_dags/example_params_trigger_ui.py
[2025-04-06T21:46:25.910+0000] {processor.py:925} INFO - DAG(s) 'example_params_trigger_ui' retrieved from /home/airflow/.local/lib/python3.12/site-packages/airflow/example_dags/example_params_trigger_ui.py
[2025-04-06T21:46:26.081+0000] {logging_mixin.py:190} INFO - [2025-04-06T21:46:26.081+0000] {dag.py:3239} INFO - Sync 1 DAGs
[2025-04-06T21:46:26.102+0000] {logging_mixin.py:190} INFO - [2025-04-06T21:46:26.102+0000] {dag.py:4180} INFO - Setting next_dagrun for example_params_trigger_ui to None, run_after=None
[2025-04-06T21:46:26.122+0000] {processor.py:208} INFO - Processing /home/airflow/.local/lib/python3.12/site-packages/airflow/example_dags/example_params_trigger_ui.py took 0.235 seconds
[2025-04-06T21:46:56.411+0000] {processor.py:186} INFO - Started process (PID=1947) to work on /home/airflow/.local/lib/python3.12/site-packages/airflow/example_dags/example_params_trigger_ui.py
[2025-04-06T21:46:56.412+0000] {processor.py:914} INFO - Processing file /home/airflow/.local/lib/python3.12/site-packages/airflow/example_dags/example_params_trigger_ui.py for tasks to queue
[2025-04-06T21:46:56.415+0000] {logging_mixin.py:190} INFO - [2025-04-06T21:46:56.414+0000] {dagbag.py:588} INFO - Filling up the DagBag from /home/airflow/.local/lib/python3.12/site-packages/airflow/example_dags/example_params_trigger_ui.py
[2025-04-06T21:46:56.428+0000] {processor.py:925} INFO - DAG(s) 'example_params_trigger_ui' retrieved from /home/airflow/.local/lib/python3.12/site-packages/airflow/example_dags/example_params_trigger_ui.py
[2025-04-06T21:46:56.505+0000] {logging_mixin.py:190} INFO - [2025-04-06T21:46:56.504+0000] {dag.py:3239} INFO - Sync 1 DAGs
[2025-04-06T21:46:56.536+0000] {logging_mixin.py:190} INFO - [2025-04-06T21:46:56.536+0000] {dag.py:4180} INFO - Setting next_dagrun for example_params_trigger_ui to None, run_after=None
[2025-04-06T21:46:56.555+0000] {processor.py:208} INFO - Processing /home/airflow/.local/lib/python3.12/site-packages/airflow/example_dags/example_params_trigger_ui.py took 0.151 seconds
[2025-04-06T21:47:27.313+0000] {processor.py:186} INFO - Started process (PID=2011) to work on /home/airflow/.local/lib/python3.12/site-packages/airflow/example_dags/example_params_trigger_ui.py
[2025-04-06T21:47:27.314+0000] {processor.py:914} INFO - Processing file /home/airflow/.local/lib/python3.12/site-packages/airflow/example_dags/example_params_trigger_ui.py for tasks to queue
[2025-04-06T21:47:27.319+0000] {logging_mixin.py:190} INFO - [2025-04-06T21:47:27.318+0000] {dagbag.py:588} INFO - Filling up the DagBag from /home/airflow/.local/lib/python3.12/site-packages/airflow/example_dags/example_params_trigger_ui.py
[2025-04-06T21:47:27.354+0000] {processor.py:925} INFO - DAG(s) 'example_params_trigger_ui' retrieved from /home/airflow/.local/lib/python3.12/site-packages/airflow/example_dags/example_params_trigger_ui.py
[2025-04-06T21:47:27.562+0000] {logging_mixin.py:190} INFO - [2025-04-06T21:47:27.561+0000] {dag.py:3239} INFO - Sync 1 DAGs
[2025-04-06T21:47:27.614+0000] {logging_mixin.py:190} INFO - [2025-04-06T21:47:27.613+0000] {dag.py:4180} INFO - Setting next_dagrun for example_params_trigger_ui to None, run_after=None
[2025-04-06T21:47:27.647+0000] {processor.py:208} INFO - Processing /home/airflow/.local/lib/python3.12/site-packages/airflow/example_dags/example_params_trigger_ui.py took 0.345 seconds
[2025-04-06T21:47:58.307+0000] {processor.py:186} INFO - Started process (PID=2075) to work on /home/airflow/.local/lib/python3.12/site-packages/airflow/example_dags/example_params_trigger_ui.py
[2025-04-06T21:47:58.310+0000] {processor.py:914} INFO - Processing file /home/airflow/.local/lib/python3.12/site-packages/airflow/example_dags/example_params_trigger_ui.py for tasks to queue
[2025-04-06T21:47:58.315+0000] {logging_mixin.py:190} INFO - [2025-04-06T21:47:58.315+0000] {dagbag.py:588} INFO - Filling up the DagBag from /home/airflow/.local/lib/python3.12/site-packages/airflow/example_dags/example_params_trigger_ui.py
[2025-04-06T21:47:58.331+0000] {processor.py:925} INFO - DAG(s) 'example_params_trigger_ui' retrieved from /home/airflow/.local/lib/python3.12/site-packages/airflow/example_dags/example_params_trigger_ui.py
[2025-04-06T21:47:58.453+0000] {logging_mixin.py:190} INFO - [2025-04-06T21:47:58.452+0000] {dag.py:3239} INFO - Sync 1 DAGs
[2025-04-06T21:47:58.473+0000] {logging_mixin.py:190} INFO - [2025-04-06T21:47:58.472+0000] {dag.py:4180} INFO - Setting next_dagrun for example_params_trigger_ui to None, run_after=None
[2025-04-06T21:47:58.492+0000] {processor.py:208} INFO - Processing /home/airflow/.local/lib/python3.12/site-packages/airflow/example_dags/example_params_trigger_ui.py took 0.197 seconds
[2025-04-06T21:48:28.750+0000] {processor.py:186} INFO - Started process (PID=2139) to work on /home/airflow/.local/lib/python3.12/site-packages/airflow/example_dags/example_params_trigger_ui.py
[2025-04-06T21:48:28.753+0000] {processor.py:914} INFO - Processing file /home/airflow/.local/lib/python3.12/site-packages/airflow/example_dags/example_params_trigger_ui.py for tasks to queue
[2025-04-06T21:48:28.755+0000] {logging_mixin.py:190} INFO - [2025-04-06T21:48:28.755+0000] {dagbag.py:588} INFO - Filling up the DagBag from /home/airflow/.local/lib/python3.12/site-packages/airflow/example_dags/example_params_trigger_ui.py
[2025-04-06T21:48:28.786+0000] {processor.py:925} INFO - DAG(s) 'example_params_trigger_ui' retrieved from /home/airflow/.local/lib/python3.12/site-packages/airflow/example_dags/example_params_trigger_ui.py
[2025-04-06T21:48:28.882+0000] {logging_mixin.py:190} INFO - [2025-04-06T21:48:28.881+0000] {dag.py:3239} INFO - Sync 1 DAGs
[2025-04-06T21:48:28.901+0000] {logging_mixin.py:190} INFO - [2025-04-06T21:48:28.901+0000] {dag.py:4180} INFO - Setting next_dagrun for example_params_trigger_ui to None, run_after=None
[2025-04-06T21:48:28.920+0000] {processor.py:208} INFO - Processing /home/airflow/.local/lib/python3.12/site-packages/airflow/example_dags/example_params_trigger_ui.py took 0.189 seconds
[2025-04-06T21:48:59.559+0000] {processor.py:186} INFO - Started process (PID=2203) to work on /home/airflow/.local/lib/python3.12/site-packages/airflow/example_dags/example_params_trigger_ui.py
[2025-04-06T21:48:59.560+0000] {processor.py:914} INFO - Processing file /home/airflow/.local/lib/python3.12/site-packages/airflow/example_dags/example_params_trigger_ui.py for tasks to queue
[2025-04-06T21:48:59.563+0000] {logging_mixin.py:190} INFO - [2025-04-06T21:48:59.563+0000] {dagbag.py:588} INFO - Filling up the DagBag from /home/airflow/.local/lib/python3.12/site-packages/airflow/example_dags/example_params_trigger_ui.py
[2025-04-06T21:48:59.577+0000] {processor.py:925} INFO - DAG(s) 'example_params_trigger_ui' retrieved from /home/airflow/.local/lib/python3.12/site-packages/airflow/example_dags/example_params_trigger_ui.py
[2025-04-06T21:48:59.648+0000] {logging_mixin.py:190} INFO - [2025-04-06T21:48:59.647+0000] {dag.py:3239} INFO - Sync 1 DAGs
[2025-04-06T21:48:59.668+0000] {logging_mixin.py:190} INFO - [2025-04-06T21:48:59.666+0000] {dag.py:4180} INFO - Setting next_dagrun for example_params_trigger_ui to None, run_after=None
[2025-04-06T21:48:59.701+0000] {processor.py:208} INFO - Processing /home/airflow/.local/lib/python3.12/site-packages/airflow/example_dags/example_params_trigger_ui.py took 0.149 seconds
[2025-04-06T21:49:29.826+0000] {processor.py:186} INFO - Started process (PID=2266) to work on /home/airflow/.local/lib/python3.12/site-packages/airflow/example_dags/example_params_trigger_ui.py
[2025-04-06T21:49:29.827+0000] {processor.py:914} INFO - Processing file /home/airflow/.local/lib/python3.12/site-packages/airflow/example_dags/example_params_trigger_ui.py for tasks to queue
[2025-04-06T21:49:29.829+0000] {logging_mixin.py:190} INFO - [2025-04-06T21:49:29.829+0000] {dagbag.py:588} INFO - Filling up the DagBag from /home/airflow/.local/lib/python3.12/site-packages/airflow/example_dags/example_params_trigger_ui.py
[2025-04-06T21:49:29.843+0000] {processor.py:925} INFO - DAG(s) 'example_params_trigger_ui' retrieved from /home/airflow/.local/lib/python3.12/site-packages/airflow/example_dags/example_params_trigger_ui.py
[2025-04-06T21:49:29.894+0000] {logging_mixin.py:190} INFO - [2025-04-06T21:49:29.893+0000] {dag.py:3239} INFO - Sync 1 DAGs
[2025-04-06T21:49:29.906+0000] {logging_mixin.py:190} INFO - [2025-04-06T21:49:29.905+0000] {dag.py:4180} INFO - Setting next_dagrun for example_params_trigger_ui to None, run_after=None
[2025-04-06T21:49:29.920+0000] {processor.py:208} INFO - Processing /home/airflow/.local/lib/python3.12/site-packages/airflow/example_dags/example_params_trigger_ui.py took 0.101 seconds
[2025-04-06T21:50:00.517+0000] {processor.py:186} INFO - Started process (PID=2330) to work on /home/airflow/.local/lib/python3.12/site-packages/airflow/example_dags/example_params_trigger_ui.py
[2025-04-06T21:50:00.518+0000] {processor.py:914} INFO - Processing file /home/airflow/.local/lib/python3.12/site-packages/airflow/example_dags/example_params_trigger_ui.py for tasks to queue
[2025-04-06T21:50:00.521+0000] {logging_mixin.py:190} INFO - [2025-04-06T21:50:00.520+0000] {dagbag.py:588} INFO - Filling up the DagBag from /home/airflow/.local/lib/python3.12/site-packages/airflow/example_dags/example_params_trigger_ui.py
[2025-04-06T21:50:00.534+0000] {processor.py:925} INFO - DAG(s) 'example_params_trigger_ui' retrieved from /home/airflow/.local/lib/python3.12/site-packages/airflow/example_dags/example_params_trigger_ui.py
[2025-04-06T21:50:00.596+0000] {logging_mixin.py:190} INFO - [2025-04-06T21:50:00.595+0000] {dag.py:3239} INFO - Sync 1 DAGs
[2025-04-06T21:50:00.614+0000] {logging_mixin.py:190} INFO - [2025-04-06T21:50:00.614+0000] {dag.py:4180} INFO - Setting next_dagrun for example_params_trigger_ui to None, run_after=None
[2025-04-06T21:50:00.636+0000] {processor.py:208} INFO - Processing /home/airflow/.local/lib/python3.12/site-packages/airflow/example_dags/example_params_trigger_ui.py took 0.126 seconds
[2025-04-06T21:50:30.803+0000] {processor.py:186} INFO - Started process (PID=2394) to work on /home/airflow/.local/lib/python3.12/site-packages/airflow/example_dags/example_params_trigger_ui.py
[2025-04-06T21:50:30.804+0000] {processor.py:914} INFO - Processing file /home/airflow/.local/lib/python3.12/site-packages/airflow/example_dags/example_params_trigger_ui.py for tasks to queue
[2025-04-06T21:50:30.806+0000] {logging_mixin.py:190} INFO - [2025-04-06T21:50:30.805+0000] {dagbag.py:588} INFO - Filling up the DagBag from /home/airflow/.local/lib/python3.12/site-packages/airflow/example_dags/example_params_trigger_ui.py
[2025-04-06T21:50:30.815+0000] {processor.py:925} INFO - DAG(s) 'example_params_trigger_ui' retrieved from /home/airflow/.local/lib/python3.12/site-packages/airflow/example_dags/example_params_trigger_ui.py
[2025-04-06T21:50:30.854+0000] {logging_mixin.py:190} INFO - [2025-04-06T21:50:30.853+0000] {dag.py:3239} INFO - Sync 1 DAGs
[2025-04-06T21:50:30.866+0000] {logging_mixin.py:190} INFO - [2025-04-06T21:50:30.865+0000] {dag.py:4180} INFO - Setting next_dagrun for example_params_trigger_ui to None, run_after=None
[2025-04-06T21:50:30.879+0000] {processor.py:208} INFO - Processing /home/airflow/.local/lib/python3.12/site-packages/airflow/example_dags/example_params_trigger_ui.py took 0.081 seconds
[2025-04-06T21:51:01.842+0000] {processor.py:186} INFO - Started process (PID=2458) to work on /home/airflow/.local/lib/python3.12/site-packages/airflow/example_dags/example_params_trigger_ui.py
[2025-04-06T21:51:01.842+0000] {processor.py:914} INFO - Processing file /home/airflow/.local/lib/python3.12/site-packages/airflow/example_dags/example_params_trigger_ui.py for tasks to queue
[2025-04-06T21:51:01.845+0000] {logging_mixin.py:190} INFO - [2025-04-06T21:51:01.844+0000] {dagbag.py:588} INFO - Filling up the DagBag from /home/airflow/.local/lib/python3.12/site-packages/airflow/example_dags/example_params_trigger_ui.py
[2025-04-06T21:51:01.859+0000] {processor.py:925} INFO - DAG(s) 'example_params_trigger_ui' retrieved from /home/airflow/.local/lib/python3.12/site-packages/airflow/example_dags/example_params_trigger_ui.py
[2025-04-06T21:51:01.934+0000] {logging_mixin.py:190} INFO - [2025-04-06T21:51:01.933+0000] {dag.py:3239} INFO - Sync 1 DAGs
[2025-04-06T21:51:01.954+0000] {logging_mixin.py:190} INFO - [2025-04-06T21:51:01.953+0000] {dag.py:4180} INFO - Setting next_dagrun for example_params_trigger_ui to None, run_after=None
[2025-04-06T21:51:01.972+0000] {processor.py:208} INFO - Processing /home/airflow/.local/lib/python3.12/site-packages/airflow/example_dags/example_params_trigger_ui.py took 0.138 seconds
[2025-04-06T21:51:32.505+0000] {processor.py:186} INFO - Started process (PID=2523) to work on /home/airflow/.local/lib/python3.12/site-packages/airflow/example_dags/example_params_trigger_ui.py
[2025-04-06T21:51:32.505+0000] {processor.py:914} INFO - Processing file /home/airflow/.local/lib/python3.12/site-packages/airflow/example_dags/example_params_trigger_ui.py for tasks to queue
[2025-04-06T21:51:32.508+0000] {logging_mixin.py:190} INFO - [2025-04-06T21:51:32.507+0000] {dagbag.py:588} INFO - Filling up the DagBag from /home/airflow/.local/lib/python3.12/site-packages/airflow/example_dags/example_params_trigger_ui.py
[2025-04-06T21:51:32.522+0000] {processor.py:925} INFO - DAG(s) 'example_params_trigger_ui' retrieved from /home/airflow/.local/lib/python3.12/site-packages/airflow/example_dags/example_params_trigger_ui.py
[2025-04-06T21:51:32.587+0000] {logging_mixin.py:190} INFO - [2025-04-06T21:51:32.586+0000] {dag.py:3239} INFO - Sync 1 DAGs
[2025-04-06T21:51:32.607+0000] {logging_mixin.py:190} INFO - [2025-04-06T21:51:32.606+0000] {dag.py:4180} INFO - Setting next_dagrun for example_params_trigger_ui to None, run_after=None
[2025-04-06T21:51:32.624+0000] {processor.py:208} INFO - Processing /home/airflow/.local/lib/python3.12/site-packages/airflow/example_dags/example_params_trigger_ui.py took 0.126 seconds
[2025-04-06T21:52:03.085+0000] {processor.py:186} INFO - Started process (PID=2587) to work on /home/airflow/.local/lib/python3.12/site-packages/airflow/example_dags/example_params_trigger_ui.py
[2025-04-06T21:52:03.088+0000] {processor.py:914} INFO - Processing file /home/airflow/.local/lib/python3.12/site-packages/airflow/example_dags/example_params_trigger_ui.py for tasks to queue
[2025-04-06T21:52:03.091+0000] {logging_mixin.py:190} INFO - [2025-04-06T21:52:03.091+0000] {dagbag.py:588} INFO - Filling up the DagBag from /home/airflow/.local/lib/python3.12/site-packages/airflow/example_dags/example_params_trigger_ui.py
[2025-04-06T21:52:03.105+0000] {processor.py:925} INFO - DAG(s) 'example_params_trigger_ui' retrieved from /home/airflow/.local/lib/python3.12/site-packages/airflow/example_dags/example_params_trigger_ui.py
[2025-04-06T21:52:03.169+0000] {logging_mixin.py:190} INFO - [2025-04-06T21:52:03.168+0000] {dag.py:3239} INFO - Sync 1 DAGs
[2025-04-06T21:52:03.188+0000] {logging_mixin.py:190} INFO - [2025-04-06T21:52:03.188+0000] {dag.py:4180} INFO - Setting next_dagrun for example_params_trigger_ui to None, run_after=None
[2025-04-06T21:52:03.207+0000] {processor.py:208} INFO - Processing /home/airflow/.local/lib/python3.12/site-packages/airflow/example_dags/example_params_trigger_ui.py took 0.134 seconds
[2025-04-06T21:52:34.125+0000] {processor.py:186} INFO - Started process (PID=2651) to work on /home/airflow/.local/lib/python3.12/site-packages/airflow/example_dags/example_params_trigger_ui.py
[2025-04-06T21:52:34.125+0000] {processor.py:914} INFO - Processing file /home/airflow/.local/lib/python3.12/site-packages/airflow/example_dags/example_params_trigger_ui.py for tasks to queue
[2025-04-06T21:52:34.128+0000] {logging_mixin.py:190} INFO - [2025-04-06T21:52:34.127+0000] {dagbag.py:588} INFO - Filling up the DagBag from /home/airflow/.local/lib/python3.12/site-packages/airflow/example_dags/example_params_trigger_ui.py
[2025-04-06T21:52:34.141+0000] {processor.py:925} INFO - DAG(s) 'example_params_trigger_ui' retrieved from /home/airflow/.local/lib/python3.12/site-packages/airflow/example_dags/example_params_trigger_ui.py
[2025-04-06T21:52:34.222+0000] {logging_mixin.py:190} INFO - [2025-04-06T21:52:34.221+0000] {dag.py:3239} INFO - Sync 1 DAGs
[2025-04-06T21:52:34.241+0000] {logging_mixin.py:190} INFO - [2025-04-06T21:52:34.240+0000] {dag.py:4180} INFO - Setting next_dagrun for example_params_trigger_ui to None, run_after=None
[2025-04-06T21:52:34.259+0000] {processor.py:208} INFO - Processing /home/airflow/.local/lib/python3.12/site-packages/airflow/example_dags/example_params_trigger_ui.py took 0.142 seconds
[2025-04-06T21:53:04.665+0000] {processor.py:186} INFO - Started process (PID=2715) to work on /home/airflow/.local/lib/python3.12/site-packages/airflow/example_dags/example_params_trigger_ui.py
[2025-04-06T21:53:04.665+0000] {processor.py:914} INFO - Processing file /home/airflow/.local/lib/python3.12/site-packages/airflow/example_dags/example_params_trigger_ui.py for tasks to queue
[2025-04-06T21:53:04.668+0000] {logging_mixin.py:190} INFO - [2025-04-06T21:53:04.667+0000] {dagbag.py:588} INFO - Filling up the DagBag from /home/airflow/.local/lib/python3.12/site-packages/airflow/example_dags/example_params_trigger_ui.py
[2025-04-06T21:53:04.681+0000] {processor.py:925} INFO - DAG(s) 'example_params_trigger_ui' retrieved from /home/airflow/.local/lib/python3.12/site-packages/airflow/example_dags/example_params_trigger_ui.py
[2025-04-06T21:53:04.746+0000] {logging_mixin.py:190} INFO - [2025-04-06T21:53:04.745+0000] {dag.py:3239} INFO - Sync 1 DAGs
[2025-04-06T21:53:04.776+0000] {logging_mixin.py:190} INFO - [2025-04-06T21:53:04.775+0000] {dag.py:4180} INFO - Setting next_dagrun for example_params_trigger_ui to None, run_after=None
[2025-04-06T21:53:04.795+0000] {processor.py:208} INFO - Processing /home/airflow/.local/lib/python3.12/site-packages/airflow/example_dags/example_params_trigger_ui.py took 0.137 seconds
[2025-04-06T21:53:35.126+0000] {processor.py:186} INFO - Started process (PID=2779) to work on /home/airflow/.local/lib/python3.12/site-packages/airflow/example_dags/example_params_trigger_ui.py
[2025-04-06T21:53:35.126+0000] {processor.py:914} INFO - Processing file /home/airflow/.local/lib/python3.12/site-packages/airflow/example_dags/example_params_trigger_ui.py for tasks to queue
[2025-04-06T21:53:35.129+0000] {logging_mixin.py:190} INFO - [2025-04-06T21:53:35.128+0000] {dagbag.py:588} INFO - Filling up the DagBag from /home/airflow/.local/lib/python3.12/site-packages/airflow/example_dags/example_params_trigger_ui.py
[2025-04-06T21:53:35.142+0000] {processor.py:925} INFO - DAG(s) 'example_params_trigger_ui' retrieved from /home/airflow/.local/lib/python3.12/site-packages/airflow/example_dags/example_params_trigger_ui.py
[2025-04-06T21:53:35.208+0000] {logging_mixin.py:190} INFO - [2025-04-06T21:53:35.207+0000] {dag.py:3239} INFO - Sync 1 DAGs
[2025-04-06T21:53:35.228+0000] {logging_mixin.py:190} INFO - [2025-04-06T21:53:35.228+0000] {dag.py:4180} INFO - Setting next_dagrun for example_params_trigger_ui to None, run_after=None
[2025-04-06T21:53:35.248+0000] {processor.py:208} INFO - Processing /home/airflow/.local/lib/python3.12/site-packages/airflow/example_dags/example_params_trigger_ui.py took 0.130 seconds
[2025-04-06T21:54:05.337+0000] {processor.py:186} INFO - Started process (PID=2842) to work on /home/airflow/.local/lib/python3.12/site-packages/airflow/example_dags/example_params_trigger_ui.py
[2025-04-06T21:54:05.338+0000] {processor.py:914} INFO - Processing file /home/airflow/.local/lib/python3.12/site-packages/airflow/example_dags/example_params_trigger_ui.py for tasks to queue
[2025-04-06T21:54:05.344+0000] {logging_mixin.py:190} INFO - [2025-04-06T21:54:05.344+0000] {dagbag.py:588} INFO - Filling up the DagBag from /home/airflow/.local/lib/python3.12/site-packages/airflow/example_dags/example_params_trigger_ui.py
[2025-04-06T21:54:05.380+0000] {processor.py:925} INFO - DAG(s) 'example_params_trigger_ui' retrieved from /home/airflow/.local/lib/python3.12/site-packages/airflow/example_dags/example_params_trigger_ui.py
[2025-04-06T21:54:05.453+0000] {logging_mixin.py:190} INFO - [2025-04-06T21:54:05.452+0000] {dag.py:3239} INFO - Sync 1 DAGs
[2025-04-06T21:54:05.473+0000] {logging_mixin.py:190} INFO - [2025-04-06T21:54:05.473+0000] {dag.py:4180} INFO - Setting next_dagrun for example_params_trigger_ui to None, run_after=None
[2025-04-06T21:54:05.493+0000] {processor.py:208} INFO - Processing /home/airflow/.local/lib/python3.12/site-packages/airflow/example_dags/example_params_trigger_ui.py took 0.177 seconds
[2025-04-06T21:54:35.941+0000] {processor.py:186} INFO - Started process (PID=2906) to work on /home/airflow/.local/lib/python3.12/site-packages/airflow/example_dags/example_params_trigger_ui.py
[2025-04-06T21:54:35.942+0000] {processor.py:914} INFO - Processing file /home/airflow/.local/lib/python3.12/site-packages/airflow/example_dags/example_params_trigger_ui.py for tasks to queue
[2025-04-06T21:54:35.944+0000] {logging_mixin.py:190} INFO - [2025-04-06T21:54:35.944+0000] {dagbag.py:588} INFO - Filling up the DagBag from /home/airflow/.local/lib/python3.12/site-packages/airflow/example_dags/example_params_trigger_ui.py
[2025-04-06T21:54:35.958+0000] {processor.py:925} INFO - DAG(s) 'example_params_trigger_ui' retrieved from /home/airflow/.local/lib/python3.12/site-packages/airflow/example_dags/example_params_trigger_ui.py
[2025-04-06T21:54:36.033+0000] {logging_mixin.py:190} INFO - [2025-04-06T21:54:36.033+0000] {dag.py:3239} INFO - Sync 1 DAGs
[2025-04-06T21:54:36.049+0000] {logging_mixin.py:190} INFO - [2025-04-06T21:54:36.049+0000] {dag.py:4180} INFO - Setting next_dagrun for example_params_trigger_ui to None, run_after=None
[2025-04-06T21:54:36.063+0000] {processor.py:208} INFO - Processing /home/airflow/.local/lib/python3.12/site-packages/airflow/example_dags/example_params_trigger_ui.py took 0.128 seconds
[2025-04-06T21:55:06.842+0000] {processor.py:186} INFO - Started process (PID=2970) to work on /home/airflow/.local/lib/python3.12/site-packages/airflow/example_dags/example_params_trigger_ui.py
[2025-04-06T21:55:06.844+0000] {processor.py:914} INFO - Processing file /home/airflow/.local/lib/python3.12/site-packages/airflow/example_dags/example_params_trigger_ui.py for tasks to queue
[2025-04-06T21:55:06.846+0000] {logging_mixin.py:190} INFO - [2025-04-06T21:55:06.846+0000] {dagbag.py:588} INFO - Filling up the DagBag from /home/airflow/.local/lib/python3.12/site-packages/airflow/example_dags/example_params_trigger_ui.py
[2025-04-06T21:55:06.860+0000] {processor.py:925} INFO - DAG(s) 'example_params_trigger_ui' retrieved from /home/airflow/.local/lib/python3.12/site-packages/airflow/example_dags/example_params_trigger_ui.py
[2025-04-06T21:55:06.931+0000] {logging_mixin.py:190} INFO - [2025-04-06T21:55:06.930+0000] {dag.py:3239} INFO - Sync 1 DAGs
[2025-04-06T21:55:06.949+0000] {logging_mixin.py:190} INFO - [2025-04-06T21:55:06.949+0000] {dag.py:4180} INFO - Setting next_dagrun for example_params_trigger_ui to None, run_after=None
[2025-04-06T21:55:06.967+0000] {processor.py:208} INFO - Processing /home/airflow/.local/lib/python3.12/site-packages/airflow/example_dags/example_params_trigger_ui.py took 0.131 seconds
[2025-04-06T21:55:37.477+0000] {processor.py:186} INFO - Started process (PID=3034) to work on /home/airflow/.local/lib/python3.12/site-packages/airflow/example_dags/example_params_trigger_ui.py
[2025-04-06T21:55:37.480+0000] {processor.py:914} INFO - Processing file /home/airflow/.local/lib/python3.12/site-packages/airflow/example_dags/example_params_trigger_ui.py for tasks to queue
[2025-04-06T21:55:37.485+0000] {logging_mixin.py:190} INFO - [2025-04-06T21:55:37.484+0000] {dagbag.py:588} INFO - Filling up the DagBag from /home/airflow/.local/lib/python3.12/site-packages/airflow/example_dags/example_params_trigger_ui.py
[2025-04-06T21:55:37.500+0000] {processor.py:925} INFO - DAG(s) 'example_params_trigger_ui' retrieved from /home/airflow/.local/lib/python3.12/site-packages/airflow/example_dags/example_params_trigger_ui.py
[2025-04-06T21:55:37.564+0000] {logging_mixin.py:190} INFO - [2025-04-06T21:55:37.563+0000] {dag.py:3239} INFO - Sync 1 DAGs
[2025-04-06T21:55:37.595+0000] {logging_mixin.py:190} INFO - [2025-04-06T21:55:37.595+0000] {dag.py:4180} INFO - Setting next_dagrun for example_params_trigger_ui to None, run_after=None
[2025-04-06T21:55:37.622+0000] {processor.py:208} INFO - Processing /home/airflow/.local/lib/python3.12/site-packages/airflow/example_dags/example_params_trigger_ui.py took 0.161 seconds
[2025-04-06T21:56:08.078+0000] {processor.py:186} INFO - Started process (PID=3098) to work on /home/airflow/.local/lib/python3.12/site-packages/airflow/example_dags/example_params_trigger_ui.py
[2025-04-06T21:56:08.079+0000] {processor.py:914} INFO - Processing file /home/airflow/.local/lib/python3.12/site-packages/airflow/example_dags/example_params_trigger_ui.py for tasks to queue
[2025-04-06T21:56:08.081+0000] {logging_mixin.py:190} INFO - [2025-04-06T21:56:08.081+0000] {dagbag.py:588} INFO - Filling up the DagBag from /home/airflow/.local/lib/python3.12/site-packages/airflow/example_dags/example_params_trigger_ui.py
[2025-04-06T21:56:08.122+0000] {processor.py:925} INFO - DAG(s) 'example_params_trigger_ui' retrieved from /home/airflow/.local/lib/python3.12/site-packages/airflow/example_dags/example_params_trigger_ui.py
[2025-04-06T21:56:08.367+0000] {logging_mixin.py:190} INFO - [2025-04-06T21:56:08.366+0000] {dag.py:3239} INFO - Sync 1 DAGs
[2025-04-06T21:56:08.405+0000] {logging_mixin.py:190} INFO - [2025-04-06T21:56:08.405+0000] {dag.py:4180} INFO - Setting next_dagrun for example_params_trigger_ui to None, run_after=None
[2025-04-06T21:56:08.424+0000] {processor.py:208} INFO - Processing /home/airflow/.local/lib/python3.12/site-packages/airflow/example_dags/example_params_trigger_ui.py took 0.361 seconds
[2025-04-06T21:56:39.119+0000] {processor.py:186} INFO - Started process (PID=3162) to work on /home/airflow/.local/lib/python3.12/site-packages/airflow/example_dags/example_params_trigger_ui.py
[2025-04-06T21:56:39.120+0000] {processor.py:914} INFO - Processing file /home/airflow/.local/lib/python3.12/site-packages/airflow/example_dags/example_params_trigger_ui.py for tasks to queue
[2025-04-06T21:56:39.123+0000] {logging_mixin.py:190} INFO - [2025-04-06T21:56:39.122+0000] {dagbag.py:588} INFO - Filling up the DagBag from /home/airflow/.local/lib/python3.12/site-packages/airflow/example_dags/example_params_trigger_ui.py
[2025-04-06T21:56:39.136+0000] {processor.py:925} INFO - DAG(s) 'example_params_trigger_ui' retrieved from /home/airflow/.local/lib/python3.12/site-packages/airflow/example_dags/example_params_trigger_ui.py
[2025-04-06T21:56:39.258+0000] {logging_mixin.py:190} INFO - [2025-04-06T21:56:39.257+0000] {dag.py:3239} INFO - Sync 1 DAGs
[2025-04-06T21:56:39.274+0000] {logging_mixin.py:190} INFO - [2025-04-06T21:56:39.274+0000] {dag.py:4180} INFO - Setting next_dagrun for example_params_trigger_ui to None, run_after=None
[2025-04-06T21:56:39.291+0000] {processor.py:208} INFO - Processing /home/airflow/.local/lib/python3.12/site-packages/airflow/example_dags/example_params_trigger_ui.py took 0.178 seconds
[2025-04-06T21:57:09.540+0000] {processor.py:186} INFO - Started process (PID=3226) to work on /home/airflow/.local/lib/python3.12/site-packages/airflow/example_dags/example_params_trigger_ui.py
[2025-04-06T21:57:09.541+0000] {processor.py:914} INFO - Processing file /home/airflow/.local/lib/python3.12/site-packages/airflow/example_dags/example_params_trigger_ui.py for tasks to queue
[2025-04-06T21:57:09.543+0000] {logging_mixin.py:190} INFO - [2025-04-06T21:57:09.543+0000] {dagbag.py:588} INFO - Filling up the DagBag from /home/airflow/.local/lib/python3.12/site-packages/airflow/example_dags/example_params_trigger_ui.py
[2025-04-06T21:57:09.557+0000] {processor.py:925} INFO - DAG(s) 'example_params_trigger_ui' retrieved from /home/airflow/.local/lib/python3.12/site-packages/airflow/example_dags/example_params_trigger_ui.py
[2025-04-06T21:57:09.675+0000] {logging_mixin.py:190} INFO - [2025-04-06T21:57:09.674+0000] {dag.py:3239} INFO - Sync 1 DAGs
[2025-04-06T21:57:09.692+0000] {logging_mixin.py:190} INFO - [2025-04-06T21:57:09.692+0000] {dag.py:4180} INFO - Setting next_dagrun for example_params_trigger_ui to None, run_after=None
[2025-04-06T21:57:09.706+0000] {processor.py:208} INFO - Processing /home/airflow/.local/lib/python3.12/site-packages/airflow/example_dags/example_params_trigger_ui.py took 0.172 seconds
[2025-04-06T21:57:39.790+0000] {processor.py:186} INFO - Started process (PID=3292) to work on /home/airflow/.local/lib/python3.12/site-packages/airflow/example_dags/example_params_trigger_ui.py
[2025-04-06T21:57:39.791+0000] {processor.py:914} INFO - Processing file /home/airflow/.local/lib/python3.12/site-packages/airflow/example_dags/example_params_trigger_ui.py for tasks to queue
[2025-04-06T21:57:39.792+0000] {logging_mixin.py:190} INFO - [2025-04-06T21:57:39.792+0000] {dagbag.py:588} INFO - Filling up the DagBag from /home/airflow/.local/lib/python3.12/site-packages/airflow/example_dags/example_params_trigger_ui.py
[2025-04-06T21:57:39.802+0000] {processor.py:925} INFO - DAG(s) 'example_params_trigger_ui' retrieved from /home/airflow/.local/lib/python3.12/site-packages/airflow/example_dags/example_params_trigger_ui.py
[2025-04-06T21:57:39.840+0000] {logging_mixin.py:190} INFO - [2025-04-06T21:57:39.840+0000] {dag.py:3239} INFO - Sync 1 DAGs
[2025-04-06T21:57:39.852+0000] {logging_mixin.py:190} INFO - [2025-04-06T21:57:39.852+0000] {dag.py:4180} INFO - Setting next_dagrun for example_params_trigger_ui to None, run_after=None
[2025-04-06T21:57:39.869+0000] {processor.py:208} INFO - Processing /home/airflow/.local/lib/python3.12/site-packages/airflow/example_dags/example_params_trigger_ui.py took 0.084 seconds
[2025-04-06T21:58:10.158+0000] {processor.py:186} INFO - Started process (PID=3355) to work on /home/airflow/.local/lib/python3.12/site-packages/airflow/example_dags/example_params_trigger_ui.py
[2025-04-06T21:58:10.158+0000] {processor.py:914} INFO - Processing file /home/airflow/.local/lib/python3.12/site-packages/airflow/example_dags/example_params_trigger_ui.py for tasks to queue
[2025-04-06T21:58:10.160+0000] {logging_mixin.py:190} INFO - [2025-04-06T21:58:10.160+0000] {dagbag.py:588} INFO - Filling up the DagBag from /home/airflow/.local/lib/python3.12/site-packages/airflow/example_dags/example_params_trigger_ui.py
[2025-04-06T21:58:10.174+0000] {processor.py:925} INFO - DAG(s) 'example_params_trigger_ui' retrieved from /home/airflow/.local/lib/python3.12/site-packages/airflow/example_dags/example_params_trigger_ui.py
[2025-04-06T21:58:10.246+0000] {logging_mixin.py:190} INFO - [2025-04-06T21:58:10.246+0000] {dag.py:3239} INFO - Sync 1 DAGs
[2025-04-06T21:58:10.266+0000] {logging_mixin.py:190} INFO - [2025-04-06T21:58:10.266+0000] {dag.py:4180} INFO - Setting next_dagrun for example_params_trigger_ui to None, run_after=None
[2025-04-06T21:58:10.282+0000] {processor.py:208} INFO - Processing /home/airflow/.local/lib/python3.12/site-packages/airflow/example_dags/example_params_trigger_ui.py took 0.130 seconds
[2025-04-06T21:58:40.966+0000] {processor.py:186} INFO - Started process (PID=3419) to work on /home/airflow/.local/lib/python3.12/site-packages/airflow/example_dags/example_params_trigger_ui.py
[2025-04-06T21:58:40.968+0000] {processor.py:914} INFO - Processing file /home/airflow/.local/lib/python3.12/site-packages/airflow/example_dags/example_params_trigger_ui.py for tasks to queue
[2025-04-06T21:58:40.971+0000] {logging_mixin.py:190} INFO - [2025-04-06T21:58:40.970+0000] {dagbag.py:588} INFO - Filling up the DagBag from /home/airflow/.local/lib/python3.12/site-packages/airflow/example_dags/example_params_trigger_ui.py
[2025-04-06T21:58:40.990+0000] {processor.py:925} INFO - DAG(s) 'example_params_trigger_ui' retrieved from /home/airflow/.local/lib/python3.12/site-packages/airflow/example_dags/example_params_trigger_ui.py
[2025-04-06T21:58:41.097+0000] {logging_mixin.py:190} INFO - [2025-04-06T21:58:41.097+0000] {dag.py:3239} INFO - Sync 1 DAGs
[2025-04-06T21:58:41.118+0000] {logging_mixin.py:190} INFO - [2025-04-06T21:58:41.118+0000] {dag.py:4180} INFO - Setting next_dagrun for example_params_trigger_ui to None, run_after=None
[2025-04-06T21:58:41.145+0000] {processor.py:208} INFO - Processing /home/airflow/.local/lib/python3.12/site-packages/airflow/example_dags/example_params_trigger_ui.py took 0.194 seconds
[2025-04-06T21:59:11.238+0000] {processor.py:186} INFO - Started process (PID=3483) to work on /home/airflow/.local/lib/python3.12/site-packages/airflow/example_dags/example_params_trigger_ui.py
[2025-04-06T21:59:11.239+0000] {processor.py:914} INFO - Processing file /home/airflow/.local/lib/python3.12/site-packages/airflow/example_dags/example_params_trigger_ui.py for tasks to queue
[2025-04-06T21:59:11.241+0000] {logging_mixin.py:190} INFO - [2025-04-06T21:59:11.241+0000] {dagbag.py:588} INFO - Filling up the DagBag from /home/airflow/.local/lib/python3.12/site-packages/airflow/example_dags/example_params_trigger_ui.py
[2025-04-06T21:59:11.255+0000] {processor.py:925} INFO - DAG(s) 'example_params_trigger_ui' retrieved from /home/airflow/.local/lib/python3.12/site-packages/airflow/example_dags/example_params_trigger_ui.py
[2025-04-06T21:59:11.321+0000] {logging_mixin.py:190} INFO - [2025-04-06T21:59:11.320+0000] {dag.py:3239} INFO - Sync 1 DAGs
[2025-04-06T21:59:11.338+0000] {logging_mixin.py:190} INFO - [2025-04-06T21:59:11.337+0000] {dag.py:4180} INFO - Setting next_dagrun for example_params_trigger_ui to None, run_after=None
[2025-04-06T21:59:11.353+0000] {processor.py:208} INFO - Processing /home/airflow/.local/lib/python3.12/site-packages/airflow/example_dags/example_params_trigger_ui.py took 0.121 seconds
[2025-04-06T21:59:41.879+0000] {processor.py:186} INFO - Started process (PID=3547) to work on /home/airflow/.local/lib/python3.12/site-packages/airflow/example_dags/example_params_trigger_ui.py
[2025-04-06T21:59:41.880+0000] {processor.py:914} INFO - Processing file /home/airflow/.local/lib/python3.12/site-packages/airflow/example_dags/example_params_trigger_ui.py for tasks to queue
[2025-04-06T21:59:41.882+0000] {logging_mixin.py:190} INFO - [2025-04-06T21:59:41.882+0000] {dagbag.py:588} INFO - Filling up the DagBag from /home/airflow/.local/lib/python3.12/site-packages/airflow/example_dags/example_params_trigger_ui.py
[2025-04-06T21:59:41.896+0000] {processor.py:925} INFO - DAG(s) 'example_params_trigger_ui' retrieved from /home/airflow/.local/lib/python3.12/site-packages/airflow/example_dags/example_params_trigger_ui.py
[2025-04-06T21:59:41.967+0000] {logging_mixin.py:190} INFO - [2025-04-06T21:59:41.966+0000] {dag.py:3239} INFO - Sync 1 DAGs
[2025-04-06T21:59:41.992+0000] {logging_mixin.py:190} INFO - [2025-04-06T21:59:41.992+0000] {dag.py:4180} INFO - Setting next_dagrun for example_params_trigger_ui to None, run_after=None
[2025-04-06T21:59:42.010+0000] {processor.py:208} INFO - Processing /home/airflow/.local/lib/python3.12/site-packages/airflow/example_dags/example_params_trigger_ui.py took 0.137 seconds
[2025-04-06T22:00:12.323+0000] {processor.py:186} INFO - Started process (PID=3611) to work on /home/airflow/.local/lib/python3.12/site-packages/airflow/example_dags/example_params_trigger_ui.py
[2025-04-06T22:00:12.325+0000] {processor.py:914} INFO - Processing file /home/airflow/.local/lib/python3.12/site-packages/airflow/example_dags/example_params_trigger_ui.py for tasks to queue
[2025-04-06T22:00:12.328+0000] {logging_mixin.py:190} INFO - [2025-04-06T22:00:12.328+0000] {dagbag.py:588} INFO - Filling up the DagBag from /home/airflow/.local/lib/python3.12/site-packages/airflow/example_dags/example_params_trigger_ui.py
[2025-04-06T22:00:12.342+0000] {processor.py:925} INFO - DAG(s) 'example_params_trigger_ui' retrieved from /home/airflow/.local/lib/python3.12/site-packages/airflow/example_dags/example_params_trigger_ui.py
[2025-04-06T22:00:12.424+0000] {logging_mixin.py:190} INFO - [2025-04-06T22:00:12.422+0000] {dag.py:3239} INFO - Sync 1 DAGs
[2025-04-06T22:00:12.470+0000] {logging_mixin.py:190} INFO - [2025-04-06T22:00:12.470+0000] {dag.py:4180} INFO - Setting next_dagrun for example_params_trigger_ui to None, run_after=None
[2025-04-06T22:00:12.492+0000] {processor.py:208} INFO - Processing /home/airflow/.local/lib/python3.12/site-packages/airflow/example_dags/example_params_trigger_ui.py took 0.182 seconds
[2025-04-06T22:00:42.825+0000] {processor.py:186} INFO - Started process (PID=3675) to work on /home/airflow/.local/lib/python3.12/site-packages/airflow/example_dags/example_params_trigger_ui.py
[2025-04-06T22:00:42.826+0000] {processor.py:914} INFO - Processing file /home/airflow/.local/lib/python3.12/site-packages/airflow/example_dags/example_params_trigger_ui.py for tasks to queue
[2025-04-06T22:00:42.828+0000] {logging_mixin.py:190} INFO - [2025-04-06T22:00:42.828+0000] {dagbag.py:588} INFO - Filling up the DagBag from /home/airflow/.local/lib/python3.12/site-packages/airflow/example_dags/example_params_trigger_ui.py
[2025-04-06T22:00:42.845+0000] {processor.py:925} INFO - DAG(s) 'example_params_trigger_ui' retrieved from /home/airflow/.local/lib/python3.12/site-packages/airflow/example_dags/example_params_trigger_ui.py
[2025-04-06T22:00:42.912+0000] {logging_mixin.py:190} INFO - [2025-04-06T22:00:42.912+0000] {dag.py:3239} INFO - Sync 1 DAGs
[2025-04-06T22:00:42.942+0000] {logging_mixin.py:190} INFO - [2025-04-06T22:00:42.942+0000] {dag.py:4180} INFO - Setting next_dagrun for example_params_trigger_ui to None, run_after=None
[2025-04-06T22:00:42.955+0000] {processor.py:208} INFO - Processing /home/airflow/.local/lib/python3.12/site-packages/airflow/example_dags/example_params_trigger_ui.py took 0.143 seconds
[2025-04-06T22:01:13.340+0000] {processor.py:186} INFO - Started process (PID=3739) to work on /home/airflow/.local/lib/python3.12/site-packages/airflow/example_dags/example_params_trigger_ui.py
[2025-04-06T22:01:13.341+0000] {processor.py:914} INFO - Processing file /home/airflow/.local/lib/python3.12/site-packages/airflow/example_dags/example_params_trigger_ui.py for tasks to queue
[2025-04-06T22:01:13.343+0000] {logging_mixin.py:190} INFO - [2025-04-06T22:01:13.343+0000] {dagbag.py:588} INFO - Filling up the DagBag from /home/airflow/.local/lib/python3.12/site-packages/airflow/example_dags/example_params_trigger_ui.py
[2025-04-06T22:01:13.357+0000] {processor.py:925} INFO - DAG(s) 'example_params_trigger_ui' retrieved from /home/airflow/.local/lib/python3.12/site-packages/airflow/example_dags/example_params_trigger_ui.py
[2025-04-06T22:01:13.452+0000] {logging_mixin.py:190} INFO - [2025-04-06T22:01:13.451+0000] {dag.py:3239} INFO - Sync 1 DAGs
[2025-04-06T22:01:13.466+0000] {logging_mixin.py:190} INFO - [2025-04-06T22:01:13.466+0000] {dag.py:4180} INFO - Setting next_dagrun for example_params_trigger_ui to None, run_after=None
[2025-04-06T22:01:13.486+0000] {processor.py:208} INFO - Processing /home/airflow/.local/lib/python3.12/site-packages/airflow/example_dags/example_params_trigger_ui.py took 0.153 seconds
[2025-04-06T22:01:44.138+0000] {processor.py:186} INFO - Started process (PID=3803) to work on /home/airflow/.local/lib/python3.12/site-packages/airflow/example_dags/example_params_trigger_ui.py
[2025-04-06T22:01:44.139+0000] {processor.py:914} INFO - Processing file /home/airflow/.local/lib/python3.12/site-packages/airflow/example_dags/example_params_trigger_ui.py for tasks to queue
[2025-04-06T22:01:44.143+0000] {logging_mixin.py:190} INFO - [2025-04-06T22:01:44.143+0000] {dagbag.py:588} INFO - Filling up the DagBag from /home/airflow/.local/lib/python3.12/site-packages/airflow/example_dags/example_params_trigger_ui.py
[2025-04-06T22:01:44.168+0000] {processor.py:925} INFO - DAG(s) 'example_params_trigger_ui' retrieved from /home/airflow/.local/lib/python3.12/site-packages/airflow/example_dags/example_params_trigger_ui.py
[2025-04-06T22:01:44.253+0000] {logging_mixin.py:190} INFO - [2025-04-06T22:01:44.253+0000] {dag.py:3239} INFO - Sync 1 DAGs
[2025-04-06T22:01:44.272+0000] {logging_mixin.py:190} INFO - [2025-04-06T22:01:44.271+0000] {dag.py:4180} INFO - Setting next_dagrun for example_params_trigger_ui to None, run_after=None
[2025-04-06T22:01:44.290+0000] {processor.py:208} INFO - Processing /home/airflow/.local/lib/python3.12/site-packages/airflow/example_dags/example_params_trigger_ui.py took 0.158 seconds
[2025-04-06T22:02:14.724+0000] {processor.py:186} INFO - Started process (PID=3866) to work on /home/airflow/.local/lib/python3.12/site-packages/airflow/example_dags/example_params_trigger_ui.py
[2025-04-06T22:02:14.727+0000] {processor.py:914} INFO - Processing file /home/airflow/.local/lib/python3.12/site-packages/airflow/example_dags/example_params_trigger_ui.py for tasks to queue
[2025-04-06T22:02:14.729+0000] {logging_mixin.py:190} INFO - [2025-04-06T22:02:14.729+0000] {dagbag.py:588} INFO - Filling up the DagBag from /home/airflow/.local/lib/python3.12/site-packages/airflow/example_dags/example_params_trigger_ui.py
[2025-04-06T22:02:14.754+0000] {processor.py:925} INFO - DAG(s) 'example_params_trigger_ui' retrieved from /home/airflow/.local/lib/python3.12/site-packages/airflow/example_dags/example_params_trigger_ui.py
[2025-04-06T22:02:14.900+0000] {logging_mixin.py:190} INFO - [2025-04-06T22:02:14.900+0000] {dag.py:3239} INFO - Sync 1 DAGs
[2025-04-06T22:02:14.944+0000] {logging_mixin.py:190} INFO - [2025-04-06T22:02:14.944+0000] {dag.py:4180} INFO - Setting next_dagrun for example_params_trigger_ui to None, run_after=None
[2025-04-06T22:02:14.963+0000] {processor.py:208} INFO - Processing /home/airflow/.local/lib/python3.12/site-packages/airflow/example_dags/example_params_trigger_ui.py took 0.253 seconds
[2025-04-06T22:02:45.274+0000] {processor.py:186} INFO - Started process (PID=3929) to work on /home/airflow/.local/lib/python3.12/site-packages/airflow/example_dags/example_params_trigger_ui.py
[2025-04-06T22:02:45.275+0000] {processor.py:914} INFO - Processing file /home/airflow/.local/lib/python3.12/site-packages/airflow/example_dags/example_params_trigger_ui.py for tasks to queue
[2025-04-06T22:02:45.277+0000] {logging_mixin.py:190} INFO - [2025-04-06T22:02:45.277+0000] {dagbag.py:588} INFO - Filling up the DagBag from /home/airflow/.local/lib/python3.12/site-packages/airflow/example_dags/example_params_trigger_ui.py
[2025-04-06T22:02:45.291+0000] {processor.py:925} INFO - DAG(s) 'example_params_trigger_ui' retrieved from /home/airflow/.local/lib/python3.12/site-packages/airflow/example_dags/example_params_trigger_ui.py
[2025-04-06T22:02:45.359+0000] {logging_mixin.py:190} INFO - [2025-04-06T22:02:45.357+0000] {dag.py:3239} INFO - Sync 1 DAGs
[2025-04-06T22:02:45.391+0000] {logging_mixin.py:190} INFO - [2025-04-06T22:02:45.391+0000] {dag.py:4180} INFO - Setting next_dagrun for example_params_trigger_ui to None, run_after=None
[2025-04-06T22:02:45.406+0000] {processor.py:208} INFO - Processing /home/airflow/.local/lib/python3.12/site-packages/airflow/example_dags/example_params_trigger_ui.py took 0.138 seconds
[2025-04-06T22:03:15.571+0000] {processor.py:186} INFO - Started process (PID=3993) to work on /home/airflow/.local/lib/python3.12/site-packages/airflow/example_dags/example_params_trigger_ui.py
[2025-04-06T22:03:15.573+0000] {processor.py:914} INFO - Processing file /home/airflow/.local/lib/python3.12/site-packages/airflow/example_dags/example_params_trigger_ui.py for tasks to queue
[2025-04-06T22:03:15.575+0000] {logging_mixin.py:190} INFO - [2025-04-06T22:03:15.575+0000] {dagbag.py:588} INFO - Filling up the DagBag from /home/airflow/.local/lib/python3.12/site-packages/airflow/example_dags/example_params_trigger_ui.py
[2025-04-06T22:03:15.589+0000] {processor.py:925} INFO - DAG(s) 'example_params_trigger_ui' retrieved from /home/airflow/.local/lib/python3.12/site-packages/airflow/example_dags/example_params_trigger_ui.py
[2025-04-06T22:03:15.670+0000] {logging_mixin.py:190} INFO - [2025-04-06T22:03:15.668+0000] {dag.py:3239} INFO - Sync 1 DAGs
[2025-04-06T22:03:15.705+0000] {logging_mixin.py:190} INFO - [2025-04-06T22:03:15.705+0000] {dag.py:4180} INFO - Setting next_dagrun for example_params_trigger_ui to None, run_after=None
[2025-04-06T22:03:15.725+0000] {processor.py:208} INFO - Processing /home/airflow/.local/lib/python3.12/site-packages/airflow/example_dags/example_params_trigger_ui.py took 0.160 seconds
[2025-04-06T22:03:45.953+0000] {processor.py:186} INFO - Started process (PID=4056) to work on /home/airflow/.local/lib/python3.12/site-packages/airflow/example_dags/example_params_trigger_ui.py
[2025-04-06T22:03:45.954+0000] {processor.py:914} INFO - Processing file /home/airflow/.local/lib/python3.12/site-packages/airflow/example_dags/example_params_trigger_ui.py for tasks to queue
[2025-04-06T22:03:45.956+0000] {logging_mixin.py:190} INFO - [2025-04-06T22:03:45.956+0000] {dagbag.py:588} INFO - Filling up the DagBag from /home/airflow/.local/lib/python3.12/site-packages/airflow/example_dags/example_params_trigger_ui.py
[2025-04-06T22:03:45.970+0000] {processor.py:925} INFO - DAG(s) 'example_params_trigger_ui' retrieved from /home/airflow/.local/lib/python3.12/site-packages/airflow/example_dags/example_params_trigger_ui.py
[2025-04-06T22:03:46.037+0000] {logging_mixin.py:190} INFO - [2025-04-06T22:03:46.036+0000] {dag.py:3239} INFO - Sync 1 DAGs
[2025-04-06T22:03:46.055+0000] {logging_mixin.py:190} INFO - [2025-04-06T22:03:46.055+0000] {dag.py:4180} INFO - Setting next_dagrun for example_params_trigger_ui to None, run_after=None
[2025-04-06T22:03:46.072+0000] {processor.py:208} INFO - Processing /home/airflow/.local/lib/python3.12/site-packages/airflow/example_dags/example_params_trigger_ui.py took 0.125 seconds
[2025-04-06T22:04:16.153+0000] {processor.py:186} INFO - Started process (PID=4120) to work on /home/airflow/.local/lib/python3.12/site-packages/airflow/example_dags/example_params_trigger_ui.py
[2025-04-06T22:04:16.154+0000] {processor.py:914} INFO - Processing file /home/airflow/.local/lib/python3.12/site-packages/airflow/example_dags/example_params_trigger_ui.py for tasks to queue
[2025-04-06T22:04:16.156+0000] {logging_mixin.py:190} INFO - [2025-04-06T22:04:16.156+0000] {dagbag.py:588} INFO - Filling up the DagBag from /home/airflow/.local/lib/python3.12/site-packages/airflow/example_dags/example_params_trigger_ui.py
[2025-04-06T22:04:16.170+0000] {processor.py:925} INFO - DAG(s) 'example_params_trigger_ui' retrieved from /home/airflow/.local/lib/python3.12/site-packages/airflow/example_dags/example_params_trigger_ui.py
[2025-04-06T22:04:16.235+0000] {logging_mixin.py:190} INFO - [2025-04-06T22:04:16.235+0000] {dag.py:3239} INFO - Sync 1 DAGs
[2025-04-06T22:04:16.253+0000] {logging_mixin.py:190} INFO - [2025-04-06T22:04:16.253+0000] {dag.py:4180} INFO - Setting next_dagrun for example_params_trigger_ui to None, run_after=None
[2025-04-06T22:04:16.269+0000] {processor.py:208} INFO - Processing /home/airflow/.local/lib/python3.12/site-packages/airflow/example_dags/example_params_trigger_ui.py took 0.123 seconds
[2025-04-06T22:04:46.540+0000] {processor.py:186} INFO - Started process (PID=4183) to work on /home/airflow/.local/lib/python3.12/site-packages/airflow/example_dags/example_params_trigger_ui.py
[2025-04-06T22:04:46.541+0000] {processor.py:914} INFO - Processing file /home/airflow/.local/lib/python3.12/site-packages/airflow/example_dags/example_params_trigger_ui.py for tasks to queue
[2025-04-06T22:04:46.543+0000] {logging_mixin.py:190} INFO - [2025-04-06T22:04:46.543+0000] {dagbag.py:588} INFO - Filling up the DagBag from /home/airflow/.local/lib/python3.12/site-packages/airflow/example_dags/example_params_trigger_ui.py
[2025-04-06T22:04:46.570+0000] {processor.py:925} INFO - DAG(s) 'example_params_trigger_ui' retrieved from /home/airflow/.local/lib/python3.12/site-packages/airflow/example_dags/example_params_trigger_ui.py
[2025-04-06T22:04:46.644+0000] {logging_mixin.py:190} INFO - [2025-04-06T22:04:46.643+0000] {dag.py:3239} INFO - Sync 1 DAGs
[2025-04-06T22:04:46.672+0000] {logging_mixin.py:190} INFO - [2025-04-06T22:04:46.668+0000] {dag.py:4180} INFO - Setting next_dagrun for example_params_trigger_ui to None, run_after=None
[2025-04-06T22:04:46.707+0000] {processor.py:208} INFO - Processing /home/airflow/.local/lib/python3.12/site-packages/airflow/example_dags/example_params_trigger_ui.py took 0.179 seconds
[2025-04-06T22:05:17.379+0000] {processor.py:186} INFO - Started process (PID=4252) to work on /home/airflow/.local/lib/python3.12/site-packages/airflow/example_dags/example_params_trigger_ui.py
[2025-04-06T22:05:17.380+0000] {processor.py:914} INFO - Processing file /home/airflow/.local/lib/python3.12/site-packages/airflow/example_dags/example_params_trigger_ui.py for tasks to queue
[2025-04-06T22:05:17.382+0000] {logging_mixin.py:190} INFO - [2025-04-06T22:05:17.382+0000] {dagbag.py:588} INFO - Filling up the DagBag from /home/airflow/.local/lib/python3.12/site-packages/airflow/example_dags/example_params_trigger_ui.py
[2025-04-06T22:05:17.396+0000] {processor.py:925} INFO - DAG(s) 'example_params_trigger_ui' retrieved from /home/airflow/.local/lib/python3.12/site-packages/airflow/example_dags/example_params_trigger_ui.py
[2025-04-06T22:05:17.470+0000] {logging_mixin.py:190} INFO - [2025-04-06T22:05:17.469+0000] {dag.py:3239} INFO - Sync 1 DAGs
[2025-04-06T22:05:17.486+0000] {logging_mixin.py:190} INFO - [2025-04-06T22:05:17.486+0000] {dag.py:4180} INFO - Setting next_dagrun for example_params_trigger_ui to None, run_after=None
[2025-04-06T22:05:17.500+0000] {processor.py:208} INFO - Processing /home/airflow/.local/lib/python3.12/site-packages/airflow/example_dags/example_params_trigger_ui.py took 0.127 seconds
